8.076738277558743	9.076738277558743	1446957445236
8.16316548039867	0.08642720283992666	1446957445236
8.257741703659397	0.09457622326072723	1446957445236
8.591161152931432	0.3334194492720357	1446957445237
8.781946397682404	0.19078524475097147	1446957445237
9.056904468990021	0.2749580713076174	1446957445237
9.288152981397227	0.23124851240720545	1446957445237
9.480189418589877	0.19203643719264996	1446957445237
9.556926736424009	0.07673731783413196	1446957445250
9.61614195315987	0.059215216735861276	1446957445250
9.66791411322992	0.05177216007004937	1446957445252
9.798550576525772	0.13063646329585232	1446957445255
9.823619247067906	0.025068670542134797	1446957445260
9.809672552084377	-0.013946694983529184	1446957445265
9.828966510736038	0.019293958651660503	1446957445270
9.760767462138551	-0.06819904859748682	1446957445275
9.690212648153484	-0.07055481398506736	1446957445281
9.66026586838149	-0.029946779771993448	1446957445285
9.64301716966357	-0.017248698717919453	1446957445290
9.73213398680297	0.08911681713939856	1446957445297
9.870290224759984	0.13815623795701448	1446957445300
9.946121419152536	0.0758311943925527	1446957445305
10.016678634338955	0.07055721518641889	1446957445310
10.047809125119842	0.031130490780887143	1446957445315
9.966976233363518	-0.0808328917563248	1446957445320
9.6955629392128	-0.271413294150717	1446957445325
9.520317988883331	-0.17524495032946952	1446957445330
9.661078024090155	0.14076003520682434	1446957445335
9.822755883724334	0.16167785963417813	1446957445340
9.895242406416076	0.07248652269174194	1446957445346
9.705391767909479	-0.18985063850659678	1446957445350
9.552698931887123	-0.1526928360223554	1446957445355
9.490668940013089	-0.06202999187403435	1446957445360
9.528823067561012	0.03815412754792291	1446957445365
9.465391450077549	-0.06343161748346304	1446957445370
9.39623750942624	-0.06915394065130975	1446957445375
9.455498400642332	0.059260891216093015	1446957445380
9.435989276199528	-0.019509124442803838	1446957445385
9.628558532868963	0.1925692566694348	1446957445390
9.719214842788906	0.09065630991994311	1446957445396
9.933527693735574	0.2143128509466674	1446957445400
10.061708692294996	0.12818099855942222	1446957445405
10.08426785635123	0.022559164056234593	1446957445410
9.915948034640424	-0.1683198217108064	1446957445415
9.82936581964908	-0.08658221499134378	1446957445420
9.75216088938187	-0.07720493026721087	1446957445425
9.69230419969027	-0.05985668969159974	1446957445430
9.729742980762648	0.03743878107237819	1446957445435
9.765459160314517	0.03571617955186923	1446957445440
9.671209903173388	-0.0942492571411293	1446957445445
9.683331948494983	0.01212204532159511	1446957445450
9.666180278158937	-0.017151670336046365	1446957445455
9.707893252104517	0.0417129739455806	1446957445460
9.6035349175022	-0.10435833460231692	1446957445465
9.308506965695392	-0.29502795180680863	1446957445470
9.305201899951795	-0.003305065743596458	1446957445475
9.172885821571509	-0.13231607838028658	1446957445480
8.948508426721817	-0.22437739484969121	1446957445485
8.860159828122182	-0.08834859859963551	1446957445490
8.696390847240165	-0.16376898088201663	1446957445495
8.575085921700852	-0.12130492553931305	1446957445500
8.649113783677196	0.0740278619763437	1446957445505
8.583403258744173	-0.06571052493302254	1446957445510
8.631340924972138	0.04793766622796447	1446957445515
8.800956283965636	0.16961535899349833	1446957445520
9.072341213961078	0.27138492999544184	1446957445525
8.988371628798973	-0.08396958516210518	1446957445530
8.704920035584067	-0.283451593214906	1446957445535
9.117918575400756	0.4129985398166891	1446957445540
9.33187472810024	0.21395615269948465	1446957445545
9.209297540405036	-0.12257718769520487	1446957445550
9.053415360461633	-0.15588217994340248	1446957445555
8.836261215552026	-0.21715414490960683	1446957445560
8.745699455095806	-0.09056176045621989	1446957445565
8.764413059402596	0.018713604306789478	1446957445570
9.147909736968053	0.38349667756545713	1446957445575
9.239078935358338	0.09116919839028448	1446957445580
9.22527346527795	-0.01380547008038846	1446957445585
9.112984181395353	-0.11228928388259618	1446957445590
8.85035512411562	-0.2626290572797334	1446957445595
8.513667365843846	-0.3366877582717738	1446957445599
8.33652033904714	-0.17714702679670502	1446957445605
8.16542563838141	-0.17109470066572996	1446957445610
8.073383520245743	-0.09204211813566765	1446957445614
8.088113375199095	0.014729854953351662	1446957445619
8.13350702244303	0.045393647243935575	1446957445624
8.130787848496002	-0.0027191739470282528	1446957445629
8.196067869071838	0.0652800205758357	1446957445634
8.271471343387688	0.07540347431585026	1446957445639
8.329854844894927	0.05838350150723848	1446957445644
8.262014341096945	-0.06784050379798146	1446957445649
8.466091790878297	0.20407744978135156	1446957445654
8.620481553357921	0.15438976247962444	1446957445660
8.822085438952174	0.20160388559425257	1446957445664
9.14198004138331	0.31989460243113577	1446957445669
9.274835078275926	0.13285503689261624	1446957445674
9.456686534139958	0.18185145586403273	1446957445679
9.685478713837979	0.22879217969802035	1446957445684
9.855763989389576	0.17028527555159734	1446957445689
9.950823106318413	0.09505911692883728	1446957445694
10.155981263917472	0.2051581575990582	1446957445699
10.151181505790857	-0.004799758126614151	1446957445704
10.252558011348293	0.10137650555743605	1446957445710
10.324907448450016	0.07234943710172281	1446957445714
10.441134083449995	0.11622663499997898	1446957445719
10.456874290721963	0.015740207271967677	1446957445724
10.447108597539437	-0.009765693182526292	1446957445729
10.269907404294711	-0.17720119324472527	1446957445734
10.172306189779448	-0.09760121451526338	1446957445739
10.304615064297062	0.13230887451761397	1446957445744
10.197820121272992	-0.10679494302407022	1446957445749
10.192513880026755	-0.005306241246236354	1446957445754
10.170098266554017	-0.022415613472738016	1446957445759
9.942715212568976	-0.22738305398504188	1446957445764
9.939630668527501	-0.003084544041474402	1446957445769
10.170348026403708	0.23071735787620717	1446957445774
10.505172617921488	0.3348245915177799	1446957445779
10.753286704604369	0.2481140866828806	1446957445784
10.910613120311883	0.15732641570751404	1446957445789
11.011864736358694	0.10125161604681132	1446957445794
11.143365583137003	0.13150084677830876	1446957445799
11.111564579369434	-0.031801003767569114	1446957445804
11.138173775187587	0.026609195818153353	1446957445809
11.047344496537145	-0.09082927865044255	1446957445814
10.887101639366547	-0.16024285717059783	1446957445819
10.730498786847516	-0.15660285251903083	1446957445824
10.631164465685824	-0.09933432116169172	1446957445829
10.462133519559687	-0.16903094612613678	1446957445834
10.172778170201322	-0.28935534935836493	1446957445839
9.906175978146457	-0.26660219205486513	1446957445844
9.570504878857244	-0.3356710992892129	1446957445849
9.22154931664581	-0.34895556221143487	1446957445854
8.94249752894516	-0.2790517877006504	1446957445859
8.723482193925548	-0.2190153350196109	1446957445864
8.453933056651572	-0.26954913727397667	1446957445869
8.202516095476174	-0.2514169611753978	1446957445874
8.038416378061973	-0.16409971741420115	1446957445879
7.947887406716448	-0.09052897134552484	1446957445884
7.927565001151927	-0.020322405564520807	1446957445889
8.2899735870482	0.3624085858962731	1446957445894
8.61236691256434	0.3223933255161402	1446957445899
8.861035045402453	0.2486681328381124	1446957445904
8.98600365426924	0.12496860886678718	1446957445909
8.934502648756562	-0.05150100551267833	1446957445914
8.99545771646437	0.06095506770780901	1446957445919
8.974648658473967	-0.020809057990403446	1446957445924
8.880848321392365	-0.09380033708160163	1446957445929
8.664239628856828	-0.21660869253553727	1446957445934
8.401530484445825	-0.26270914441100324	1446957445939
8.281346871109166	-0.12018361333665872	1446957445944
8.048821193284903	-0.23252567782426325	1446957445949
8.022757833124606	-0.026063360160296867	1446957445954
7.81758247261394	-0.20517536051066632	1446957445959
7.845503649933913	0.027921177319973012	1446957445964
8.121412642823117	0.275908992889204	1446957445969
8.060184700737288	-0.0612279420858286	1446957445974
7.937128624763544	-0.1230560759737438	1446957445979
7.921080079936581	-0.016048544826963607	1446957445984
8.07165052669862	0.1505704467620399	1446957445989
8.442696774628281	0.37104624792966057	1446957445994
8.700521068405354	0.25782429377707317	1446957445999
8.909578398449609	0.20905733004425464	1446957446004
9.191575866547975	0.2819974680983659	1446957446009
9.621636921269427	0.4300610547214525	1446957446014
9.985592929807247	0.3639560085378193	1446957446019
10.239852593539645	0.25425966373239817	1446957446024
10.2869766750458	0.04712408150615488	1446957446029
10.277110631857319	-0.009866043188480944	1446957446034
10.15393803366779	-0.12317259818952841	1446957446039
9.996916158491793	-0.15702187517599775	1446957446043
10.070226974474172	0.07331081598237965	1446957446049
10.077805178545312	0.007578204071139183	1446957446054
9.98334305815378	-0.09446212039153146	1446957446058
10.013850514595548	0.030507456441768	1446957446064
10.077865006695829	0.06401449210028076	1446957446068
10.14479710798505	0.06693210128922189	1446957446073
10.256061251992584	0.11126414400753326	1446957446079
10.44339267780203	0.18733142580944673	1446957446083
10.661795377224038	0.21840269942200763	1446957446088
10.930624013441165	0.26882863621712616	1446957446093
11.210632875223641	0.28000886178247697	1446957446098
11.569918000084067	0.35928512486042585	1446957446104
11.955822324954408	0.38590432487034043	1446957446109
12.20382610087283	0.2480037759184217	1446957446113
12.339736212761538	0.13591011188870894	1446957446118
12.481445845308897	0.14170963254735902	1446957446123
12.580552271846676	0.09910642653777835	1446957446128
12.807503979541085	0.22695170769440942	1446957446133
12.855733397956993	0.04822941841590733	1446957446138
12.933802200371614	0.07806880241462189	1446957446144
12.90633065202138	-0.027471548350234798	1446957446148
12.713490767475255	-0.19283988454612455	1446957446153
12.430224633136783	-0.28326613433847214	1446957446158
11.9634097579597	-0.4668148751770822	1446957446163
11.535182984307326	-0.4282267736523746	1446957446168
11.094713890202167	-0.44046909410515944	1446957446173
10.623447047425893	-0.4712668427762736	1446957446178
10.257693887035785	-0.3657531603901081	1446957446183
9.962811960919076	-0.2948819261167088	1446957446188
9.708263352853995	-0.25454860806508073	1446957446193
9.586587603413278	-0.12167574944071724	1446957446202
9.322229967605075	-0.26435763580820293	1446957446203
9.097239554149	-0.22499041345607473	1446957446208
8.840275199623708	-0.25696435452529265	1446957446213
8.56858741290993	-0.2716877867137786	1446957446218
8.321845094094101	-0.2467423188158282	1446957446223
7.9510710761424885	-0.3707740179516126	1446957446228
7.475751316329873	-0.4753197598126153	1446957446233
6.878118369927221	-0.5976329464026522	1446957446238
6.291136599189267	-0.5869817707379541	1446957446243
5.885487099429769	-0.40564949975949816	1446957446248
5.635835086052387	-0.24965201337738208	1446957446253
5.46834311532008	-0.16749197073230704	1446957446258
5.38504878145134	-0.0832943338687393	1446957446263
5.482430057605315	0.09738127615397474	1446957446268
5.589709232756573	0.10727917515125807	1446957446273
5.783170271394145	0.19346103863757147	1446957446278
6.0217701133321295	0.2385998419379849	1446957446283
6.378313033286862	0.3565429199547321	1446957446288
6.781634707765106	0.40332167447824396	1446957446293
7.083331065692156	0.3016963579270504	1446957446298
7.267325310745648	0.18399424505349238	1446957446303
7.534931809446229	0.26760649870058106	1446957446308
8.237158669297989	0.7022268598517591	1446957446313
8.32999046561582	0.09283179631783156	1446957446318
8.216647401073637	-0.11334306454218357	1446957446323
8.001110351263502	-0.2155370498101341	1446957446328
7.684532723124007	-0.31657762813949564	1446957446333
7.849886587214641	0.16535386409063424	1446957446338
8.373645785368524	0.5237591981538827	1446957446343
8.611751676802186	0.238105891433662	1446957446348
8.56696779210805	-0.04478388469413552	1446957446353
8.429292751194508	-0.13767504091354255	1446957446358
8.314579631682761	-0.11471311951174634	1446957446363
8.089127283869525	-0.22545234781323664	1446957446368
7.82622460782657	-0.2629026760429545	1446957446373
7.641391454206055	-0.18483315362051567	1446957446378
7.480374230769367	-0.161017223436688	1446957446383
7.659403325619653	0.17902909485028662	1446957446388
6.62975123189969	-1.029652093719963	1446957446393
5.706245917071396	-0.9235053148282946	1446957446398
4.97538554573732	-0.7308603713340753	1446957446403
4.5940474083508445	-0.38133813738647593	1446957446408
4.587137023298864	-0.00691038505198005	1446957446413
5.063018358300184	0.47588133500131935	1446957446418
5.647011018256617	0.5839926599564329	1446957446423
6.068527238944798	0.42151622068818106	1446957446428
6.637033680367643	0.5685064414228451	1446957446433
7.35042596359192	0.7133922832242767	1446957446438
8.306390944089623	0.9559649804977033	1446957446443
9.320656765835844	1.0142658217462213	1446957446448
10.13917950460249	0.8185227387666458	1446957446453
10.816051647276273	0.6768721426737834	1446957446458
11.513862297889442	0.6978106506131692	1446957446463
12.06200685379586	0.5481445559064166	1446957446468
12.501949911144331	0.43994305734847217	1446957446473
12.860703070768256	0.35875315962392484	1446957446478
12.843361045931692	-0.017342024836564107	1446957446483
12.520398514566013	-0.322962531365679	1446957446488
11.974485375824045	-0.5459131387419678	1446957446493
11.380949445117746	-0.5935359307062988	1446957446498
10.879054709935502	-0.501894735182244	1446957446503
10.45421015845843	-0.42484455147707223	1446957446508
10.01414638282165	-0.44006377563678	1446957446513
9.523893664165811	-0.49025271865583875	1446957446518
9.339236637254876	-0.18465702691093533	1446957446523
9.572460665622259	0.23322402836738299	1446957446527
10.073897548241014	0.501436882618755	1446957446532
10.55273609062739	0.47883854238637547	1446957446537
11.095318313814628	0.5425822231872388	1446957446542
11.696213484909926	0.6008951710952974	1446957446547
12.40303253458582	0.7068190496758948	1446957446552
13.229097132813143	0.8260645982273225	1446957446557
13.987987060725324	0.7588899279121808	1446957446563
14.642084944739132	0.6540978840138081	1446957446567
15.114778127599372	0.4726931828602403	1446957446572
15.540688592326987	0.4259104647276146	1446957446577
16.11693171589801	0.5762431235710217	1446957446582
17.091425131826952	0.9744934159289436	1446957446587
18.2961433473471	1.204718215520149	1446957446592
19.531902133288657	1.235758785941556	1446957446597
20.719851858287488	1.1879497249988304	1446957446602
21.566513169158895	0.8466613108714078	1446957446607
21.81839957209317	0.2518864029342751	1446957446613
21.54848437905204	-0.269915193041129	1446957446617
CadenceDetector: Step (Peak): 1446957446618
CadenceNotifier: Delta: 1446957446618
CadenceNotifier: CadenceChange: Infinity
20.681720010494715	-0.8667643685573267	1446957446622
19.62412020236934	-1.0575998081253744	1446957446627
18.532912913403365	-1.0912072889659754	1446957446633
17.583583391193525	-0.9493295222098403	1446957446637
16.92682743644849	-0.6567559547450337	1446957446642
16.451702569928614	-0.4751248665198773	1446957446648
16.206895317891384	-0.24480725203722997	1446957446652
16.260706629437028	0.053811311545644	1446957446658
16.63543145604314	0.37472482660611206	1446957446663
17.01815246282623	0.38272100678308973	1446957446667
17.52238070204998	0.5042282392237496	1446957446672
18.11192016594595	0.5895394638959708	1446957446677
18.561250749499802	0.44933058355385214	1446957446682
18.78004669365911	0.21879594415930725	1446957446687
18.784606662873657	0.004559969214547266	1446957446693
18.770175695700004	-0.01443096717365222	1446957446697
18.631582225195267	-0.13859347050473758	1446957446702
18.54371811557302	-0.08786410962224522	1446957446707
18.4924749956511	-0.051243119921920766	1446957446713
18.519683995651164	0.0272090000000631	1446957446717
18.694191494496376	0.17450749884521244	1446957446723
19.005573051099606	0.3113815566032301	1446957446727
19.49988435101072	0.49431129991111433	1446957446732
20.143921111371345	0.6440367603606241	1446957446737
20.910853429425615	0.7669323180542698	1446957446742
21.58127962925115	0.6704261998255348	1446957446747
22.077783384519336	0.49650375526818635	1446957446752
22.25152435455602	0.1737409700366861	1446957446757
22.119936698694293	-0.13158765586172905	1446957446762
21.7544061320101	-0.3655305666841926	1446957446767
21.379601859612844	-0.374804272397256	1446957446772
20.892205509907434	-0.4873963497054099	1446957446777
20.07016339593888	-0.8220421139685534	1446957446782
19.0797864938036	-0.9903769021352815	1446957446787
17.835517875368648	-1.2442686184349512	1446957446792
16.516322248515607	-1.3191956268530411	1446957446797
15.113955896580997	-1.4023663519346101	1446957446802
13.631590325900396	-1.4823655706806012	1446957446807
12.373686440536416	-1.2579038853639801	1446957446812
11.224060351383352	-1.1496260891530632	1446957446817
10.372875093473958	-0.8511852579093944	1446957446822
9.841199209430572	-0.531675884043386	1446957446827
9.584693115253412	-0.2565060941771602	1446957446832
9.33041138126934	-0.2542817339840724	1446957446837
9.034676813658757	-0.29573456761058203	1446957446842
8.701653588211002	-0.3330232254477554	1446957446847
8.453093031977147	-0.24856055623385487	1446957446852
8.363825832600916	-0.08926719937623062	1446957446857
8.32516595389204	-0.038659878708877216	1446957446862
8.282914844838563	-0.042251109053475844	1446957446867
8.11504651064789	-0.1678683341906737	1446957446872
7.657349545073559	-0.45769696557433104	1446957446877
7.058664045082132	-0.5986854999914266	1446957446882
6.452494132743024	-0.6061699123391078	1446957446887
5.955807536652765	-0.49668659609025934	1446957446892
5.542129255881021	-0.4136782807717436	1446957446897
5.1166077874454094	-0.4255214684356119	1446957446902
4.458311256248027	-0.6582965311973821	1446957446907
4.103431145114126	-0.3548801111339017	1446957446912
4.220381034612947	0.11694988949882124	1446957446917
4.82760395140884	0.6072229167958927	1446957446922
5.519720835515045	0.6921168841062055	1446957446927
5.930228971872539	0.4105081363574943	1446957446932
6.219655166282232	0.2894261944096925	1446957446937
6.298610046015932	0.07895487973370052	1446957446942
6.645249833702547	0.3466397876866143	1446957446947
7.183738344113731	0.5384885104111845	1446957446952
7.861215730139089	0.677477386025358	1446957446957
8.50168221206871	0.6404664819296206	1446957446962
8.869975937646625	0.3682937255779155	1446957446967
8.97139466479832	0.1014187271516942	1446957446972
8.67540147734929	-0.2959931874490298	1446957446977
7.926718783499876	-0.748682693849414	1446957446982
7.02801832592447	-0.8987004575754058	1446957446987
6.0609351531692255	-0.9670831727552445	1446957446992
5.359327729420022	-0.7016074237492038	1446957446997
5.120367777188332	-0.23895995223168942	1446957447002
5.147726935674277	0.027359158485944945	1446957447007
5.261121552373301	0.11339461669902384	1446957447012
5.559417430964936	0.29829587859163453	1446957447017
5.95188682826559	0.3924693973006548	1446957447022
6.404632144641445	0.4527453163758546	1446957447027
6.804141161140217	0.39950901649877224	1446957447032
7.30271247968952	0.4985713185493026	1446957447037
7.910936908656093	0.6082244289665732	1446957447042
8.600255690498326	0.6893187818422328	1446957447047
9.255729635003613	0.6554739445052871	1446957447052
9.944650961735883	0.6889213267322702	1446957447057
10.61586938655693	0.6712184248210473	1446957447062
10.982758797186563	0.3668894106296321	1446957447067
11.125701173945354	0.14294237675879096	1446957447072
11.15617397047906	0.03047279653370616	1446957447077
11.102546862731527	-0.05362710774753232	1446957447082
10.889763226973988	-0.212783635757539	1446957447087
10.694128400212088	-0.19563482676189992	1446957447091
10.36075935722849	-0.33336904298359826	1446957447096
10.088276928877427	-0.2724824283510632	1446957447101
10.020969448791632	-0.06730748008579468	1446957447106
10.192329998947235	0.1713605501556028	1446957447111
10.59318669234999	0.40085669340275487	1446957447116
10.867339948468704	0.2741532561187139	1446957447121
11.103627371382983	0.23628742291427862	1446957447126
11.379500338447754	0.27587296706477105	1446957447131
11.615691059566597	0.23619072111884343	1446957447136
11.472225486725241	-0.14346557284135564	1446957447141
11.051410103174266	-0.42081538355097514	1446957447146
10.613322104846892	-0.438087998327374	1446957447151
9.973246382925122	-0.6400757219217699	1446957447156
9.225552221424678	-0.7476941615004442	1446957447161
8.505182011261272	-0.7203702101634057	1446957447166
7.887417454071408	-0.6177645571898642	1446957447171
7.420231796316097	-0.4671856577553113	1446957447176
7.308225244550631	-0.11200655176546626	1446957447181
7.624340659310465	0.3161154147598344	1446957447186
8.13604493718883	0.5117042778783647	1446957447191
8.678282772522536	0.5422378353337063	1446957447202
9.164553866260645	0.4862710937381092	1446957447203
9.733448290477149	0.5688944242165039	1446957447208
10.62030225286704	0.8868539623898908	1446957447212
11.82525953925666	1.2049572863896199	1446957447217
13.070238191901929	1.244978652645269	1446957447222
14.21688720883169	1.1466490169297607	1446957447226
15.220997445752449	1.0041102369207593	1446957447231
15.75702899821828	0.5360315524658308	1446957447236
16.143561073650925	0.3865320754326458	1446957447241
16.40137652950952	0.25781545585859433	1446957447247
16.96403280143106	0.56265627192154	1446957447252
17.686156359102927	0.7221235576718676	1446957447256
18.650717139775306	0.9645607806723788	1446957447262
19.807734430397332	1.1570172906220257	1446957447267
21.13798870811941	1.3302542777220765	1446957447272
22.669692501101103	1.5317037929816948	1446957447277
24.230331090635136	1.5606385895340331	1446957447281
25.58999347594288	1.3596623853077432	1446957447286
26.44254096282708	0.8525474868842018	1446957447291
26.77871964060984	0.33617867778275823	1446957447297
26.944447064152413	0.16572742354257386	1446957447301
26.875139391190736	-0.06930767296167772	1446957447307
CadenceDetector: Step (Peak): 1446957447307
CadenceNotifier: Delta: 689
CadenceNotifier: CadenceChange: 87.08272859216255
26.65758047532924	-0.21755891586149545	1446957447311
26.304365646500518	-0.35321482882872246	1446957447320
25.931511368757647	-0.3728542777428707	1446957447322
25.58256770761184	-0.34894366114580677	1446957447326
25.20918236082417	-0.3733853467876713	1446957447331
24.896869031241817	-0.31231332958235214	1446957447336
24.78884718468222	-0.10802184655959834	1446957447341
25.075310198723702	0.2864630140414839	1446957447346
25.352472326135125	0.27716212741142243	1446957447351
25.41261950239598	0.06014717626085542	1446957447356
25.45963748217903	0.04701797978304967	1446957447361
25.213884430003496	-0.24575305217553378	1446957447366
24.796153085399627	-0.41773134460386885	1446957447371
24.375779402618715	-0.42037368278091236	1446957447376
23.961770421376027	-0.4140089812426879	1446957447381
23.438454719752972	-0.523315701623055	1446957447386
22.761552146260694	-0.6769025734922778	1446957447391
22.078531957765687	-0.6830201884950071	1446957447396
21.25868391727544	-0.8198480404902462	1446957447401
20.394434051597372	-0.8642498656780688	1446957447406
19.346883924729404	-1.047550126867968	1446957447411
18.28210912832642	-1.0647747964029826	1446957447416
17.128011922457006	-1.1540972058694159	1446957447421
15.994686974486335	-1.1333249479706708	1446957447426
14.94144538834532	-1.0532415861410147	1446957447431
14.072434096788855	-0.8690112915564647	1446957447436
13.27930250661642	-0.7931315901724361	1446957447441
12.603356999027968	-0.6759455075884517	1446957447446
11.955449406772107	-0.6479075922558604	1446957447451
11.357284071556572	-0.5981653352155352	1446957447456
10.757722460736424	-0.5995616108201478	1446957447461
10.26845641310216	-0.4892660476342652	1446957447466
9.95126659552489	-0.31718981757726894	1446957447471
9.91980865070143	-0.03145794482345998	1446957447476
9.93985893396176	0.020050283260330204	1446957447481
10.076494860184097	0.13663592622233622	1446957447486
10.079095758734988	0.0026008985508916282	1446957447491
10.097161449748207	0.0180656910132182	1446957447496
10.099602654611527	0.0024412048633202232	1446957447501
10.047865292900497	-0.05173736171103016	1446957447506
9.909182840971136	-0.1386824519293608	1446957447511
9.718397376034085	-0.19078546493705062	1446957447516
9.29141857790478	-0.42697879812930495	1446957447521
8.845241119386275	-0.44617745851850543	1446957447526
8.434537262063433	-0.41070385732284187	1446957447531
8.028018161147155	-0.4065191009162774	1446957447536
7.67164505028639	-0.3563731108607655	1446957447541
7.3508181886387725	-0.32082686164761753	1446957447546
6.89632990917521	-0.4544882794635621	1446957447551
6.41232999032638	-0.48399991884883065	1446957447555
6.048024382451949	-0.36430560787443067	1446957447560
5.7440264281953715	-0.3039979542565776	1446957447566
5.350561766374907	-0.393464661820464	1446957447570
4.999543918846263	-0.3510178475286443	1446957447575
4.699957879765976	-0.29958603908028714	1446957447580
4.506341154359596	-0.19361672540637986	1446957447585
4.291650242170893	-0.2146909121887033	1446957447590
4.083803057835897	-0.20784718433499627	1446957447596
3.9503406357940603	-0.13346242204183634	1446957447600
3.8962685746651933	-0.05407206112886698	1446957447605
3.851974229690251	-0.044294344974942224	1446957447610
3.917498321099074	0.06552409140882309	1446957447615
4.0813063195986965	0.16380799849962235	1446957447620
4.95083357759862	0.8695272579999234	1446957447625
6.0249142088449785	1.0740806312463587	1446957447630
6.991904065661652	0.9669898568166735	1446957447635
7.82579454617479	0.833890480513138	1446957447640
8.050500227978887	0.2247056818040969	1446957447645
7.934560081196571	-0.11594014678231623	1446957447650
7.886270559180196	-0.0482895220163746	1446957447655
7.910595945879903	0.024325386699707074	1446957447660
8.182728198423852	0.27213225254394935	1446957447665
8.722833526305624	0.540105327881772	1446957447670
9.280973797862819	0.5581402715571944	1446957447675
9.638001496002031	0.35702769813921265	1446957447680
10.253595101097522	0.6155936050954907	1446957447685
10.127761186405506	-0.12583391469201644	1446957447690
9.489101727170063	-0.6386594592354431	1446957447695
8.413451898447887	-1.0756498287221756	1446957447700
7.453351232134249	-0.9601006663136378	1446957447705
6.998910098587302	-0.45444113354694693	1446957447710
7.1843816715877	0.18547157300039796	1446957447715
7.611153967274831	0.4267722956871305	1446957447720
7.938014716894364	0.3268607496195335	1446957447725
8.142372334353857	0.20435761745949232	1446957447730
8.395123175380784	0.252750841026927	1446957447735
8.585638165530426	0.19051499014964257	1446957447740
8.838907230311467	0.2532690647810405	1446957447745
9.184154133554477	0.34524690324301055	1446957447750
9.634352718055235	0.45019858450075745	1446957447755
10.079655289870605	0.44530257181537003	1446957447760
10.545238231671489	0.4655829418008839	1446957447766
10.99476771935808	0.4495294876865916	1446957447770
11.258247627968412	0.2634799086103321	1446957447775
11.402768332964177	0.14452070499576486	1446957447780
11.483749224895467	0.08098089193128999	1446957447785
11.48278023314405	-9.689917514172919E-4	1446957447790
11.340674296625089	-0.14210593651896097	1446957447795
11.089277979921555	-0.25139631670353424	1446957447800
10.74443620168961	-0.3448417782319453	1446957447805
10.372783340842968	-0.3716528608466412	1446957447810
10.010267850104544	-0.36251549073842426	1446957447815
9.736869955016049	-0.273397895088495	1446957447821
9.268917586343127	-0.4679523686729219	1446957447825
8.89388944262718	-0.37502814371594617	1446957447830
8.419069830362817	-0.47481961226436376	1446957447835
8.01485006621265	-0.4042197641501666	1446957447840
7.73092961402852	-0.2839204521841303	1446957447845
7.3910509762762295	-0.33987863775229066	1446957447850
6.9748253208873585	-0.416225655388871	1446957447855
6.671177008401265	-0.3036483124860938	1446957447860
6.645189452779066	-0.025987555622198677	1446957447865
6.770626490007591	0.12543703722852495	1446957447873
7.190950725367747	0.4203242353601562	1446957447875
7.785668041260141	0.5947173158923942	1446957447880
8.344603488791869	0.5589354475317272	1446957447885
9.01106061965262	0.666457130860751	1446957447890
9.94470927536145	0.933648655708831	1446957447896
10.872230316562357	0.9275210412009063	1446957447900
11.80104790973328	0.9288175931709226	1446957447905
12.5008162657107	0.6997683559774206	1446957447910
12.976081130895272	0.4752648651845721	1446957447915
13.56978564130624	0.5937045104109675	1446957447920
14.278897992675633	0.7091123513693933	1446957447925
15.228872193721807	0.9499742010461745	1446957447930
16.49976161693062	1.2708894232088124	1446957447935
18.140661336599198	1.6408997196685782	1446957447940
19.980652737382158	1.83999140078296	1446957447945
22.06634558408441	2.0856928467022513	1446957447950
24.00682124950766	1.94047566542325	1446957447955
25.685030078925593	1.6782088294179331	1446957447960
27.17820292871919	1.4931728497935985	1446957447965
28.369855585646288	1.191652656927097	1446957447970
28.926370069921447	0.5565144842751586	1446957447975
28.794709834788947	-0.13166023513250025	1446957447980
CadenceDetector: Step (Peak): 1446957447980
CadenceNotifier: Delta: 673
CadenceNotifier: CadenceChange: 88.10572687224669
28.077759339964864	-0.7169504948240828	1446957447985
26.875669344470253	-1.2020899954946103	1446957447990
25.626105225484167	-1.2495641189860862	1446957447995
24.75125304939889	-0.8748521760852768	1446957448001
23.886745249562175	-0.8645077998367157	1446957448005
23.07389104428742	-0.8128542052747534	1446957448010
22.33653624857322	-0.7373547957142002	1446957448015
21.926639755542876	-0.40989649303034525	1446957448020
21.839291106465108	-0.08734864907776796	1446957448025
22.177304977643573	0.3380138711784646	1446957448030
22.746989516027867	0.5696845383842941	1446957448035
23.2369127757777	0.4899232597498333	1446957448040
23.53357037787219	0.2966576020944913	1446957448045
23.518446570355888	-0.0151238075163036	1446957448050
23.392053660697957	-0.12639290965793037	1446957448055
23.138783994717834	-0.2532696659801239	1446957448060
22.86777586764156	-0.271008127076275	1446957448065
22.308813902802164	-0.5589619648393942	1446957448070
21.613646643210732	-0.6951672595914324	1446957448074
20.660081701646586	-0.9535649415641458	1446957448079
19.55235382779103	-1.1077278738555556	1446957448085
18.38267362316722	-1.169680204623809	1446957448089
17.072257291046665	-1.3104163321205569	1446957448094
15.811866034328814	-1.2603912567178508	1446957448099
14.592477722494543	-1.2193883118342708	1446957448104
13.569018314773599	-1.023459407720944	1446957448109
12.582134401447584	-0.9868839133260146	1446957448114
11.800900136192277	-0.781234265255307	1446957448119
11.093763473044612	-0.707136663147665	1446957448124
10.51097753788366	-0.5827859351609526	1446957448129
9.976421502664476	-0.5345560352191843	1446957448134
9.5138222787474	-0.462599223917076	1446957448139
9.180233135100531	-0.33358914364686854	1446957448144
9.042216544723571	-0.13801659037696012	1446957448149
9.011431886919935	-0.03078465780363615	1446957448154
9.052167916360291	0.0407360294403567	1446957448159
9.060304235606937	0.008136319246645485	1446957448164
8.925688064746636	-0.1346161708603013	1446957448169
8.685002708761933	-0.2406853559847022	1446957448174
8.398792979637733	-0.2862097291242005	1446957448179
8.005502829510453	-0.39329015012727986	1446957448184
7.648801329011518	-0.3567015004989349	1446957448189
7.331259648215413	-0.3175416807961051	1446957448194
7.003901160316644	-0.32735848789876876	1446957448203
6.737091339149476	-0.26680982116716834	1446957448204
6.682427223777989	-0.0546641153714873	1446957448209
6.922696214707481	0.2402689909294926	1446957448214
7.22697206092141	0.3042758462139288	1446957448219
7.503771771485575	0.2767997105641653	1446957448224
7.747820475206248	0.24404870372067222	1446957448229
7.802661293320734	0.05484081811448682	1446957448234
7.794083372826582	-0.008577920494152735	1446957448239
7.614034933045908	-0.18004843978067342	1446957448244
7.410114598851567	-0.20392033419434163	1446957448249
7.01776894786193	-0.39234565098963703	1446957448254
6.5092831401392806	-0.5084858077226491	1446957448259
6.123353467171622	-0.38592967296765845	1446957448264
5.848347422299657	-0.2750060448719651	1446957448269
5.7812187902189685	-0.06712863208068853	1446957448274
5.64206350405812	-0.1391552861608485	1446957448279
5.664803092588794	0.02273958853067448	1446957448284
5.700499738489397	0.03569664590060295	1446957448302
5.751581751362073	0.05108201287267544	1446957448302
5.822991774816623	0.0714100234545505	1446957448303
5.931952233371815	0.10896045855519176	1446957448304
6.332794026819328	0.4008417934475128	1446957448309
6.704943386469906	0.37214935965057805	1446957448314
7.217817808267635	0.5128744217977292	1446957448319
7.562643380892666	0.3448255726250311	1446957448324
7.903815365043898	0.34117198415123173	1446957448329
8.188449525148728	0.28463416010483034	1446957448334
8.556992837433535	0.36854331228480675	1446957448339
9.02862367554879	0.47163083811525475	1446957448344
9.542769572535397	0.5141458969866068	1446957448349
9.797085653062595	0.25431608052719845	1446957448354
9.797260970081227	1.7531701863227056E-4	1446957448359
9.556943812281078	-0.24031715780014906	1446957448364
9.222716316707047	-0.33422749557403186	1446957448369
8.796824269803267	-0.4258920469037797	1446957448373
8.320322754637013	-0.4765015151662535	1446957448378
7.956846447427516	-0.3634763072094973	1446957448383
7.815628610327691	-0.14121783709982516	1446957448388
7.717889720285583	-0.09773889004210812	1446957448393
7.57917749954295	-0.138712220742633	1446957448398
7.5618436017939805	-0.017333897748969207	1446957448403
7.599436158297726	0.03759255650374538	1446957448408
7.712329702180129	0.1128935438824028	1446957448413
7.848557150368555	0.1362274481884267	1446957448418
8.016390661734462	0.16783351136590685	1446957448423
8.268244126431819	0.2518534646973567	1446957448428
8.534315276411116	0.2660711499792967	1446957448433
8.745432557556896	0.2111172811457802	1446957448438
9.033939949773016	0.2885073922161201	1446957448443
9.226082378970835	0.1921424291978191	1446957448448
9.189873020602645	-0.036209358368189726	1446957448453
8.900139806023168	-0.28973321457947776	1446957448458
8.560309189387473	-0.3398306166356946	1446957448463
8.335033009784016	-0.22527617960345658	1446957448468
8.201985817512773	-0.13304719227124373	1446957448473
8.00954151951916	-0.19244429799361207	1446957448478
7.853530810324738	-0.1560107091944225	1446957448483
7.662547458970305	-0.19098335135443278	1446957448488
7.431862913462185	-0.23068454550812056	1446957448493
7.063282767316798	-0.36858014614538703	1446957448498
6.882912512163161	-0.1803702551536368	1446957448503
6.8710400731646475	-0.011872438998513424	1446957448508
6.865689545491137	-0.005350527673510186	1446957448513
6.862497443805069	-0.003192101686067872	1446957448518
7.034435761224174	0.17193831741910426	1446957448524
7.380071036740813	0.3456352755166394	1446957448528
7.915195742358912	0.5351247056180988	1446957448533
8.464781943099654	0.5495862007407419	1446957448538
9.00117807447534	0.5363961313756853	1446957448543
9.611399338745127	0.6102212642697875	1446957448548
10.498661703658005	0.8872623649128784	1446957448553
11.506326187054269	1.0076644833962636	1446957448558
12.2927572067783	0.7864310197240307	1446957448563
12.828962907191034	0.5362057004127347	1446957448568
13.401543613698351	0.572580706507317	1446957448573
13.890910776968854	0.48936716327050256	1446957448578
14.512364373447198	0.6214535964783447	1446957448583
15.187861009429989	0.6754966359827907	1446957448588
16.029847576064622	0.8419865666346329	1446957448593
17.087230385370056	1.0573828093054338	1446957448598
18.362449330745072	1.2752189453750162	1446957448603
19.888586312333743	1.526136981588671	1446957448608
21.710451927449352	1.821865615115609	1446957448613
23.70881457226843	1.9983626448190783	1446957448618
25.362709166874687	1.6538945946062569	1446957448623
26.45479613645737	1.0920869695826845	1446957448628
26.704727252492575	0.2499311160352029	1446957448633
26.922209260383646	0.2174820078910713	1446957448638
27.193668103910884	0.27145884352723826	1446957448643
27.523490001059315	0.329821897148431	1446957448648
28.033441488338898	0.509951487279583	1446957448653
28.756800604625376	0.7233591162864776	1446957448658
29.27810497820418	0.5213043735788041	1446957448663
29.54205767966574	0.2639527014615588	1446957448668
29.506641688087015	-0.03541599157872355	1446957448673
CadenceDetector: Step (Peak): 1446957448673
CadenceNotifier: Delta: 693
CadenceNotifier: CadenceChange: 87.5912408759124
29.1789572025213	-0.3276844855657153	1446957448678
28.774164857105664	-0.40479234541563613	1446957448687
28.419418349138336	-0.3547465079673273	1446957448688
27.702803643160674	-0.716614705977662	1446957448693
26.852819403433646	-0.8499842397270285	1446957448698
25.917614925416615	-0.935204478017031	1446957448703
24.74974016797736	-1.1678747574392538	1446957448708
23.27130170645699	-1.4784384615203727	1446957448713
21.701434454885238	-1.5698672515717504	1446957448718
20.24349395377082	-1.4579405011144182	1446957448723
18.900639499423647	-1.3428544543471723	1446957448728
17.67082924997283	-1.2298102494508178	1446957448733
16.566531086229897	-1.104298163742932	1446957448738
15.54885975348639	-1.0176713327435074	1446957448743
14.587691208193922	-0.9611685452924679	1446957448748
13.691989303085178	-0.8957019051087443	1446957448753
12.905438029785447	-0.7865512732997306	1446957448758
12.024084798051824	-0.8813532317336232	1446957448763
11.157879859831652	-0.8662049382201715	1446957448768
10.3843147520588	-0.7735651077728516	1446957448774
9.668113066398107	-0.7162016856606943	1446957448778
9.029165540799232	-0.6389475255988746	1446957448783
8.48061535020039	-0.5485501905988421	1446957448788
8.058313018573484	-0.42230233162690567	1446957448793
7.727733832763725	-0.33057918580975887	1446957448798
7.5443282779688845	-0.18340555479484077	1446957448803
7.369572270127787	-0.1747560078410979	1446957448808
7.250230432856382	-0.11934183727140457	1446957448813
7.184496534598587	-0.06573389825779508	1446957448818
7.108873674593752	-0.07562286000483454	1446957448823
7.022549949274038	-0.08632372531971466	1446957448828
6.854333087346038	-0.16821686192799934	1446957448833
6.63301377988317	-0.22131930746286876	1446957448838
6.358371001416409	-0.27464277846676044	1446957448843
6.2194121438418035	-0.1389588575746057	1446957448847
6.131284271952939	-0.08812787188886428	1446957448852
6.094740731083489	-0.03654354086945055	1446957448857
6.084187082772039	-0.01055364831144967	1446957448862
6.286753633694529	0.20256655092248987	1446957448867
6.605934505158489	0.3191808714639599	1446957448873
6.918121782021241	0.31218727686275205	1446957448877
7.041877525133659	0.12375574311241788	1446957448883
6.74677620497067	-0.2951013201629884	1446957448888
6.296396411923051	-0.45037979304761944	1446957448893
5.5539159273485375	-0.7424804845745134	1446957448898
5.052811513765541	-0.5011044135829961	1446957448903
4.697542687099433	-0.3552688266661086	1446957448908
4.6318235770409855	-0.06571911005844733	1446957448913
4.92434575807829	0.2925221810373042	1446957448917
5.328825092995333	0.4044793349170437	1446957448923
5.906259454838342	0.5774343618430082	1446957448928
6.59972852177486	0.693469066936518	1446957448933
7.384018020327336	0.784289498552476	1446957448937
8.256034324285109	0.8720163039577731	1446957448942
9.164104071896924	0.9080697476118154	1446957448947
9.956736006688745	0.7926319347918209	1446957448952
10.396997125662027	0.44026111897328235	1446957448957
10.501947303507952	0.1049501778459252	1446957448962
10.578646152710702	0.07669884920274939	1446957448967
10.510367903107808	-0.06827824960289419	1446957448972
10.432022866199596	-0.07834503690821215	1446957448977
10.475700020457836	0.04367715425824059	1446957448982
10.37175038055249	-0.10394963990534656	1446957448987
10.161635130879029	-0.21011524967346062	1446957448992
9.920878291532048	-0.24075683934698056	1446957448997
9.607983008571017	-0.31289528296103164	1446957449002
9.41963687092506	-0.1883461376459561	1446957449007
9.362395202227123	-0.05724166869793734	1446957449012
9.424455774942475	0.06206057271535137	1446957449017
9.50945291483181	0.08499713988933522	1446957449022
9.572737366991122	0.06328445215931211	1446957449028
9.38503196852661	-0.18770539846451229	1446957449032
8.889976118128072	-0.49505585039853806	1446957449037
8.223391299639035	-0.6665848184890368	1446957449042
7.515893418791906	-0.7074978808471286	1446957449047
6.790152417895264	-0.7257410008966421	1446957449052
6.021894588477109	-0.7682578294181548	1446957449057
5.528635773037643	-0.49325881543946615	1446957449062
5.309695427347325	-0.21894034569031806	1446957449067
5.160076374758514	-0.14961905258881103	1446957449072
5.114540487199167	-0.04553588755934701	1446957449077
5.086320938362974	-0.028219548836193376	1446957449082
4.975497070474436	-0.11082386788853782	1446957449087
4.988149742706784	0.012652672232348117	1446957449092
5.135645196804517	0.1474954540977329	1446957449097
5.406193914774567	0.2705487179700503	1446957449102
5.754405455908684	0.3482115411341171	1446957449107
6.184974990064215	0.4305695341555307	1446957449112
6.401021614992982	0.21604662492876692	1446957449117
6.493548186050064	0.09252657105708195	1446957449122
6.734080857602054	0.24053267155198998	1446957449127
6.8603448195271595	0.12626396192510558	1446957449132
6.834392460964197	-0.02595235856296263	1446957449137
6.873219311005162	0.03882685004096498	1446957449142
6.8402198400840515	-0.03299947092111033	1446957449147
6.6030207835598365	-0.23719905652421502	1446957449152
6.464991553945702	-0.13802922961413433	1446957449157
6.296133887642072	-0.16885766630363008	1446957449162
6.0721911934114114	-0.2239426942306606	1446957449167
5.852664647890476	-0.2195265455209352	1446957449172
5.959193829366687	0.10652918147621104	1446957449177
6.181005416285995	0.22181158691930758	1446957449182
6.550965775650843	0.36996035936484795	1446957449187
6.925100356757038	0.3741345811061949	1446957449192
7.303108704590323	0.3780083478332852	1446957449199
7.965967310578219	0.6628586059878963	1446957449202
9.058195881993557	1.0922285714153377	1446957449207
10.43794776490223	1.379751882908673	1446957449212
12.00487422412364	1.5669264592214098	1446957449217
13.885766555210548	1.8808923310869083	1446957449222
16.089374395755975	2.203607840545427	1446957449227
18.57986123904817	2.490486843292196	1446957449232
21.36413512559453	2.7842738865463588	1446957449237
24.043697540416215	2.6795624148216852	1446957449242
26.368725679234785	2.3250281388185705	1446957449247
28.235066187076317	1.8663405078415316	1446957449252
29.499732942283643	1.264666755207326	1446957449257
30.17651833169896	0.6767853894153184	1446957449262
30.193279235829912	0.016760904130951104	1446957449267
29.96189460213375	-0.23138463369616247	1446957449272
CadenceDetector: Step (Peak): 1446957449272
CadenceNotifier: Delta: 599
CadenceNotifier: CadenceChange: 90.42954031650339
29.565627239419374	-0.3962673627143758	1446957449277
29.36332766904095	-0.2022995703784254	1446957449282
29.17689929324663	-0.1864283757943177	1446957449288
29.018374189391242	-0.1585251038553892	1446957449292
28.88482017335088	-0.13355401604036032	1446957449297
28.590807147437864	-0.29401302591301715	1446957449302
28.169879699981404	-0.42092744745646016	1446957449307
27.344057984137553	-0.8258217158438512	1446957449312
26.64712682399921	-0.6969311601383446	1446957449317
26.069810589501543	-0.5773162344976654	1446957449322
25.4419665797509	-0.6278440097506426	1446957449327
24.881987933596083	-0.5599786461548177	1446957449332
24.28257321914854	-0.5994147144475441	1446957449336
23.737728362906232	-0.5448448562423067	1446957449341
23.24231066072614	-0.4954177021800916	1446957449346
22.972182750469102	-0.2701279102570382	1446957449351
22.721429369940562	-0.2507533805285398	1446957449356
22.42490212618317	-0.29652724375739226	1446957449361
22.046152304378968	-0.37874982180420247	1446957449366
21.53099385922126	-0.5151584451577058	1446957449371
20.96302394899295	-0.5679699102283102	1446957449377
20.360111674722244	-0.6029122742707074	1446957449381
19.61863782292631	-0.7414738517959343	1446957449386
18.819300215611612	-0.7993376073146976	1446957449391
18.029917580131805	-0.7893826354798072	1446957449396
17.204847810820095	-0.8250697693117104	1446957449401
16.456081507997794	-0.7487663028223004	1446957449406
15.604446796417406	-0.8516347115803882	1446957449411
14.773819988968002	-0.8306268074494039	1446957449416
13.832542707016216	-0.9412772819517858	1446957449421
12.992709141753698	-0.8398335652625182	1446957449426
12.190865569348333	-0.8018435724053656	1446957449431
11.415068266290962	-0.7757973030573702	1446957449436
10.69615905322109	-0.7189092130698729	1446957449441
10.114041737685959	-0.5821173155351307	1446957449446
9.532863514435075	-0.581178223250884	1446957449451
9.05860705389345	-0.47425646054162485	1446957449456
8.646679108236702	-0.41192794565674795	1446957449461
8.344542568138687	-0.30213654009801516	1446957449466
8.171406214784536	-0.17313635335415078	1446957449471
7.975460921065342	-0.1959452937191939	1446957449476
7.848387784815735	-0.12707313624960737	1446957449481
7.834171336758061	-0.014216448057673858	1446957449486
7.975872570699289	0.14170123394122758	1446957449491
8.180766293041302	0.20489372234201308	1446957449496
8.288800944245716	0.1080346512044148	1446957449501
8.371138937221724	0.08233799297600797	1446957449506
8.348065928930682	-0.02307300829104264	1446957449511
8.32198418421635	-0.026081744714332444	1446957449516
8.09884954915099	-0.22313463506535847	1446957449521
7.849753823013745	-0.24909572613724595	1446957449526
7.698567806693178	-0.15118601632056716	1446957449532
7.626797172454519	-0.07177063423865881	1446957449536
7.628870756999526	0.0020735845450072787	1446957449541
7.7106942421344025	0.08182348513487625	1446957449546
7.833602520729699	0.12290827859529685	1446957449551
8.096377020470406	0.2627744997407069	1446957449556
8.404700753308369	0.30832373283796244	1446957449561
8.541437927261782	0.13673717395341356	1446957449566
8.615926522828856	0.07448859556707355	1446957449571
8.573261856222636	-0.04266466660621937	1446957449576
8.497349638318733	-0.07591221790390357	1446957449581
8.524532677676504	0.02718303935777122	1446957449586
8.488410853879559	-0.03612182379694495	1446957449591
8.378699103334068	-0.10971175054549143	1446957449596
8.188591280314455	-0.1901078230196127	1446957449601
7.860090746508649	-0.3285005338058058	1446957449606
7.5538989353303565	-0.30619181117829264	1446957449611
7.3533975610241	-0.20050137430625625	1446957449616
7.148018012040527	-0.20537954898357302	1446957449621
6.961410838658473	-0.18660717338205401	1446957449626
6.765603222330831	-0.19580761632764254	1446957449631
6.592674046486821	-0.17292917584400946	1446957449636
6.422872963894039	-0.16980108259278204	1446957449641
6.178109585548062	-0.2447633783459775	1446957449646
5.766929514201515	-0.4111800713465463	1446957449651
5.39832353568667	-0.36860597851484567	1446957449656
5.152696687177397	-0.2456268485092723	1446957449661
5.233024074397086	0.0803273872196888	1446957449666
5.60963517930223	0.3766111049051437	1446957449671
6.079770525640311	0.47013534633808085	1446957449676
6.5045698887848244	0.4247993631445137	1446957449681
6.790622458656199	0.28605256987137473	1446957449686
7.001094986141745	0.21047252748554612	1446957449691
7.067696625873673	0.06660163973192734	1446957449696
7.095427282877687	0.02773065700401478	1446957449701
7.096539598043297	0.0011123151656091679	1446957449706
6.9451168113224195	-0.15142278672087706	1446957449711
6.784695257936403	-0.1604215533860165	1446957449716
6.52745396988223	-0.257241288054173	1446957449721
6.317983484749984	-0.20947048513224598	1446957449726
6.071322964035502	-0.24666052071448163	1446957449731
5.921059741633515	-0.1502632224019873	1446957449736
5.804016485010936	-0.11704325662257897	1446957449741
5.7503297682433425	-0.05368671676759362	1446957449746
5.6563903806362745	-0.09393938760706799	1446957449751
5.758843817186965	0.10245343655069039	1446957449756
5.991742775903831	0.2328989587168664	1446957449761
6.235943592829065	0.24420081692523343	1446957449766
6.555917742151918	0.31997414932285295	1446957449771
6.85588557038884	0.29996782823692225	1446957449776
7.269777620951719	0.4138920505628789	1446957449781
7.737114690882068	0.4673370699303492	1446957449786
8.068582338091627	0.3314676472095588	1446957449791
8.288616871632762	0.2200345335411349	1446957449796
8.454821284602023	0.16620441296926103	1446957449801
8.615692219000776	0.1608709343987531	1446957449806
8.961299377863654	0.34560715886287774	1446957449811
9.273017367282343	0.311717989418689	1446957449816
9.769283401794093	0.4962660345117502	1446957449821
10.357813323360944	0.5885299215668507	1446957449825
11.244652010631667	0.886838687270723	1446957449830
12.243799482899094	0.9991474722674276	1446957449835
13.261509040038565	1.0177095571394705	1446957449840
14.224104857125308	0.9625958170867435	1446957449845
14.981640661449703	0.7575358043243945	1446957449851
15.6302392709577	0.6485986095079976	1446957449855
16.258328761952175	0.6280894909944745	1446957449860
16.894755310801266	0.6364265488490908	1446957449865
17.438691159243234	0.5439358484419685	1446957449870
18.015562860144392	0.5768717009011581	1446957449876
18.462642662545875	0.4470798024014826	1446957449880
18.90829006680953	0.44564740426365645	1446957449885
19.6829874015531	0.7746973347435677	1446957449891
20.66487815008059	0.9818907485274906	1446957449895
21.959826793093207	1.2949486430126171	1446957449901
23.63311425148912	1.6732874583959116	1446957449905
25.43217723826188	1.7990629867727606	1446957449910
27.281545234878802	1.8493679966169232	1446957449915
28.63947536372993	1.3579301288511267	1446957449920
29.715122835665717	1.0756474719357882	1446957449925
30.269219050867758	0.5540962152020406	1446957449930
30.431718439783754	0.1624993889159967	1446957449935
29.97148693149109	-0.4602315082926651	1446957449940
CadenceDetector: Step (Peak): 1446957449941
CadenceNotifier: Delta: 669
CadenceNotifier: CadenceChange: 91.11617312072893
28.99299760564506	-0.9784893258460308	1446957449945
27.773657941471544	-1.2193396641735141	1446957449953
26.725345517926932	-1.048312423544612	1446957449956
25.77126744909191	-0.9540780688350239	1446957449960
24.541057993173553	-1.2302094559183558	1446957449965
23.45098561316072	-1.0900723800128311	1446957449970
22.534472765463196	-0.9165128476975255	1446957449975
21.919352417206635	-0.6151203482565606	1446957449980
21.530130416746374	-0.38922200046026134	1446957449985
21.279316702471743	-0.2508137142746314	1446957449990
21.001934340792616	-0.2773823616791269	1446957449995
20.641831929289186	-0.3601024115034299	1446957450000
20.203926799306565	-0.4379051299826209	1446957450005
19.720561223787808	-0.48336557551875714	1446957450010
19.267591318068213	-0.45296990571959483	1446957450015
18.855788601277087	-0.4118027167911258	1446957450020
18.272375606442665	-0.583412994834422	1446957450025
17.6172511522865	-0.6551244541561658	1446957450030
16.928234717816107	-0.6890164344703926	1446957450035
16.140568648275547	-0.7876660695405597	1446957450040
15.298042397331562	-0.842526250943985	1446957450045
14.538877890824129	-0.7591645065074335	1446957450050
13.635701524606864	-0.9031763662172647	1446957450055
12.80252401123999	-0.8331775133668735	1446957450060
11.923678280002488	-0.8788457312375026	1446957450065
11.099869128027155	-0.8238091519753326	1446957450070
10.280776488495768	-0.8190926395313873	1446957450075
9.617155980530416	-0.6636205079653514	1446957450080
9.022495319011615	-0.5946606615188017	1446957450085
8.446275156268019	-0.5762201627435957	1446957450090
8.0121010488048	-0.43417410746321927	1446957450095
7.636095167591755	-0.3760058812130449	1446957450100
7.286879607006334	-0.3492155605854208	1446957450105
7.204177214140734	-0.08270239286559988	1446957450110
7.143323869506012	-0.06085334463472236	1446957450115
7.188802047197365	0.045478177691353316	1446957450120
7.2140904535230845	0.025288406325719492	1446957450125
7.244075024512312	0.029984570989227244	1446957450130
7.278193094410934	0.034118069898622316	1446957450136
7.199153285448819	-0.07903980896211493	1446957450140
7.0282548147153365	-0.17089847073348263	1446957450145
6.702519024235725	-0.32573579047961143	1446957450150
6.341501219322675	-0.36101780491305036	1446957450155
6.094895509137209	-0.24660571018546573	1446957450160
5.810714552187003	-0.2841809569502063	1446957450165
5.582870941730523	-0.22784361045648005	1446957450170
5.401742344124057	-0.18112859760646582	1446957450175
5.239441803819386	-0.16230054030467045	1446957450180
4.990406163430496	-0.24903564038889048	1446957450185
4.795863875492931	-0.19454228793756467	1446957450190
4.5852467882761525	-0.21061708721677874	1446957450197
4.346239173194027	-0.23900761508212565	1446957450200
4.18262051625735	-0.1636186569366771	1446957450205
3.9884356674376127	-0.19418484881973708	1446957450210
3.827391617606884	-0.16104404983072884	1446957450215
3.554340971736215	-0.27305064587066896	1446957450220
3.2877749653807493	-0.26656600635546557	1446957450225
3.0986769152275992	-0.18909805015315007	1446957450230
3.084432764000695	-0.014244151226904034	1446957450235
3.1827717151639408	0.09833895116324554	1446957450240
3.6591916629077614	0.4764199477438207	1446957450245
4.351512450564093	0.6923207876563318	1446957450250
5.187584247182383	0.83607179661829	1446957450255
6.090106122637059	0.902521875454676	1446957450260
6.830698215275138	0.7405920926380789	1446957450265
7.406748483606047	0.576050268330909	1446957450270
7.865903268645342	0.45915478503929474	1446957450275
7.946456681870815	0.08055341322547349	1446957450280
7.637591355393295	-0.3088653264775205	1446957450285
6.856819129007603	-0.7807722263856922	1446957450290
6.7806899514935965	-0.07612917751400605	1446957450295
7.026990892329169	0.24630094083557275	1446957450300
7.37970660472722	0.35271571239805066	1446957450304
7.948951465933625	0.5692448612064052	1446957450309
8.659732286181058	0.7107808202474324	1446957450314
9.078656159165146	0.41892387298408806	1446957450319
9.117669023211393	0.039012864046247486	1446957450324
8.853439740940404	-0.2642292822709891	1446957450329
8.260197445586345	-0.5932422953540595	1446957450334
7.667294570226095	-0.5929028753602497	1446957450339
7.549036257371032	-0.11825831285506272	1446957450344
7.8048875531323025	0.2558512957612704	1446957450349
8.130594976309043	0.3257074231767403	1446957450354
8.505341257595095	0.37474628128605225	1446957450359
8.70000621099285	0.19466495339775491	1446957450364
8.6042956929132	-0.0957105180796507	1446957450369
8.472422935864866	-0.1318727570483329	1446957450374
8.319214828334315	-0.15320810753055092	1446957450379
8.328941302035762	0.009726473701446636	1446957450384
8.415331178666358	0.08638987663059616	1446957450389
8.545017826699631	0.1296866480332728	1446957450394
8.87124272851148	0.32622490181184816	1446957450399
9.244323882858675	0.37308115434719546	1446957450404
9.521564355917775	0.27724047305910027	1446957450409
9.719756290937351	0.198191935019576	1446957450414
9.784781419940188	0.06502512900283719	1446957450419
9.806406589335891	0.021625169395703026	1446957450424
9.814574752416938	0.008168163081046842	1446957450429
9.667183740383072	-0.14739101203386618	1446957450434
9.28225454094707	-0.38492919943600157	1446957450439
8.716076069413237	-0.5661784715338332	1446957450444
8.106504836749696	-0.6095712326635407	1446957450449
7.546498244768729	-0.5600065919809669	1446957450454
7.299096621824157	-0.24740162294457235	1446957450459
7.3386823230671725	0.039585701243015414	1446957450464
7.454087407753873	0.1154050846867003	1446957450469
7.745902411091267	0.2918150033373941	1446957450474
8.061481224636346	0.3155788135450788	1446957450479
8.29935750011595	0.23787627547960355	1446957450484
8.397400825595096	0.0980433254791464	1446957450489
8.552166237010441	0.1547654114153456	1446957450494
8.737666996777653	0.18550075976721203	1446957450499
9.16445689251327	0.42678989573561665	1446957450504
9.833952420477768	0.6694955279644983	1446957450509
10.587710086071503	0.753757665593735	1446957450514
11.331084582896265	0.743374496824762	1446957450519
12.158148264675003	0.8270636817787373	1446957450524
13.091810801769457	0.9336625370944542	1446957450529
14.238607284532582	1.1467964827631256	1446957450534
15.400167485946097	1.161560201413515	1446957450539
16.466206307704766	1.066038821758669	1446957450544
17.84672201512323	1.3805157074184642	1446957450549
19.363778357496933	1.517056342373703	1446957450554
20.858969406523798	1.4951910490268645	1446957450559
22.28946377502243	1.430494368498632	1446957450564
23.895336093705147	1.6058723186827173	1446957450569
25.429173310512816	1.5338372168076688	1446957450574
26.840490710036608	1.4113173995237922	1446957450579
28.07948159022541	1.2389908801888012	1446957450584
28.93903160791099	0.8595500176855815	1446957450589
29.55876636192426	0.6197347540132689	1446957450594
29.654706344635123	0.09593998271086335	1446957450599
29.139061724487757	-0.5156446201473663	1446957450604
CadenceDetector: Step (Peak): 1446957450604
CadenceNotifier: Delta: 663
CadenceNotifier: CadenceChange: 91.46341463414635
28.252500494228496	-0.8865612302592609	1446957450609
27.167113648896116	-1.0853868453323798	1446957450614
26.108857345101704	-1.058256303794412	1446957450620
24.923744902320685	-1.1851124427810191	1446957450624
23.91461788171056	-1.0091270206101264	1446957450629
23.065711790084265	-0.8489060916262936	1446957450634
22.344320804076727	-0.7213909860075383	1446957450639
21.808464452040855	-0.5358563520358715	1446957450644
21.289079891233822	-0.5193845608070333	1446957450649
20.886078941362967	-0.40300094987085444	1446957450654
20.58324613543258	-0.302832805930386	1446957450659
20.311341619135177	-0.2719045162974041	1446957450664
20.06693821029022	-0.24440340884495626	1446957450669
19.6722821876684	-0.3946560226218203	1446957450674
19.06399272721081	-0.6082894604575912	1446957450679
18.19973325998054	-0.8642594672302693	1446957450684
17.260921603252356	-0.9388116567281841	1446957450689
16.309182559172914	-0.9517390440794422	1446957450694
15.420707630893974	-0.8884749282789404	1446957450699
14.554372900765328	-0.8663347301286457	1446957450704
13.789608756774857	-0.7647641439904707	1446957450709
13.001300845233075	-0.7883079115417821	1446957450714
12.378033677488197	-0.6232671677448778	1446957450719
11.76027967389004	-0.6177540035981579	1446957450724
11.336385058673562	-0.42389461521647753	1446957450729
10.842600691942675	-0.4937843667308872	1446957450734
10.508623865208717	-0.33397682673395757	1446957450739
10.283035208446453	-0.22558865676226425	1446957450744
10.130074458461662	-0.15296074998479092	1446957450749
10.121963882128272	-0.008110576333390185	1446957450757
10.284624699439224	0.16266081731095205	1446957450759
10.454409090872504	0.1697843914332804	1446957450767
10.68221276375198	0.22780367287947634	1446957450770
10.760946207185702	0.07873344343372146	1446957450776
10.620096345519299	-0.14084986166640334	1446957450780
10.285091112409496	-0.33500523310980235	1446957450785
9.934900315701862	-0.35019079670763453	1446957450791
9.501493443411677	-0.4334068722901847	1446957450795
9.063240770021629	-0.43825267339004803	1446957450801
8.688585212908103	-0.3746555571135257	1446957450805
8.532901049002499	-0.15568416390560458	1446957450810
8.45147832758583	-0.08142272141666851	1446957450815
8.401477278532168	-0.05000104905366243	1446957450821
8.40571179510853	0.004234516576362424	1446957450825
8.509336510712119	0.10362471560358877	1446957450830
8.516717904353902	0.0073813936417828074	1446957450835
8.390608330287504	-0.12610957406639756	1446957450840
8.049038880981392	-0.3415694493061121	1446957450846
7.546369162807203	-0.5026697181741895	1446957450850
6.969670976124095	-0.5766981866831076	1446957450855
6.281092218240629	-0.6885787578834659	1446957450860
5.691236487978495	-0.5898557302621343	1446957450865
5.141978854752986	-0.5492576332255092	1446957450870
4.762082129591509	-0.3798967251614771	1446957450875
4.648534741431406	-0.11354738816010279	1446957450881
4.708432185491838	0.05989744406043229	1446957450895
5.227799866166591	0.5193676806747529	1446957450896
6.173405844573131	0.9456059784065403	1446957450897
7.54697158736675	1.3735657427936188	1446957450903
8.855371772593628	1.308400185226878	1446957450907
10.128758530327117	1.2733867577334887	1446957450911
11.19224963627132	1.0634911059442036	1446957450917
11.852301100228098	0.660051463956778	1446957450920
12.106320400338673	0.25401930011057416	1446957450924
12.078536950255458	-0.02778345008321459	1446957450930
11.599932607609095	-0.47860434264636353	1446957450935
10.960821907896834	-0.6391106997122602	1446957450939
10.242865086614302	-0.7179568212825327	1446957450943
9.690387271209033	-0.5524778154052683	1446957450948
9.188662403722043	-0.5017248674869901	1446957450953
8.681862891200677	-0.5067995125213667	1446957450958
8.209191320696664	-0.4726715705040121	1446957450963
7.755966554262962	-0.4532247664337028	1446957450968
7.388273688557954	-0.36769286570500803	1446957450973
6.992399118277306	-0.39587457028064765	1446957450978
6.716001203183615	-0.2763979150936908	1446957450983
6.513993488593951	-0.20200771458966393	1446957450988
6.325671873243745	-0.18832161535020653	1446957450993
6.293355540457522	-0.03231633278622237	1446957450998
6.361428989625182	0.06807344916765956	1446957451003
6.453288504094898	0.09185951446971607	1446957451008
6.548542885640168	0.09525438154526977	1446957451014
6.63291297366191	0.08437008802174262	1446957451019
6.786717439439402	0.1538044657774913	1446957451024
6.721065061211701	-0.06565237822770076	1446957451028
6.4890991849757045	-0.2319658762359964	1446957451034
6.212001414708825	-0.2770977702668791	1446957451039
5.8487592494342335	-0.36324216527459185	1446957451043
5.499712059970831	-0.34904718946340285	1446957451048
5.171882966780397	-0.3278290931904335	1446957451054
4.866133364791756	-0.30574960198864076	1446957451058
4.670828797545828	-0.1953045672459286	1446957451066
4.43593013339411	-0.2348986641517179	1446957451069
4.384431372908736	-0.05149876048537383	1446957451074
4.43418244466199	0.04975107175325366	1446957451078
4.508899503248234	0.074717058586244	1446957451083
4.474090613874688	-0.034808889373545426	1446957451089
4.417805353018652	-0.056285260856036246	1446957451093
4.514206264259342	0.09640091124069006	1446957451098
4.547754930658783	0.033548666399441096	1446957451104
4.6927150820302055	0.14496015137142226	1446957451108
4.887890920359512	0.1951758383293063	1446957451116
5.26776720577247	0.3798762854129585	1446957451119
5.492301475382943	0.22453426961047285	1446957451124
5.637896508853767	0.1455950334708236	1446957451128
5.728917057524642	0.09102054867087528	1446957451134
5.6908687058578655	-0.03804835166677645	1446957451139
5.581700440779972	-0.10916826507789334	1446957451144
5.524294480464528	-0.057405960315444204	1446957451149
5.680058540916385	0.1557640604518573	1446957451155
6.1280510553180365	0.4479925144016512	1446957451159
6.6960380902190995	0.567987034901063	1446957451167
7.400454616751328	0.7044165265322286	1446957451169
8.068677208884889	0.6682225921335609	1446957451174
8.781367818886332	0.7126906100014434	1446957451179
9.621255243364056	0.8398874244777232	1446957451185
10.620854652812127	0.9995994094480718	1446957451190
11.552381781361209	0.9315271285490816	1446957451194
12.228073641260178	0.6756918598989685	1446957451202
12.768954231956672	0.540880590696494	1446957451204
13.357842722839788	0.5888884908831162	1446957451209
14.128204926263397	0.7703622034236091	1446957451217
15.19840195818397	1.0701970319205731	1446957451219
16.504644647965407	1.3062426897814365	1446957451224
17.880747704004865	1.376103056039458	1446957451229
19.208604064517374	1.3278563605125093	1446957451237
20.36768598542888	1.1590819209115075	1446957451240
21.28272454102843	0.9150385555995477	1446957451245
22.00216474963065	0.7194402086022222	1446957451250
22.577142883039436	0.5749781334087842	1446957451254
23.171665115525855	0.594522232486419	1446957451260
23.85858369620926	0.686918580683404	1446957451264
24.846019918715466	0.9874362225062079	1446957451269
25.96756656960077	1.1215466508853034	1446957451274
26.854341602240506	0.8867750326397363	1446957451280
27.14028883800317	0.2859472357626629	1446957451286
26.880831951448922	-0.25945688655424703	1446957451288
CadenceDetector: Step (Peak): 1446957451290
CadenceNotifier: Delta: 686
CadenceNotifier: CadenceChange: 91.70806266717615
26.14580118450602	-0.7350307669429021	1446957451294
25.396096670339734	-0.7497045141662859	1446957451299
24.64283343660893	-0.7532632337308023	1446957451325
24.001857512096247	-0.6409759245126843	1446957451326
23.394417436903186	-0.6074400751930611	1446957451327
22.78714225686176	-0.6072751800414267	1446957451329
22.066084771146187	-0.7210574857155727	1446957451330
21.440233718483178	-0.625851052663009	1446957451330
20.911569378187192	-0.5286643402959861	1446957451335
20.302596316463372	-0.6089730617238196	1446957451337
19.739820100060445	-0.5627762164029271	1446957451343
19.057718015586577	-0.6821020844738683	1446957451350
18.414221857531334	-0.6434961580552425	1446957451352
17.848503467747612	-0.5657183897837221	1446957451357
17.37126552572263	-0.47723794202498127	1446957451362
16.928589612727137	-0.4426759129954938	1446957451367
16.445061439787427	-0.4835281729397103	1446957451372
15.940674963754429	-0.5043864760329981	1446957451377
15.317817407888601	-0.6228575558658278	1446957451383
14.705553744838168	-0.6122636630504328	1446957451387
14.209787071772519	-0.49576667306564914	1446957451392
13.709713252315652	-0.5000738194568672	1446957451397
13.297267218526695	-0.4124460337889566	1446957451402
12.805876252922852	-0.4913909656038431	1446957451407
12.30194500171264	-0.5039312512102114	1446957451412
11.65233393763867	-0.6496110640739712	1446957451417
10.949837591324238	-0.7024963463144314	1446957451423
10.303140155848721	-0.6466974354755166	1446957451428
9.67987792987956	-0.623262225969162	1446957451433
9.105572763998653	-0.5743051658809062	1446957451438
8.631046125419028	-0.4745266385796256	1446957451443
8.309312749938414	-0.32173337548061376	1446957451447
8.139075011737077	-0.1702377382013367	1446957451453
7.987982492132806	-0.15109251960427095	1446957451458
7.711444793436312	-0.2765376986964938	1446957451463
7.342299987513266	-0.369144805923046	1446957451468
7.004212945666545	-0.33808704184672145	1446957451473
6.671295437278715	-0.33291750838782974	1446957451478
6.326464394013558	-0.3448310432651569	1446957451483
5.944445142252833	-0.3820192517607257	1446957451488
5.545344746187855	-0.39910039606497794	1446957451493
5.176300228771128	-0.36904451741672695	1446957451499
4.810034712358569	-0.36626551641255833	1446957451503
4.606737819735937	-0.20329689262263262	1446957451508
4.459187536132258	-0.14755028360367906	1446957451512
4.453064580479242	-0.006122955653015794	1446957451518
4.198361761698936	-0.25470281878030576	1446957451523
3.8366740714635448	-0.3616876902353914	1446957451527
3.49795510530702	-0.33871896615652464	1446957451534
3.631957601027254	0.13400249572023393	1446957451538
4.377859100911504	0.7459014998842499	1446957451544
5.688827595603434	1.31096849469193	1446957451548
7.514830758065537	1.8260031624621034	1446957451554
9.52946770955527	2.0146369514897327	1446957451558
11.334729529694565	1.805261820139295	1446957451563
12.768940461614763	1.434210931920198	1446957451568
13.905882028041988	1.1369415664272253	1446957451574
14.649110950414975	0.7432289223729871	1446957451578
15.088878511637589	0.43976756122261307	1446957451584
15.169366525228307	0.08048801359071867	1446957451589
14.892460155871877	-0.2769063693564302	1446957451593
14.292845777522173	-0.5996143783497043	1446957451598
13.523063143120982	-0.7697826344011904	1446957451604
12.576851330091804	-0.9462118130291781	1446957451608
11.60711109501989	-0.9697402350719138	1446957451613
10.674384073036688	-0.9327270219832027	1446957451618
9.765980992087092	-0.9084030809495953	1446957451624
8.984070561851254	-0.781910430235838	1446957451628
8.239852063620804	-0.7442184982304507	1446957451634
7.565094040075247	-0.6747580235455564	1446957451639
7.015396324795811	-0.5496977152794367	1446957451644
6.592335915830978	-0.4230604089648322	1446957451648
6.316787814749131	-0.27554810108184746	1446957451654
6.142157886034077	-0.17462992871505367	1446957451658
6.081577329967338	-0.06058055606673918	1446957451663
6.153664997859478	0.0720876678921396	1446957451668
6.383281187691852	0.22961618983237386	1446957451674
6.72516512639603	0.34188393870417855	1446957451678
7.095799113078374	0.3706339866823436	1446957451684
7.294636516993373	0.19883740391499938	1446957451689
7.388447382582882	0.09381086558950891	1446957451693
7.448244116433282	0.05979673385040041	1446957451698
7.33270002179997	-0.11554409463331261	1446957451703
7.231548189288513	-0.10115183251145687	1446957451708
7.020841690280193	-0.21070649900832006	1446957451713
6.728739930529855	-0.2921017597503379	1446957451717
6.310914308674805	-0.4178256218550498	1446957451724
6.148225380848557	-0.162688927826248	1446957451728
6.135225500066857	-0.01299988078169978	1446957451738
6.070044612347099	-0.06518088771975883	1446957451739
6.069763723018548	-2.808893285504155E-4	1446957451743
6.1083565927234025	0.038592869704854316	1446957451749
6.193825626991952	0.08546903426854957	1446957451753
6.06928130216935	-0.12454432482260192	1446957451759
5.9083737408026105	-0.16090756136673967	1446957451764
5.821603521693054	-0.08677021910955673	1446957451767
5.998475735117373	0.17687221342431947	1446957451774
6.308606240703777	0.31013050558640387	1446957451778
6.550356998710038	0.241750758006261	1446957451785
6.673568589869764	0.12321159115972602	1446957451787
6.65083482026638	-0.022733769603384246	1446957451793
6.59960034410517	-0.05123447616121002	1446957451798
6.809975204431084	0.21037486032591435	1446957451804
7.1246015803859795	0.3146263759548953	1446957451808
7.413947612083462	0.28934603169748296	1446957451813
7.615413815015577	0.2014662029321146	1446957451818
7.756417041239483	0.14100322622390582	1446957451824
7.998305160374533	0.2418881191350506	1446957451828
8.538521995023153	0.5402168346486196	1446957451835
9.38567236149351	0.8471503664703572	1446957451837
10.32812161097718	0.9424492494836691	1446957451843
11.288944220139832	0.960822609162653	1446957451849
12.228363584943907	0.9394193648040741	1446957451852
13.237016652534226	1.0086530675903198	1446957451858
14.489408436314196	1.25239178377997	1446957451863
16.160961936695575	1.6715535003813784	1446957451868
18.068424966284283	1.9074630295887083	1446957451874
20.257455892943153	2.1890309266588694	1446957451878
22.512669557347476	2.255213664404323	1446957451885
24.988455521470403	2.4757859641229274	1446957451887
26.92340196943126	1.9349464479608578	1446957451893
28.723612034167004	1.8002100647357437	1446957451900
30.18051385491125	1.4569018207442461	1446957451902
30.857773768909208	0.6772599139979576	1446957451910
31.22448779902732	0.36671403011811066	1446957451913
31.42507437206006	0.20058657303274074	1446957451918
31.431533015435313	0.006458643375253814	1446957451923
30.48737555256908	-0.944157462866233	1446957451929
CadenceDetector: Step (Peak): 1446957451930
CadenceNotifier: Delta: 644
CadenceNotifier: CadenceChange: 90.15777610818932
29.196683962489452	-1.2906915900796285	1446957451936
27.739277125791514	-1.4574068366979382	1446957451939
26.302836033771666	-1.436441092019848	1446957451950
25.247094781586206	-1.0557412521854594	1446957451958
24.529195716316952	-0.7178990652692541	1446957451958
24.135138670296175	-0.3940570460207766	1446957451959
23.4996397064457	-0.6354989638504769	1446957451963
22.897123026587447	-0.6025166798582511	1446957451987
22.16342312377614	-0.7336999028113063	1446957451987
21.323262214809567	-0.840160908966574	1446957451987
20.307640861705867	-1.0156213531037004	1446957451988
19.22164350916358	-1.085997352542286	1446957451988
18.03092095707785	-1.190722552085731	1446957451991
16.904191560247767	-1.1267293968300827	1446957451996
15.753719905395382	-1.1504716548523852	1446957452001
14.710857666001145	-1.0428622393942373	1446957452006
13.742290522099822	-0.968567143901323	1446957452011
12.724786590140281	-1.0175039319595403	1446957452016
11.878642153103293	-0.8461444370369886	1446957452021
10.970306655594083	-0.9083354975092099	1446957452026
10.16698029854484	-0.8033263570492437	1446957452031
9.494049933261204	-0.6729303652836354	1446957452036
8.923271169293844	-0.5707787639673594	1446957452041
8.510830614768098	-0.41244055452574635	1446957452046
8.652542540118516	0.14171192535041754	1446957452051
9.144080449099961	0.4915379089814458	1446957452056
9.783595396912418	0.6395149478124562	1446957452061
10.387932154518344	0.6043367576059264	1446957452066
10.78001533567224	0.39208318115389673	1446957452071
11.024425340301265	0.2444100046290245	1446957452076
11.103572213191015	0.07914687288974953	1446957452083
11.047378074899537	-0.05619413829147746	1446957452087
10.800448283416571	-0.246929791482966	1446957452091
10.261522876479136	-0.5389254069374356	1446957452096
9.528868808563413	-0.732654067915723	1446957452102
8.689176904526898	-0.8396919040365152	1446957452107
7.988017026736151	-0.7011598777907464	1446957452111
7.36368778490527	-0.624329241830881	1446957452116
6.780495889081863	-0.5831918958234068	1446957452122
6.380924950007443	-0.39957093907442065	1446957452126
6.00319861897128	-0.37772633103616293	1446957452133
5.641131584969371	-0.36206703400190854	1446957452137
5.33601289727032	-0.3051186876990517	1446957452141
4.984738476914681	-0.3512744203556384	1446957452146
4.415104295920102	-0.5696341809945791	1446957452152
3.8619249566220715	-0.5531793392980306	1446957452157
3.368085486071176	-0.4938394705508955	1446957452161
2.941753382046923	-0.42633210402425314	1446957452166
2.4650235811855428	-0.47672980086138006	1446957452172
2.0082658794926265	-0.4567577016929163	1446957452176
1.6357041076241654	-0.37256177186846107	1446957452183
1.7563224212815736	0.12061831365740816	1446957452187
2.205921822450203	0.4495994011686295	1446957452191
2.8328974068903228	0.6269755844401197	1446957452201
3.535568838549934	0.7026714316596112	1446957452201
4.350548119733829	0.814979281183895	1446957452206
5.327576449378209	0.97702832964438	1446957452215
6.425320670196939	1.09774422081873	1446957452218
7.638421639004645	1.213100968807706	1446957452221
8.984198029125348	1.3457763901207036	1446957452226
10.039778285505223	1.0555802563798746	1446957452235
10.398795138701946	0.3590168531967226	1446957452236
11.110540904730366	0.7117457660284199	1446957452242
11.435780462362066	0.32523955763170065	1446957452247
11.501156598122423	0.06537613576035639	1446957452252
11.340900826340814	-0.16025577178160866	1446957452258
11.07270762232259	-0.26819320401822466	1446957452262
10.905440501106135	-0.16726712121645448	1446957452267
10.632548120694477	-0.2728923804116583	1446957452273
10.07376651579268	-0.558781604901796	1446957452277
9.40251676369213	-0.6712497521005503	1446957452282
8.58402083095419	-0.8184959327379406	1446957452288
7.857866416845094	-0.7261544141090956	1446957452292
7.0971635418396835	-0.7607028750054106	1446957452297
6.71428514651755	-0.3828783953221331	1446957452301
6.482438512791835	-0.23184663372571546	1446957452308
6.259106145988663	-0.22333236680317192	1446957452312
6.071846432574628	-0.18725971341403458	1446957452317
5.865689381412402	-0.2061570511622266	1446957452322
5.734808169997771	-0.13088121141463116	1446957452327
5.700303233463813	-0.03450493653395803	1446957452331
5.78485879362354	0.08455556015972743	1446957452337
6.004498376329884	0.21963958270634354	1446957452342
6.221617271085258	0.21711889475537482	1446957452347
6.500643681188286	0.279026410103028	1446957452352
6.679106012714425	0.17846233152613866	1446957452357
6.969603623967159	0.290497611252734	1446957452362
7.3310287572978385	0.3614251333306795	1446957452367
7.852137133891075	0.5211083765932365	1446957452372
8.442909744593509	0.5907726107024338	1446957452377
8.927974947488694	0.4850652028951856	1446957452385
9.270356126171892	0.3423811786831976	1446957452386
9.56165464864904	0.29129852247714716	1446957452391
9.826377395601474	0.2647227469524349	1446957452397
9.963191899232063	0.136814503630589	1446957452403
10.037287563504607	0.07409566427254433	1446957452406
9.885186530366688	-0.15210103313791912	1446957452411
9.487608923245267	-0.39757760712142165	1446957452416
9.086033335217316	-0.401575588027951	1446957452421
8.698902713059061	-0.38713062215825467	1446957452426
8.300933124569342	-0.397969588489719	1446957452432
8.175483582416794	-0.12544954215254833	1446957452436
8.099070699736457	-0.07641288268033719	1446957452441
8.270366806977826	0.17129610724136946	1446957452446
8.476878275309996	0.20651146833217027	1446957452457
8.644573092265098	0.1676948169551018	1446957452460
8.73160132988035	0.08702823761525202	1446957452461
8.818202671887647	0.08660134200729708	1446957452466
8.978006250819137	0.15980357893148955	1446957452471
9.172502177176542	0.19449592635740487	1446957452475
9.45205997215428	0.27955779497773925	1446957452480
9.655213813391704	0.2031538412374232	1446957452485
9.958582929930271	0.30336911653856724	1446957452493
10.419735679520315	0.4611527495900436	1446957452495
10.982357246170857	0.5626215666505416	1446957452500
11.724228990961194	0.7418717447903376	1446957452505
12.722338792881695	0.998109801920501	1446957452513
14.068963854471765	1.3466250615900694	1446957452515
15.890990929250504	1.82202707477874	1446957452523
17.88288533280213	1.9918944035516244	1446957452525
20.009311343837226	2.1264260110350968	1446957452533
22.179553952005886	2.1702426081686603	1446957452536
24.08946859703455	1.909914645028664	1446957452541
25.707550007460746	1.6180814104261962	1446957452545
27.225077545618106	1.5175275381573599	1446957452550
28.323091424832857	1.0980138792147507	1446957452556
28.895709204344215	0.5726177795113578	1446957452560
28.832458637786935	-0.06325056655727934	1446957452567
CadenceDetector: Step (Peak): 1446957452567
CadenceNotifier: Delta: 633
CadenceNotifier: CadenceChange: 91.3937547600914
28.536051964642034	-0.2964066731449009	1446957452571
28.33977561588973	-0.1962763487523027	1446957452575
28.21739427769651	-0.12238133819322172	1446957452580
27.795051079530275	-0.4223431981662351	1446957452587
27.13116124050993	-0.6638898390203458	1446957452590
26.16627875644531	-0.9648824840646206	1446957452595
25.0748256810177	-1.0914530754276086	1446957452601
23.981807900781607	-1.0930177802360923	1446957452605
22.953997435497907	-1.0278104652837001	1446957452610
21.910320814464146	-1.043676621033761	1446957452615
21.008411800777203	-0.901909013686943	1446957452620
20.163109875770026	-0.8453019250071776	1446957452625
19.324406284586342	-0.838703591183684	1446957452630
18.66404959189116	-0.6603566926951814	1446957452635
18.17803004092032	-0.48601955097084115	1446957452640
17.85007466352621	-0.3279553773941082	1446957452645
17.444029727710365	-0.4060449358158458	1446957452650
17.021172574625474	-0.422857153084891	1446957452655
16.60172664536643	-0.41944592925904445	1446957452660
16.19065463271626	-0.4110720126501697	1446957452665
15.906778957813946	-0.2838756749023137	1446957452670
15.395273860325261	-0.5115050974886852	1446957452676
14.83694628267318	-0.5583275776520811	1446957452681
14.392819784911683	-0.4441264977614967	1446957452687
14.002542292213217	-0.39027749269846623	1446957452691
13.705964571036864	-0.2965777211763534	1446957452696
13.423249062336318	-0.2827155087005462	1446957452701
13.083502544040945	-0.3397465182953727	1446957452706
12.598197251585448	-0.4853052924554966	1446957452714
11.879518916292916	-0.7186783352925321	1446957452716
11.087706286355077	-0.791812629937839	1446957452722
10.268837556976594	-0.8188687293784831	1446957452726
9.604044051023171	-0.6647935059534227	1446957452736
9.044541088741372	-0.5595029622817993	1446957452737
8.551954926076135	-0.492586162665237	1446957452740
8.252829730815224	-0.2991251952609115	1446957452746
8.014623147442451	-0.23820658337277223	1446957452751
7.951123303479033	-0.06349984396341846	1446957452756
8.074107266528106	0.122983963049073	1446957452761
8.251080303714415	0.1769730371863094	1446957452766
8.561169847382255	0.31008954366783925	1446957452772
8.887465935790635	0.3262960884083803	1446957452776
8.900131533807302	0.012665598016667445	1446957452781
8.872692628891636	-0.02743890491566603	1446957452785
8.622179518980838	-0.25051310991079845	1446957452792
8.47506185991251	-0.14711765906832852	1446957452796
8.195070900986124	-0.27999095892638515	1446957452801
7.937378369410504	-0.25769253157562044	1446957452807
7.677763406652678	-0.2596149627578255	1446957452811
7.5796827477113355	-0.09808065894134277	1446957452815
7.542959432856077	-0.03672331485525859	1446957452821
7.447941975181338	-0.09501745767473935	1446957452825
7.0893302794104285	-0.3586116957709091	1446957452831
6.585580615845402	-0.503749663565026	1446957452835
5.963879866127447	-0.6217007497179559	1446957452841
5.371561002456099	-0.5923188636713475	1446957452846
4.82183559887136	-0.5497254035847394	1446957452851
4.4856624694069644	-0.33617312946439526	1446957452857
4.868047156431983	0.38238468702501827	1446957452860
5.952455605900403	1.0844084494684205	1446957452868
7.401907336475894	1.4494517305754906	1446957452870
8.77494072515684	1.3730333886809465	1446957452875
9.917239908106597	1.1422991829497562	1446957452881
10.764015253763288	0.8467753456566918	1446957452885
11.512751454376941	0.7487362006136529	1446957452891
11.7183771626946	0.20562570831765825	1446957452897
12.522492101751833	0.804114939057234	1446957452906
12.996101877915779	0.4736097761639453	1446957452918
13.23379914542396	0.23769726750818165	1446957452922
13.38737647383661	0.15357732841265026	1446957452923
13.329728450564193	-0.05764802327241725	1446957452929
13.040667391438996	-0.2890610591251974	1446957452941
12.657157094086912	-0.38351029735208364	1446957452941
12.033213674746614	-0.6239434193402982	1446957452942
11.347309038183731	-0.6859046365628831	1446957452945
10.595259625573481	-0.7520494126102495	1446957452945
9.859769958690043	-0.7354896668834385	1446957452950
9.166066837718935	-0.693703120971108	1446957452954
8.549280805961372	-0.6167860317575631	1446957452959
8.067412772043365	-0.4818680339180066	1446957452964
7.630646562382306	-0.4367662096610596	1446957452969
7.307676416211487	-0.3229701461708183	1446957452974
6.755838137257868	-0.5518382789536194	1446957452979
6.126501941944826	-0.6293361953130416	1446957452984
5.496154972843131	-0.6303469691016952	1446957452989
5.126516618334571	-0.3696383545085604	1446957452994
5.275992020012704	0.14947540167813322	1446957452999
5.9084837304031925	0.6324917103904886	1446957453004
7.149190986068032	1.240707255664839	1446957453009
8.439518046402506	1.2903270603344748	1446957453014
9.646538613855379	1.2070205674528722	1446957453019
10.626858557072373	0.980319943216994	1446957453024
11.22224484075502	0.5953862836826467	1446957453029
11.359656657037467	0.13741181628244803	1446957453034
11.612526211044388	0.2528695540069208	1446957453040
10.993121521496729	-0.6194046895476593	1446957453044
9.840720756198374	-1.1524007652983546	1446957453049
8.669299158051963	-1.1714215981464111	1446957453055
7.496001969420279	-1.1732971886316843	1446957453059
6.65770450623762	-0.8382974631826592	1446957453067
6.337016520981366	-0.32068798525625386	1446957453070
6.317221051494444	-0.01979546948692157	1446957453075
6.591354102575916	0.27413305108147146	1446957453079
7.0050243688353735	0.4136702662594578	1446957453084
7.60397960740346	0.5989552385680863	1446957453090
8.058943909207128	0.45496430180366865	1446957453094
8.424768746119625	0.36582483691249656	1446957453099
8.621622914504513	0.19685416838488834	1446957453105
8.785150271365865	0.16352735686135134	1446957453109
8.879025398662566	0.09387512729670178	1446957453117
9.015303231508737	0.13627783284617045	1446957453120
8.925148540586996	-0.09015469092174122	1446957453125
8.775950388990548	-0.14919815159644756	1446957453129
8.5926867827209	-0.183263606269648	1446957453134
8.505913691300732	-0.08677309142016831	1446957453140
8.3366195325317	-0.16929415876903242	1446957453144
8.451390225096471	0.11477069256477179	1446957453149
8.779615793771319	0.3282255686748474	1446957453155
9.282526334833802	0.5029105410624837	1446957453159
9.535092031834699	0.2525656970008967	1446957453167
9.685892413044193	0.15080038120949446	1446957453169
10.750719639155582	1.0648272261113885	1446957453175
10.107374816418716	-0.6433448227368661	1446957453179
7.9374377521643416	-2.1699370642543743	1446957453184
6.529589750661099	-1.4078480015032424	1446957453190
6.799100537340468	0.2695107866793691	1446957453194
8.301310100383924	1.502209563043456	1446957453201
9.769777190837928	1.4684670904540038	1446957453205
10.540245457905636	0.7704682670677077	1446957453209
10.680551348066883	0.1403058901612475	1446957453217
10.507518124589375	-0.1730332234775087	1446957453220
10.50223043789564	-0.005287686693733917	1446957453225
10.602190524218917	0.0999600863232768	1446957453229
10.800903266819821	0.19871274260090388	1446957453233
10.98770698436292	0.1868037175430981	1446957453239
11.093807044069365	0.10610005970644565	1446957453244
11.159947387163625	0.06614034309425953	1446957453250
11.22336746333184	0.06342007616821554	1446957453254
11.145852250026914	-0.07751521330492572	1446957453259
11.094571869724644	-0.05128038030226989	1446957453264
11.133860290779394	0.03928842105474928	1446957453269
11.068937958698546	-0.06492233208084741	1446957453274
11.062884501586964	-0.006053457111582006	1446957453279
11.195664225154411	0.13277972356744705	1446957453283
10.91769064484445	-0.2779735803099612	1446957453289
10.495625386315698	-0.4220652585287521	1446957453296
10.10634763506466	-0.38927775125103814	1446957453320
9.834588950288106	-0.27175868477655385	1446957453320
9.557289579471211	-0.2772993708168947	1446957453321
9.400486058685097	-0.1568035207861147	1446957453321
9.219980646042455	-0.18050541264264197	1446957453322
8.97068572303528	-0.24929492300717548	1446957453325
9.04264719719141	0.07196147415613119	1446957453330
9.208811017892074	0.16616382070066393	1446957453335
9.38661377108582	0.1778027531937454	1446957453340
9.48321785661349	0.09660408552766953	1446957453345
9.557598365069122	0.07438050845563282	1446957453349
9.529632810935256	-0.027965554133865922	1446957453355
9.565501062636592	0.03586825170133601	1446957453361
9.54149891368483	-0.024002148951762337	1446957453364
9.63974812736213	0.09824921367730077	1446957453369
9.659422983581456	0.019674856219324965	1446957453375
9.736932900127735	0.07750991654627981	1446957453385
9.839491136291983	0.10255823616424742	1446957453386
9.798671099718801	-0.040820036573181895	1446957453389
9.634322082926927	-0.1643490167918742	1446957453394
9.491591314111805	-0.14273076881512203	1446957453399
9.31624094014935	-0.17535037396245556	1446957453404
9.221158475832205	-0.0950824643171444	1446957453409
9.127774812683418	-0.09338366314878677	1446957453414
9.367637775834678	0.23986296315126054	1446957453419
9.537514519647702	0.16987674381302398	1446957453424
9.614590353576434	0.07707583392873119	1446957453429
9.60159040459653	-0.012999948979903309	1446957453435
9.515858046866313	-0.08573235773021715	1446957453438
9.175172062657778	-0.3406859842085357	1446957453443
9.038734782119773	-0.1364372805380043	1446957453450
8.896568268907465	-0.14216651321230778	1446957453454
8.857314413824078	-0.039253855083387634	1446957453459
8.834086502178243	-0.02322791164583471	1446957453463
8.75351232572895	-0.08057417644929288	1446957453469
8.74690483642279	-0.00660748930616073	1446957453474
8.694225568800846	-0.05267926762194364	1446957453478
8.599704230483594	-0.09452133831725185	1446957453483
8.615805276167597	0.016101045684003168	1446957453489
8.625639505907039	0.00983422973944137	1446957453493
8.67303130839346	0.0473918024864215	1446957453501
8.850917374591795	0.1778860661983348	1446957453503
8.994463259932049	0.14354588534025403	1446957453508
9.14341076523267	0.14894750530062062	1446957453513
9.423059790190218	0.27964902495754806	1446957453519
9.473261714897422	0.050201924707204526	1446957453524
9.488778340955339	0.015516626057916483	1446957453528
9.403495904460346	-0.08528243649499245	1446957453533
9.268470309459442	-0.13502559500090427	1446957453539
9.261105716089038	-0.007364593370404293	1446957453543
9.350377525778367	0.08927180968932902	1446957453551
9.387301376883107	0.03692385110474028	1446957453554
9.473102858488456	0.0858014816053494	1446957453558
9.446176187980504	-0.02692667050795272	1446957453563
9.446585441019314	4.092530388106752E-4	1446957453568
9.486351700835064	0.03976625981574955	1446957453574
9.543154568354778	0.056802867519714084	1446957453578
9.595466150469383	0.05231158211460496	1446957453583
9.333525780451723	-0.26194037001766013	1446957453589
9.082003367250465	-0.2515224132012577	1446957453593
8.829821914455025	-0.25218145279544046	1446957453601
8.676060904434397	-0.15376101002062725	1446957453604
8.721298799176052	0.04523789474165518	1446957453608
8.769253363552748	0.04795456437669543	1446957453613
8.836736616656802	0.06748325310405434	1446957453618
8.997154505578587	0.16041788892178488	1446957453624
9.275020787749751	0.27786628217116416	1446957453628
10.357250257306541	1.0822294695567898	1446957453633
9.518677395409503	-0.8385728618970383	1446957453639
9.043534924147641	-0.4751424712618615	1446957453643
9.498899589491346	0.4553646653437049	1446957453651
9.738875799263917	0.23997620977257128	1446957453654
9.734609155956173	-0.004266643307744289	1446957453659
9.463489479825572	-0.27111967613060095	1446957453663
9.208349248542158	-0.25514023128341456	1446957453668
9.224137266330253	0.015788017788095132	1446957453686
9.282767585349026	0.058630319018773136	1446957453688
9.292520944584759	0.009753359235732617	1446957453689
9.183291746844864	-0.1092291977398947	1446957453689
9.212427800670007	0.029136053825142838	1446957453693
9.368325429070106	0.15589762840009946	1446957453698
9.35083994514188	-0.01748548392822613	1446957453709
9.315237187227549	-0.03560275791433121	1446957453711
9.158639265596769	-0.15659792163078023	1446957453713
8.903006296395942	-0.25563296920082657	1446957453719
8.595217114367362	-0.3077891820285803	1446957453723
8.264012240194742	-0.3312048741726201	1446957453727
8.01267396093275	-0.2513382792619918	1446957453732
7.638797616767998	-0.3738763441647519	1446957453737
7.1511305605685545	-0.4876670561994434	1446957453742
6.9188658802780365	-0.23226468029051794	1446957453751
6.860509807706259	-0.05835607257177777	1446957453756
