7.018105864836907	8.018105864836908	1446957268774
6.73864986567239	-0.2794559991645169	1446957268775
6.897862803802292	0.1592129381299019	1446957268775
7.30284396849992	0.40498116469762735	1446957268775
7.609316643723314	0.30647267522339483	1446957268775
7.9419280153354945	0.33261137161218013	1446957268775
8.233724538863168	0.2917965235276734	1446957268780
8.613720642571392	0.37999610370822445	1446957268781
8.968924671229278	0.3552040286578855	1446957268786
9.38485672989139	0.41593205866211136	1446957268793
9.753310377711584	0.3684536478201945	1446957268796
9.883472494812136	0.1301621171005518	1446957268801
9.938260538219	0.05478804340686416	1446957268806
9.991979170565514	0.05371863234651464	1446957268811
9.972110012157144	-0.01986915840837078	1446957268816
9.827176736142976	-0.14493327601416794	1446957268821
9.790340889692068	-0.03683584645090754	1446957268826
9.776867128081943	-0.013473761610125479	1446957268831
9.804959613191377	0.028092485109434406	1446957268836
9.853592529282679	0.048632916091301936	1446957268841
9.84451245547489	-0.00908007380778919	1446957268846
9.708712130799022	-0.1358003246758681	1446957268851
9.737420227898768	0.028708097099746865	1446957268856
9.812192919052972	0.07477269115420349	1446957268861
9.84531821488383	0.03312529583085855	1446957268866
9.787102370089782	-0.05821584479404862	1446957268871
9.679133783531665	-0.10796858655811725	1446957268876
9.495085518419877	-0.1840482651117874	1446957268881
9.38758097838868	-0.10750454003119714	1446957268886
9.194156672292063	-0.19342430609661676	1446957268891
9.018186482039525	-0.17597019025253857	1446957268896
8.929923750248689	-0.08826273179083621	1446957268901
8.739826670106915	-0.19009708014177384	1446957268907
8.823790128170137	0.08396345806322181	1446957268911
8.89692609787733	0.07313596970719338	1446957268916
9.078876958764937	0.18195086088760704	1446957268921
9.194978684698416	0.11610172593347912	1446957268926
9.148558664865847	-0.046420019832568826	1446957268930
9.217683732129949	0.0691250672641015	1446957268936
9.156676514152831	-0.06100721797711728	1446957268941
9.037519179639842	-0.11915733451298927	1446957268946
8.989345764735363	-0.04817341490447902	1446957268950
8.867564689876035	-0.12178107485932799	1446957268955
8.735474810855608	-0.1320898790204268	1446957268961
8.517430828020222	-0.21804398283538617	1446957268965
8.432209868124971	-0.08522095989525091	1446957268970
8.463655376680686	0.031445508555714596	1446957268976
8.296878121287559	-0.16677725539312682	1446957268980
8.289700122665318	-0.007177998622241333	1446957268985
8.28171630028171	-0.00798382238360773	1446957268990
8.506050258341212	0.22433395805950163	1446957268995
8.858294134040586	0.352243875699374	1446957269000
9.167655050352566	0.3093609163119808	1446957269005
9.343489448679176	0.17583439832660908	1446957269011
9.610335291841544	0.26684584316236837	1446957269016
9.463473187184059	-0.14686210465748495	1446957269020
9.403142894484377	-0.06033029269968182	1446957269026
9.871369495833736	0.46822660134935923	1446957269030
10.097829770715382	0.22646027488164577	1446957269035
10.702402480445627	0.6045727097302454	1446957269040
10.772723010310305	0.07032052986467718	1446957269045
10.37345970986677	-0.3992633004435344	1446957269050
10.129420768465222	-0.24403894140154847	1446957269055
9.903119249809503	-0.22630151865571868	1446957269061
9.726424083780483	-0.17669516602902036	1446957269066
9.519487315001886	-0.206936768778597	1446957269070
9.234284510288635	-0.28520280471325066	1446957269076
8.920136788109938	-0.31414772217869746	1446957269080
8.995079240337375	0.07494245222743778	1446957269085
9.32350549535083	0.32842625501345424	1446957269090
9.683182817542782	0.3596773221919527	1446957269095
9.931840355835405	0.2486575382926226	1446957269100
10.10791158840834	0.17607123257293544	1446957269105
10.018461470317153	-0.08945011809118775	1446957269110
10.262899599558976	0.24443812924182318	1446957269115
10.023480524856152	-0.2394190747028233	1446957269120
9.748011708948525	-0.27546881590762773	1446957269125
9.767141430764857	0.019129721816332435	1446957269130
9.52556063412767	-0.24158079663718723	1446957269135
9.16327086273195	-0.3622897713957194	1446957269140
8.868472772522043	-0.2947980902099072	1446957269145
8.519857653498834	-0.34861511902320963	1446957269150
8.19800359659647	-0.3218540569023638	1446957269155
7.779674727441391	-0.4183288691550793	1446957269160
7.621468445418874	-0.1582062820225163	1446957269165
7.376631402080052	-0.24483704333882272	1446957269170
6.8409023961548066	-0.5357290059252451	1446957269175
6.368942515545809	-0.4719598806089973	1446957269180
5.895261485082444	-0.4736810304633652	1446957269185
5.73397581406363	-0.1612856710188142	1446957269190
5.714608179705195	-0.019367634358435026	1446957269195
5.814204254024326	0.09959607431913131	1446957269200
5.581173789826055	-0.23303046419827123	1446957269205
5.424960311632576	-0.15621347819347875	1446957269210
5.358319509745124	-0.06664080188745203	1446957269215
5.5000765969596	0.14175708721447577	1446957269220
5.541544220019185	0.04146762305958518	1446957269225
5.605889318656315	0.0643450986371299	1446957269230
5.81531554663801	0.2094262279816954	1446957269235
5.9732254173187895	0.1579098706807791	1446957269240
6.3719880771263275	0.398762659807538	1446957269245
6.598156079164544	0.2261680020382162	1446957269250
6.918208772175669	0.3200526930111254	1446957269255
7.280096399190596	0.3618876270149265	1446957269260
7.789272135338447	0.509175736147851	1446957269265
8.435812224315452	0.6465400889770052	1446957269270
9.316228491471339	0.8804162671558871	1446957269275
10.628505838530577	1.3122773470592382	1446957269280
11.917033920710878	1.2885280821803011	1446957269285
13.112847169060236	1.1958132483493582	1446957269290
12.7906873923171	-0.32215977674313656	1446957269295
11.059172502114631	-1.7315148902024688	1446957269300
12.23964787586781	1.180475373753179	1446957269305
15.301138192269061	3.061490316401251	1446957269310
15.000538876635588	-0.3005993156334732	1446957269315
13.992222802853059	-1.0083160737825292	1446957269320
15.609916594719829	1.6176937918667704	1446957269325
16.37062353553774	0.7607069408179097	1446957269330
17.260196891255223	0.8895733557174843	1446957269335
18.62165865990644	1.3614617686512176	1446957269340
19.911189641970342	1.2895309820639014	1446957269345
20.695276991109935	0.7840873491395932	1446957269349
20.522663734201206	-0.17261325690872908	1446957269354
CadenceDetector: Step (Peak): 1446957269355
CadenceNotifier: Delta: 1446957269355
CadenceNotifier: CadenceChange: Infinity
20.18426819765032	-0.3383955365508875	1446957269364
19.86903245802457	-0.3152357396257486	1446957269365
19.740226575600655	-0.1288058824239151	1446957269370
19.74255696507937	0.0023303894787147783	1446957269375
19.91624422815805	0.17368726307867988	1446957269380
20.25802676474398	0.3417825365859315	1446957269385
20.85234061889884	0.5943138541548585	1446957269390
21.51379823966302	0.6614576207641818	1446957269394
22.20276890350291	0.6889706638398891	1446957269399
22.983996958245466	0.7812280547425559	1446957269404
23.892912772556883	0.9089158143114169	1446957269409
24.90599919348371	1.0130864209268253	1446957269414
25.926231834590155	1.0202326411064462	1446957269419
26.78523787375138	0.8590060391612262	1446957269424
27.307826374702216	0.5225885009508353	1446957269429
27.109343805577726	-0.19848256912449003	1446957269434
25.995126219392336	-1.11421758618539	1446957269439
24.69523441834345	-1.2998918010488865	1446957269444
22.574809088698125	-2.1204253296453253	1446957269449
19.86607719212029	-2.7087318965778344	1446957269454
17.07467129255463	-2.7914058995656603	1446957269459
14.31068452757588	-2.7639867649787497	1446957269464
11.770120629521498	-2.5405638980543817	1446957269469
9.570901331850902	-2.199219297670597	1446957269474
7.922099690761859	-1.648801641089043	1446957269479
6.630915962003768	-1.2911837287580905	1446957269484
5.700177585211692	-0.9307383767920765	1446957269489
5.271145061602656	-0.42903252360903554	1446957269494
5.244920345964625	-0.026224715638030638	1446957269499
5.4789999583930165	0.23407961242839104	1446957269504
5.952685449677054	0.47368549128403714	1446957269509
6.6975078488377315	0.7448223991606779	1446957269514
7.105355229556842	0.40784738071911075	1446957269519
9.295818941620691	2.190463712063849	1446957269524
11.395140659105559	2.0993217174848677	1446957269529
13.60394123282608	2.20880057372052	1446957269534
15.420937664719677	1.8169964318935978	1446957269539
16.363968615656496	0.9430309509368193	1446957269544
16.29220257411716	-0.07176604153933752	1446957269549
15.480488320502698	-0.8117142536144613	1446957269554
14.60121484538441	-0.8792734751182874	1446957269559
13.49373974576824	-1.1074750996161704	1446957269564
12.52731378614051	-0.9664259596277294	1446957269569
11.78588280847049	-0.7414309776700208	1446957269574
11.10843470520345	-0.6774481032670394	1446957269579
10.498267210899268	-0.6101674943041822	1446957269584
9.985729793261413	-0.512537417637855	1446957269589
9.546946753345505	-0.43878303991590784	1446957269594
9.26009080137504	-0.2868559519704661	1446957269599
9.052992454070676	-0.20709834730436327	1446957269604
8.767382857597648	-0.2856095964730283	1446957269609
8.582115158564303	-0.1852676990333446	1446957269614
8.429884808910256	-0.15223034965404736	1446957269619
8.355838408951985	-0.07404639995827011	1446957269624
8.246180334186077	-0.10965807476590861	1446957269629
8.178524497184569	-0.06765583700150835	1446957269634
8.13654328732853	-0.04198120985603815	1446957269639
8.393604969744505	0.2570616824159746	1446957269644
8.701329141818757	0.30772417207425207	1446957269649
9.016777181740716	0.315448039921959	1446957269654
9.455647757606494	0.4388705758657778	1446957269659
10.059494703055638	0.6038469454491437	1446957269664
11.124094906300577	1.0646002032449395	1446957269669
12.383000630958103	1.2589057246575255	1446957269674
13.560193357527385	1.1771927265692828	1446957269679
14.527661556093669	0.9674681985662836	1446957269684
15.302884883458454	0.7752233273647846	1446957269689
15.954702156951413	0.6518172734929593	1446957269694
16.716784810643667	0.7620826536922536	1446957269699
17.729526468243574	1.012741657599907	1446957269704
18.86512433877208	1.1355978705285068	1446957269709
20.449598715713616	1.584474376941536	1446957269714
22.37045851642227	1.920859800708655	1446957269718
21.154137852412866	-1.2163206640094053	1446957269724
CadenceDetector: Step (Peak): 1446957269724
CadenceNotifier: Delta: 369
CadenceNotifier: CadenceChange: 162.60162601626016
20.312040645616182	-0.8420972067966837	1446957269730
20.38076940297528	0.06872875735909645	1446957269734
21.381021863831407	1.000252460856128	1446957269743
23.131808556126085	1.7507866922946782	1446957269744
25.11804981687903	1.9862412607529443	1446957269749
26.89839555509851	1.7803457382194807	1446957269754
27.87219623682947	0.9738006817309603	1446957269759
28.135135595147677	0.2629393583182065	1446957269764
28.523276774055272	0.3881411789075955	1446957269769
29.048573556810965	0.5252967827556922	1446957269774
29.625860753614063	0.5772871968030984	1446957269779
30.123386249970615	0.49752549635655186	1446957269784
30.461180180506318	0.33779393053570317	1446957269789
30.604235067292908	0.14305488678659017	1446957269793
30.58948752472806	-0.014747542564848004	1446957269798
30.358546710140796	-0.2309408145872638	1446957269804
29.964368183283348	-0.3941785268574485	1446957269808
28.96946048701986	-0.9949076962634891	1446957269814
26.065533282230174	-2.903927204789685	1446957269819
22.238984248991166	-3.826549033239008	1446957269824
19.412628527122678	-2.826355721868488	1446957269828
17.392308430646292	-2.020320096476386	1446957269833
15.945716639288067	-1.446591791358225	1446957269838
15.140695250807868	-0.8050213884801991	1446957269843
14.6557128367593	-0.48498241404856834	1446957269848
14.263719580745995	-0.39199325601330415	1446957269853
13.803620588024135	-0.4600989927218606	1446957269858
13.334713553877322	-0.4689070341468131	1446957269863
12.832833455079285	-0.5018800987980363	1446957269868
12.275188605272437	-0.5576448498068487	1446957269873
11.760051997003458	-0.5151366082689783	1446957269878
11.230426596655724	-0.5296254003477348	1446957269883
10.697759602666752	-0.5326669939889719	1446957269888
10.337422397479747	-0.36033720518700463	1446957269893
9.964172890213854	-0.3732495072658928	1446957269898
9.579015850783184	-0.3851570394306698	1446957269903
9.241741444514973	-0.3372744062682109	1446957269908
9.022779140320178	-0.218962304194795	1446957269913
8.922095831601677	-0.10068330871850151	1446957269918
8.860454715512272	-0.06164111608940459	1446957269923
8.809007608882096	-0.051447106630176265	1446957269928
8.651949161765728	-0.15705844711636807	1446957269933
8.504194382527555	-0.14775477923817348	1446957269938
8.237577369579784	-0.26661701294777096	1446957269943
8.052631876520664	-0.18494549305911967	1446957269948
7.753509675848783	-0.29912220067188056	1446957269953
7.396804451422816	-0.3567052244259674	1446957269958
6.99599460425923	-0.40080984716358614	1446957269963
6.655225278609458	-0.3407693256497719	1446957269968
6.31100649159413	-0.34421878701532815	1446957269973
6.034232961469963	-0.27677353012416717	1446957269978
5.922381444613514	-0.1118515168564489	1446957269983
5.94092813796876	0.018546693355246724	1446957269988
5.972556608856037	0.03162847088727627	1446957269993
6.319875469915826	0.34731886105978926	1446957269998
6.887558788013755	0.567683318097929	1446957270003
7.890030438692197	1.0024716506784417	1446957270008
9.136923738407196	1.2468932997149995	1446957270013
10.25491445840238	1.1179907199951842	1446957270018
11.368176412303294	1.1132619539009134	1446957270023
12.780642018864343	1.4124656065610495	1446957270028
14.656885960684765	1.8762439418204213	1446957270033
16.716624942460125	2.059738981775361	1446957270038
18.861326107274344	2.1447011648142187	1446957270043
20.88927510553856	2.0279489982642147	1446957270048
22.297233050313885	1.407957944775326	1446957270053
23.136340729630618	0.8391076793167329	1446957270058
23.780748894423485	0.6444081647928677	1446957270063
24.555872987195766	0.7751240927722804	1446957270068
26.08408048058007	1.5282074933843042	1446957270073
27.54168693168706	1.4576064511069902	1446957270078
28.344865839490332	0.8031789078032716	1446957270083
28.760521387660493	0.4156555481701609	1446957270088
28.81693231349022	0.056410925829727177	1446957270093
28.51500266967808	-0.3019296438121408	1446957270098
CadenceDetector: Step (Peak): 1446957270098
CadenceNotifier: Delta: 374
CadenceNotifier: CadenceChange: 161.50740242261102
28.000750353193165	-0.5142523164849138	1446957270103
27.362171094391563	-0.6385792588016024	1446957270108
26.64331972363907	-0.7188513707524926	1446957270114
25.721350103896	-0.92196961974307	1446957270119
24.740402553439136	-0.9809475504568645	1446957270123
23.878069226180298	-0.8623333272588383	1446957270129
22.88221757202884	-0.9958516541514584	1446957270133
21.956950191319084	-0.9252673807097551	1446957270138
21.189727675950216	-0.7672225153688679	1446957270143
20.678441328624082	-0.5112863473261342	1446957270147
20.49363819903789	-0.18480312958619294	1446957270152
20.339711155303778	-0.15392704373411092	1446957270157
18.01024216241985	-2.3294689928839283	1446957270163
15.900165938436162	-2.110076223983688	1446957270167
13.976739636060545	-1.923426302375617	1446957270173
12.43360445363571	-1.5431351824248356	1446957270178
11.315079591149948	-1.1185248624857618	1446957270182
10.513114078509028	-0.8019655126409191	1446957270187
9.933925081198216	-0.579188997310812	1446957270192
9.68725463914336	-0.24667044205485666	1446957270197
9.745825923097357	0.05857128395399691	1446957270203
10.116367586028046	0.37054166293068924	1446957270207
10.751468267312049	0.635100681284003	1446957270212
11.50343470348757	0.7519664361755218	1446957270217
12.385363906848982	0.8819292033614108	1446957270222
13.336881053165087	0.951517146316105	1446957270227
14.311404764172424	0.9745237110073379	1446957270232
15.286611459868048	0.9752066956956238	1446957270237
16.196141698741613	0.9095302388735647	1446957270242
16.883578320983823	0.6874366222422097	1446957270247
17.207822198183614	0.3242438771997911	1446957270252
17.377407907734078	0.16958570955046426	1446957270257
17.4462628605187	0.06885495278462272	1446957270263
17.43765235519554	-0.008610505323161988	1446957270267
17.175474708079552	-0.2621776471159869	1446957270273
16.752346852415776	-0.4231278556637754	1446957270277
16.203029971100715	-0.5493168813150611	1446957270282
15.445920637180519	-0.7571093339201962	1446957270287
14.724576233902624	-0.7213444032778948	1446957270292
14.111793690734748	-0.6127825431678762	1446957270297
13.527323108196963	-0.5844705825377847	1446957270302
13.101440455749225	-0.42588265244773815	1446957270307
12.689452791032336	-0.4119876647168894	1446957270312
12.423850818681748	-0.2656019723505878	1446957270317
12.15042506052151	-0.2734257581602382	1446957270322
11.883582076821337	-0.26684298370017245	1446957270327
11.706850782182151	-0.17673129463918613	1446957270332
11.35739338163777	-0.3494574005443809	1446957270337
11.104521208618182	-0.252872173019588	1446957270342
10.89226878869291	-0.21225241992527266	1446957270347
10.676776380009454	-0.2154924086834562	1446957270352
10.721058208138778	0.04428182812932491	1446957270357
10.86855892282162	0.14750071468284176	1446957270362
11.177834107977468	0.3092751851558475	1446957270367
11.59425039378104	0.4164162858035727	1446957270372
12.284370584611532	0.6901201908304913	1446957270377
13.031607141608175	0.7472365569966435	1446957270382
13.501611931019202	0.47000478941102664	1446957270387
13.791818290420215	0.29020635940101336	1446957270392
14.195853340775713	0.4040350503554979	1446957270397
15.143716921940992	0.9478635811652794	1446957270402
16.359584339886567	1.2158674179455744	1446957270407
18.15894024548885	1.7993559056022832	1446957270412
21.312572719361512	3.153632473872662	1446957270417
20.823649961739605	-0.48892275762190707	1446957270422
19.862259754672777	-0.9613902070668274	1446957270427
19.955366401864374	0.09310664719159689	1446957270432
21.088384035022806	1.1330176331584312	1446957270437
22.42232806919533	1.333944034172525	1446957270442
23.52873795588963	1.1064098866942977	1446957270447
24.28347564770969	0.7547376918200612	1446957270452
24.748340628362676	0.46486498065298676	1446957270457
25.163299401500723	0.4149587731380464	1446957270462
25.75757262145448	0.5942732199537559	1446957270467
26.515760866112743	0.758188244658264	1446957270472
27.038243756111118	0.5224828899983756	1446957270477
27.27544983108089	0.23720607496977308	1446957270482
26.949416166711615	-0.3260336643692767	1446957270487
26.36058939264664	-0.5888267740649731	1446957270492
25.528011033956336	-0.8325783586903057	1446957270497
24.460050197980568	-1.067960835975768	1446957270502
23.517740139232103	-0.9423100587484647	1446957270507
21.323113100558913	-2.1946270386731896	1446957270512
15.908969747726013	-5.4141433528329	1446957270517
11.689004685319954	-4.219965062406059	1446957270522
9.232217682498934	-2.45678700282102	1446957270527
8.323615836120409	-0.9086018463785255	1446957270532
8.275898793857934	-0.04771704226247486	1446957270537
8.789503032094665	0.5136042382367307	1446957270541
9.38043608799819	0.5909330559035251	1446957270546
9.956275801064793	0.5758397130666033	1446957270552
10.310812826173969	0.35453702510917573	1446957270557
10.294955657072824	-0.01585716910114421	1446957270561
10.074011499872036	-0.22094415720078864	1446957270566
9.808926432810214	-0.2650850670618219	1446957270571
9.647892700446105	-0.16103373236410867	1446957270576
9.57483377689629	-0.0730589235498158	1446957270581
9.606045154717911	0.031211377821621866	1446957270586
9.57966643474701	-0.0263787199709018	1446957270591
9.584664428390736	0.0049979936437267725	1446957270596
9.610330204728692	0.025665776337955748	1446957270601
9.581588550767425	-0.028741653961267488	1446957270606
9.724942812690278	0.1433542619228536	1446957270611
9.943033303480487	0.2180904907902086	1446957270616
10.074357374207937	0.1313240707274499	1446957270621
10.182395617892908	0.10803824368497139	1446957270626
10.415037284152097	0.23264166625918925	1446957270631
10.511882305965987	0.09684502181388943	1446957270636
10.461941556078544	-0.04994074988744224	1446957270641
10.423485735253646	-0.03845582082489862	1446957270646
10.36473262824134	-0.05875310701230596	1446957270651
10.360615048119765	-0.004117580121574704	1446957270656
10.43405938721754	0.07344433909777415	1446957270661
10.48825366583319	0.054194278615650404	1446957270666
10.587846932924018	0.09959326709082816	1446957270671
10.52359515320408	-0.06425177971993712	1446957270676
10.359256244447758	-0.1643389087563225	1446957270681
10.14851138908317	-0.2107448553645881	1446957270686
10.124022828758727	-0.024488560324442687	1446957270691
10.41032193309929	0.2862991043405625	1446957270696
11.269876654274054	0.8595547211747636	1446957270701
12.666108947873708	1.3962322935996543	1446957270706
14.307176329157334	1.6410673812836265	1446957270711
15.993125403070657	1.6859490739133225	1446957270716
17.886377631805892	1.8932522287352356	1446957270721
20.02042116874356	2.134043536937668	1446957270726
22.074203777874562	2.0537826091310016	1446957270731
23.866358146470446	1.7921543685958845	1446957270736
25.328285594172527	1.461927447702081	1446957270745
26.235612497650834	0.9073269034783067	1446957270746
26.774099650620318	0.5384871529694841	1446957270751
27.63764298650141	0.8635433358810936	1446957270756
28.541096102365742	0.9034531158643304	1446957270761
29.030370491985675	0.48927438961993275	1446957270766
28.875443042352522	-0.15492744963315275	1446957270771
CadenceDetector: Step (Peak): 1446957270771
CadenceNotifier: Delta: 673
CadenceNotifier: CadenceChange: 127.11864406779661
28.080705057349533	-0.794737985002989	1446957270776
27.042227678913605	-1.0384773784359282	1446957270782
25.955863829160077	-1.0863638497535284	1446957270786
24.843062472248757	-1.1128013569113193	1446957270791
23.784718634809934	-1.058343837438823	1446957270797
22.825078734881263	-0.9596398999286713	1446957270801
22.001543414667008	-0.8235353202142548	1446957270806
21.25203322491329	-0.7495101897537175	1446957270811
20.854430163040494	-0.3976030618727968	1446957270816
20.724557402751607	-0.12987276028888672	1446957270822
20.85114082019786	0.1265834174462519	1446957270826
21.104507230679875	0.25336641048201614	1446957270831
21.39971925104358	0.29521202036370653	1446957270836
21.73851104956106	0.33879179851747665	1446957270841
19.553393172646928	-2.1851178769141306	1446957270846
17.73018781723619	-1.8232053554107388	1446957270851
16.151050373348095	-1.5791374438880936	1446957270856
14.785096768610105	-1.3659536047379905	1446957270861
13.859945329764633	-0.9251514388454716	1446957270866
13.234087992967183	-0.6258573367974503	1446957270871
12.911761596598511	-0.32232639636867155	1446957270877
12.96345698938817	0.05169539278965907	1446957270881
13.247283691253058	0.28382670186488745	1446957270886
13.56620814953049	0.3189244582774329	1446957270891
13.883082160106158	0.3168740105756669	1446957270896
14.219417213059023	0.33633505295286525	1446957270901
14.67592136258202	0.45650414952299734	1446957270906
15.041201948824629	0.3652805862426085	1446957270911
15.377092363704252	0.3358904148796231	1446957270916
15.727066468628033	0.3499741049237812	1446957270921
16.00831636039304	0.2812498917650057	1446957270926
16.192727353208564	0.18441099281552553	1446957270931
16.284973660984345	0.09224630777578113	1446957270936
16.267536998422965	-0.01743666256137999	1446957270940
16.265743219263946	-0.0017937791590192376	1446957270946
16.225714927056444	-0.04002829220750215	1446957270950
15.92426925511749	-0.30144567193895355	1446957270955
15.32344044050434	-0.6008288146131502	1446957270960
14.775175074603233	-0.5482653659011074	1446957270965
14.188775577870953	-0.5863994967322803	1446957270970
13.518029253350381	-0.6707463245205716	1446957270976
12.858660482080793	-0.6593687712695875	1446957270981
12.300002993341943	-0.5586574887388505	1446957270986
11.82560305362423	-0.47439993971771344	1446957270990
11.414874684352212	-0.41072836927201806	1446957270995
11.202030885830123	-0.2128437985220888	1446957271000
10.928212457808227	-0.2738184280218956	1446957271005
10.75724707025342	-0.17096538755480672	1446957271010
10.64695066294709	-0.11029640730633083	1446957271015
10.570431456952461	-0.07651920599462869	1446957271020
10.785497899330007	0.21506644237754635	1446957271026
11.081057657499194	0.2955597581691869	1446957271030
11.41127725514063	0.3302195976414364	1446957271035
11.920679448726792	0.5094021935861619	1446957271040
12.35909993323035	0.438420484503558	1446957271045
12.895466852727909	0.5363669194975582	1446957271050
13.489260182885854	0.5937933301579452	1446957271055
14.238729179831468	0.7494689969456143	1446957271060
14.75256351466907	0.5138343348376022	1446957271065
14.867583769175894	0.11502025450682396	1446957271070
14.85218548958185	-0.01539827959404505	1446957271076
14.625264725687746	-0.22692076389410332	1446957271080
14.349156892992879	-0.2761078326948674	1446957271085
15.183516846510932	0.834359953518053	1446957271090
18.205694293136588	3.0221774466256566	1446957271095
19.753864521153112	1.5481702280165237	1446957271100
19.86149402327655	0.10762950212343725	1446957271105
20.55708338332027	0.6955893600437193	1446957271110
21.668089280604306	1.1110058972840378	1446957271115
23.158907540156154	1.4908182595518475	1446957271120
25.00295093268812	1.8440433925319653	1446957271125
26.532182773310137	1.5292318406220176	1446957271130
27.633960560874364	1.1017777875642274	1446957271135
28.405609993105244	0.7716494322308804	1446957271140
28.71596538541596	0.31035539231071496	1446957271145
28.905669850161054	0.18970446474509473	1446957271150
28.775797919965182	-0.12987193019587195	1446957271155
28.155153948289943	-0.6206439716752392	1446957271161
27.70165885473743	-0.4534950935525117	1446957271165
27.232360042841968	-0.4692988118954631	1446957271170
26.604078654336256	-0.6282813885057124	1446957271175
25.958401016508766	-0.6456776378274895	1446957271180
25.116023704130612	-0.8423773123781544	1446957271185
23.913517432371776	-1.2025062717588355	1446957271190
19.47450218694482	-4.439015245426955	1446957271195
15.317520964940078	-4.1569812220047435	1446957271200
11.53734207617916	-3.7801788887609185	1446957271206
8.592449321569736	-2.9448927546094232	1446957271210
6.527631929153223	-2.064817392416513	1446957271215
5.444271284775823	-1.0833606443774002	1446957271220
5.109249762476125	-0.33502152229969795	1446957271225
5.15222371698055	0.04297395450442476	1446957271230
5.209076675628727	0.056852958648176966	1446957271235
5.386008919126888	0.17693224349816106	1446957271240
5.635141355629075	0.24913243650218675	1446957271245
5.881299339977199	0.24615798434812408	1446957271250
6.004694362726448	0.12339502274924907	1446957271255
6.115577221757282	0.11088285903083417	1446957271261
6.263584812081569	0.148007590324287	1446957271265
6.4121096212799245	0.14852480919835553	1446957271270
6.5355896041700925	0.12347998289016804	1446957271275
6.655734366218072	0.12014476204797919	1446957271280
6.853063069122362	0.19732870290429005	1446957271285
6.998945356676385	0.14588228755402355	1446957271290
7.112613103725619	0.11366774704923355	1446957271295
7.165096443467599	0.05248333974197994	1446957271300
7.251787344897645	0.0866909014300461	1446957271305
7.228105695195199	-0.023681649702445462	1446957271310
7.265974084818465	0.037868389623265664	1446957271315
7.433396246289542	0.1674221614710767	1446957271320
7.849658490334248	0.4162622440447059	1446957271325
8.663960344950759	0.8143018546165113	1446957271329
9.633096563971113	0.9691362190203545	1446957271334
10.805159230566272	1.1720626665951581	1446957271339
12.170524008523518	1.3653647779572466	1446957271344
14.016749662403777	1.8462256538802588	1446957271349
16.01881467519652	2.002065012792743	1446957271354
17.522353211654384	1.5035385364578637	1446957271359
18.419920787472744	0.8975675758183606	1446957271364
18.854337022001573	0.43441623452882894	1446957271369
19.09935927861817	0.24502225661659693	1446957271374
19.33897672217867	0.2396174435605012	1446957271380
19.497714815138224	0.15873809295955255	1446957271384
19.476208828056528	-0.02150598708169582	1446957271389
CadenceDetector: Step (Peak): 1446957271390
CadenceNotifier: Delta: 619
CadenceNotifier: CadenceChange: 117.93611793611794
19.471250643434264	-0.004958184622264383	1446957271394
19.41488560089871	-0.0563650425355533	1446957271401
19.513618472106362	0.09873287120765184	1446957271405
20.047980291517575	0.5343618194112132	1446957271410
20.821909022071974	0.7739287305543989	1446957271414
21.92065924312991	1.0987502210579372	1446957271419
23.393601972231195	1.472942729101284	1446957271424
23.365622831877157	-0.027979140354037924	1446957271429
23.23013418531651	-0.13548864656064907	1446957271434
22.9962727863169	-0.23386139899960767	1446957271439
22.627476333996952	-0.3687964523199483	1446957271444
22.176114739364685	-0.4513615946322673	1446957271449
21.55960547203554	-0.6165092673291461	1446957271454
21.08901411639278	-0.47059135564276033	1446957271459
20.805535549206933	-0.2834785671858455	1446957271464
20.55572326435651	-0.2498122848504245	1446957271469
20.343000275495502	-0.2127229888610067	1446957271474
20.20740880721543	-0.1355914682800723	1446957271479
20.191366017239815	-0.01604278997561437	1446957271484
20.273061764513876	0.08169574727406115	1446957271489
20.44765737261279	0.17459560809891528	1446957271494
20.75782777880495	0.31017040619215663	1446957271499
21.208431069562142	0.4506032907571935	1446957271504
21.66303458439012	0.4546035148279799	1446957271509
22.053468883226845	0.3904342988367233	1446957271514
22.282997070805987	0.22952818757914173	1446957271519
21.031996500945834	-1.2510005698601532	1446957271524
19.265332490795018	-1.7666640101508158	1446957271529
17.66737105385344	-1.5979614369415778	1446957271534
16.241555841363436	-1.4258152124900043	1446957271539
14.999430539429538	-1.242125301933898	1446957271544
14.056299223511589	-0.9431313159179489	1446957271549
13.146086079421936	-0.9102131440896528	1446957271554
12.54899772912568	-0.5970883502962554	1446957271559
12.273988156758278	-0.2750095723674022	1446957271564
12.394075642929183	0.12008748617090426	1446957271569
12.731384123551415	0.33730848062223195	1446957271574
13.223271137406686	0.4918870138552709	1446957271579
13.870707887469218	0.647436750062532	1446957271584
14.577821742954985	0.7071138554857672	1446957271589
15.28053067071973	0.7027089277647445	1446957271594
15.713460699745845	0.43293002902611555	1446957271599
16.14537022494721	0.43190952520136605	1446957271604
16.559013944316362	0.41364371936915134	1446957271609
16.912301938228293	0.35328799391193044	1446957271614
17.222790121734935	0.3104881835066422	1446957271619
17.43776615624111	0.21497603450617575	1446957271624
17.503398351552967	0.06563219531185638	1446957271629
17.343099345405893	-0.16029900614707415	1446957271634
16.714935099760705	-0.6281642456451877	1446957271639
15.883945614513504	-0.8309894852472013	1446957271644
14.9823977285725	-0.9015478859410031	1446957271649
14.09982287394328	-0.8825748546292207	1446957271654
13.162781792086202	-0.9370410818570782	1446957271659
12.24184031674512	-0.9209414753410812	1446957271664
11.423932697186748	-0.8179076195583725	1446957271669
10.733873342280463	-0.6900593549062854	1446957271674
10.127175308779513	-0.6066980335009493	1446957271679
9.52159881754103	-0.6055764912384838	1446957271684
9.052743772197834	-0.46885504534319544	1446957271689
8.624021645661756	-0.4287221265360781	1446957271694
8.310405077730355	-0.31361656793140114	1446957271699
8.063820583454628	-0.24658449427572648	1446957271704
7.9208673680237816	-0.14295321543084683	1446957271709
7.8606419955283595	-0.060225372495422036	1446957271714
7.889707221891584	0.029065226363224284	1446957271719
8.049404379100995	0.15969715720941124	1446957271724
8.310021621725074	0.2606172426240789	1446957271729
8.75501592491565	0.4449943031905761	1446957271734
9.261222722763822	0.5062067978481721	1446957271742
9.644934689505378	0.38371196674155605	1446957271744
9.956359429966708	0.3114247404613302	1446957271749
10.245193557758688	0.28883412779197926	1446957271753
10.843302743684859	0.5981091859261713	1446957271758
12.114395693619349	1.2710929499344896	1446957271763
15.220803540077661	3.1064078464583122	1446957271769
19.76316694871556	4.5423634086379	1446957271774
19.91140512267078	0.14823817395521743	1446957271779
20.981457115209526	1.0700519925387475	1446957271784
22.954500691967265	1.973043576757739	1446957271788
25.14319855080198	2.188697858834715	1446957271793
27.26439208212964	2.121193531327659	1446957271798
28.98152507986214	1.7171329977325023	1446957271803
30.319270872011625	1.3377457921494837	1446957271808
31.421594072046382	1.102323200034757	1446957271813
31.509434596668765	0.08784052462238279	1446957271818
31.109187215744562	-0.40024738092420264	1446957271823
CadenceDetector: Step (Peak): 1446957271824
CadenceNotifier: Delta: 434
CadenceNotifier: CadenceChange: 114.28571428571429
30.48612593008089	-0.6230612856636739	1446957271829
29.927508717471913	-0.5586172126089757	1446957271835
29.205190995235263	-0.7223177222366495	1446957271839
27.26957885506376	-1.9356121401715036	1446957271843
25.422844079976368	-1.8467347750873913	1446957271849
23.867833988555955	-1.5550100914204137	1446957271853
22.580985729365224	-1.2868482591907302	1446957271858
21.619566685259887	-0.9614190441053374	1446957271863
19.32134953444911	-2.2982171508107783	1446957271868
15.748726401051787	-3.5726231333973217	1446957271873
13.174497409686094	-2.5742289913656933	1446957271878
11.280787950738372	-1.893709458947722	1446957271884
9.822001210128468	-1.458786740609904	1446957271888
8.727174608802594	-1.0948266013258738	1446957271894
7.689291225952809	-1.0378833828497847	1446957271899
6.7331202097008855	-0.9561710162519237	1446957271904
5.738307429180745	-0.9948127805201405	1446957271908
4.5909922724453	-1.147315156735445	1446957271913
3.5727738538820986	-1.0182184185632015	1446957271918
2.6764570617065053	-0.8963167921755932	1446957271923
1.926138015253449	-0.7503190464530562	1446957271928
1.3167359696361771	-0.609402045617272	1446957271933
0.954970891686822	-0.3617650779493551	1446957271938
0.9901524145161691	0.035181522829347056	1446957271943
1.293845672099875	0.3036932575837059	1446957271948
1.605571571028211	0.311725898928336	1446957271953
2.016560137798931	0.41098856677072004	1446957271958
2.589424177932832	0.5728640401339011	1446957271963
3.015215163233628	0.42579098530079573	1446957271968
3.295206812771157	0.279991649537529	1446957271973
3.4470675078201816	0.15186069504902466	1446957271978
3.5520523481525763	0.10498484033239475	1446957271983
3.604299952953602	0.05224760480102564	1446957271987
3.737817412538789	0.13351745958518713	1446957271992
3.9273782427386967	0.18956083019990766	1446957271997
3.9741957171858435	0.04681747444714679	1446957272002
3.92905818894813	-0.04513752823771355	1446957272007
3.990906976509484	0.06184878756135381	1446957272013
4.089239800625051	0.09833282411556699	1446957272017
4.227502183545145	0.13826238292009396	1446957272022
4.403107167714678	0.1756049841695333	1446957272027
4.626075430034599	0.22296826231992117	1446957272032
4.662551153309422	0.036475723274822514	1446957272037
4.620493658153726	-0.04205749515569579	1446957272042
4.426826399439715	-0.1936672587140107	1446957272047
4.193258946300643	-0.2335674531390719	1446957272052
4.06871565373255	-0.12454329256809338	1446957272057
4.222475039748477	0.15375938601592676	1446957272063
4.739874091016095	0.5173990512676179	1446957272067
5.410205299903055	0.6703312088869602	1446957272072
6.378682382067174	0.9684770821641191	1446957272077
7.650956206202368	1.272273824135194	1446957272082
9.017603251672865	1.366647045470497	1446957272087
10.587155617120164	1.569552365447299	1446957272092
12.65233553796234	2.0651799208421764	1446957272097
15.260486033422382	2.608150495460041	1446957272102
18.364266843959644	3.1037808105372626	1446957272107
22.007468318999596	3.6432014750399517	1446957272112
24.347445928340942	2.3399776093413465	1446957272117
25.23168036564958	0.8842344373086384	1446957272122
26.255317122948483	1.0236367572989025	1446957272127
27.00195261902662	0.7466354960781381	1446957272132
27.431065950293448	0.4291133312668265	1446957272137
27.12097696950068	-0.3100889807927665	1446957272142
CadenceDetector: Step (Peak): 1446957272142
CadenceNotifier: Delta: 319
CadenceNotifier: CadenceChange: 117.35941320293398
26.499984343030768	-0.6209926264699135	1446957272150
25.885118793140105	-0.6148655498906628	1446957272152
25.186673915559282	-0.6984448775808225	1446957272157
24.051430648029633	-1.135243267529649	1446957272162
22.973469923102726	-1.077960724926907	1446957272167
21.63987209749214	-1.3335978256105854	1446957272172
20.595607169234363	-1.0442649282577783	1446957272177
19.999594612141188	-0.5960125570931751	1446957272182
19.762452676851172	-0.23714193529001548	1446957272187
19.696785754978837	-0.06566692187233514	1446957272192
19.77720849402537	0.08042273904653285	1446957272197
19.94654185599494	0.16933336196957072	1446957272202
20.12858458584595	0.182042729851009	1446957272207
20.34420847180443	0.21562388595847892	1446957272212
19.19898563694738	-1.145222834857048	1446957272217
17.68363736219871	-1.5153482747486713	1446957272222
16.303584607788213	-1.380052754410496	1446957272227
15.149673200738533	-1.15391140704968	1446957272232
14.260283542297595	-0.8893896584409386	1446957272237
13.391039964628204	-0.8692435776693905	1446957272242
12.684947735087164	-0.7060922295410403	1446957272247
12.104827214584944	-0.58012052050222	1446957272252
11.798744537985772	-0.3060826765991713	1446957272257
11.598596865709577	-0.200147672276195	1446957272262
11.585051562141633	-0.0135453035679447	1446957272267
11.766225064521917	0.1811735023802843	1446957272272
12.217230129764072	0.4510050652421551	1446957272277
12.870451396376469	0.6532212666123964	1446957272282
13.65067286005344	0.7802214636769715	1446957272287
14.401445073038843	0.7507722129854031	1446957272292
14.960483755087518	0.5590386820486746	1446957272297
15.295464404474979	0.33498064938746097	1446957272302
15.380650141768777	0.08518573729379852	1446957272307
15.302123202138679	-0.07852693963009827	1446957272312
15.094307776415365	-0.20781542572331446	1446957272317
14.792984144367061	-0.3013236320483035	1446957272322
14.386867057349251	-0.4061170870178099	1446957272327
13.82443597932432	-0.5624310780249306	1446957272332
13.17145297005531	-0.6529830092690112	1446957272337
12.429926987928617	-0.7415259821266922	1446957272342
11.660904823618134	-0.7690221643104831	1446957272347
10.906094216907265	-0.7548106067108691	1446957272352
10.284576464202347	-0.6215177527049178	1446957272357
9.668811284221274	-0.6157651799810733	1446957272362
9.208233822308806	-0.46057746191246807	1446957272367
8.862525754922041	-0.34570806738676474	1446957272372
8.696457702250829	-0.16606805267121239	1446957272377
8.5327932018153	-0.16366450043552838	1446957272382
8.335268283089935	-0.1975249187253656	1446957272387
8.374960345650429	0.03969206256049418	1446957272392
8.591274955688537	0.2163146100381077	1446957272397
8.924602138366021	0.3333271826774844	1446957272401
9.46736158530915	0.5427594469431298	1446957272406
9.961214622927166	0.493853037618015	1446957272412
10.430153927626789	0.46893930469962264	1446957272417
10.756682579656847	0.3265286520300581	1446957272422
10.955834011690307	0.1991514320334602	1446957272426
11.017753135494962	0.06191912380465503	1446957272431
10.916891198785681	-0.1008619367092809	1446957272436
10.66786024931932	-0.24903094946636095	1446957272441
10.357895589845763	-0.30996465947355745	1446957272446
10.537675390572828	0.179779800727065	1446957272451
11.479677436744325	0.9420020461714973	1446957272456
13.825584328923398	2.345906892179073	1446957272461
17.762924549580152	3.937340220656754	1446957272466
19.91846791525125	2.1555433656710967	1446957272471
20.939696624642078	1.0212287093908294	1446957272476
22.78458699375143	1.8448903691093506	1446957272481
25.392915384912445	2.6083283911610167	1446957272487
28.265718127482955	2.87280274257051	1446957272491
29.72835723347959	1.462639105996633	1446957272496
30.154905656056833	0.4265484225772447	1446957272501
30.34257502653038	0.1876693704735466	1446957272507
29.052034212034233	-1.290540814496147	1446957272511
CadenceDetector: Step (Peak): 1446957272511
CadenceNotifier: Delta: 369
CadenceNotifier: CadenceChange: 137.85180930499712
27.38621220854265	-1.6658220034915843	1446957272517
26.02348422811174	-1.3627279804309076	1446957272522
24.891065798907857	-1.1324184292038844	1446957272526
23.86260372589783	-1.0284620730100258	1446957272531
23.09867404020952	-0.7639296856883107	1446957272536
22.588861953535936	-0.509812086673584	1446957272541
22.225205924818866	-0.36365602871707026	1446957272546
21.824641201155046	-0.4005647236638197	1446957272551
21.367836108390428	-0.45680509276461834	1446957272556
20.887029533205897	-0.4808065751845305	1446957272561
17.73682456553246	-3.1502049676734387	1446957272566
15.05031066083999	-2.686513904692468	1446957272571
12.91255071783487	-2.13775994300512	1446957272576
11.168983919659896	-1.7435667981749745	1446957272581
9.772063454279209	-1.3969204653806866	1446957272586
8.592177308554088	-1.1798861457251206	1446957272591
7.474767611446337	-1.1174096971077514	1446957272596
6.2399292136402345	-1.2348383978061026	1446957272601
5.010285905889736	-1.2296433077504982	1446957272607
3.88718832060244	-1.1230975852872964	1446957272611
2.851422211587896	-1.0357661090145438	1446957272616
2.117727862452763	-0.7336943491351331	1446957272621
1.7661450017100682	-0.35158286074269474	1446957272626
1.7800231207407036	0.013878119030635405	1446957272631
2.0635196049543403	0.2834964842136367	1446957272636
2.5362899272671613	0.472770322312821	1446957272641
2.8602109197971135	0.3239209925299522	1446957272646
3.0058801883354307	0.1456692685383172	1446957272651
3.060639494614005	0.05475930627857428	1446957272656
3.1103332628657983	0.04969376825179328	1446957272661
3.2512178851762297	0.14088462231043142	1446957272666
3.4552350743468447	0.20401718917061507	1446957272671
3.525640672080848	0.07040559773400323	1446957272676
3.61575132139049	0.09011064930964219	1446957272681
3.695592957469593	0.07984163607910277	1446957272686
3.714146428195306	0.018553470725712895	1446957272691
3.773408232802716	0.05926180460741026	1446957272696
3.9588430131067733	0.18543478030405725	1446957272701
4.2790822695291055	0.3202392564223322	1446957272706
4.536332839609469	0.25725057008036334	1446957272711
4.832462497127745	0.2961296575182759	1446957272716
5.13355640561668	0.30109390848893547	1446957272721
5.403484452580559	0.2699280469638792	1446957272726
5.613731309430157	0.2102468568495972	1446957272731
5.84372928107399	0.22999797164383295	1446957272736
6.115146466769054	0.27141718569506423	1446957272743
6.213245292324885	0.09809882555583105	1446957272746
6.249210054816359	0.03596476249147429	1446957272751
6.312744869075458	0.06353481425909902	1446957272756
6.320776066505233	0.00803119742977465	1446957272761
6.291124417191999	-0.02965164931323372	1446957272766
6.293197228492533	0.0020728113005334947	1446957272771
6.485397128991386	0.19219990049885372	1446957272776
6.926380208169558	0.4409830791781717	1446957272781
8.115276779957439	1.1888965717878808	1446957272786
10.34080508014439	2.2255283001869515	1446957272791
13.6488835900179	3.3080785098735106	1446957272796
18.199488726698696	4.550605136680796	1446957272801
24.20141760669358	6.001928879994885	1446957272805
25.934221535231107	1.7328039285375247	1446957272810
27.67792540956162	1.7437038743305138	1446957272815
29.33721596844645	1.6592905588848303	1446957272821
30.495034276977105	1.1578183085306541	1446957272825
30.46534635246408	-0.02968792451302349	1446957272830
CadenceDetector: Step (Peak): 1446957272831
CadenceNotifier: Delta: 319
CadenceNotifier: CadenceChange: 166.55100624566273
29.14880448533284	-1.3165418671312423	1446957272836
27.294629260398622	-1.8541752249342167	1446957272840
25.349276643615827	-1.9453526167827953	1446957272845
23.533197165751695	-1.8160794778641325	1446957272852
22.179305313708927	-1.3538918520427679	1446957272857
21.120073317079914	-1.0592319966290127	1446957272860
20.438710726377124	-0.6813625907027898	1446957272866
20.007856372566284	-0.43085435381084025	1446957272870
20.05334980052929	0.04549342796300593	1446957272875
20.22823794600812	0.1748881454788318	1446957272880
20.30544049966604	0.07720255365791928	1446957272885
20.402288284909712	0.09684778524367132	1446957272890
20.532791963485373	0.1305036785756606	1446957272895
18.85563688471067	-1.6771550787747032	1446957272900
17.13289301955011	-1.7227438651605596	1446957272905
15.810547450245558	-1.3223455693045523	1446957272910
14.90798707669709	-0.902560373548468	1446957272915
14.094154695759922	-0.8138323809371677	1446957272920
13.512860530697646	-0.5812941650622765	1446957272925
13.00050725712533	-0.512353273572316	1446957272930
12.663855176994844	-0.3366520801304862	1446957272936
12.542689324962799	-0.12116585203204444	1446957272940
12.478450027112562	-0.06423929785023752	1446957272945
12.535139810298224	0.056689783185662534	1446957272950
12.828813579433303	0.29367376913507925	1446957272955
13.211770604165965	0.38295702473266147	1446957272960
13.713205768742862	0.5014351645768969	1446957272965
14.297670728371255	0.5844649596283933	1446957272970
14.923716082239403	0.6260453538681485	1446957272975
15.414167283922076	0.49045120168267253	1446957272980
15.685384700521558	0.27121741659948206	1446957272985
15.67538620822851	-0.0099984922930485	1446957272990
15.49573530306079	-0.1796509051677191	1446957272995
15.253521764370593	-0.2422135386901978	1446957273000
14.977353535701209	-0.27616822866938406	1446957273005
14.706760929266869	-0.2705926064343398	1446957273010
14.328547774488666	-0.3782131547782033	1446957273015
13.866218236416149	-0.46232953807251675	1446957273020
13.391581716185822	-0.47463652023032665	1446957273025
12.921950404169227	-0.46963131201659536	1446957273030
12.520502662659492	-0.4014477415097346	1446957273035
12.2164216248939	-0.3040810377655916	1446957273040
11.95928107521015	-0.25714054968375066	1446957273045
11.79700032900439	-0.16228074620575939	1446957273050
11.547616880312546	-0.24938344869184448	1446957273055
11.325711399777324	-0.22190548053522186	1446957273060
11.177693153349415	-0.14801824642790962	1446957273065
11.0820909153809	-0.09560223796851375	1446957273070
11.03434725552601	-0.04774365985489126	1446957273075
10.924049125714657	-0.11029812981135301	1446957273080
10.922482823547744	-0.0015663021669123367	1446957273085
10.8495498869872	-0.07293293656054445	1446957273090
10.838448837038946	-0.01110104994825356	1446957273095
10.668383276831237	-0.1700655602077088	1446957273100
10.760970475671357	0.09258719884011946	1446957273105
11.003058460510376	0.24208798483901894	1446957273110
11.50838339220718	0.5053249316968049	1446957273115
11.9023970476322	0.3940136554250184	1446957273120
12.323614113557767	0.4212170659255676	1446957273125
12.610498884759298	0.28688477120153166	1446957273130
12.940835032868229	0.3303361481089304	1446957273135
13.511566210436381	0.5707311775681525	1446957273140
15.537969054303709	2.026402843867327	1446957273145
20.432214334624746	4.894245280321037	1446957273150
20.61597536013291	0.18376102550816498	1446957273155
21.73621679291101	1.1202414327780978	1446957273160
25.65293972567227	3.9167229327612603	1446957273165
30.163799212468405	4.510859486796136	1446957273170
31.693521408925545	1.52972219645714	1446957273175
32.43069145117539	0.7371700422498471	1446957273180
32.72973426193373	0.29904281075833694	1446957273185
32.59157435320266	-0.13815990873106898	1446957273190
31.0255035991566	-1.5660707540460592	1446957273195
28.005518871401673	-3.0199847277549274	1446957273200
26.007003956038524	-1.998514915363149	1446957273205
24.859097653666858	-1.1479063023716662	1446957273209
24.21855216073362	-0.6405454929332386	1446957273215
23.7889769463046	-0.42957521442901836	1446957273219
23.32534908830327	-0.4636278580013311	1446957273224
22.722296987095348	-0.603052101207922	1446957273229
22.01676036687978	-0.7055366202155682	1446957273234
17.922907202974425	-4.093853163905354	1446957273239
14.42481464562451	-3.4980925573499153	1446957273244
11.742247948680115	-2.682566696944395	1446957273249
9.582089734066635	-2.16015821461348	1446957273254
8.26231184510467	-1.3197778889619656	1446957273259
7.290730186276841	-0.9715816588278283	1446957273264
6.594346759081138	-0.6963834271957028	1446957273269
6.005018839227551	-0.589327919853587	1446957273274
5.3671360845659075	-0.6378827546616437	1446957273279
4.735115947479692	-0.632020137086216	1446957273284
4.123431975782938	-0.6116839716967535	1446957273289
3.564317695873267	-0.5591142799096711	1446957273294
3.2012407362437023	-0.36307695962956466	1446957273299
3.0960969510836156	-0.10514378516008671	1446957273304
3.2581471563523934	0.16205020526877778	1446957273309
3.6241847851754008	0.3660376288230074	1446957273314
4.027818502815466	0.40363371764006484	1446957273319
4.406408498502338	0.37858999568687235	1446957273324
4.805720727518045	0.39931222901570695	1446957273329
5.093874968129556	0.28815424061151074	1446957273334
5.314329084840907	0.22045411671135096	1446957273339
5.462692178822782	0.14836309398187542	1446957273344
5.465018709391157	0.0023265305683750626	1446957273349
5.433602961009471	-0.03141574838168637	1446957273354
5.538142988258029	0.10454002724855815	1446957273359
5.699854343167979	0.1617113549099498	1446957273364
5.903218136830821	0.20336379366284252	1446957273369
6.147521242845055	0.24430310601423422	1446957273374
6.301152696767872	0.15363145392281652	1446957273379
6.285071243885002	-0.016081452882869662	1446957273384
6.318180077502074	0.03310883361707173	1446957273389
6.290612376698475	-0.027567700803598605	1446957273394
6.170544490516385	-0.12006788618209008	1446957273399
6.003071686890624	-0.16747280362576156	1446957273404
5.580682996390099	-0.42238869050052497	1446957273409
5.154575929504057	-0.4261070668860416	1446957273415
4.774634892906661	-0.37994103659739586	1446957273420
4.719807701002416	-0.0548271919042449	1446957273424
4.625315641860839	-0.09449205914157766	1446957273431
4.589445323822402	-0.035870318038436544	1446957273434
4.2952865806620535	-0.29415874316034873	1446957273439
4.001339937259876	-0.2939466434021778	1446957273444
3.7572876776950292	-0.24405225956484644	1446957273449
3.4294683902981427	-0.3278192873968866	1446957273454
3.779483896163554	0.3500155058654113	1446957273459
4.622008950439492	0.8425250542759377	1446957273464
5.785506214002729	1.1634972635632375	1446957273469
7.509250803369791	1.7237445893670618	1446957273474
10.793000083456159	3.2837492800863677	1446957273479
16.210643492102193	5.417643408646034	1446957273484
21.493370581253963	5.28272708915177	1446957273489
23.60983227026661	2.116461689012649	1446957273494
26.914214255670885	3.304381985404273	1446957273499
28.536322182108616	1.6221079264377316	1446957273504
28.796573357755477	0.26025117564686084	1446957273509
28.857898349967385	0.061324992211908125	1446957273514
28.76638302754996	-0.09151532241742544	1446957273519
CadenceDetector: Step (Peak): 1446957273519
CadenceNotifier: Delta: 688
CadenceNotifier: CadenceChange: 141.5929203539823
28.581225193781155	-0.18515783376880535	1446957273524
28.333503118639346	-0.24772207514180877	1446957273529
26.64034618064153	-1.6931569379978164	1446957273535
22.853480489000205	-3.7868656916413244	1446957273539
20.582424283833834	-2.2710562051663707	1446957273544
19.73947176061027	-0.8429525232235626	1446957273549
19.83740203770897	0.09793027709869762	1446957273554
20.253370463543803	0.4159684258348335	1446957273559
20.545605519744356	0.29223505620055334	1446957273564
19.750314216052562	-0.7952913036917941	1446957273569
16.437629784444322	-3.3126844316082398	1446957273574
13.995175786915844	-2.442453997528478	1446957273579
12.052908457989183	-1.9422673289266612	1446957273584
10.722931199346439	-1.329977258642744	1446957273589
9.822124503761392	-0.9008066955850467	1446957273594
9.261079941007104	-0.5610445627542884	1446957273599
8.96316557051494	-0.2979143704921636	1446957273604
8.79218248553353	-0.17098308498141002	1446957273609
8.859788375334444	0.0676058898009142	1446957273614
8.882112796910663	0.02232442157621861	1446957273619
8.963262513549445	0.08114971663878201	1446957273624
8.895777991861065	-0.06748452168837993	1446957273629
8.705202803664122	-0.1905751881969433	1446957273634
8.529584439387646	-0.1756183642764757	1446957273639
8.364098137126419	-0.16548630226122718	1446957273644
8.549758111098678	0.18565997397225864	1446957273649
8.778882395029756	0.2291242839310783	1446957273653
9.091448929602112	0.3125665345723565	1446957273658
9.33402108356893	0.24257215396681708	1446957273663
9.448004495122259	0.11398341155332936	1446957273668
9.673512226885869	0.22550773176361005	1446957273673
9.912316760409395	0.23880453352352582	1446957273678
10.180755724014016	0.2684389636046216	1446957273683
10.471109220113744	0.29035349609972805	1446957273688
10.736243069789188	0.2651338496754434	1446957273693
10.918662585697879	0.1824195159086912	1446957273698
11.030363154679698	0.1117005689818189	1446957273703
11.09421672054407	0.06385356586437219	1446957273708
11.071061252087143	-0.023155468456927508	1446957273713
10.970203692765082	-0.1008575593220602	1446957273718
10.785356811493509	-0.18484688127157334	1446957273723
10.681503085987991	-0.10385372550551786	1446957273728
10.62270557348566	-0.05879751250233056	1446957273734
10.464624285098704	-0.15808128838695623	1446957273742
10.290073005957062	-0.17455127914164237	1446957273757
9.937373570680192	-0.35269943527687	1446957273757
9.614993726389583	-0.32237984429060873	1446957273758
9.55426883205474	-0.06072489433484307	1446957273758
9.42715215155808	-0.1271166804966608	1446957273763
9.41286497449637	-0.014287177061708789	1446957273768
9.391984157163467	-0.02088081733290359	1446957273773
9.363138988782891	-0.028845168380575714	1446957273778
9.516484090494473	0.15334510171158122	1446957273783
10.12691143597719	0.6104273454827176	1446957273788
10.92649224252254	0.7995808065453502	1446957273793
11.906015330182251	0.979523087659711	1446957273798
13.112623889184944	1.2066085590026923	1446957273803
13.989113356733197	0.8764894675482537	1446957273808
14.812518990079523	0.8234056333463258	1446957273813
15.829984029754106	1.0174650396745832	1446957273818
18.379823566717715	2.549839536963608	1446957273823
20.936156592143785	2.5563330254260705	1446957273828
20.145517673739196	-0.7906389184045892	1446957273833
21.465898577396594	1.320380903657398	1446957273838
25.19730796893385	3.7314093915372553	1446957273843
28.525228900354662	3.327920931420813	1446957273848
29.30335294552225	0.778124045167587	1446957273853
29.54307571129897	0.23972276577672247	1446957273858
29.09340980758208	-0.4496659037168911	1446957273863
CadenceDetector: Step (Peak): 1446957273863
CadenceNotifier: Delta: 345
CadenceNotifier: CadenceChange: 139.45380592678674
29.27171652499567	0.17830671741359083	1446957273868
29.694567109840385	0.4228505848447135	1446957273873
27.082332407589377	-2.6122347022510084	1446957273878
23.093770799884364	-3.9885616077050123	1446957273887
22.345750434116635	-0.7480203657677293	1446957273888
22.55069440468832	0.20494397057168356	1446957273894
22.642764284342555	0.09206987965423608	1446957273900
22.215324552492284	-0.42743973185027073	1446957273904
19.681001377126496	-2.534323175365788	1446957273908
15.300126606848027	-4.380874770278469	1446957273913
11.724795085963944	-3.575331520884083	1446957273918
8.75166462691394	-2.9731304590500045	1446957273923
5.986717703469754	-2.7649469234441852	1446957273928
3.7106841810562066	-2.2760335224135475	1446957273933
2.764671951358679	-0.9460122296975277	1446957273938
3.27981751276065	0.5151455614019711	1446957273943
4.025744741094245	0.7459272283335951	1446957273948
4.867556145957409	0.8418114048631642	1446957273953
5.571878283319887	0.7043221373624782	1446957273958
5.969230128967242	0.3973518456473544	1446957273963
6.0873840435522855	0.11815391458504365	1446957273968
5.984590899321818	-0.1027931442304677	1446957273973
5.730605922841185	-0.25398497648063234	1446957273978
5.382408344681911	-0.3481975781592741	1446957273983
5.218152335991669	-0.16425600869024226	1446957273988
5.200669626378017	-0.017482709613651615	1446957273993
5.293976828980588	0.09330720260257053	1446957273998
5.349078675858829	0.055101846878240934	1446957274003
5.2843264775683965	-0.06475219829043244	1446957274008
5.189656114865982	-0.09467036270241458	1446957274013
5.049813043831444	-0.1398430710345382	1446957274018
4.870765289251557	-0.1790477545798863	1446957274023
4.740830825321473	-0.12993446393008412	1446957274027
4.6223321628578855	-0.11849866246358776	1446957274033
4.49224443039375	-0.1300877324641352	1446957274038
4.366043763921355	-0.12620066647239536	1446957274042
4.151514799711407	-0.21452896420994794	1446957274048
3.8556013098098947	-0.29591348990151234	1446957274053
3.638034353041809	-0.2175669567680858	1446957274057
3.34791816123781	-0.2901161918039987	1446957274062
3.2795125575205706	-0.06840560371723958	1446957274067
3.1765461910791846	-0.10296636644138601	1446957274072
3.141829770113232	-0.03471642096595273	1446957274077
3.3685122159918675	0.22668244587863562	1446957274083
3.4460039230607675	0.07749170706890007	1446957274087
3.277871374625477	-0.16813254843529046	1446957274092
3.1818809575476856	-0.09599041707779143	1446957274098
3.044243362780638	-0.13763759476704784	1446957274102
2.9429764725192276	-0.10126689026141023	1446957274107
2.482485906398294	-0.46049056612093375	1446957274112
1.9876453255925444	-0.49484058080574944	1446957274117
2.2027129334189905	0.21506760782644618	1446957274122
3.6328255752166667	1.4301126417976762	1446957274128
7.202060819917262	3.5692352447005957	1446957274132
12.528031385147116	5.325970565229854	1446957274137
19.20371441205371	6.675683026906594	1446957274142
25.884465602820804	6.680751190767094	1446957274147
27.815522910615357	1.9310573077945534	1446957274152
28.006131501982058	0.1906085913667006	1446957274157
28.155287980384546	0.1491564784024888	1446957274162
28.16546770190891	0.010179721524362861	1446957274167
28.06328095352393	-0.10218674838498032	1446957274172
CadenceDetector: Step (Peak): 1446957274172
CadenceNotifier: Delta: 309
CadenceNotifier: CadenceChange: 144.4912703190849
27.991434152804324	-0.07184680071960514	1446957274177
28.022465744431916	0.031031591627591837	1446957274187
27.302483988609556	-0.71998175582236	1446957274187
24.88700557185736	-2.415478416752194	1446957274192
22.629273453581057	-2.257732118276305	1446957274197
21.017431902682542	-1.6118415508985144	1446957274202
20.13534481744201	-0.8820870852405314	1446957274207
19.781896819983427	-0.35344799745858424	1446957274212
19.714524814799567	-0.06737200518385933	1446957274217
19.761961184591176	0.04743636979160826	1446957274222
19.87100391990279	0.10904273531161479	1446957274227
18.45759929462162	-1.4134046252811707	1446957274232
15.85017691896616	-2.60742237565546	1446957274237
14.146114764797654	-1.704062154168506	1446957274242
12.999857218913169	-1.1462575458844846	1446957274247
11.947257061309093	-1.0526001576040755	1446957274252
11.155053351009142	-0.7922037102999511	1446957274257
10.649765797719958	-0.5052875532891843	1446957274262
10.35634567905478	-0.29342011866517836	1446957274267
9.886409081864679	-0.4699365971901006	1446957274272
9.374701530615331	-0.5117075512493479	1446957274277
9.175998008256324	-0.19870352235900768	1446957274282
9.24824191712796	0.07224390887163601	1446957274287
9.48246062519561	0.234218708067651	1446957274292
9.847940235970883	0.3654796107752727	1446957274297
10.408467606865594	0.5605273708947109	1446957274302
11.025445094841967	0.6169774879763725	1446957274307
11.575218217285665	0.5497731224436979	1446957274312
12.040576051284166	0.4653578339985014	1446957274317
12.313670846157192	0.27309479487302646	1446957274322
12.496939120642159	0.1832682744849663	1446957274327
12.59632889605153	0.09938977540937088	1446957274332
12.600905557110785	0.004576661059255471	1446957274337
12.415820549110437	-0.18508500800034788	1446957274342
11.941149182373186	-0.4746713667372511	1446957274347
11.37459250748137	-0.5665566748918156	1446957274352
10.834411496334017	-0.5401810111473537	1446957274357
10.35389861904699	-0.4805128772870262	1446957274362
10.194388778779155	-0.15950984026783566	1446957274367
10.21031793161112	0.01592915283196561	1446957274372
10.282721026407549	0.07240309479642804	1446957274377
10.473530184869873	0.19080915846232394	1446957274382
10.514006243490991	0.04047605862111858	1446957274389
10.418045322545256	-0.0959609209457355	1446957274393
10.346971942796221	-0.07107337974903416	1446957274399
10.316780723106273	-0.030191219689948312	1446957274403
10.176756678964987	-0.14002404414128655	1446957274408
10.14525935206564	-0.03149732689934659	1446957274413
10.105103585361174	-0.040155766704465634	1446957274418
10.081971162300025	-0.023132423061149154	1446957274423
10.32049639359193	0.23852523129190395	1446957274428
10.660143546329339	0.33964715273740964	1446957274434
11.089269234658056	0.42912568832871756	1446957274465
11.884978954593551	0.7957097199354948	1446957274469
13.044820787031636	1.1598418324380848	1446957274470
14.005130580004563	0.960309792972927	1446957274474
14.726113396256373	0.7209828162518104	1446957274475
15.22912486830602	0.5030114720496464	1446957274475
15.399457060192763	0.1703321918867431	1446957274479
15.945982206623246	0.5465251464304828	1446957274480
18.8535541561804	2.9075719495571555	1446957274480
21.054393394352186	2.2008392381717847	1446957274485
22.052083041012718	0.9976896466605325	1446957274489
25.623757208667026	3.571674167654308	1446957274494
27.77150696287498	2.147749754207954	1446957274499
28.334097007718043	0.5625900448430627	1446957274504
28.644687247805784	0.31059024008774117	1446957274508
28.92725442710253	0.2825671792967448	1446957274514
29.335234160800034	0.4079797336975055	1446957274517
29.682747812049588	0.34751365124955313	1446957274522
26.62581193465737	-3.056935877392217	1446957274527
CadenceDetector: Step (Peak): 1446957274527
CadenceNotifier: Delta: 354
CadenceNotifier: CadenceChange: 141.50943396226415
23.023246280436656	-3.602565654220715	1446957274531
22.134090849417735	-0.8891554310189207	1446957274537
22.583316204305724	0.4492253548879894	1446957274541
22.692069563117663	0.10875335881193848	1446957274547
22.134176039042625	-0.5578935240750376	1446957274551
21.450009084052038	-0.6841669549905873	1446957274556
17.858432273982103	-3.5915768100699346	1446957274561
14.017429125825961	-3.841003148156142	1446957274566
10.874409664167706	-3.1430194616582554	1446957274571
8.315201619081565	-2.559208045086141	1446957274576
6.308887146930607	-2.006314472150958	1446957274581
4.629463433807185	-1.6794237131234215	1446957274586
3.4891838389986276	-1.1402795948085576	1446957274591
2.7253459835814846	-0.763837855417143	1446957274596
1.9159573535559602	-0.8093886300255244	1446957274602
1.3501896636302013	-0.5657676899257589	1446957274606
1.2513975508782316	-0.09879211275196975	1446957274611
1.497767946310299	0.2463703954320675	1446957274616
1.788786543374069	0.29101859706377	1446957274621
1.9871533922649502	0.1983668488908812	1446957274627
2.281367970310405	0.2942145780454546	1446957274631
2.717035892780639	0.435667922470234	1446957274637
3.145396320526424	0.4283604277457851	1446957274641
3.360292677687668	0.2148963571612441	1446957274649
3.508292661968066	0.14799998428039807	1446957274652
3.5775957998419416	0.06930313787387554	1446957274657
3.48050829906262	-0.09708750077932171	1446957274661
3.503138827225429	0.02263052816280897	1446957274666
3.568688054814678	0.06554922758924908	1446957274672
3.679493106180242	0.11080505136556384	1446957274676
3.67174393861931	-0.007749167560931802	1446957274681
3.8324484269042576	0.16070448828494754	1446957274687
3.9708868350189763	0.13843840811471875	1446957274691
3.972331372676653	0.0014445376576768254	1446957274699
4.002473420266048	0.03014204758939476	1446957274702
4.04391089731393	0.041437477047882254	1446957274706
4.035736656781712	-0.00817424053221849	1446957274717
4.156186793639288	0.12045013685757588	1446957274717
4.231857333366001	0.07567053972671367	1446957274723
4.1688656024423265	-0.06299173092367472	1446957274727
4.268820754260247	0.09995515181792047	1446957274732
4.392147345773474	0.12332659151322733	1446957274738
4.329652588466979	-0.0624947573064949	1446957274747
4.404479419203963	0.07482683073698393	1446957274748
4.502015162353925	0.09753574314996172	1446957274752
4.386115032110448	-0.11590013024347723	1446957274757
4.321049497962855	-0.06506553414759253	1446957274762
4.382365531540703	0.06131603357784776	1446957274766
4.3065059802195815	-0.07585955132112154	1446957274773
3.735294147779485	-0.5712118324400963	1446957274777
3.121870454395231	-0.6134236933842541	1446957274782
3.136658773236305	0.014788318841073789	1446957274788
2.788255737006061	-0.34840303623024393	1446957274792
2.712021118699764	-0.07623461830629719	1446957274800
9.403127482273137	6.691106363573373	1446957274802
18.629792157860823	9.226664675587687	1446957274807
22.864469556311093	4.23467739845027	1446957274812
25.22281184152359	2.3583422852124976	1446957274817
20.27971488683152	-4.94309695469207	1446957274823
23.637646539139777	3.357931652308256	1446957274827
25.50105951472876	1.8634129755889823	1446957274832
24.619632738849283	-0.8814267758794756	1446957274838
CadenceDetector: Step (Peak): 1446957274839
CadenceNotifier: Delta: 312
CadenceNotifier: CadenceChange: 181.8181818181818
23.526087098215758	-1.0935456406335256	1446957274841
22.614617307270105	-0.9114697909456524	1446957274847
22.345251154834145	-0.2693661524359605	1446957274867
22.201695210355073	-0.14355594447907194	1446957274869
22.015074234781846	-0.1866209755732271	1446957274869
21.65822991112482	-0.35684432365702534	1446957274877
21.166460800727602	-0.49176911039721816	1446957274878
20.844165270728272	-0.3222955299993302	1446957274878
20.798482277415264	-0.04568299331300807	1446957274883
20.716842840542817	-0.08163943687244668	1446957274888
20.6228448165449	-0.09399802399791568	1446957274891
20.624198740836803	0.0013539242919016203	1446957274896
18.317905420940775	-2.306293319896028	1446957274901
14.703754417126987	-3.614151003813788	1446957274906
12.065772054857916	-2.637982362269071	1446957274911
10.245409555786406	-1.8203624990715106	1446957274917
8.82619328143022	-1.4192162743561862	1446957274921
7.7464799971793195	-1.0797132842509	1446957274926
6.873442086386191	-0.8730379107931281	1446957274931
6.259499925045634	-0.6139421613405576	1446957274936
5.876491658716549	-0.38300826632908436	1446957274941
5.669848220776658	-0.20664343793989115	1446957274946
5.661820878640609	-0.008027342136049498	1446957274951
5.888985540982183	0.22716466234157462	1446957274957
6.436714105241089	0.5477285642589056	1446957274962
7.110829788300568	0.6741156830594788	1446957274967
7.7035973318511175	0.5927675435505497	1446957274972
8.273515245662301	0.5699179138111834	1446957274977
8.585032788615395	0.3115175429530943	1446957274981
8.689545338603432	0.10451254998803705	1446957274987
8.749143552442629	0.05959821383919639	1446957274992
8.734536134566039	-0.014607417876590034	1446957274996
8.794640147367087	0.06010401280104816	1446957275001
8.873111643652948	0.07847149628586081	1446957275007
8.961250139940402	0.08813849628745452	1446957275012
9.066608347465166	0.10535820752476432	1446957275016
9.094913666870694	0.028305319405527385	1446957275022
9.134800058718081	0.039886391847387515	1446957275027
9.045276715572347	-0.08952334314573385	1446957275031
8.865792941996991	-0.17948377357535605	1446957275037
8.637533806716332	-0.2282591352806591	1446957275041
8.378786218848823	-0.25874758786750895	1446957275046
8.162761594011235	-0.21602462483758877	1446957275051
7.9988067883826925	-0.16395480562854203	1446957275057
7.918529554227138	-0.08027723415555421	1446957275061
7.800730015102804	-0.11779953912433427	1446957275066
7.687736527172252	-0.1129934879305523	1446957275073
7.586440719570265	-0.10129580760198653	1446957275076
7.702421127980902	0.11598040841063639	1446957275081
8.029503020229981	0.3270818922490797	1446957275087
8.47692930263222	0.4474262824022386	1446957275091
9.096707852906624	0.619778550274404	1446957275096
9.651784067784307	0.5550762148776833	1446957275101
10.037932497433783	0.3861484296494755	1446957275107
10.373202501200952	0.3352700037671692	1446957275111
10.78035040162159	0.40714790042063775	1446957275117
11.205354239538309	0.42500383791671936	1446957275121
11.775617488127276	0.5702632485889669	1446957275126
12.299980586160146	0.52436309803287	1446957275131
12.684706360076504	0.3847257739163581	1446957275136
12.845035005523826	0.16032864544732206	1446957275144
12.40249559869885	-0.4425394068249755	1446957275146
12.191249516822069	-0.21124608187678184	1446957275150
13.897464038608152	1.7062145217860838	1446957275156
19.00955649685961	5.112092458251457	1446957275161
21.7534999528304	2.74394345597079	1446957275166
22.787672875861848	1.0341729230314485	1446957275170
24.93298010738286	2.145307231521013	1446957275177
27.77696312191246	2.8439830145295986	1446957275181
29.642047922180254	1.8650848002677947	1446957275186
30.21642737764175	0.5743794554614965	1446957275191
30.459112669739394	0.24268529209764367	1446957275197
30.72112016776307	0.2620074980236744	1446957275201
28.34163575787615	-2.379484409886917	1446957275207
CadenceDetector: Step (Peak): 1446957275208
CadenceNotifier: Delta: 369
CadenceNotifier: CadenceChange: 178.57142857142858
25.20892336623112	-3.1327123916450326	1446957275211
23.03048966405993	-2.178433702171187	1446957275217
21.987356027108625	-1.043133636951307	1446957275246
21.560779792484503	-0.42657623462412175	1446957275247
21.23658422317471	-0.32419556930979354	1446957275248
20.910605131837034	-0.32597909133767544	1446957275248
20.59304498103923	-0.317560150797803	1446957275251
16.993427511364136	-3.5996174696750955	1446957275251
13.271150014441146	-3.72227749692299	1446957275252
10.414259090237227	-2.8568909242039187	1446957275257
8.346637054525615	-2.0676220357116115	1446957275265
6.856951667647326	-1.489685386878289	1446957275269
5.5432740403007115	-1.3136776273466149	1446957275271
4.443991027123981	-1.0992830131767306	1446957275275
3.495198735595185	-0.9487922915287959	1446957275280
2.823886164075568	-0.6713125715196169	1446957275284
2.2374934186489828	-0.5863927454265854	1446957275289
1.8494259631695271	-0.38806745547945565	1446957275294
1.6556451108032786	-0.19378085236624853	1446957275299
1.5132522952851406	-0.14239281551813798	1446957275304
1.5151817166496777	0.0019294213645371094	1446957275309
1.8173158412038868	0.30213412455420907	1446957275314
2.419778231769166	0.6024623905652793	1446957275319
3.1330964313611926	0.7133181995920266	1446957275324
3.8251760516449917	0.6920796202837991	1446957275329
4.580512693286632	0.7553366416416405	1446957275334
5.1954882128882405	0.6149755196016082	1446957275339
5.641880382382727	0.44639216949448635	1446957275344
6.059210953769206	0.4173305713864792	1446957275349
6.34744708826177	0.28823613449256413	1446957275354
6.729826358339648	0.38237927007787764	1446957275359
7.107633828462492	0.37780747012284444	1446957275366
7.594516344930042	0.4868825164675501	1446957275370
8.007359322148734	0.41284297721869123	1446957275375
8.426570748198445	0.41921142604971173	1446957275380
8.636789322864637	0.21021857466619132	1446957275385
9.005683574522694	0.3688942516580571	1446957275390
9.24610187855153	0.2404183040288359	1446957275395
9.467190924517402	0.2210890459658721	1446957275399
9.605736822366808	0.13854589784940607	1446957275405
9.6601839775324	0.054447155165592065	1446957275410
9.673635355484679	0.013451377952279131	1446957275414
9.481564028800001	-0.19207132668467786	1446957275420
9.261792117936468	-0.21977191086353365	1446957275425
9.012336733911871	-0.24945538402459633	1446957275429
8.913211528597609	-0.09912520531426239	1446957275434
8.948869706887903	0.03565817829029427	1446957275439
9.08705671410865	0.13818700722074695	1446957275444
9.115007605982496	0.027950891873846473	1446957275450
9.170374474271451	0.05536686828895476	1446957275454
8.987166212738524	-0.18320826153292735	1446957275459
8.736236204599848	-0.25093000813867583	1446957275464
8.591297789621349	-0.14493841497849935	1446957275469
8.250477523650517	-0.3408202659708319	1446957275474
7.580083230464	-0.6703942931865168	1446957275479
9.458679625720164	1.8785963952561637	1446957275484
15.625126700282491	6.166447074562328	1446957275489
23.304355245286455	7.679228545003964	1446957275495
23.323222416059682	0.01886717077322686	1446957275500
23.582529638779796	0.2593072227201141	1446957275504
25.197479322181284	1.6149496834014876	1446957275510
26.810591219264552	1.613111897083268	1446957275515
26.997456528560274	0.18686530929572243	1446957275519
27.16254919041423	0.16509266185395433	1446957275525
27.275466580674426	0.11291739026019698	1446957275530
26.748998775001127	-0.526467805673299	1446957275534
CadenceDetector: Step (Peak): 1446957275535
CadenceNotifier: Delta: 327
CadenceNotifier: CadenceChange: 176.21145374449338
25.28301406534947	-1.4659847096516572	1446957275540
23.220284175769294	-2.062729889580176	1446957275545
21.911028594961305	-1.3092555808079887	1446957275550
21.34175176587133	-0.5692768290899757	1446957275568
21.203198333758277	-0.13855343211305282	1446957275570
21.140927363180683	-0.06227097057759323	1446957275570
21.009871226201195	-0.13105613697948826	1446957275571
20.861026356292353	-0.14884486990884227	1446957275575
16.759460917819393	-4.10156543847296	1446957275582
13.694530977615033	-3.06492994020436	1446957275584
11.647993638390297	-2.046537339224736	1446957275589
10.397345907692054	-1.2506477306982422	1446957275595
9.446426462832791	-0.950919444859263	1446957275607
8.444104262668786	-1.0023222001640057	1446957275607
7.450701316062054	-0.9934029466067313	1446957275609
6.84867368270418	-0.6020276333578742	1446957275614
6.3298601393733644	-0.5188135433308156	1446957275619
5.91311205435686	-0.4167480850165042	1446957275625
5.425972776490426	-0.48713927786643385	1446957275629
5.072951150725412	-0.35302162576501406	1446957275634
4.7969751913764425	-0.2759759593489699	1446957275639
4.7025354873003	-0.09443970407614266	1446957275644
4.820076461107569	0.11754097380726947	1446957275650
5.053297576515698	0.23322111540812873	1446957275654
5.598698729858625	0.5454011533429268	1446957275659
6.157130637488025	0.5584319076293998	1446957275664
6.667913381716648	0.5107827442286235	1446957275669
7.076797231688193	0.40888384997154503	1446957275676
7.491945856464823	0.41514862477662984	1446957275680
8.017050797853365	0.525104941388542	1446957275684
8.37954064744401	0.362489849590645	1446957275691
8.640422882664383	0.26088223522037346	1446957275695
8.798329408911906	0.15790652624752255	1446957275700
8.884523722565081	0.08619431365317531	1446957275704
8.821741323389086	-0.0627823991759957	1446957275710
8.885091275396368	0.06334995200728244	1446957275714
8.902856113272284	0.017764837875915873	1446957275720
8.785774556238618	-0.11708155703366607	1446957275725
8.861037619588094	0.07526306334947641	1446957275730
8.917600670446532	0.056563050858438046	1446957275734
8.935599310322422	0.017998639875889566	1446957275743
8.98338184989887	0.04778253957644729	1446957275750
8.844937318814532	-0.13844453108433719	1446957275750
8.745251392847504	-0.09968592596702841	1446957275755
8.60779069686652	-0.13746069598098387	1446957275760
8.536966565453932	-0.07082413141258748	1446957275769
8.644250688471551	0.10728412301761914	1446957275769
8.869906664113131	0.2256559756415797	1446957275774
9.224426231430467	0.354519567317336	1446957275779
9.50120164663852	0.2767754152080535	1446957275784
9.810472628014693	0.3092709813761729	1446957275790
10.072856953921919	0.2623843259072256	1446957275795
10.40430031478158	0.33144336085966053	1446957275799
10.613824665970826	0.20952435118924662	1446957275805
10.937276835687467	0.32345216971664037	1446957275811
11.075881445127466	0.13860460943999975	1446957275814
10.908726871268142	-0.16715457385932453	1446957275819
10.58643611895182	-0.32229075231632187	1446957275824
10.538273367667875	-0.04816275128394487	1446957275829
11.318172480578447	0.7798991129105719	1446957275834
13.547354429391282	2.229181948812835	1446957275839
17.816570859554318	4.269216430163036	1446957275844
20.659574083773215	2.843003224218897	1446957275849
20.3925404755752	-0.267033608198016	1446957275854
20.407613434809427	0.015072959234228023	1446957275859
20.60730901311811	0.19969557830868112	1446957275864
20.734953544895887	0.12764453177777924	1446957275869
20.732526131341753	-0.002427413554134006	1446957275875
CadenceDetector: Step (Peak): 1446957275875
CadenceNotifier: Delta: 341
CadenceNotifier: CadenceChange: 177.90956263899184
20.655762930946377	-0.07676320039537643	1446957275879
20.464092837170238	-0.19167009377613908	1446957275884
20.229514610055737	-0.2345782271145005	1446957275901
20.12104947418397	-0.10846513587176787	1446957275902
20.24219489577104	0.12114542158706954	1446957275904
20.43062919084988	0.18843429507884224	1446957275905
20.495142201782226	0.06451301093234463	1446957275908
20.42367863129561	-0.07146357048661756	1446957275924
20.26238844413845	-0.16129018715716015	1446957275926
20.03105814582885	-0.23133029830959728	1446957275926
19.84350699165422	-0.1875511541746313	1446957275928
19.03983237303224	-0.8036746186219794	1446957275933
15.80877100179821	-3.2310613712340306	1446957275938
13.227184473794782	-2.5815865280034274	1446957275943
11.085314800946884	-2.141869672847898	1446957275948
9.313669301377429	-1.7716454995694555	1446957275953
7.869472070218025	-1.4441972311594036	1446957275958
6.706254291553187	-1.1632177786648379	1446957275963
5.744882067623467	-0.96137222392972	1446957275968
4.899630526699672	-0.8452515409237957	1446957275973
4.057063180495757	-0.8425673462039143	1446957275978
3.3136885192183385	-0.7433746612774188	1446957275983
2.8186629699625283	-0.4950255492558102	1446957275987
2.302335120762338	-0.5163278492001901	1446957275993
1.908114109396058	-0.39422101136628007	1446957275998
1.645323389639166	-0.26279071975689217	1446957276003
1.670459764210065	0.02513637457089901	1446957276008
1.6809189588331457	0.010459194623080759	1446957276012
1.780855291759452	0.09993633292630633	1446957276018
1.8195686097489359	0.03871331798948385	1446957276023
1.9032608381235052	0.08369222837456936	1446957276028
2.044502335327267	0.14124149720376167	1446957276033
2.261175539912187	0.21667320458492023	1446957276038
2.4832330936801323	0.22205755376794523	1446957276043
2.711065105431036	0.22783201175090362	1446957276050
3.057634151837193	0.3465690464061568	1446957276053
3.3916614920467048	0.33402734020951197	1446957276059
3.7409544514618727	0.3492929594151679	1446957276063
3.9839385360714696	0.24298408460959697	1446957276068
4.251847860662261	0.26790932459079153	1446957276073
4.443953994248453	0.19210613358619177	1446957276078
4.570363367161356	0.126409372912903	1446957276083
4.580907910712101	0.010544543550745189	1446957276088
4.670517207956274	0.08960929724417266	1446957276093
4.7265496172266355	0.05603240927036168	1446957276100
4.782655679284236	0.0561060620576006	1446957276103
4.9498911639479095	0.16723548466367344	1446957276108
5.390874162842383	0.4409829988944738	1446957276113
6.025850950742218	0.6349767878998351	1446957276118
6.837220682911968	0.8113697321697497	1446957276123
7.730769393792113	0.893548710880145	1446957276129
8.756854558816741	1.0260851650246279	1446957276134
9.995861885347527	1.2390073265307855	1446957276140
11.260325189519655	1.2644633041721285	1446957276144
12.522060846892828	1.2617356573731726	1446957276151
13.63162074130813	1.1095598944153018	1446957276153
14.460094292051142	0.8284735507430128	1446957276158
15.02044502739129	0.5603507353401476	1446957276164
15.435875432133201	0.41543040474191173	1446957276168
15.699058494560585	0.2631830624273839	1446957276173
15.811117533494244	0.11205903893365843	1446957276179
16.002582243630858	0.19146471013661426	1446957276184
16.18121552583073	0.17863328219987196	1446957276188
16.49677104605259	0.31555552022186006	1446957276193
16.954608168724057	0.45783712267146726	1446957276198
17.432809395415912	0.47820122669185494	1446957276203
18.04582380383435	0.6130144084184366	1446957276209
18.68047859930138	0.6346547954670321	1446957276214
19.483737763139537	0.8032591638381561	1446957276218
21.045408470857762	1.5616707077182248	1446957276223
22.199819659020072	1.1544111881623103	1446957276228
22.54452115089383	0.34470149187375654	1446957276234
23.037933740919197	0.4934125900253683	1446957276238
23.59705132960537	0.5591175886861741	1446957276243
24.274500380144776	0.6774490505394049	1446957276252
24.935616847169268	0.6611164670244918	1446957276253
25.631291794606582	0.6956749474373147	1446957276258
26.248490912701758	0.6171991180951757	1446957276270
26.475542723444303	0.22705181074254455	1446957276270
26.559390760383877	0.08384803693957465	1446957276273
26.2760998674493	-0.283290892934577	1446957276278
CadenceDetector: Step (Peak): 1446957276279
CadenceNotifier: Delta: 403
CadenceNotifier: CadenceChange: 166.66666666666666
25.871336761081267	-0.4047631063680335	1446957276284
24.174496635158015	-1.6968401259232522	1446957276300
21.700294839571672	-2.4742017955863425	1446957276301
19.610931534068758	-2.089363305502914	1446957276303
17.827723695674166	-1.783207838394592	1446957276303
16.123791151677906	-1.7039325439962596	1446957276307
14.623120054489172	-1.500671097188734	1446957276322
13.546422399289908	-1.0766976551992649	1446957276325
12.416562418235577	-1.1298599810543308	1446957276325
11.65789280250291	-0.758669615732666	1446957276327
10.843170718644203	-0.8147220838587081	1446957276332
10.106425037397331	-0.7367456812468713	1446957276337
9.348090127633215	-0.7583349097641161	1446957276342
8.72496503731249	-0.623125090320725	1446957276347
7.907456254352601	-0.817508782959889	1446957276352
7.257716050783295	-0.6497402035693058	1446957276357
6.780901165093068	-0.476814885690227	1446957276362
7.078224992154336	0.2973238270612679	1446957276367
7.218804869301994	0.1405798771476583	1446957276371
7.3941878670837	0.17538299778170519	1446957276377
7.432321780493194	0.038133913409494014	1446957276381
7.254012762188626	-0.17830901830456725	1446957276386
7.026979954998364	-0.22703280719026253	1446957276392
6.813887753028335	-0.21309220197002876	1446957276397
6.782284558369562	-0.03160319465877315	1446957276402
6.74355276889618	-0.03873178947338207	1446957276407
6.510069092319816	-0.23348367657636349	1446957276412
6.436715470816969	-0.07335362150284741	1446957276417
6.434746664080007	-0.001968806736962314	1446957276422
6.612693388941272	0.17794672486126561	1446957276427
6.7595560149128096	0.14686262597153732	1446957276435
6.813100890525072	0.05354487561226229	1446957276437
6.825640097715632	0.01253920719056012	1446957276441
6.928623683160271	0.10298358544463948	1446957276446
6.807299555325811	-0.12132412783446078	1446957276451
6.301519639864881	-0.5057799154609297	1446957276456
5.474501932586372	-0.8270177072785092	1446957276461
4.701231709585064	-0.7732702230013073	1446957276466
4.295779537365501	-0.4054521722195634	1446957276471
4.223449160078038	-0.07233037728746261	1446957276476
4.435195850931857	0.21174669085381836	1446957276481
4.709160083272747	0.27396423234088996	1446957276486
4.737115280499878	0.027955197227131023	1446957276491
4.481460946294374	-0.255654334205504	1446957276496
4.114877934905279	-0.36658301138909444	1446957276501
3.8072298621992293	-0.30764807270605	1446957276506
3.748287468430677	-0.05894239376855248	1446957276511
4.059854721535119	0.31156725310444244	1446957276516
4.459246491683913	0.3993917701487941	1446957276521
4.716182768202993	0.25693627651907924	1446957276528
4.918940003317239	0.20275723511424637	1446957276532
5.062822327725444	0.1438823244082048	1446957276538
5.331028596106154	0.2682062683807098	1446957276543
5.478579131627848	0.1475505355216944	1446957276547
5.695543416896743	0.21696428526889466	1446957276552
6.023695019435903	0.32815160253916	1446957276558
6.616947417653298	0.5932523982173956	1446957276563
7.178836816427579	0.561889398774281	1446957276567
7.717343198759509	0.5385063823319296	1446957276574
8.21959122728725	0.5022480285277409	1446957276577
8.611863452932432	0.3922722256451827	1446957276585
9.099215050642881	0.48735159771044856	1446957276587
9.666822316912528	0.567607266269647	1446957276592
9.928885163707289	0.2620628467947608	1446957276597
10.069152890266931	0.14026772655964237	1446957276602
10.2708715341635	0.20171864389656946	1446957276608
10.540664154604102	0.2697926204406009	1446957276612
10.740269155668424	0.199605001064322	1446957276618
10.90216235215492	0.16189319648649558	1446957276624
10.90005555828297	-0.0021067938719490087	1446957276627
10.692348733428798	-0.20770682485417247	1446957276635
10.211554591145308	-0.4807941422834894	1446957276637
9.419068298864339	-0.7924862922809695	1446957276642
8.801090629296372	-0.6179776695679671	1446957276647
8.294793836063185	-0.5062967932331865	1446957276651
7.75945561123916	-0.5353382248240255	1446957276658
7.387625431431831	-0.37183017980732913	1446957276662
7.1141322445735256	-0.27349318685830504	1446957276667
6.942933250934137	-0.17119899363938895	1446957276676
6.993638068866204	0.05070481793206749	1446957276679
7.052634687417075	0.05899661855087057	1446957276682
7.1675181516989515	0.11488346428187679	1446957276688
7.45450846105166	0.2869903093527082	1446957276693
7.596538783249591	0.14203032219793155	1446957276698
7.921685554026244	0.32514677077665244	1446957276702
8.266305052528482	0.3446194985022384	1446957276707
8.706879633676708	0.44057458114822623	1446957276712
9.020178168399521	0.3132985347228132	1446957276718
9.433407196982879	0.4132290285833573	1446957276722
9.668795709463506	0.2353885124806272	1446957276728
9.756104605652656	0.08730889618914972	1446957276732
9.744174463426383	-0.011930142226272977	1446957276738
9.846726722421932	0.10255225899554965	1446957276748
9.812043077677883	-0.0346836447440495	1446957276750
9.724896343092269	-0.08714673458561428	1446957276752
9.667137883600763	-0.05775845949150593	1446957276757
9.5845419530901	-0.08259593051066183	1446957276763
9.596392289469682	0.011850336379580995	1446957276767
9.449239470574765	-0.1471528188949165	1446957276775
9.274495056843934	-0.17474441373083138	1446957276778
9.140370006206368	-0.1341250506375662	1446957276782
9.000721685485559	-0.13964832072080924	1446957276786
8.939266295563833	-0.06145538992172561	1446957276793
8.852156439424745	-0.08710985613908839	1446957276797
8.801799039705523	-0.05035739971922126	1446957276802
8.785652457839328	-0.01614658186619522	1446957276807
8.958228047805052	0.17257558996572442	1446957276812
8.950449881507645	-0.007778166297407907	1446957276818
8.801588179855534	-0.14886170165211077	1446957276821
8.879727080263926	0.07813890040839233	1446957276827
8.745003836542535	-0.13472324372139077	1446957276832
8.735655417429728	-0.009348419112807704	1446957276838
8.655781748268025	-0.07987366916170302	1446957276843
8.824422661030917	0.16864091276289273	1446957276847
8.916981842945033	0.09255918191411538	1446957276852
8.873355552219811	-0.043626290725221395	1446957276857
8.900129734079004	0.026774181859192225	1446957276862
8.904194127413255	0.004064393334251903	1446957276867
8.87737083172272	-0.02682329569053543	1446957276871
8.759727140448948	-0.11764369127377172	1446957276877
8.721310214607291	-0.038416925841657346	1446957276882
8.643835316036762	-0.0774748985705287	1446957276886
8.620581275651572	-0.023254040385189967	1446957276893
8.54895189386385	-0.07162938178772293	1446957276897
8.514554442978929	-0.034397450884920744	1446957276902
8.386086350872613	-0.12846809210631527	1446957276907
9.673945278321039	1.2878589274484256	1446957276912
9.942168330755408	0.2682230524343687	1446957276919
9.029009873223199	-0.9131584575322087	1446957276921
9.16342816964659	0.13441829642339087	1446957276926
9.74233265717628	0.5789044875296909	1446957276932
9.530065566736985	-0.2122670904392958	1446957276936
9.27394356463789	-0.2561220020990955	1446957276943
8.92146662071677	-0.35247694392112017	1446957276948
8.916503607903632	-0.004963012813137269	1446957276954
8.663470322894284	-0.25303328500934796	1446957276957
8.410429569329308	-0.25304075356497613	1446957276960
8.281669543613429	-0.12876002571587897	1446957276965
8.273938743626742	-0.007730799986687131	1446957276970
8.320239078128937	0.046300334502195284	1446957276975
8.400813025762492	0.08057394763355497	1446957276980
8.664708429959656	0.2638954041971644	1446957276985
8.956474182028744	0.2917657520690877	1446957276990
9.215803544473486	0.2593293624447419	1446957276995
9.526308137096223	0.31050459262273655	1446957277003
9.565410800312025	0.039102663215802025	1446957277005
9.566758066177174	0.0013472658651494385	1446957277010
9.520304719731518	-0.046453346445655797	1446957277016
9.577471635124082	0.05716691539256402	1446957277020
9.570872284868942	-0.006599350255140024	1446957277025
9.363138992662101	-0.2077332922068411	1446957277030
9.24593540301277	-0.11720358964933197	1446957277040
9.084602067126108	-0.16133333588666154	1446957277040
