8.60011411117717	3.633056640625	1446960974319
8.251905050603225	3.5711669921875	1446960974320
7.869610714123631	3.671142578125	1446960974321
7.894781896337413	3.77349853515625	1446960974321
8.293480452090936	3.8282470703125	1446960974321
8.540243957991297	3.7568359375	1446960974321
8.542258634368874	3.7044677734375	1446960974321
8.726242914813684	3.747314453125	1446960974322
8.741092963283455	3.642578125	1446960974327
8.819081435273896	3.6568603515625	1446960974329
8.95823420260931	3.614013671875	1446960974334
8.955248763958275	3.58544921875	1446960974338
8.773018003374984	3.50689697265625	1446960974342
8.610045866935911	3.56402587890625	1446960974349
8.330219772675749	3.54974365234375	1446960974353
8.301884995357286	3.614013671875	1446960974357
8.272715716673895	3.62591552734375	1446960974363
8.199925525514553	3.60687255859375	1446960974367
8.0747870236535	3.59259033203125	1446960974373
8.0267511521048	3.64495849609375	1446960974377
8.138908090272036	3.6806640625	1446960974383
8.29949716404085	3.6187744140625	1446960974387
8.646430363800375	3.766357421875	1446960974395
8.85021263727935	3.73541259765625	1446960974397
9.166551848782353	3.71160888671875	1446960974402
9.409084961243114	3.7520751953125	1446960974407
9.496684658842588	3.64495849609375	1446960974412
9.58926317761386	3.62115478515625	1446960974417
9.71824189129545	3.62353515625	1446960974423
9.982589569282817	3.56878662109375	1446960974427
10.287542143340197	3.5616455078125	1446960974432
10.636429204129618	3.47833251953125	1446960974437
10.850742202973299	3.3997802734375	1446960974442
10.951307520139853	3.19268798828125	1446960974447
10.784724727453536	2.95703125	1446960974452
10.477447087823933	2.70233154296875	1446960974457
10.148563953804192	2.51666259765625	1446960974462
9.672308831066697	2.4190673828125	1446960974467
9.061573226647317	2.42144775390625	1446960974472
8.571762578938479	2.65234375	1446960974477
8.254969064532574	2.87371826171875	1446960974482
8.087667181343955	3.11175537109375	1446960974487
7.627696044168513	3.10699462890625	1446960974492
7.308300081811279	3.2093505859375	1446960974497
7.874059467290606	3.51641845703125	1446960974502
8.661891644936285	3.671142578125	1446960974507
9.289009785444936	3.7044677734375	1446960974512
9.66473755126975	3.6282958984375	1446960974517
9.842816448470154	3.52593994140625	1446960974522
9.698296486633213	3.4854736328125	1446960974527
9.628478703633013	3.43310546875	1446960974532
9.687108526917129	3.37359619140625	1446960974537
9.875037314948163	3.3902587890625	1446960974542
10.010170832608335	3.40692138671875	1446960974547
10.205367424585441	3.52593994140625	1446960974552
10.209669607013693	3.5806884765625	1446960974557
10.102519284005899	3.4664306640625	1446960974563
9.996470341647523	3.26171875	1446960974567
9.974887885899916	3.0284423828125	1446960974572
10.022968145836163	2.80706787109375	1446960974578
10.138599689223819	2.7237548828125	1446960974583
10.132381122731818	2.65472412109375	1446960974588
8.870717192420457	1.60260009765625	1446960974593
9.137580537847255	1.69781494140625	1446960974598
9.516932389709634	2.02154541015625	1446960974603
9.880017955872761	2.24530029296875	1446960974608
10.094510093142405	2.45953369140625	1446960974613
10.063302599660997	2.54522705078125	1446960974618
9.916651342914493	2.66424560546875	1446960974623
9.767062778835408	2.9189453125	1446960974627
9.49319279165005	3.1998291015625	1446960974632
9.411063746080346	3.5806884765625	1446960974638
9.375208225880796	3.8948974609375	1446960974643
9.36851626000512	4.02105712890625	1446960974647
9.38406307800408	4.185302734375	1446960974652
9.288216445136015	4.20196533203125	1446960974657
9.120076226858705	4.18768310546875	1446960974663
8.833241571864853	4.11865234375	1446960974667
8.7487771715263	4.1995849609375	1446960974672
8.68712066921974	4.27099609375	1446960974677
8.832588562536678	4.32098388671875	1446960974683
8.883533651975531	4.28765869140625	1446960974687
8.852963476703875	4.24481201171875	1446960974692
8.771413665808515	4.11865234375	1446960974698
8.520731928878277	3.8187255859375	1446960974702
8.080151432372519	3.33551025390625	1446960974707
7.74557574969611	2.77850341796875	1446960974712
7.291553964192693	2.19769287109375	1446960974717
7.02868841195388	1.6954345703125	1446960974722
6.928970811045154	1.5240478515625	1446960974727
6.952889641601825	1.8477783203125	1446960974732
7.07586162496968	2.4381103515625	1446960974737
7.138814096250648	2.890380859375	1446960974742
7.902424912621044	3.252197265625	1446960974747
7.804762437490387	3.26171875	1446960974752
7.07021478717486	3.48309326171875	1446960974757
6.862089730071529	3.6378173828125	1446960974762
7.184904217738544	3.77825927734375	1446960974767
7.662447782568346	3.9329833984375	1446960974771
8.06297803478887	4.02105712890625	1446960974777
8.103901323597327	3.7711181640625	1446960974782
8.01764248737621	3.35693359375	1446960974786
8.004327626772781	2.96893310546875	1446960974791
8.309024325108927	2.57379150390625	1446960974796
8.63406578085055	2.18817138671875	1446960974801
9.021146075520841	1.9334716796875	1446960974806
9.34805489814937	1.74066162109375	1446960974811
9.699658041659179	1.72637939453125	1446960974816
9.645183896569035	1.26934814453125	1446960974821
9.183391242837397	0.95037841796875	1446960974826
8.631630004252832	1.0146484375	1446960974831
7.709277702632122	1.1717529296875	1446960974836
6.739106429564179	1.2098388671875	1446960974841
7.20786064418213	3.366455078125	1446960974846
8.948967368953337	5.57305908203125	1446960974851
11.449755520589628	7.24169921875	1446960974857
13.057848768013352	7.86297607421875	1446960974861
13.361895155339187	7.47259521484375	1446960974866
12.620051344217718	6.58233642578125	1446960974871
11.14318540412922	5.4564208984375	1446960974876
9.51765208982016	4.6566162109375	1446960974881
8.097334972650447	4.22100830078125	1446960974886
7.1804611129418445	3.9234619140625	1446960974891
7.02817694380428	3.86395263671875	1446960974896
7.3280392070153875	3.85919189453125	1446960974901
8.140802579934558	4.07342529296875	1446960974906
9.448230464210926	4.56854248046875	1446960974911
10.436338936219485	5.03509521484375	1446960974917
11.195726897481157	5.27789306640625	1446960974921
11.238797989848731	5.0850830078125	1446960974926
10.925886404671033	4.718505859375	1446960974932
10.469981044532016	4.2186279296875	1446960974936
10.161347060085	3.842529296875	1446960974941
10.034749223145694	3.59259033203125	1446960974946
9.871797907661344	3.39263916015625	1446960974951
9.57165103150692	3.24981689453125	1446960974957
9.145347978813883	3.195068359375	1446960974961
8.596794604825588	3.3236083984375	1446960974966
7.918201188897525	3.51641845703125	1446960974971
7.558637887203	3.62115478515625	1446960974976
7.4635321895723905	3.77587890625	1446960974981
7.2206784255958585	3.8948974609375	1446960974986
6.299981892453206	3.842529296875	1446960974991
5.166136417279241	3.7139892578125	1446960974996
4.5157011439050105	3.81634521484375	1446960975001
4.487864910065218	4.15435791015625	1446960975006
4.819835719178045	4.5518798828125	1446960975011
5.091582706891821	4.6756591796875	1446960975016
5.449501661357824	4.5614013671875	1446960975021
6.867722075438868	4.52569580078125	1446960975026
8.146020237185997	4.3614501953125	1446960975031
8.539254276431802	3.8758544921875	1446960975036
8.809698985877143	3.54022216796875	1446960975041
9.147122087147924	3.56878662109375	1446960975046
9.49811677091456	3.8472900390625	1446960975051
10.142126968580397	4.33050537109375	1446960975056
11.08008981945035	4.80657958984375	1446960975061
12.049164450089156	5.14459228515625	1446960975066
13.135724528356965	5.58258056640625	1446960975071
14.27561547837949	6.013427734375	1446960975076
15.210577279403461	6.34429931640625	1446960975081
15.686941795516548	6.5751953125	1446960975086
16.18086322688701	6.92987060546875	1446960975091
16.272601281240913	7.16552734375	1446960975096
15.780163254216854	6.91558837890625	1446960975101
15.680450720393534	6.71563720703125	1446960975106
CadenceDetector: Step (Peak): 1446960975106
CadenceNotifier: Delta: 1446960975106
CadenceNotifier: CadenceChange: Infinity
16.06261592740504	6.97747802734375	1446960975111
17.20979402250581	7.72967529296875	1446960975120
18.54567969882666	8.48187255859375	1446960975121
19.732880940828775	8.888916015625	1446960975126
20.595520664030207	8.86273193359375	1446960975131
21.48763413264584	8.76513671875	1446960975136
22.492490714987827	8.59136962890625	1446960975141
23.30941383253936	8.355712890625	1446960975146
24.130128388103902	8.0986328125	1446960975151
24.89855028428648	7.87249755859375	1446960975156
25.62086393347417	7.69635009765625	1446960975161
26.28869762566432	7.49163818359375	1446960975166
26.748330449847426	7.20123291015625	1446960975171
27.224226937371764	6.8941650390625	1446960975176
27.13745085797025	6.59661865234375	1446960975181
26.705126552271786	6.2181396484375	1446960975186
25.80041291536525	5.6373291015625	1446960975191
24.687853074538662	5.13031005859375	1446960975196
23.55290450798753	4.68994140625	1446960975201
22.527876351637417	4.3995361328125	1446960975206
21.62155560136517	4.20672607421875	1446960975210
20.959059689507512	4.1805419921875	1446960975216
20.46276848966076	4.01629638671875	1446960975220
20.189781356570993	3.79254150390625	1446960975225
20.027707569924534	3.423583984375	1446960975230
18.955972699759684	2.95703125	1446960975235
17.454977284434214	2.566650390625	1446960975240
15.79924766094698	2.014404296875	1446960975245
14.182611076354254	1.5145263671875	1446960975250
12.505165629231113	0.97418212890625	1446960975255
10.903269188144355	0.5242919921875	1446960975260
9.46069901065225	0.03631591796875	1446960975265
8.102462599071014	-0.3421630859375	1446960975270
6.735909541271719	-0.708740234375	1446960975275
5.469522468749089	-1.1181640625	1446960975284
4.563081581101764	-1.41571044921875	1446960975285
4.159490525932932	-1.78228759765625	1446960975290
4.334342342785396	-2.003662109375	1446960975295
4.839124727107904	-2.536865234375	1446960975300
5.748343759405343	-3.2366943359375	1446960975305
6.583004060562942	-3.79132080078125	1446960975310
7.779508722571379	-4.479248046875	1446960975315
8.860591556980728	-5.09100341796875	1446960975320
9.426199809137405	-5.421875	1446960975325
9.575717668872432	-5.6265869140625	1446960975330
9.355347278840192	-5.5789794921875	1446960975335
9.091085584642938	-5.5028076171875	1446960975340
8.745719643189338	-5.42901611328125	1446960975345
8.384730246632191	-5.431396484375	1446960975350
8.258631659024719	-5.57659912109375	1446960975355
8.427673116134775	-5.8551025390625	1446960975360
8.701886262008887	-6.2264404296875	1446960975366
9.016529386286354	-6.59063720703125	1446960975370
9.376465847596084	-6.99053955078125	1446960975375
9.438197350121706	-7.21429443359375	1446960975380
9.455309271437224	-7.32379150390625	1446960975385
9.408981235296418	-7.3404541015625	1446960975390
9.278914872460515	-7.26904296875	1446960975395
9.186768037018501	-7.2071533203125	1446960975400
9.302376380800645	-7.297607421875	1446960975405
9.370992382957967	-7.36663818359375	1446960975410
9.218421133247535	-7.38568115234375	1446960975415
8.994312459588723	-7.326171875	1446960975421
8.636466107003708	-7.2261962890625	1446960975425
8.198387817287276	-7.0452880859375	1446960975430
7.836574246133792	-6.840576171875	1446960975435
7.563329798987304	-6.6453857421875	1446960975440
7.5485648390126405	-6.6787109375	1446960975445
7.757617696924836	-6.8929443359375	1446960975450
8.225003596376917	-7.30950927734375	1446960975455
8.811501679115633	-7.72369384765625	1446960975460
9.423744143138991	-8.154541015625	1446960975465
10.069825111672221	-8.649658203125	1446960975470
10.29091451788761	-8.89483642578125	1446960975475
10.306049545995078	-8.916259765625	1446960975480
10.313165482234124	-8.8448486328125	1446960975485
10.230386526632453	-8.47113037109375	1446960975490
10.386549770522285	-7.5927734375	1446960975495
11.568830171117513	-6.23834228515625	1446960975500
14.779271276858468	-4.5078125	1446960975505
19.739436653608532	-2.57733154296875	1446960975510
19.78168822117093	-0.0850830078125	1446960975515
19.875325077524536	2.5904541015625	1446960975520
20.403634142391784	5.2659912109375	1446960975525
21.310355128797536	7.61541748046875	1446960975530
22.478488018073378	9.61968994140625	1446960975535
24.027447698386037	11.62396240234375	1446960975540
25.757971124528336	13.67108154296875	1446960975545
27.472870239290963	15.58966064453125	1446960975550
28.863017945220207	17.04168701171875	1446960975555
29.53421479801463	17.6248779296875	1446960975560
29.5757868310149	17.6248779296875	1446960975565
29.119093325595575	17.2154541015625	1446960975570
CadenceDetector: Step (Peak): 1446960975570
CadenceNotifier: Delta: 464
CadenceNotifier: CadenceChange: 129.31034482758622
28.279197349805617	16.40374755859375	1446960975575
27.457636812852108	15.56109619140625	1446960975581
26.579528103055328	14.66131591796875	1446960975588
25.800115471415985	13.86627197265625	1446960975590
24.617349959693055	13.1688232421875	1446960975595
21.72692014497006	12.49517822265625	1446960975600
19.365131734104946	11.869140625	1446960975605
17.429218631568727	11.3216552734375	1446960975610
15.950414097225279	10.907470703125	1446960975615
14.87084449826629	10.63848876953125	1446960975620
14.054580515823885	10.4361572265625	1446960975625
13.326475898139552	10.25286865234375	1446960975630
12.714271665895243	10.06719970703125	1446960975635
12.12776441609886	9.83868408203125	1446960975640
11.644823034024562	9.62921142578125	1446960975645
11.298236102567985	9.431640625	1446960975650
10.96366589527191	9.2459716796875	1446960975655
10.556431877093043	9.0269775390625	1446960975660
10.10632781807459	8.7698974609375	1446960975665
9.62206087347406	8.5318603515625	1446960975670
9.187444610050123	8.3223876953125	1446960975675
8.686295422034831	8.01531982421875	1446960975680
8.2871789084923	7.746337890625	1446960975685
7.868231703442162	7.4464111328125	1446960975690
7.527849902879486	7.175048828125	1446960975695
7.273374646038301	6.94415283203125	1446960975700
6.990458238217424	6.6561279296875	1446960975705
6.750293709932592	6.40142822265625	1446960975710
6.645509054956733	6.2562255859375	1446960975714
6.551073592370487	6.1038818359375	1446960975720
6.4644128933358616	5.9705810546875	1446960975725
6.40428181158521	5.84442138671875	1446960975730
6.321171565966098	5.69683837890625	1446960975735
6.188047409170201	5.5802001953125	1446960975739
6.083402852885406	5.470703125	1446960975744
5.857157264567329	5.3040771484375	1446960975749
5.695133533567652	5.1279296875	1446960975755
5.460900670792547	4.95654296875	1446960975759
5.1354895581691435	4.74468994140625	1446960975764
4.774169926093503	4.509033203125	1446960975769
4.478051931992554	4.32574462890625	1446960975774
4.331811713301625	4.261474609375	1446960975779
4.453742320711492	4.251953125	1446960975784
4.856185246552183	4.30670166015625	1446960975789
5.423923644004154	4.31146240234375	1446960975794
6.279934753367279	4.528076171875	1446960975799
7.409449453211215	4.9327392578125	1446960975804
8.647206709243667	5.4326171875	1446960975809
10.32356370377274	5.880126953125	1446960975814
12.476455364399188	6.41094970703125	1446960975819
14.854505698159526	6.97747802734375	1446960975824
16.957456489804606	7.3321533203125	1446960975829
18.751335290937778	7.422607421875	1446960975834
20.018323589772912	7.16552734375	1446960975839
21.114224671646408	6.76800537109375	1446960975844
21.764233458737895	6.48236083984375	1446960975849
21.922956243490923	6.26812744140625	1446960975854
22.150036215322427	6.2705078125	1446960975859
22.377491280984735	6.42999267578125	1446960975864
22.499495080129055	6.66802978515625	1446960975869
22.325424073782536	6.5418701171875	1446960975874
CadenceDetector: Step (Peak): 1446960975874
CadenceNotifier: Delta: 304
CadenceNotifier: CadenceChange: 156.25
21.90479680289963	6.06103515625	1446960975879
21.421444684412112	5.385009765625	1446960975886
21.011120482748613	4.7899169921875	1446960975889
20.599205285396543	4.26385498046875	1446960975894
20.263157162448806	3.72589111328125	1446960975899
19.97423527725495	2.8665771484375	1446960975904
19.775582105451313	1.7620849609375	1446960975909
19.719774657146736	0.5528564453125	1446960975914
19.839404885511534	-0.5992431640625	1446960975919
20.10282832020511	-1.64898681640625	1446960975924
20.45116005002934	-2.63446044921875	1446960975929
19.855911497400182	-3.40093994140625	1446960975934
16.655796224979085	-4.03173828125	1446960975939
13.926661640430947	-4.4173583984375	1446960975944
11.658834482850725	-4.68634033203125	1446960975949
9.762595685662971	-4.764892578125	1446960975954
8.14345747465325	-4.726806640625	1446960975959
6.904536907499934	-4.62921142578125	1446960975964
6.0226586938046305	-4.536376953125	1446960975969
5.291307022499915	-4.44354248046875	1446960975975
4.93636841339554	-4.3935546875	1446960975979
4.85208173916912	-4.31500244140625	1446960975984
5.059375088715751	-4.3316650390625	1446960975989
5.4238497872421405	-4.39593505859375	1446960975994
5.828927264788742	-4.47686767578125	1446960975999
6.135534655416344	-4.54351806640625	1446960976004
6.445107816513035	-4.56732177734375	1446960976009
6.593688775099361	-4.49591064453125	1446960976014
6.748071130389469	-4.51019287109375	1446960976019
6.877324871288577	-4.5506591796875	1446960976024
6.871064167547954	-4.56494140625	1446960976029
6.920530053413376	-4.66253662109375	1446960976034
6.891164083816596	-4.736328125	1446960976039
6.985795100653334	-4.91961669921875	1446960976044
6.9769170941217835	-5.01007080078125	1446960976049
7.047751016155308	-5.11956787109375	1446960976054
7.192191419706166	-5.193359375	1446960976059
7.267955987112036	-5.2742919921875	1446960976064
7.329020145915178	-5.30999755859375	1446960976069
7.4738161145587885	-5.36474609375	1446960976074
7.567370093831913	-5.36474609375	1446960976079
7.639347280357391	-5.3885498046875	1446960976084
7.637603677228092	-5.41949462890625	1446960976088
7.595106505161141	-5.42901611328125	1446960976093
7.514131856520236	-5.38616943359375	1446960976098
7.455456264094376	-5.40045166015625	1446960976103
7.690290446110808	-5.59564208984375	1446960976108
7.952511978040638	-5.8408203125	1446960976113
8.224840732843536	-6.08837890625	1446960976118
8.25875763038853	-6.22406005859375	1446960976123
8.154414585614488	-6.22406005859375	1446960976128
7.897780045034405	-6.1883544921875	1446960976133
7.733036397157148	-6.155029296875	1446960976138
7.7524507208169515	-6.19073486328125	1446960976143
7.969853649384099	-6.20501708984375	1446960976148
8.27583989982915	-6.06695556640625	1446960976153
8.865606047079366	-5.72894287109375	1446960976158
10.271606513643386	-5.11004638671875	1446960976163
12.739090529442302	-4.07696533203125	1446960976168
15.876970805191332	-2.75347900390625	1446960976173
19.419686868181632	-1.13720703125	1446960976178
19.73595180432292	0.52667236328125	1446960976183
19.803777077694356	2.08819580078125	1446960976188
20.01881196740734	3.4949951171875	1446960976193
20.390671297649735	4.60662841796875	1446960976198
20.923028377656056	5.5040283203125	1446960976203
21.56553118623822	6.28240966796875	1446960976208
22.28860696640858	7.136962890625	1446960976213
22.989071388863305	8.14385986328125	1446960976218
23.644925304425968	9.2269287109375	1446960976223
24.107729507767154	10.31475830078125	1446960976228
24.305027185905036	11.08837890625	1446960976233
24.269944112148433	11.5787353515625	1446960976238
CadenceDetector: Step (Peak): 1446960976238
CadenceNotifier: Delta: 365
CadenceNotifier: CadenceChange: 158.87025595763458
24.10001743618904	11.85723876953125	1446960976243
23.72134414367578	11.75726318359375	1446960976248
23.422829293001286	11.5882568359375	1446960976255
23.140735534527373	11.35498046875	1446960976259
22.826956348783952	10.96221923828125	1446960976263
22.543712708306213	10.54803466796875	1446960976268
22.110491029236464	10.1885986328125	1446960976273
20.420364822617998	9.9410400390625	1446960976278
19.065712038201685	9.7601318359375	1446960976288
18.081372190301064	9.60064697265625	1446960976288
17.373038503872397	9.50067138671875	1446960976293
16.98208816625049	9.41973876953125	1446960976298
16.874850422122595	9.4173583984375	1446960976303
16.819245317078266	9.45782470703125	1446960976308
16.66984451438153	9.46258544921875	1446960976313
16.567782549816688	9.41259765625	1446960976318
16.370039934784074	9.26263427734375	1446960976323
16.00856804964945	9.079345703125	1446960976328
15.525729552139156	8.75799560546875	1446960976333
15.040945665725648	8.5318603515625	1446960976338
14.475250301796377	8.2652587890625	1446960976343
13.803941432863962	8.070068359375	1446960976348
13.086633464655417	7.860595703125	1446960976353
12.476258422406092	7.7130126953125	1446960976358
11.834031218245821	7.517822265625	1446960976363
11.207970185188433	7.3226318359375	1446960976368
10.616471851167196	7.09649658203125	1446960976373
10.094319385693485	6.89892578125	1446960976378
9.497653709146858	6.63232421875	1446960976383
8.978455691506303	6.413330078125	1446960976388
8.381157731246978	6.0848388671875	1446960976393
7.8579364123392	5.85394287109375	1446960976398
7.328851793497906	5.65399169921875	1446960976403
6.912549376546486	5.4468994140625	1446960976408
6.584786919073378	5.27789306640625	1446960976413
6.411740560935072	5.20172119140625	1446960976418
6.393186205883817	5.15887451171875	1446960976423
6.471887726708066	5.166015625	1446960976428
6.595092481917859	5.13983154296875	1446960976433
6.733351995077683	5.118408203125	1446960976438
6.873180829112324	5.0517578125	1446960976443
7.178780862805366	5.00653076171875	1446960976448
7.7734249475062684	5.12078857421875	1446960976453
8.592399770763294	5.2564697265625	1446960976458
9.44557212505754	5.40643310546875	1446960976463
10.055914719442029	5.34454345703125	1446960976468
10.517070398288803	5.1612548828125	1446960976473
10.801324694934385	4.92083740234375	1446960976478
11.169622975448016	4.61138916015625	1446960976483
11.589397484958539	4.50189208984375	1446960976488
12.084924000047819	4.394775390625	1446960976493
12.570674667394421	4.328125	1446960976498
13.165518913626054	4.32574462890625	1446960976503
13.781690864760172	4.29718017578125	1446960976508
14.588587444839083	4.17816162109375	1446960976513
15.683569545158589	4.09722900390625	1446960976518
17.03790092819453	4.0186767578125	1446960976523
18.394291094325162	3.747314453125	1446960976528
19.614105206619524	3.4140625	1446960976533
20.182896940329133	2.73565673828125	1446960976537
20.040466427806308	1.890625	1446960976543
CadenceDetector: Step (Peak): 1446960976543
CadenceNotifier: Delta: 304
CadenceNotifier: CadenceChange: 167.01461377870564
19.91547978886969	1.14556884765625	1446960976548
19.803877188502828	0.53143310546875	1446960976555
19.725908206496644	0.1148681640625	1446960976558
19.69439969351824	-0.39691162109375	1446960976563
19.743195357929757	-0.91583251953125	1446960976568
19.86665157553874	-1.28955078125	1446960976573
20.0110687840688	-1.55853271484375	1446960976578
20.096993467361187	-1.47760009765625	1446960976583
20.0769619226455	-1.28240966796875	1446960976587
20.050473610301818	-1.27288818359375	1446960976592
20.015954395414365	-1.241943359375	1446960976598
19.958937137140314	-1.127685546875	1446960976602
19.93058338212737	-1.16339111328125	1446960976607
19.96123650336462	-1.4466552734375	1446960976612
20.001579175954827	-1.7418212890625	1446960976617
19.17446923656441	-1.89654541015625	1446960976622
17.30880380370589	-2.14886474609375	1446960976627
15.28284472496981	-2.3702392578125	1446960976633
13.159602757776385	-2.49639892578125	1446960976637
11.111468616534236	-2.61065673828125	1446960976642
9.212580025975182	-2.689208984375	1446960976647
7.595067601583795	-2.803466796875	1446960976652
6.247308157153242	-2.83441162109375	1446960976657
5.189363303073876	-2.7701416015625	1446960976662
4.366658327892712	-2.6558837890625	1446960976667
3.6177069586649826	-2.5321044921875	1446960976672
3.0569362176389054	-2.3988037109375	1446960976677
2.7340532776478463	-2.375	1446960976682
2.6025794924750123	-2.38214111328125	1446960976687
2.574326543195438	-2.42498779296875	1446960976692
2.6766566802737857	-2.47259521484375	1446960976697
2.8777620989131503	-2.5130615234375	1446960976702
3.0752517785336213	-2.55352783203125	1446960976707
3.38194242916846	-2.66064453125	1446960976712
3.6689743378006154	-2.74871826171875	1446960976717
3.9410636468989324	-2.84393310546875	1446960976722
4.187665823427252	-3.00579833984375	1446960976727
4.379684598051323	-3.1510009765625	1446960976733
4.748183979812162	-3.31048583984375	1446960976737
5.018981876371667	-3.44378662109375	1446960976742
5.280061812386026	-3.5556640625	1446960976747
5.550681714405238	-3.7318115234375	1446960976752
5.71440125905182	-3.9698486328125	1446960976757
5.667530252783248	-4.1412353515625	1446960976762
5.530501238645096	-4.29833984375	1446960976767
5.505766183522707	-4.49114990234375	1446960976772
5.501868188868177	-4.650634765625	1446960976777
5.531761490720704	-4.8125	1446960976782
5.5252221051824	-4.9029541015625	1446960976787
5.609850710170685	-5.01959228515625	1446960976792
5.942978990723414	-5.22430419921875	1446960976797
6.42188350513123	-5.50518798828125	1446960976802
7.130767125758988	-5.83843994140625	1446960976807
8.017822411590224	-6.30975341796875	1446960976812
8.862123924768479	-6.77154541015625	1446960976817
9.722735235352518	-7.25714111328125	1446960976822
10.335956738867933	-7.6546630859375	1446960976827
10.896957989443214	-8.0355224609375	1446960976832
11.17871566609944	-8.29498291015625	1446960976837
11.558839062035924	-8.62347412109375	1446960976842
12.164374699811322	-9.154296875	1446960976847
12.835423522349485	-9.8350830078125	1446960976852
13.548569438999383	-10.572998046875	1446960976857
13.944320804908122	-11.18951416015625	1446960976862
13.845888355902257	-11.5679931640625	1446960976867
13.364823289658165	-11.8060302734375	1446960976872
12.477746148477896	-11.7679443359375	1446960976877
11.676173239986765	-11.64892578125	1446960976882
11.884859662528294	-11.00146484375	1446960976887
15.422131600186422	-9.468505859375	1446960976892
21.138080156931085	-6.535888671875	1446960976897
20.440056986176835	-1.7703857421875	1446960976902
20.9847181677741	4.3900146484375	1446960976907
22.712561796398095	9.9267578125	1446960976912
24.389201061137953	13.687744140625	1446960976917
25.29281903135144	15.4444580078125	1446960976922
25.88625133557276	16.32757568359375	1446960976927
26.49853560057693	17.06072998046875	1446960976932
26.65621152710437	16.8822021484375	1446960976937
27.122391852270237	17.0631103515625	1446960976942
27.317560667979105	17.04644775390625	1446960976947
26.940910023539885	16.40850830078125	1446960976952
CadenceDetector: Step (Peak): 1446960976952
CadenceNotifier: Delta: 409
CadenceNotifier: CadenceChange: 173.66136034732273
26.01719058806989	15.039794921875	1446960976957
24.934252340793485	13.3878173828125	1446960976961
24.035666889017534	11.9976806640625	1446960976969
23.41355657290455	10.99554443359375	1446960976972
22.502307388819798	10.25286865234375	1446960976977
19.242837583139714	9.58636474609375	1446960976982
16.48904197121364	8.927001953125	1446960976987
14.359687842409631	8.44378662109375	1446960976991
12.929694417063153	8.14385986328125	1446960976996
12.296373767557775	8.10577392578125	1446960977001
12.265271774343661	8.18194580078125	1446960977006
12.677397692393999	8.35333251953125	1446960977011
13.17971197240958	8.45330810546875	1446960977016
13.545706305010299	8.52471923828125	1446960977021
13.445614642117075	8.39617919921875	1446960977026
13.147135311570953	8.2509765625	1446960977032
12.63960861592547	8.06292724609375	1446960977036
11.824635653068293	7.75347900390625	1446960977041
10.932943586937162	7.35357666015625	1446960977046
9.986817268545838	6.89178466796875	1446960977051
9.0370758233711	6.4466552734375	1446960977057
8.075330610940409	6.06341552734375	1446960977061
7.2138216601070315	5.78253173828125	1446960977066
6.477077011680044	5.5325927734375	1446960977071
5.933772780758241	5.40167236328125	1446960977076
5.524697170691613	5.24456787109375	1446960977081
5.1803612523698535	5.0517578125	1446960977086
4.84752083492899	4.7803955078125	1446960977091
4.591495581636445	4.52093505859375	1446960977096
4.41104624129437	4.30670166015625	1446960977101
4.347000338564771	4.15911865234375	1446960977106
4.391639592166378	4.0186767578125	1446960977111
4.4259478157279935	3.794921875	1446960977116
4.6595593378781075	3.7330322265625	1446960977121
4.934598816885193	3.7520751953125	1446960977126
5.212276309921847	3.67828369140625	1446960977131
5.549368462882713	3.6663818359375	1446960977136
5.789079531881533	3.52117919921875	1446960977141
5.970799576293353	3.32122802734375	1446960977146
5.918775487373511	3.176025390625	1446960977151
5.710103923185104	3.033203125	1446960977156
5.254039446589706	2.84991455078125	1446960977161
4.663151082212959	2.7427978515625	1446960977166
3.9941442115658	2.7904052734375	1446960977171
3.74138455288679	3.01654052734375	1446960977176
3.93361397258467	3.31170654296875	1446960977181
4.3972870355049505	3.65924072265625	1446960977186
4.887038116902325	3.92584228515625	1446960977191
5.526287092538303	4.08294677734375	1446960977196
6.554643770878076	4.34478759765625	1446960977201
8.421290536894587	4.870849609375	1446960977206
10.96433124217846	5.44451904296875	1446960977211
14.420480166077583	6.1419677734375	1446960977216
18.490512378423684	6.9608154296875	1446960977221
21.910117199103887	7.784423828125	1446960977226
22.266586117925005	8.4747314453125	1446960977231
22.399601693165202	8.8746337890625	1446960977236
22.2126406530965	8.9888916015625	1446960977241
21.88327134797065	8.91748046875	1446960977246
CadenceDetector: Step (Peak): 1446960977246
CadenceNotifier: Delta: 294
CadenceNotifier: CadenceChange: 174.9271137026239
21.669863645959715	8.92462158203125	1446960977253
21.58635213229914	8.81988525390625	1446960977256
21.66089451846757	8.5128173828125	1446960977261
21.8974430158861	8.00103759765625	1446960977266
22.283202389588695	7.20599365234375	1446960977271
22.713065904982397	6.06103515625	1446960977276
23.07522926129698	4.5899658203125	1446960977284
23.353022101232582	2.95941162109375	1446960977286
23.328253844495652	1.271728515625	1446960977291
23.05802953173953	-0.2802734375	1446960977296
22.61092588076658	-1.65850830078125	1446960977301
22.0737363016426	-2.7320556640625	1446960977306
21.024860388533142	-3.565185546875	1446960977311
17.90927911317326	-4.1412353515625	1446960977316
15.465470727363885	-4.60064697265625	1446960977321
13.602180043209298	-4.898193359375	1446960977326
12.062111539050871	-4.974365234375	1446960977331
10.62882211521369	-4.97674560546875	1446960977336
9.160965031036524	-5.041015625	1446960977341
7.86523796929099	-5.221923828125	1446960977346
6.80547540967071	-5.40283203125	1446960977351
6.046114893606703	-5.54803466796875	1446960977356
5.801601561851111	-5.7598876953125	1446960977361
6.009842261808098	-5.95745849609375	1446960977366
6.577209764154324	-6.2359619140625	1446960977371
7.214925604768599	-6.4739990234375	1446960977376
7.87052790671725	-6.707275390625	1446960977381
8.388484086945125	-6.83343505859375	1446960977386
8.745170050250398	-6.92626953125	1446960977391
8.79112788310974	-6.74774169921875	1446960977395
8.561334585779354	-6.497802734375	1446960977401
8.362793239993414	-6.28594970703125	1446960977406
8.231105603465622	-6.1217041015625	1446960977411
8.144740252205903	-6.05267333984375	1446960977416
8.109010218217179	-6.07171630859375	1446960977421
8.143246878365202	-6.0740966796875	1446960977426
8.113354067049217	-6.09552001953125	1446960977430
8.02759247167416	-6.07171630859375	1446960977435
7.996687703701846	-6.03839111328125	1446960977440
7.988918770370782	-5.95269775390625	1446960977445
8.036199409451937	-5.92889404296875	1446960977450
7.980391177416242	-5.90032958984375	1446960977455
7.846579746260889	-5.89080810546875	1446960977460
7.638157877680327	-5.80511474609375	1446960977465
7.39386160763884	-5.74322509765625	1446960977470
7.1305218066097265	-5.5885009765625	1446960977475
6.868643243008338	-5.46710205078125	1446960977480
6.77778873173165	-5.4456787109375	1446960977485
6.717185827756752	-5.4647216796875	1446960977490
6.600664291930552	-5.498046875	1446960977495
6.336981511947505	-5.3218994140625	1446960977500
6.302079495295904	-5.32904052734375	1446960977505
6.38480123374385	-5.40521240234375	1446960977510
6.433399444555129	-5.49566650390625	1446960977515
6.473047385605789	-5.640869140625	1446960977520
6.456831893022037	-5.736083984375	1446960977525
6.453476241713118	-5.76702880859375	1446960977530
6.27754576586239	-5.65277099609375	1446960977535
6.158637793176866	-5.50518798828125	1446960977540
6.151286106423857	-5.09100341796875	1446960977545
6.598583414557765	-4.5697021484375	1446960977550
7.8365773051539245	-3.8460693359375	1446960977555
10.193069512143481	-2.93438720703125	1446960977560
13.591662660993855	-1.5609130859375	1446960977565
17.9023433139809	0.5147705078125	1446960977570
19.916231940637328	2.9427490234375	1446960977575
20.45041009413222	5.5230712890625	1446960977580
21.200157719724682	7.85345458984375	1446960977585
22.022718237219646	9.8458251953125	1446960977590
22.849912431239964	11.5501708984375	1446960977595
23.62882998049671	12.95458984375	1446960977600
24.3170550604231	14.0543212890625	1446960977605
24.90989249735888	14.916015625	1446960977610
25.3786916002712	15.54681396484375	1446960977615
25.63133881609833	15.87530517578125	1446960977620
25.618481172434443	15.80865478515625	1446960977625
CadenceDetector: Step (Peak): 1446960977625
CadenceNotifier: Delta: 379
CadenceNotifier: CadenceChange: 173.16017316017317
25.523294393581143	15.6539306640625	1446960977630
25.42110734327606	15.47540283203125	1446960977639
25.22974982975438	15.14453125	1446960977640
25.029931455585245	14.78271484375	1446960977645
24.863123494546393	14.506591796875	1446960977650
24.713855512222235	14.278076171875	1446960977655
24.544911123423887	14.00433349609375	1446960977660
24.426236293118123	13.9019775390625	1446960977665
24.163465793684413	13.62109375	1446960977670
23.914823591037827	13.344970703125	1446960977675
23.72531786479855	13.12359619140625	1446960977680
23.499611907436048	12.78558349609375	1446960977685
23.218817629964743	12.297607421875	1446960977690
22.684222349	11.7596435546875	1446960977695
21.532290120248142	11.1978759765625	1446960977699
20.2943773414863	10.56707763671875	1446960977704
19.0583795324454	9.9029541015625	1446960977709
17.747668502944663	9.29595947265625	1446960977714
16.641220233720787	8.68182373046875	1446960977719
15.55278222568941	8.06768798828125	1446960977725
14.425461571471581	7.52734375	1446960977729
13.27282954673992	6.97271728515625	1446960977734
12.238408211505877	6.48712158203125	1446960977739
11.613237952979018	6.23956298828125	1446960977744
11.268414395144836	6.05389404296875	1446960977749
11.197485245626133	6.02532958984375	1446960977754
11.215207606443819	5.99676513671875	1446960977759
11.099571417726095	5.84918212890625	1446960977764
10.767384725846444	5.480224609375	1446960977769
10.366494111891196	4.95892333984375	1446960977774
9.93324082541406	4.55902099609375	1446960977779
9.546904682835267	4.4423828125	1446960977784
9.161042749114994	4.46380615234375	1446960977789
8.423476296144404	4.413818359375	1446960977794
7.475567188230084	4.17578125	1446960977799
6.414493463349006	3.68304443359375	1446960977804
5.450260665648174	2.90704345703125	1446960977809
4.666858581308596	2.166748046875	1446960977814
3.9898591039273743	1.43597412109375	1446960977819
3.35139229305186	0.76470947265625	1446960977824
2.83240190797534	0.1719970703125	1446960977829
2.653800427275992	-0.22076416015625	1446960977834
2.599522199618207	-0.42547607421875	1446960977839
2.82485240526751	-0.47308349609375	1446960977844
3.2867376546361964	-0.49688720703125	1446960977849
3.875813131768601	-0.4754638671875	1446960977854
4.604149172481958	-0.55877685546875	1446960977859
5.240375076795232	-0.5611572265625	1446960977864
6.026288438093774	-0.53973388671875	1446960977869
6.7747983237348635	-0.48736572265625	1446960977874
7.54899110687523	-0.38262939453125	1446960977879
8.611060553294395	-0.2850341796875	1446960977884
9.81477544365592	-0.13031005859375	1446960977889
11.108360531134434	0.06488037109375	1446960977894
12.284031176761093	0.2196044921875	1446960977899
13.332122249836534	0.2576904296875	1446960977904
14.072285050996546	0.18865966796875	1446960977909
14.741038911252584	-0.10174560546875	1446960977914
15.132517312372128	-0.39691162109375	1446960977919
15.376584801079236	-0.784912109375	1446960977924
15.721858720728873	-0.8134765625	1446960977929
16.005333608310636	-0.61114501953125	1446960977934
16.41117066209742	-0.3897705078125	1446960977939
16.779846047412082	-0.2850341796875	1446960977944
17.173643831391153	-0.156494140625	1446960977949
17.464569998512275	-0.14697265625	1446960977954
17.65684094756786	-0.1136474609375	1446960977959
17.72627779554344	-0.08270263671875	1446960977964
17.55672767563392	-0.1993408203125	1446960977969
CadenceDetector: Step (Peak): 1446960977969
CadenceNotifier: Delta: 344
CadenceNotifier: CadenceChange: 168.30294530154276
17.065966321321365	-0.365966796875	1446960977974
16.291620903997025	-0.58734130859375	1446960977979
15.462045495201302	-0.8372802734375	1446960977984
14.312582898994687	-0.98486328125	1446960977989
13.173311656164364	-1.1895751953125	1446960977994
11.976436881181789	-1.2705078125	1446960977999
10.843806788273232	-1.375244140625	1446960978004
9.678413177883751	-1.52044677734375	1446960978009
8.614974504518031	-1.72515869140625	1446960978014
7.62784762987604	-1.8941650390625	1446960978019
6.737934488776089	-1.98699951171875	1446960978024
5.951253022150682	-2.06793212890625	1446960978029
5.2711754285802135	-2.213134765625	1446960978034
4.660823456225694	-2.375	1446960978039
4.177131745714706	-2.5797119140625	1446960978044
3.947068349075499	-2.8653564453125	1446960978049
3.985592281608807	-3.2462158203125	1446960978054
4.12252260102845	-3.64373779296875	1446960978059
4.280617283578213	-3.9698486328125	1446960978064
4.465160233424001	-4.21502685546875	1446960978069
4.681938165437822	-4.43878173828125	1446960978074
4.876250193192577	-4.612548828125	1446960978078
5.171761694043158	-4.83868408203125	1446960978083
5.447064375250079	-5.01007080078125	1446960978089
5.783075609934315	-5.2076416015625	1446960978094
6.014174800343798	-5.336181640625	1446960978116
6.219727088918767	-5.336181640625	1446960978116
6.459961841382074	-5.40521240234375	1446960978116
6.5611118465791005	-5.40521240234375	1446960978116
6.629542122402819	-5.37188720703125	1446960978119
6.678565537136415	-5.30523681640625	1446960978123
6.706814859032283	-5.16241455078125	1446960978128
6.683372495794956	-5.0362548828125	1446960978133
6.7329126382822215	-4.85296630859375	1446960978139
6.822634712453147	-4.62921142578125	1446960978143
6.868671010389242	-4.326904296875	1446960978148
6.87492363351232	-4.03173828125	1446960978153
6.881744455967352	-3.71514892578125	1446960978158
6.948548846688841	-3.5604248046875	1446960978163
7.102696841150905	-3.38665771484375	1446960978168
7.265229066656916	-3.1795654296875	1446960978173
7.437723186196693	-2.99151611328125	1446960978178
7.6509183604289275	-2.7225341796875	1446960978183
8.015270015762546	-2.5321044921875	1446960978188
8.666054461469864	-2.28216552734375	1446960978193
9.6468685001475	-1.92987060546875	1446960978198
10.826303539633818	-1.51568603515625	1446960978203
11.97845650650277	-1.089599609375	1446960978208
13.073515284046952	-0.52069091796875	1446960978213
14.03990080860321	0.1529541015625	1446960978218
14.713359052013102	0.90753173828125	1446960978223
15.286112659430156	1.71209716796875	1446960978228
15.92198182793069	2.728515625	1446960978233
16.853461602873242	3.9044189453125	1446960978238
18.320118335436405	5.2041015625	1446960978243
20.43956617408037	6.63946533203125	1446960978248
21.388983257771777	8.1033935546875	1446960978253
22.14613200300422	9.498291015625	1446960978258
23.114241204331762	11.04315185546875	1446960978263
24.185091214285936	12.526123046875	1446960978268
25.21997714643815	13.93292236328125	1446960978273
25.949500940388994	14.89697265625	1446960978278
26.32152957097483	15.40875244140625	1446960978285
26.354926787273584	15.63726806640625	1446960978288
26.152016327920457	15.58013916015625	1446960978293
CadenceDetector: Step (Peak): 1446960978293
CadenceNotifier: Delta: 325
CadenceNotifier: CadenceChange: 178.83755588673623
25.82769800531905	15.35638427734375	1446960978298
25.53897980896035	15.14215087890625	1446960978305
25.367927989589287	14.9493408203125	1446960978309
25.152287885130573	14.6541748046875	1446960978313
24.940917147179327	14.2828369140625	1446960978318
24.588819289407947	13.69012451171875	1446960978323
24.116583136866357	12.91412353515625	1446960978328
23.67669205385046	12.26904296875	1446960978333
23.228422800952092	11.64776611328125	1446960978338
22.513024537745615	11.10504150390625	1446960978343
20.82826408796349	10.59326171875	1446960978348
19.379919829571115	10.11480712890625	1446960978353
18.026199284221367	9.70062255859375	1446960978358
16.844090818931054	9.2650146484375	1446960978363
15.720805008202117	8.87225341796875	1446960978368
14.687176109267323	8.5032958984375	1446960978373
13.714661390804588	8.12957763671875	1446960978378
12.703094243058795	7.70587158203125	1446960978383
11.770698270680656	7.27264404296875	1446960978388
10.835979578100908	6.85845947265625	1446960978393
9.929433958640463	6.4371337890625	1446960978398
9.091543318209562	6.06103515625	1446960978403
8.419600007706682	5.69683837890625	1446960978408
7.7157903816764914	5.31597900390625	1446960978413
7.089984458076805	4.9803466796875	1446960978418
6.5389215580109985	4.6280517578125	1446960978423
6.079277941374141	4.27337646484375	1446960978428
5.54563734317315	3.9139404296875	1446960978433
5.150045614369132	3.57830810546875	1446960978438
4.722716797208046	3.252197265625	1446960978443
4.3773079361117295	2.98321533203125	1446960978448
4.232271609353113	2.7713623046875	1446960978453
4.3476605022511166	2.642822265625	1446960978458
4.935254911374544	2.7142333984375	1446960978463
5.794712738777575	2.85467529296875	1446960978468
6.57708711186686	2.890380859375	1446960978473
7.394991937376788	2.880859375	1446960978478
8.43902411632087	2.98321533203125	1446960978482
9.760502153226996	3.12127685546875	1446960978488
11.249960329530976	3.442626953125	1446960978492
12.687192167903314	3.72113037109375	1446960978497
14.097750351076279	3.95440673828125	1446960978503
15.137060215551717	4.013916015625	1446960978507
15.741017482575383	3.87109375	1446960978513
16.07374757471446	3.70208740234375	1446960978517
16.512961511240338	3.7235107421875	1446960978523
17.16853382965507	3.89251708984375	1446960978527
18.04141946219746	4.17340087890625	1446960978532
18.88637619652827	4.34716796875	1446960978537
19.747111389198224	4.27099609375	1446960978542
20.187100598945324	4.0472412109375	1446960978547
20.123043151071766	3.54022216796875	1446960978552
CadenceDetector: Step (Peak): 1446960978553
CadenceNotifier: Delta: 259
CadenceNotifier: CadenceChange: 183.6266258607498
20.029965704750506	2.81658935546875	1446960978558
19.19781603571958	1.8763427734375	1446960978563
17.77154460147091	0.91705322265625	1446960978567
16.191168905218014	-0.0469970703125	1446960978573
14.79298444882733	-0.8515625	1446960978578
13.311867540842083	-1.68231201171875	1446960978583
11.743944294570506	-2.44879150390625	1446960978588
10.347708393301167	-2.8748779296875	1446960978592
9.024556697100204	-3.165283203125	1446960978597
7.862925356158639	-3.21051025390625	1446960978602
7.059604169060848	-2.9986572265625	1446960978607
6.864749007970929	-2.4749755859375	1446960978612
7.664661404439632	-2.03936767578125	1446960978617
8.968050757053314	-1.4609375	1446960978622
10.587323950984544	-0.8896484375	1446960978627
11.934634237195876	-0.2945556640625	1446960978632
13.01229957520066	0.03155517578125	1446960978637
13.755465782956835	0.1053466796875	1446960978642
14.398941321364438	0.23626708984375	1446960978647
14.701076254276174	0.338623046875	1446960978652
14.988232354515162	0.42669677734375	1446960978657
15.117813246158281	0.3909912109375	1446960978663
14.806279594463128	0.21246337890625	1446960978667
13.605132420987509	-0.11602783203125	1446960978672
11.832846441364511	-0.63018798828125	1446960978677
10.016847515371017	-0.98486328125	1446960978682
8.32421753504132	-1.394287109375	1446960978687
6.713175611301998	-1.72991943359375	1446960978692
5.390985285015437	-2.09173583984375	1446960978697
4.405939666920684	-2.33453369140625	1446960978702
3.763034983095347	-2.5321044921875	1446960978707
3.5283350176429553	-2.6939697265625	1446960978712
3.4553068918797023	-2.8558349609375	1446960978717
3.4329805240524798	-2.95343017578125	1446960978722
3.4124893640217184	-3.0367431640625	1446960978727
3.4714198686256554	-3.0938720703125	1446960978732
3.6025474991406194	-3.15338134765625	1446960978737
3.7514852882038197	-3.1605224609375	1446960978743
3.8408577041166194	-3.14385986328125	1446960978747
4.034691496870136	-3.21051025390625	1446960978752
4.230780103217706	-3.29620361328125	1446960978757
4.450339129081658	-3.2890625	1446960978762
4.635051706333805	-3.21051025390625	1446960978767
4.721143684936069	-3.1129150390625	1446960978772
4.773812682081204	-3.08673095703125	1446960978777
4.8515677537722635	-3.1319580078125	1446960978782
4.958442723692758	-3.19622802734375	1446960978787
5.0335013408238325	-3.30810546875	1446960978792
5.099709170256069	-3.34857177734375	1446960978797
5.126236517756845	-3.41046142578125	1446960978802
5.066417315335165	-3.41046142578125	1446960978807
5.128612023160443	-3.49615478515625	1446960978812
5.117588841669149	-3.584228515625	1446960978817
5.1600540048894725	-3.6270751953125	1446960978822
5.250119257893836	-3.6461181640625	1446960978827
5.437630470368729	-3.68658447265625	1446960978832
5.457914712962134	-3.8079833984375	1446960978837
5.649417225305996	-4.06268310546875	1446960978842
5.9049446677175705	-4.35308837890625	1446960978847
6.120503441656761	-4.52685546875	1446960978852
6.392646704337815	-4.6744384765625	1446960978857
6.7919250036059635	-4.91009521484375	1446960978862
7.308551872902219	-5.2266845703125	1446960978867
8.022231247949065	-5.7218017578125	1446960978872
8.706296400053967	-6.26690673828125	1446960978877
9.424851989531046	-6.9024658203125	1446960978882
9.902463870441517	-7.43804931640625	1446960978887
10.423067154341632	-7.90460205078125	1446960978892
11.00060839382982	-8.3878173828125	1446960978897
11.579696685393424	-8.80438232421875	1446960978902
11.9373465905163	-9.15667724609375	1446960978907
12.222902623258946	-9.5780029296875	1446960978912
12.617851633614098	-9.6494140625	1446960978917
13.507023229716385	-9.1923828125	1446960978922
15.484321444359674	-8.1259765625	1446960978927
18.44062494256424	-6.7406005859375	1446960978932
20.656178013210212	-5.02197265625	1446960978937
20.182227721888495	-3.012939453125	1446960978942
19.893788069128576	-0.78729248046875	1446960978947
19.80812922975926	1.24554443359375	1446960978952
CadenceDetector: Step (Peak): 1446960978952
CadenceNotifier: Delta: 399
CadenceNotifier: CadenceChange: 180.85908063300678
19.898909117777553	2.7904052734375	1446960978957
20.049530912320513	3.74969482421875	1446960978962
20.285554133340174	4.72802734375	1446960978966
20.558641424883493	5.72540283203125	1446960978973
20.893275005167393	6.841796875	1446960978977
21.245635960059435	7.8843994140625	1446960978982
21.579379917389936	8.76751708984375	1446960978987
21.832956926246258	9.3792724609375	1446960978992
21.971776360982346	9.66253662109375	1446960978996
22.045935293623067	9.764892578125	1446960979001
22.166057729157984	9.8743896484375	1446960979006
22.340885879326425	10.08624267578125	1446960979011
22.595860450059515	10.39569091796875	1446960979016
22.831072660423427	10.65277099609375	1446960979021
23.003655563309756	10.7789306640625	1446960979026
23.21509660335076	10.907470703125	1446960979031
23.429731064266946	11.07171630859375	1446960979036
23.657428832326165	11.21929931640625	1446960979041
23.91840261773616	11.20501708984375	1446960979046
23.978707232863858	11.0264892578125	1446960979051
22.968806489548385	10.9027099609375	1446960979057
22.12616754663282	10.774169921875	1446960979061
21.450125190192363	10.602783203125	1446960979066
20.916973878923123	10.50042724609375	1446960979071
20.40491239537429	10.36236572265625	1446960979076
19.96795972889456	10.2552490234375	1446960979081
19.491590950989213	10.1790771484375	1446960979086
18.91603284093682	10.13623046875	1446960979091
18.22980627156409	9.9981689453125	1446960979096
17.55203280854703	9.85772705078125	1446960979101
16.91256822234017	9.64825439453125	1446960979106
16.344413682000553	9.555419921875	1446960979111
15.819197212197402	9.4173583984375	1446960979116
15.316783596999276	9.43878173828125	1446960979121
14.833646821344901	9.5220947265625	1446960979126
14.352727355951227	9.58160400390625	1446960979131
13.873999321113358	9.55780029296875	1446960979136
13.471157078744355	9.64111328125	1446960979141
13.097927067641013	9.71490478515625	1446960979146
12.782961816573755	9.83154296875	1446960979151
12.347114715586919	9.86724853515625	1446960979156
11.804464735311303	9.89581298828125	1446960979161
11.17215865687288	9.7886962890625	1446960979166
10.478951423646995	9.5697021484375	1446960979171
9.859047196929279	9.31500244140625	1446960979176
9.332482916094472	9.04364013671875	1446960979181
8.97500077221477	8.83416748046875	1446960979186
8.695210339569105	8.641357421875	1446960979191
8.267077614632294	8.25335693359375	1446960979196
7.8347935361670995	7.83203125	1446960979201
7.2775454277754665	7.26312255859375	1446960979206
6.606525757663538	6.5704345703125	1446960979211
5.934711068361692	5.90869140625	1446960979216
5.289842604869737	5.251708984375	1446960979221
4.9730836664416405	4.81134033203125	1446960979226
4.924722026262282	4.45428466796875	1446960979231
5.2186575690854555	4.43524169921875	1446960979236
6.110681868072199	4.8280029296875	1446960979241
7.274187711648174	5.39215087890625	1446960979247
8.552759458800075	5.7420654296875	1446960979251
10.211911520823566	6.18719482421875	1446960979256
12.02003928009252	6.56329345703125	1446960979261
13.88168196534907	6.57281494140625	1446960979266
15.864150559594677	6.44903564453125	1446960979271
18.08079201992075	6.21099853515625	1446960979276
20.599032254371885	6.25146484375	1446960979283
20.95619095605745	6.565673828125	1446960979286
21.211304492666898	6.7703857421875	1446960979291
21.347240949774424	6.7894287109375	1446960979296
21.319984411724157	6.5323486328125	1446960979301
CadenceDetector: Step (Peak): 1446960979309
CadenceNotifier: Delta: 357
CadenceNotifier: CadenceChange: 179.1044776119403
21.17899583351694	5.91107177734375	1446960979310
20.902629877348566	4.88275146484375	1446960979311
20.632705558709965	3.83062744140625	1446960979316
20.481468147707904	3.03082275390625	1446960979321
20.367960618717238	2.51904296875	1446960979326
20.19759808977886	1.94537353515625	1446960979331
19.944162911904954	1.205078125	1446960979336
19.710638231063466	0.2196044921875	1446960979341
19.791451212444606	-0.9658203125	1446960979346
20.351138593449292	-1.94891357421875	1446960979351
21.2146574588542	-2.708251953125	1446960979356
22.19147509008938	-3.3271484375	1446960979361
23.033645278200428	-4.13885498046875	1446960979366
23.610335343137944	-5.00531005859375	1446960979371
23.65779784676101	-5.84320068359375	1446960979376
20.211886753152157	-6.412109375	1446960979381
16.870805702878535	-6.6739501953125	1446960979386
13.808276765699313	-6.79296875	1446960979391
11.393064960401087	-6.69537353515625	1446960979396
9.824241802027847	-6.56207275390625	1446960979401
8.924950626717505	-6.45257568359375	1446960979406
8.408531362285755	-6.3692626953125	1446960979411
8.022327744442817	-6.4073486328125	1446960979416
7.758377393123633	-6.4739990234375	1446960979420
7.752577678621942	-6.70965576171875	1446960979425
7.752017845507524	-6.92864990234375	1446960979430
7.973046350680604	-7.21429443359375	1446960979435
8.166041750938525	-7.44281005859375	1446960979440
8.305157839731429	-7.5880126953125	1446960979445
8.254977046066424	-7.59515380859375	1446960979450
8.298267412290425	-7.70703125	1446960979455
8.177732421143283	-7.678466796875	1446960979460
8.07263744184924	-7.63323974609375	1446960979465
7.9879560693091385	-7.59039306640625	1446960979470
7.923153978529653	-7.545166015625	1446960979475
7.914882455934988	-7.53802490234375	1446960979480
7.98570923666363	-7.57611083984375	1446960979485
8.031908532270084	-7.564208984375	1446960979490
8.085579745310142	-7.5689697265625	1446960979495
8.131597406119853	-7.50469970703125	1446960979500
8.245808026712243	-7.49755859375	1446960979505
8.457515642731689	-7.53326416015625	1446960979510
8.836448788672216	-7.6641845703125	1446960979515
9.318135409323704	-7.811767578125	1446960979520
9.811484207171427	-7.926025390625	1446960979525
10.247783819423121	-8.05218505859375	1446960979530
10.83584169842116	-8.29022216796875	1446960979535
11.498910089620555	-8.725830078125	1446960979540
12.09170320148512	-9.0828857421875	1446960979545
12.685884446080694	-9.43994140625	1446960979550
13.21316036974061	-9.77081298828125	1446960979555
13.526034804033733	-9.99932861328125	1446960979560
13.667677667089606	-10.11834716796875	1446960979565
13.719781046433761	-10.268310546875	1446960979570
13.702145053021175	-10.41827392578125	1446960979575
13.86907836364124	-10.668212890625	1446960979580
13.987629542208527	-10.953857421875	1446960979585
14.22286658199788	-11.3394775390625	1446960979590
14.385861149746223	-11.67034912109375	1446960979595
14.447697117482214	-11.8822021484375	1446960979600
14.762393614268015	-12.1202392578125	1446960979605
15.312167987132824	-12.54156494140625	1446960979610
15.971182980338824	-13.0723876953125	1446960979615
16.410125153151892	-13.41754150390625	1446960979620
16.7696532500384	-13.55084228515625	1446960979625
17.385172377424528	-13.486572265625	1446960979630
18.97771069118372	-13.13665771484375	1446960979635
22.1424289424626	-12.25592041015625	1446960979640
22.682215189714746	-10.28497314453125	1446960979645
20.89554049823872	-6.9405517578125	1446960979650
CadenceDetector: Step (Peak): 1446960979650
CadenceNotifier: Delta: 341
CadenceNotifier: CadenceChange: 176.99115044247787
20.067086601375408	-2.6177978515625	1446960979657
20.54580841152839	1.65972900390625	1446960979660
21.97174027374304	6.051513671875	1446960979665
23.09398148631216	6.16815185546875	1446960979670
23.374286857287682	5.7896728515625	1446960979675
23.20105797427342	5.82061767578125	1446960979680
23.060975174673512	7.1131591796875	1446960979685
23.185116561050517	9.11981201171875	1446960979690
23.505862424786475	11.1597900390625	1446960979695
23.790295023036606	12.430908203125	1446960979700
23.778688574036696	12.77130126953125	1446960979705
23.45048228518852	12.30950927734375	1446960979710
22.952835022595977	11.402587890625	1446960979715
22.443077839722676	10.412353515625	1446960979720
22.101969355506203	9.67919921875	1446960979725
21.21178554410736	9.12933349609375	1446960979730
17.59271574795068	8.736572265625	1446960979735
14.587447646234308	8.39617919921875	1446960979740
12.362139565032695	8.16766357421875	1446960979745
11.32150811291574	8.2081298828125	1446960979750
10.993892780110695	8.66754150390625	1446960979755
10.803672099931557	9.17694091796875	1446960979760
10.671187971924432	9.5316162109375	1446960979765
10.62066021626022	9.822021484375	1446960979770
10.692307891588882	10.05767822265625	1446960979775
10.93396512340083	10.345703125	1446960979780
11.35084316922713	10.70989990234375	1446960979785
11.811482595222905	11.0645751953125	1446960979790
12.13745106580355	11.2930908203125	1446960979795
12.410874629385605	11.46923828125	1446960979800
12.416377072853038	11.3787841796875	1446960979805
12.410761156071485	11.2216796875	1446960979810
12.424233915911925	11.0550537109375	1446960979815
12.450703815385962	10.8170166015625	1446960979820
12.559581033573286	10.51947021484375	1446960979825
12.850611716947288	10.30999755859375	1446960979830
13.147843643042906	10.2266845703125	1446960979835
13.37679469337561	10.1171875	1446960979840
13.40443870274199	10.00531005859375	1446960979845
13.304238475452605	9.8172607421875	1446960979850
13.039292386311882	9.58160400390625	1446960979855
12.571923581699714	9.20074462890625	1446960979859
12.117540753220531	8.8460693359375	1446960979864
11.579024479477868	8.41046142578125	1446960979869
11.052213690737428	7.97247314453125	1446960979874
10.53017689012485	7.54876708984375	1446960979879
10.067370707945152	7.2750244140625	1446960979884
9.372359225417522	6.9322509765625	1446960979889
8.638202869003381	6.57757568359375	1446960979894
8.043292059315526	6.2276611328125	1446960979899
7.757213405123909	5.96343994140625	1446960979904
7.898104577828556	5.93011474609375	1446960979909
8.436683585112037	6.04437255859375	1446960979914
8.880668692162454	6.06103515625	1446960979919
9.319311087932572	6.11102294921875	1446960979924
9.917893754408222	6.3704833984375	1446960979929
10.381012851519417	6.52996826171875	1446960979934
11.233519755909839	6.8084716796875	1446960979939
12.62851087026382	7.32977294921875	1446960979944
14.480797035581933	7.9415283203125	1446960979949
16.965144973122456	8.793701171875	1446960979954
19.8593502298523	9.71966552734375	1446960979959
22.80863555882261	10.26239013671875	1446960979964
24.77232844315636	10.6932373046875	1446960979969
25.900384382364468	11.0074462890625	1446960979974
27.213914400728733	11.1883544921875	1446960979979
28.639140359440397	11.1026611328125	1446960979988
29.350421000570762	10.421875	1446960979990
28.950712367843536	9.2364501953125	1446960979998
CadenceDetector: Step (Peak): 1446960980002
CadenceNotifier: Delta: 353
CadenceNotifier: CadenceChange: 165.51724137931035
28.509011753133954	7.7415771484375	1446960980007
28.21906647827003	6.59423828125	1446960980008
26.489052927982783	5.81585693359375	1446960980013
24.574248366270968	5.270751953125	1446960980017
22.947022875949457	4.49951171875	1446960980048
21.572972245956052	3.14984130859375	1446960980048
20.64363486935423	1.4764404296875	1446960980048
20.11207375150737	-0.3231201171875	1446960980048
19.927252966216496	-2.05841064453125	1446960980049
20.00307006710554	-3.48187255859375	1446960980049
20.265754403533986	-4.6744384765625	1446960980049
20.63432748888391	-5.69085693359375	1446960980054
19.653707398938597	-6.459716796875	1446960980059
17.051711474910263	-7.0738525390625	1446960980064
15.106655598943478	-7.59515380859375	1446960980070
13.630155118448767	-8.04266357421875	1446960980074
12.207360059095839	-8.31640625	1446960980079
11.138810431296147	-8.697265625	1446960980084
10.53403042289636	-9.1304931640625	1446960980089
10.190668215665225	-9.48040771484375	1446960980094
10.045356754483578	-9.78509521484375	1446960980099
10.212897115475261	-10.17071533203125	1446960980104
10.657854049547465	-10.64202880859375	1446960980109
11.131793693523315	-11.04193115234375	1446960980114
11.50981073717198	-11.3013916015625	1446960980119
11.868243479427674	-11.53228759765625	1446960980124
12.178900428353804	-11.70843505859375	1446960980129
12.430464310938136	-11.81793212890625	1446960980134
12.64859171557654	-11.867919921875	1446960980139
12.905887434546893	-11.95599365234375	1446960980144
13.133786609468821	-12.0250244140625	1446960980152
13.368396535862017	-12.07501220703125	1446960980154
13.586652107692867	-12.115478515625	1446960980160
13.655266782622526	-12.01788330078125	1446960980164
13.73712718372107	-11.94171142578125	1446960980169
13.881842346111098	-11.89410400390625	1446960980175
13.946438692578175	-11.78460693359375	1446960980179
13.866211483525383	-11.59417724609375	1446960980186
13.827997897233788	-11.429931640625	1446960980190
13.658648303813877	-11.26568603515625	1446960980194
13.521738865660621	-11.10858154296875	1446960980203
13.31219945191287	-10.9110107421875	1446960980204
13.091279947821086	-10.69677734375	1446960980212
12.933872148517137	-10.5396728515625	1446960980214
12.877318197333976	-10.4254150390625	1446960980219
12.835628145816804	-10.3873291015625	1446960980225
12.801327880374346	-10.28021240234375	1446960980229
12.870303026928	-10.31829833984375	1446960980236
13.125382467614095	-10.43255615234375	1446960980240
13.376860033421291	-10.6824951171875	1446960980244
13.642433792941711	-10.8919677734375	1446960980249
13.846614868745277	-11.0966796875	1446960980254
14.155091341684042	-11.2156982421875	1446960980260
14.547182633196662	-11.3775634765625	1446960980264
15.260056715692333	-11.772705078125	1446960980269
16.043231553368752	-12.30828857421875	1446960980274
16.90386507697222	-12.991455078125	1446960980279
17.857095761281332	-13.7388916015625	1446960980286
18.563187178392752	-14.44586181640625	1446960980290
19.3139529843162	-15.162353515625	1446960980294
19.93853324102704	-15.6717529296875	1446960980299
20.6169268139541	-15.67413330078125	1446960980304
21.707769980019698	-15.34564208984375	1446960980309
24.19822171455752	-14.75531005859375	1446960980314
26.442079810405854	-13.47467041015625	1446960980319
24.522579946250435	-10.88720703125	1446960980324
22.093090525769508	-7.12384033203125	1446960980329
20.115422726566614	-3.0843505859375	1446960980336
19.961203175438165	0.1815185546875	1446960980339
21.851556129068072	2.62139892578125	1446960980344
24.145387228972265	5.01129150390625	1446960980349
26.46932039838532	5.79443359375	1446960980354
28.241468048008635	6.689453125	1446960980359
28.58255867940155	8.0081787109375	1446960980365
29.22390311551151	10.06005859375	1446960980370
29.9053587886992	11.89532470703125	1446960980376
30.409673835050842	13.1116943359375	1446960980380
30.533922498057354	13.3973388671875	1446960980384
30.479941372684152	13.28070068359375	1446960980391
29.224454382603206	12.98077392578125	1446960980395
27.90186020707217	12.640380859375	1446960980400
26.5676624886761	12.25238037109375	1446960980404
25.26973799522194	11.7977294921875	1446960980410
22.09590694253002	11.412109375	1446960980415
18.346256656799486	10.9931640625	1446960980419
15.23467534628862	10.62420654296875	1446960980426
13.034264148146768	10.2838134765625	1446960980430
11.683569533361009	10.09100341796875	1446960980434
10.958990717894796	10.0029296875	1446960980440
10.780615116135314	10.164794921875	1446960980445
10.931016034449895	10.5361328125	1446960980449
11.17157895803228	10.926513671875	1446960980455
11.305967005326938	11.174072265625	1446960980459
11.471413718932324	11.40972900390625	1446960980464
11.69488076110586	11.6168212890625	1446960980469
11.980147068382367	11.7786865234375	1446960980475
12.285582681073562	11.89532470703125	1446960980479
12.645976146635649	12.04766845703125	1446960980484
12.938133219903595	12.126220703125	1446960980490
13.174418320497916	12.04290771484375	1446960980495
13.444213849358333	11.96435546875	1446960980499
13.824800965451107	11.86676025390625	1446960980504
14.163368356533079	11.68585205078125	1446960980510
14.308699356909978	11.50732421875	1446960980514
14.296704546872814	11.23834228515625	1446960980519
14.035284338362182	10.89080810546875	1446960980525
13.75778310601926	10.58135986328125	1446960980529
13.425349738916177	10.20050048828125	1446960980537
13.01739665615552	9.83868408203125	1446960980539
12.546248674913748	9.4840087890625	1446960980544
12.174272215138421	9.14837646484375	1446960980549
11.873720947795624	8.927001953125	1446960980555
11.72627241022552	8.85797119140625	1446960980560
11.700525578493783	8.77703857421875	1446960980565
11.818844046244458	8.6842041015625	1446960980570
12.254486451674618	8.61517333984375	1446960980575
12.86242954492627	8.54852294921875	1446960980579
13.446950821916042	8.48663330078125	1446960980584
13.98644519749619	8.31048583984375	1446960980591
14.384791049599759	8.08197021484375	1446960980595
14.797336431548798	7.81298828125	1446960980600
15.486752600211728	7.67254638671875	1446960980606
16.44828212205393	7.6796875	1446960980609
17.37117843115253	7.58447265625	1446960980615
18.544429834728763	7.48211669921875	1446960980620
20.063618588803628	7.346435546875	1446960980626
21.826271390480034	7.0941162109375	1446960980629
22.965344511042137	6.82037353515625	1446960980640
23.303559649415238	6.65850830078125	1446960980640
23.807432396443176	6.203857421875	1446960980644
24.424999003931706	5.5706787109375	1446960980650
25.121094896798528	4.9327392578125	1446960980656
25.413346568184135	4.35906982421875	1446960980659
25.175116086901973	3.67828369140625	1446960980664
24.411146204386938	2.7523193359375	1446960980669
23.313078724604512	1.74066162109375	1446960980676
22.11875935608008	0.86944580078125	1446960980679
21.10520099056881	0.13629150390625	1446960980685
20.40079667572691	-0.575439453125	1446960980689
20.052469516717206	-1.37286376953125	1446960980696
19.923383677766534	-2.2274169921875	1446960980699
19.941383808622614	-3.0272216796875	1446960980706
20.039127452888685	-3.7222900390625	1446960980709
20.183631676525575	-4.3411865234375	1446960980714
20.385873052542486	-5.0743408203125	1446960980719
20.653729131315284	-5.91461181640625	1446960980726
20.85160522504128	-6.50732421875	1446960980729
20.162493660220296	-6.98101806640625	1446960980734
17.865412497871873	-7.3785400390625	1446960980739
15.821188225858062	-7.7784423828125	1446960980746
13.912476650952296	-8.06646728515625	1446960980749
12.37635582412412	-8.35211181640625	1446960980754
11.052535904022784	-8.5401611328125	1446960980759
10.10397630340586	-8.6829833984375	1446960980764
9.60114658788276	-8.8448486328125	1446960980769
9.360320698884218	-8.96148681640625	1446960980776
9.318010502733236	-9.05908203125	1446960980779
9.26684787671175	-8.9971923828125	1446960980784
9.300092275257802	-8.92578125	1446960980789
9.44215470104916	-8.87103271484375	1446960980795
9.486351585970313	-8.64013671875	1446960980799
9.539950875345623	-8.45208740234375	1446960980804
9.564283039911528	-8.24737548828125	1446960980809
9.595077851795157	-8.11407470703125	1446960980814
9.610122643692677	-8.0450439453125	1446960980819
9.558696420422244	-7.9783935546875	1446960980824
9.413060725165272	-7.9117431640625	1446960980829
9.229018996565792	-7.80224609375	1446960980834
9.113009801410271	-7.754638671875	1446960980838
9.03748630033038	-7.7308349609375	1446960980844
8.962706629911436	-7.63800048828125	1446960980849
8.916056824954023	-7.5404052734375	1446960980854
8.764396320916816	-7.392822265625	1446960980861
8.613739681005667	-7.23095703125	1446960980865
8.389437661685898	-7.06671142578125	1446960980869
8.25156030573445	-6.92864990234375	1446960980876
8.103001653708697	-6.79296875	1446960980878
8.027725457379722	-6.6644287109375	1446960980891
7.892567951007154	-6.5406494140625	1446960980891
7.896838126304152	-6.48590087890625	1446960980893
8.04209728098471	-6.4930419921875	1446960980898
8.357485164014117	-6.64300537109375	1446960980905
8.748666264501212	-6.81201171875	1446960980908
9.077483162766923	-7.00482177734375	1446960980914
9.224725034961619	-7.11907958984375	1446960980919
9.321190570015698	-7.31427001953125	1446960980925
9.446980704401795	-7.53564453125	1446960980929
9.728986535397844	-7.81890869140625	1446960980936
10.180589344347375	-8.22357177734375	1446960980938
10.602539065102247	-8.5401611328125	1446960980944
11.300660326435093	-9.049560546875	1446960980949
11.884534972641692	-9.56610107421875	1446960980954
12.260352353623281	-9.95172119140625	1446960980960
12.713083011010227	-10.3873291015625	1446960980963
13.324684593071428	-10.92291259765625	1446960980968
14.089739403420579	-11.55609130859375	1446960980974
14.600217740044531	-12.0821533203125	1446960980979
14.99447309641851	-12.4249267578125	1446960980985
15.51745503448349	-12.41064453125	1446960980988
16.544309469017243	-11.69415283203125	1446960980994
19.087703356649534	-10.48016357421875	1446960980999
22.470632058339596	-8.9781494140625	1446960981004
21.36819142493977	-7.0357666015625	1446960981010
20.434517357426053	-5.1219482421875	1446960981014
CadenceDetector: Step (Peak): 1446960981015
CadenceNotifier: Delta: 1012
CadenceNotifier: CadenceChange: 116.335433834222
20.01431330792073	-3.4747314453125	1446960981018
20.12321932664481	-1.9893798828125	1446960981023
20.651548883879702	-0.3421630859375	1446960981028
21.39468779498143	1.366943359375	1446960981035
22.268756565015288	2.99749755859375	1446960981069
23.213663368548747	4.4661865234375	1446960981070
24.069276456900234	5.556396484375	1446960981071
24.845311691546815	6.203857421875	1446960981073
25.569038731520248	6.67041015625	1446960981074
26.022309761957136	7.06793212890625	1446960981074
26.328957110290236	7.51068115234375	1446960981075
26.72037296842824	7.83441162109375	1446960981075
26.55919341242876	7.908203125	1446960981085
26.09205639966779	7.822509765625	1446960981087
25.33164674634196	7.66302490234375	1446960981087
24.474153130482964	7.308349609375	1446960981092
21.365759913815914	6.9036865234375	1446960981097
18.20932347505685	6.47760009765625	1446960981104
15.351398288939633	6.1229248046875	1446960981107
12.78199136013454	5.8277587890625	1446960981112
10.744080502836894	5.6563720703125	1446960981116
9.10763467672867	5.52545166015625	1446960981121
8.18343262509539	5.61114501953125	1446960981126
7.843461987873832	5.78253173828125	1446960981131
7.882420668067733	6.08721923828125	1446960981136
7.902680805118752	6.31097412109375	1446960981141
7.900204741624695	6.51568603515625	1446960981146
7.743781623675818	6.56329345703125	1446960981151
7.5031598080319855	6.546630859375	1446960981156
7.127640425850719	6.432373046875	1446960981161
6.797111579820524	6.32049560546875	1446960981166
6.500735134815869	6.20147705078125	1446960981171
6.251248376211851	6.0753173828125	1446960981177
6.134569137105933	6.03961181640625	1446960981182
6.066739544126456	5.98248291015625	1446960981186
6.0982287494686505	5.96343994140625	1446960981192
6.257834701853651	6.02294921875	1446960981197
6.523876967963773	6.1419677734375	1446960981203
6.691443878222939	6.241943359375	1446960981207
6.774437408938383	6.2752685546875	1446960981216
6.772977254781476	6.31097412109375	1446960981216
6.646042824205263	6.21575927734375	1446960981221
6.459491220846655	6.01580810546875	1446960981226
6.242195172302923	5.79681396484375	1446960981231
6.121602627237364	5.64923095703125	1446960981237
6.0343537727060195	5.47784423828125	1446960981241
5.881923510945191	5.28265380859375	1446960981246
5.777709894627002	5.13507080078125	1446960981251
5.769856023239155	5.0946044921875	1446960981256
5.96809219304735	5.20172119140625	1446960981261
6.354109994376721	5.31597900390625	1446960981266
6.828613059981871	5.404052734375	1446960981271
7.238398790772218	5.35882568359375	1446960981276
7.650010072168491	5.31121826171875	1446960981283
8.333613581398344	5.346923828125	1446960981286
9.046088510899489	5.49212646484375	1446960981291
10.06450313620326	5.71826171875	1446960981296
11.136862254365955	5.9610595703125	1446960981301
12.517454534405385	6.26336669921875	1446960981306
13.956401737061949	6.62518310546875	1446960981311
15.067962629556673	6.70849609375	1446960981317
15.523026229199939	6.394287109375	1446960981323
15.489623637589123	5.73492431640625	1446960981327
15.530205604477583	4.8089599609375	1446960981332
16.420905575316834	4.30908203125	1446960981337
18.68163242093762	4.53045654296875	1446960981343
21.936492215634544	5.24932861328125	1446960981347
22.9085154411375	6.0657958984375	1446960981352
23.306856223058787	6.67755126953125	1446960981358
23.281558080579355	6.8370361328125	1446960981365
CadenceDetector: Step (Peak): 1446960981365
CadenceNotifier: Delta: 352
CadenceNotifier: CadenceChange: 116.61807580174927
23.01766258038332	7.07269287109375	1446960981368
22.55038701551737	7.3607177734375	1446960981388
22.06301242173396	7.60589599609375	1446960981389
21.62223242042765	7.66778564453125	1446960981397
21.155318242547157	7.298828125	1446960981397
20.73375150741203	6.4609375	1446960981398
20.367798948568286	5.1517333984375	1446960981398
20.136034709014744	3.79254150390625	1446960981403
20.070055968936824	2.6094970703125	1446960981409
20.012273567019758	1.25982666015625	1446960981412
20.02460403055776	6.103515625E-4	1446960981416
20.022060927259382	-1.1181640625	1446960981421
19.99074926529709	-2.12744140625	1446960981426
19.94741154463222	-2.91534423828125	1446960981431
18.992152624440752	-3.54376220703125	1446960981436
16.80921265941966	-3.9508056640625	1446960981441
15.276632770388673	-4.3411865234375	1446960981446
14.233269496983102	-4.64825439453125	1446960981451
13.502322449787979	-4.97198486328125	1446960981456
12.944320460815344	-5.2647705078125	1446960981461
12.427545277362132	-5.52423095703125	1446960981466
11.893819227864165	-5.7218017578125	1446960981471
11.315522545353009	-5.87176513671875	1446960981476
10.564339271085032	-6.02886962890625	1446960981481
9.765419135844457	-6.14312744140625	1446960981486
8.84044721472257	-6.3692626953125	1446960981492
8.032589310177089	-6.516845703125	1446960981496
7.4571557383820695	-6.69061279296875	1446960981503
7.026330057808869	-6.74298095703125	1446960981507
6.879731173448309	-6.821533203125	1446960981511
6.982086315444896	-6.9691162109375	1446960981516
7.31767741144771	-7.25	1446960981522
7.710481134085546	-7.54754638671875	1446960981527
7.991970436119661	-7.7403564453125	1446960981530
8.274247205813479	-7.9736328125	1446960981536
8.510745704399012	-8.22357177734375	1446960981543
8.640290352201083	-8.37115478515625	1446960981546
8.63833072643624	-8.3687744140625	1446960981550
8.459460062083657	-8.21881103515625	1446960981556
8.50821918208975	-8.26641845703125	1446960981563
8.666347332524442	-8.3878173828125	1446960981566
8.98159695701096	-8.61395263671875	1446960981570
9.215726469501853	-8.76153564453125	1446960981576
9.428533319257706	-8.90673828125	1446960981583
9.679677605010545	-9.01385498046875	1446960981585
10.04597420214014	-9.23284912109375	1446960981593
10.35719295831992	-9.40423583984375	1446960981596
10.657491228141417	-9.563720703125	1446960981603
10.855107021003764	-9.5732421875	1446960981606
11.115331488200411	-9.63275146484375	1446960981611
11.355432449021743	-9.68511962890625	1446960981616
11.63082351435819	-9.7874755859375	1446960981621
11.934536355732872	-9.92315673828125	1446960981626
12.229591416413152	-10.0921630859375	1446960981631
12.500481790379098	-10.325439453125	1446960981635
12.717314030570009	-10.57537841796875	1446960981641
12.902416675968515	-10.7967529296875	1446960981646
13.08253342019936	-10.9871826171875	1446960981653
13.35142723985293	-11.163330078125	1446960981656
13.8766951735402	-11.448974609375	1446960981661
14.484595304783392	-11.64892578125	1446960981666
15.116041392282693	-11.71319580078125	1446960981671
15.726031829361888	-11.70843505859375	1446960981676
16.15271790384917	-11.4537353515625	1446960981681
16.671223101903614	-11.12286376953125	1446960981685
16.95464011871278	-10.4111328125	1446960981691
17.139470886267226	-9.57562255859375	1446960981695
17.476222217080814	-8.4735107421875	1446960981703
18.944496251623832	-7.22381591796875	1446960981705
21.303390372805723	-5.62420654296875	1446960981713
20.625829380567843	-3.71038818359375	1446960981715
CadenceDetector: Step (Peak): 1446960981716
CadenceNotifier: Delta: 349
CadenceNotifier: CadenceChange: 116.16650532429816
19.94606939679263	-1.90606689453125	1446960981729
19.696175839875917	-0.45404052734375	1446960981732
19.797393267986692	0.65283203125	1446960981738
20.100088326815605	1.75970458984375	1446960981739
20.481897106154523	2.9998779296875	1446960981741
20.837910669726803	4.3138427734375	1446960981746
21.110724447904865	5.5230712890625	1446960981754
21.33987205433186	6.62518310546875	1446960981759
21.59761811628587	7.6463623046875	1446960981762
21.90650308556726	8.527099609375	1446960981766
22.21167733194595	9.2078857421875	1446960981771
22.51143544510671	9.7982177734375	1446960981776
22.639397075200772	10.09100341796875	1446960981781
22.673473540105277	10.22906494140625	1446960981786
22.588790858267465	10.3123779296875	1446960981791
22.473152481328416	10.30999755859375	1446960981796
22.338188890852923	10.2266845703125	1446960981801
20.895417651935837	10.10528564453125	1446960981806
18.428852213548286	9.91485595703125	1446960981811
16.386378407361118	9.71014404296875	1446960981816
14.630156615278517	9.51019287109375	1446960981821
13.309970754778027	9.37213134765625	1446960981826
12.224803749819893	9.16741943359375	1446960981831
11.39912007184242	8.99603271484375	1446960981837
10.934518452205207	8.99127197265625	1446960981842
10.708436122128607	9.08648681640625	1446960981846
10.591859117025129	9.20074462890625	1446960981851
10.487311615922971	9.28167724609375	1446960981857
10.499679656569034	9.4173583984375	1446960981861
10.473241051736395	9.46734619140625	1446960981867
10.42878050473507	9.4459228515625	1446960981871
10.523471942899143	9.48162841796875	1446960981877
10.565345196203635	9.4935302734375	1446960981881
10.577762485437162	9.479248046875	1446960981886
10.660242634984911	9.52447509765625	1446960981892
10.691911402054153	9.54351806640625	1446960981896
10.761805997140463	9.63397216796875	1446960981901
10.804825767636483	9.7220458984375	1446960981906
10.695967170731134	9.71014404296875	1446960981914
10.527150873673667	9.6220703125	1446960981916
10.244890219736725	9.403076171875	1446960981921
9.835731379261997	9.06982421875	1446960981927
9.5188549248813	8.77703857421875	1446960981931
9.29120398636065	8.508056640625	1446960981936
9.035194457153636	8.23193359375	1446960981942
8.786794148466257	7.9700927734375	1446960981948
8.533608287770019	7.6654052734375	1446960981951
8.244485997621137	7.2940673828125	1446960981956
7.977764395738829	6.90606689453125	1446960981961
7.861868401629644	6.65374755859375	1446960981967
7.652241223071599	6.31097412109375	1446960981971
7.563037720641847	6.06103515625	1446960981978
7.506213914921977	5.75396728515625	1446960981981
7.590757859963981	5.5849609375	1446960981986
7.817799546539967	5.4468994140625	1446960981992
8.2405532997199	5.3326416015625	1446960981996
8.927874773451792	5.33026123046875	1446960982001
9.818023709920302	5.34930419921875	1446960982006
10.68521637420485	5.289794921875	1446960982011
11.555352373192308	5.11602783203125	1446960982016
12.40051232945492	4.9803466796875	1446960982021
13.0223642135124	4.72564697265625	1446960982026
13.426068340679398	4.39239501953125	1446960982031
13.38406916346642	3.96868896484375	1446960982036
13.202023124398142	3.50213623046875	1446960982044
13.687270015153457	3.31170654296875	1446960982047
15.53258435375532	3.65447998046875	1446960982051
18.508336625462622	4.34954833984375	1446960982055
21.10808655626228	5.04461669921875	1446960982063
21.54062818456923	5.5040283203125	1446960982067
21.890057030916275	5.51593017578125	1446960982071
22.14549586157231	5.2564697265625	1446960982076
22.439637777520595	5.118408203125	1446960982081
22.666081881816638	5.11602783203125	1446960982086
22.70919736802857	5.05413818359375	1446960982091
22.533613227355744	4.708984375	1446960982096
CadenceDetector: Step (Peak): 1446960982097
CadenceNotifier: Delta: 382
CadenceNotifier: CadenceChange: 114.55847255369929
22.173963901214037	4.0615234375	1446960982100
21.83706757035512	3.05462646484375	1446960982106
21.479528398054022	1.9810791015625	1446960982133
21.20109488133042	0.76708984375	1446960982136
21.084509142239423	-0.10174560546875	1446960982137
21.008908648709777	-0.7991943359375	1446960982137
20.90991965963214	-1.3990478515625	1446960982138
20.731800837217403	-1.97747802734375	1446960982138
20.541880704290712	-2.33929443359375	1446960982141
20.340107154040368	-2.71063232421875	1446960982146
20.138981494331894	-3.10577392578125	1446960982156
18.366961358262316	-3.3604736328125	1446960982156
16.939842625700994	-3.57470703125	1446960982159
15.83057418422679	-3.669921875	1446960982164
14.69327412977119	-3.6461181640625	1446960982170
13.73750194552645	-3.5889892578125	1446960982174
12.827072041361722	-3.73419189453125	1446960982179
11.833614440746837	-3.9031982421875	1446960982184
10.713239385638177	-4.13409423828125	1446960982189
9.839654745535656	-4.32452392578125	1446960982194
9.30621721075314	-4.38165283203125	1446960982199
9.044408733169718	-4.441162109375	1446960982204
9.000638947143901	-4.555419921875	1446960982209
9.068645015330963	-4.57684326171875	1446960982214
9.110865533951367	-4.40545654296875	1446960982219
8.809419332819425	-4.2364501953125	1446960982224
8.595986194823642	-4.21026611328125	1446960982229
8.18629907712469	-4.0460205078125	1446960982235
7.838493611480796	-3.7841796875	1446960982239
7.528342621397617	-3.57232666015625	1446960982244
7.314063106832177	-3.4176025390625	1446960982249
7.215413314360592	-3.02484130859375	1446960982254
7.440396601927822	-2.82489013671875	1446960982259
9.64113003273371	-2.70587158203125	1446960982264
10.218194485161682	-2.97247314453125	1446960982269
8.896745315374792	-2.784423828125	1446960982274
6.420443864349211	-2.31072998046875	1446960982279
4.48727437687268	-1.76324462890625	1446960982286
4.066662550741592	-1.53472900390625	1446960982289
4.914261541297506	-1.641845703125	1446960982294
5.813145290150483	-1.7227783203125	1446960982299
6.236545851590483	-1.88226318359375	1446960982304
5.9800199992841145	-2.03460693359375	1446960982309
5.546712731893413	-1.9227294921875	1446960982314
5.43278469501262	-1.90130615234375	1446960982321
5.807817599593653	-1.7989501953125	1446960982324
6.4852106402769	-1.87274169921875	1446960982329
7.240883079307105	-1.92987060546875	1446960982334
7.888324734825068	-1.76324462890625	1446960982339
8.510328271578576	-1.6513671875	1446960982344
8.861580702749837	-1.5609130859375	1446960982349
8.778472780626426	-1.4847412109375	1446960982353
8.413338354049694	-1.32763671875	1446960982359
7.604296727633508	-1.06341552734375	1446960982364
6.606242255782337	-0.765869140625	1446960982371
5.442349340126968	-0.4088134765625	1446960982374
5.349065699675721	0.06011962890625	1446960982379
5.71124855987323	0.48858642578125	1446960982384
5.851655659269059	0.700439453125	1446960982389
5.349165536029041	0.76947021484375	1446960982394
5.009176805746717	0.88848876953125	1446960982399
4.882365843108745	0.99798583984375	1446960982404
4.814157876489624	1.157470703125	1446960982409
4.976515234064194	1.33599853515625	1446960982414
5.079825800310074	1.5478515625	1446960982420
4.829746609918352	1.4716796875	1446960982424
3.748962987531419	1.38836669921875	1446960982429
3.2913036759823684	1.46453857421875	1446960982437
3.7858296110410135	1.690673828125	1446960982438
4.576623371038094	1.976318359375	1446960982445
5.347263877451095	2.15008544921875	1446960982449
5.909428160003323	2.1619873046875	1446960982454
6.340769436146854	1.98583984375	1446960982460
6.584057775916208	1.76922607421875	1446960982464
6.565167939270048	1.5811767578125	1446960982470
6.568638374482112	1.49786376953125	1446960982475
6.553514961478801	1.500244140625	1446960982479
6.721107932122161	1.64306640625	1446960982484
7.1368350659504385	1.8287353515625	1446960982490
7.510007350095083	2.1334228515625	1446960982494
8.034487766576666	2.471435546875	1446960982499
8.408038782671905	2.76422119140625	1446960982504
9.093462611011166	3.1712646484375	1446960982510
9.91936189855372	3.5521240234375	1446960982515
10.751753975657087	3.9139404296875	1446960982519
11.325470528908118	4.04486083984375	1446960982524
11.654289686929348	4.02581787109375	1446960982529
11.683488008579982	3.79730224609375	1446960982534
11.499111445357428	3.56878662109375	1446960982539
11.082789447133443	3.26171875	1446960982545
10.545829029371026	3.0379638671875	1446960982548
9.954429029920526	2.84991455078125	1446960982553
9.212579856443089	2.7332763671875	1446960982559
8.587881765782344	2.71185302734375	1446960982564
8.085366500470185	2.74755859375	1446960982571
7.712717919219455	2.84991455078125	1446960982574
7.712327422758969	2.9903564453125	1446960982578
7.76822178972251	3.01416015625	1446960982583
8.041801738351316	2.9808349609375	1446960982589
8.189720780550235	2.91656494140625	1446960982594
8.268029003256395	2.81182861328125	1446960982598
8.156033472591693	2.576171875	1446960982603
8.251005169364221	2.3428955078125	1446960982609
8.386700856663774	2.0810546875	1446960982613
8.653565297064173	1.94061279296875	1446960982621
8.759070134980183	1.68353271484375	1446960982624
8.987168645717722	1.56689453125	1446960982629
9.162941919006782	1.462158203125	1446960982633
9.159642846458741	1.41455078125	1446960982639
9.0952858162183	1.25030517578125	1446960982644
9.241665584134473	1.17889404296875	1446960982648
9.354883762182622	1.1622314453125	1446960982653
9.367607687575143	1.38836669921875	1446960982659
9.266182150041836	1.6954345703125	1446960982663
9.164706486466054	2.03582763671875	1446960982671
9.195313074941726	2.50714111328125	1446960982674
9.36874473171783	2.87847900390625	1446960982679
9.567889277897672	3.20458984375	1446960982683
10.061315149710039	3.49261474609375	1446960982688
10.390691679692624	3.69970703125	1446960982694
10.570072706571654	3.6473388671875	1446960982698
10.468581089716144	3.54022216796875	1446960982703
10.206851596837508	3.366455078125	1446960982708
9.757038491357445	3.19268798828125	1446960982713
9.34854447777496	3.11175537109375	1446960982721
9.102207108377328	3.080810546875	1446960982724
8.913933162271725	3.08319091796875	1446960982729
8.42759847869853	3.0665283203125	1446960982733
7.976127955664654	3.04986572265625	1446960982738
7.479413147120951	3.042724609375	1446960982744
7.294987309355819	3.1807861328125	1446960982748
7.133950680413758	3.27838134765625	1446960982753
7.241128040364608	3.48785400390625	1446960982759
7.4825427549970405	3.82586669921875	1446960982763
7.830337902219754	4.1329345703125	1446960982771
8.035789503229966	4.31622314453125	1446960982774
8.401781793206375	4.33050537109375	1446960982779
8.92536412383196	4.3709716796875	1446960982783
8.839951954037465	4.91607666015625	1446960982787
8.415148186131058	5.1707763671875	1446960982794
8.613244752376781	5.0850830078125	1446960982798
8.954032130769964	4.889892578125	1446960982804
8.513946289828759	4.2757568359375	1446960982808
8.074485781616437	3.73779296875	1446960982813
7.914213963029018	3.4949951171875	1446960982818
8.009997157618555	3.58544921875	1446960982826
8.227960443954801	3.69970703125	1446960982829
8.269291235547783	3.804443359375	1446960982833
8.236988430772573	3.90203857421875	1446960982838
8.406820950855243	3.947265625	1446960982842
8.703268372989983	4.06866455078125	1446960982847
8.933336595194433	4.20672607421875	1446960982852
9.085829631416956	4.06866455078125	1446960982858
9.05856530161452	3.66400146484375	1446960982863
9.296689592506661	3.39739990234375	1446960982868
9.580300933648589	3.16412353515625	1446960982874
9.889298255089228	3.04986572265625	1446960982880
10.055487122694247	3.03558349609375	1446960982882
9.969877546770434	3.00225830078125	1446960982890
