-1000000.0	5.803955078125	1447033208800
5.803955078125	5.8753662109375	1447033208800
5.8753662109375	6.070556640625	1447033208801
6.070556640625	6.24432373046875	1447033208801
6.24432373046875	6.39190673828125	1447033208801
6.39190673828125	6.5704345703125	1447033208801
6.5704345703125	6.66802978515625	1447033208801
6.66802978515625	6.5799560546875	1447033208801
6.5799560546875	6.4942626953125	1447033208801
6.4942626953125	6.413330078125	1447033208802
6.413330078125	6.4085693359375	1447033208802
6.4085693359375	6.26812744140625	1447033208802
6.26812744140625	6.09197998046875	1447033208802
6.09197998046875	5.83251953125	1447033208802
5.83251953125	5.613525390625	1447033208802
5.613525390625	5.57781982421875	1447033208803
5.57781982421875	5.59210205078125	1447033208803
5.59210205078125	5.5516357421875	1447033208803
5.5516357421875	5.470703125	1447033208803
5.470703125	5.52783203125	1447033208821
5.52783203125	5.21124267578125	1447033208822
5.21124267578125	4.813720703125	1447033208822
4.813720703125	4.95892333984375	1447033208823
4.95892333984375	5.061279296875	1447033208830
5.061279296875	5.14459228515625	1447033208833
5.14459228515625	5.32073974609375	1447033208836
5.32073974609375	5.442138671875	1447033208841
5.442138671875	5.5516357421875	1447033208846
5.5516357421875	5.60638427734375	1447033208851
5.60638427734375	5.6087646484375	1447033208856
5.6087646484375	5.53973388671875	1447033208861
5.53973388671875	5.442138671875	1447033208866
5.442138671875	5.26123046875	1447033208871
5.26123046875	5.213623046875	1447033208876
5.213623046875	5.2659912109375	1447033208881
5.2659912109375	5.51116943359375	1447033208886
5.51116943359375	5.79205322265625	1447033208891
5.79205322265625	5.98248291015625	1447033208897
5.98248291015625	6.2705078125	1447033208901
6.2705078125	6.5799560546875	1447033208906
6.5799560546875	6.794189453125	1447033208911
6.794189453125	6.9893798828125	1447033208916
6.9893798828125	7.1893310546875	1447033208921
7.1893310546875	7.3988037109375	1447033208926
7.3988037109375	7.50115966796875	1447033208931
7.50115966796875	7.43450927734375	1447033208936
7.43450927734375	7.15838623046875	1447033208941
7.15838623046875	6.718017578125	1447033208947
6.718017578125	6.21575927734375	1447033208951
6.21575927734375	6.11578369140625	1447033208956
6.11578369140625	6.11102294921875	1447033208961
6.11102294921875	6.1181640625	1447033208966
6.1181640625	6.12530517578125	1447033208971
6.12530517578125	6.10626220703125	1447033208976
6.10626220703125	6.13720703125	1447033208981
6.13720703125	6.16339111328125	1447033208986
6.16339111328125	6.3895263671875	1447033208991
6.3895263671875	6.49188232421875	1447033208996
6.49188232421875	6.53472900390625	1447033209001
6.53472900390625	6.54901123046875	1447033209006
6.54901123046875	6.52520751953125	1447033209011
6.52520751953125	6.47283935546875	1447033209016
6.47283935546875	6.299072265625	1447033209021
6.299072265625	6.3609619140625	1447033209027
6.3609619140625	6.7608642578125	1447033209031
6.7608642578125	7.21075439453125	1447033209036
7.21075439453125	7.54638671875	1447033209041
7.54638671875	7.55352783203125	1447033209046
7.55352783203125	7.38690185546875	1447033209051
7.38690185546875	7.298828125	1447033209056
7.298828125	7.232177734375	1447033209061
7.232177734375	7.0084228515625	1447033209066
7.0084228515625	6.775146484375	1447033209071
6.775146484375	6.59423828125	1447033209076
6.59423828125	6.527587890625	1447033209081
6.527587890625	6.64422607421875	1447033209086
6.64422607421875	6.64898681640625	1447033209091
6.64898681640625	6.832275390625	1447033209096
6.832275390625	7.01318359375	1447033209101
7.01318359375	6.93701171875	1447033209105
6.93701171875	7.01556396484375	1447033209111
7.01556396484375	7.10601806640625	1447033209116
7.10601806640625	7.29644775390625	1447033209121
7.29644775390625	7.5321044921875	1447033209126
7.5321044921875	7.66064453125	1447033209131
7.66064453125	7.69635009765625	1447033209136
7.69635009765625	7.67730712890625	1447033209141
7.67730712890625	7.49639892578125	1447033209146
7.49639892578125	7.31787109375	1447033209151
7.31787109375	7.16314697265625	1447033209155
7.16314697265625	7.0274658203125	1447033209161
7.0274658203125	6.84893798828125	1447033209165
6.84893798828125	6.58709716796875	1447033209170
6.58709716796875	6.508544921875	1447033209175
6.508544921875	6.47760009765625	1447033209181
6.47760009765625	6.59185791015625	1447033209186
6.59185791015625	6.67279052734375	1447033209190
6.67279052734375	6.76324462890625	1447033209196
6.76324462890625	6.85845947265625	1447033209200
6.85845947265625	6.8656005859375	1447033209205
6.8656005859375	6.7894287109375	1447033209211
6.7894287109375	6.69183349609375	1447033209215
6.69183349609375	6.53948974609375	1447033209220
6.53948974609375	6.55615234375	1447033209225
6.55615234375	6.66326904296875	1447033209230
6.66326904296875	6.81561279296875	1447033209235
6.81561279296875	7.0322265625	1447033209240
7.0322265625	7.27740478515625	1447033209246
7.27740478515625	7.27264404296875	1447033209250
7.27264404296875	7.12744140625	1447033209255
7.12744140625	7.1893310546875	1447033209261
7.1893310546875	7.27978515625	1447033209265
7.27978515625	7.26312255859375	1447033209270
7.26312255859375	7.2274169921875	1447033209275
7.2274169921875	7.22503662109375	1447033209280
7.22503662109375	7.2750244140625	1447033209285
7.2750244140625	7.3988037109375	1447033209290
7.3988037109375	7.73681640625	1447033209295
7.73681640625	8.393798828125	1447033209300
8.393798828125	9.21978759765625	1447033209305
9.21978759765625	9.76251220703125	1447033209311
9.76251220703125	10.07672119140625	1447033209315
10.07672119140625	10.0172119140625	1447033209320
10.0172119140625	9.50067138671875	1447033209325
9.50067138671875	9.2269287109375	1447033209330
9.2269287109375	9.56256103515625	1447033209335
9.56256103515625	9.822021484375	1447033209340
9.822021484375	10.0267333984375	1447033209345
10.0267333984375	10.374267578125	1447033209350
10.374267578125	10.6170654296875	1447033209355
10.6170654296875	10.6170654296875	1447033209360
10.6170654296875	10.3504638671875	1447033209366
10.3504638671875	9.802978515625	1447033209370
9.802978515625	9.23883056640625	1447033209375
9.23883056640625	8.65087890625	1447033209380
8.65087890625	8.260498046875	1447033209385
8.260498046875	8.27239990234375	1447033209390
8.27239990234375	8.6746826171875	1447033209395
8.6746826171875	9.0460205078125	1447033209400
9.0460205078125	9.155517578125	1447033209405
9.155517578125	9.14837646484375	1447033209410
9.14837646484375	9.0269775390625	1447033209415
9.0269775390625	8.85797119140625	1447033209420
8.85797119140625	8.5128173828125	1447033209425
8.5128173828125	8.1700439453125	1447033209430
8.1700439453125	7.83203125	1447033209435
7.83203125	7.69873046875	1447033209440
7.69873046875	7.62493896484375	1447033209445
7.62493896484375	7.479736328125	1447033209450
7.479736328125	7.2750244140625	1447033209455
7.2750244140625	7.0322265625	1447033209460
7.0322265625	6.78704833984375	1447033209465
6.78704833984375	6.50616455078125	1447033209470
6.50616455078125	6.25146484375	1447033209475
6.25146484375	5.99676513671875	1447033209480
5.99676513671875	5.7706298828125	1447033209485
5.7706298828125	5.632568359375	1447033209490
5.632568359375	5.37548828125	1447033209495
5.37548828125	5.06365966796875	1447033209500
5.06365966796875	4.7470703125	1447033209505
4.7470703125	4.5233154296875	1447033209510
4.5233154296875	4.29241943359375	1447033209515
4.29241943359375	4.15435791015625	1447033209520
4.15435791015625	4.00439453125	1447033209525
4.00439453125	3.89013671875	1447033209530
3.89013671875	3.7425537109375	1447033209535
3.7425537109375	3.48785400390625	1447033209540
3.48785400390625	3.07843017578125	1447033209545
3.07843017578125	2.5333251953125	1447033209550
2.5333251953125	1.87158203125	1447033209555
1.87158203125	1.4097900390625	1447033209560
1.4097900390625	0.91705322265625	1447033209565
0.91705322265625	0.3719482421875	1447033209570
0.3719482421875	-0.29693603515625	1447033209575
CadenceDetector: Step (y: pass zero downward): 1447033209575
CadenceNotifier: Delta: 1447033209576
CadenceNotifier: CadenceChange: Infinity
-0.29693603515625	-1.14434814453125	1447033209585
-1.14434814453125	-1.87750244140625	1447033209585
-1.87750244140625	-2.69635009765625	1447033209591
-2.69635009765625	-3.4747314453125	1447033209598
-3.4747314453125	-4.3221435546875	1447033209600
-4.3221435546875	-5.2838134765625	1447033209605
-5.2838134765625	-6.4073486328125	1447033209610
-6.4073486328125	-7.60943603515625	1447033209615
-7.60943603515625	-9.1019287109375	1447033209620
-9.1019287109375	-10.90625	1447033209627
-10.90625	-13.04620361328125	1447033209632
-13.04620361328125	-15.657470703125	1447033209635
-15.657470703125	-18.62579345703125	1447033209640
-18.62579345703125	-19.63507080078125	1447033209646
-19.63507080078125	-19.63507080078125	1447033209652
-19.63507080078125	-19.63507080078125	1447033209655
-19.63507080078125	-19.63507080078125	1447033209660
-19.63507080078125	-19.63507080078125	1447033209665
-19.63507080078125	-19.63507080078125	1447033209670
-19.63507080078125	-19.63507080078125	1447033209675
-19.63507080078125	-19.63507080078125	1447033209680
-19.63507080078125	-19.63507080078125	1447033209685
-19.63507080078125	-19.63507080078125	1447033209690
-19.63507080078125	-19.63507080078125	1447033209695
-19.63507080078125	-19.63507080078125	1447033209700
-19.63507080078125	-19.63507080078125	1447033209705
-19.63507080078125	-19.63507080078125	1447033209710
-19.63507080078125	-19.63507080078125	1447033209715
-19.63507080078125	-19.63507080078125	1447033209720
-19.63507080078125	-19.63507080078125	1447033209725
-19.63507080078125	-19.63507080078125	1447033209730
-19.63507080078125	-19.63507080078125	1447033209736
-19.63507080078125	-19.63507080078125	1447033209739
-19.63507080078125	-19.63507080078125	1447033209744
-19.63507080078125	-19.63507080078125	1447033209749
-19.63507080078125	-19.63507080078125	1447033209754
-19.63507080078125	-19.63507080078125	1447033209763
-19.63507080078125	-2.5416259765625	1447033209764
-2.5416259765625	18.334228515625	1447033209769
18.334228515625	19.364334106445313	1447033209774
19.364334106445313	19.364334106445313	1447033209779
19.364334106445313	19.364334106445313	1447033209784
19.364334106445313	19.364334106445313	1447033209789
19.364334106445313	14.26141357421875	1447033209794
14.26141357421875	9.98626708984375	1447033209799
9.98626708984375	6.8370361328125	1447033209804
6.8370361328125	4.889892578125	1447033209809
4.889892578125	3.4759521484375	1447033209814
3.4759521484375	2.490478515625	1447033209819
2.490478515625	2.14056396484375	1447033209824
2.14056396484375	2.0762939453125	1447033209829
2.0762939453125	2.20245361328125	1447033209834
2.20245361328125	2.32147216796875	1447033209839
2.32147216796875	2.16912841796875	1447033209844
2.16912841796875	1.5335693359375	1447033209849
1.5335693359375	0.6195068359375	1447033209854
0.6195068359375	-0.51593017578125	1447033209859
CadenceDetector: Step (y: pass zero downward): 1447033209859
CadenceNotifier: Delta: 284
CadenceNotifier: CadenceChange: 211.26760563380282
-0.51593017578125	-1.77276611328125	1447033209867
-1.77276611328125	-3.2081298828125	1447033209869
-3.2081298828125	-4.69586181640625	1447033209874
-4.69586181640625	-6.116943359375	1447033209879
-6.116943359375	-7.47613525390625	1447033209884
-7.47613525390625	-8.76629638671875	1447033209889
-8.76629638671875	-10.11358642578125	1447033209894
-10.11358642578125	-11.54656982421875	1447033209899
-11.54656982421875	-12.9866943359375	1447033209904
-12.9866943359375	-14.3292236328125	1447033209909
-14.3292236328125	-15.64794921875	1447033209914
-15.64794921875	-17.16424560546875	1447033209919
-17.16424560546875	-18.4853515625	1447033209924
-18.4853515625	-19.63507080078125	1447033209929
-19.63507080078125	-19.63507080078125	1447033209934
-19.63507080078125	-19.63507080078125	1447033209939
-19.63507080078125	-19.63507080078125	1447033209944
-19.63507080078125	-19.63507080078125	1447033209950
-19.63507080078125	-19.63507080078125	1447033209954
-19.63507080078125	-19.63507080078125	1447033209959
-19.63507080078125	-19.63507080078125	1447033209964
-19.63507080078125	-19.63507080078125	1447033209969
-19.63507080078125	-19.63507080078125	1447033209974
-19.63507080078125	-19.63507080078125	1447033209979
-19.63507080078125	-19.63507080078125	1447033209984
-19.63507080078125	-19.63507080078125	1447033209989
-19.63507080078125	-19.63507080078125	1447033209994
-19.63507080078125	-19.63507080078125	1447033209999
-19.63507080078125	-19.63507080078125	1447033210004
-19.63507080078125	-19.63507080078125	1447033210009
-19.63507080078125	-19.63507080078125	1447033210014
-19.63507080078125	-19.63507080078125	1447033210019
-19.63507080078125	-19.63507080078125	1447033210024
-19.63507080078125	-19.63507080078125	1447033210029
-19.63507080078125	-19.63507080078125	1447033210034
-19.63507080078125	-19.63507080078125	1447033210039
-19.63507080078125	-19.63507080078125	1447033210044
-19.63507080078125	-19.63507080078125	1447033210049
-19.63507080078125	-19.63507080078125	1447033210054
-19.63507080078125	-19.63507080078125	1447033210059
-19.63507080078125	-19.63507080078125	1447033210064
-19.63507080078125	-19.63507080078125	1447033210069
-19.63507080078125	-19.63507080078125	1447033210074
-19.63507080078125	-19.63507080078125	1447033210079
-19.63507080078125	-19.63507080078125	1447033210084
-19.63507080078125	-19.63507080078125	1447033210089
-19.63507080078125	-19.63507080078125	1447033210094
-19.63507080078125	-19.63507080078125	1447033210099
-19.63507080078125	5.746826171875	1447033210104
5.746826171875	19.364334106445313	1447033210109
19.364334106445313	19.364334106445313	1447033210114
19.364334106445313	19.364334106445313	1447033210119
19.364334106445313	15.10406494140625	1447033210124
15.10406494140625	8.7080078125	1447033210129
8.7080078125	3.76397705078125	1447033210134
3.76397705078125	0.9146728515625	1447033210139
0.9146728515625	-0.1707763671875	1447033210144
CadenceDetector: Step (y: pass zero downward): 1447033210144
CadenceNotifier: Delta: 284
CadenceNotifier: CadenceChange: 211.26760563380282
-0.1707763671875	-0.56829833984375	1447033210153
-0.56829833984375	-1.52996826171875	1447033210154
-1.52996826171875	-2.7225341796875	1447033210159
-2.7225341796875	-3.3414306640625	1447033210164
-3.3414306640625	-2.77728271484375	1447033210169
-2.77728271484375	-2.01080322265625	1447033210174
-2.01080322265625	-1.62518310546875	1447033210179
-1.62518310546875	-1.68231201171875	1447033210184
-1.68231201171875	-2.23455810546875	1447033210189
-2.23455810546875	-2.841552734375	1447033210194
-2.841552734375	-3.7080078125	1447033210199
-3.7080078125	-4.9124755859375	1447033210204
-4.9124755859375	-6.26214599609375	1447033210209
-6.26214599609375	-7.7403564453125	1447033210214
-7.7403564453125	-9.18524169921875	1447033210219
-9.18524169921875	-10.41827392578125	1447033210224
-10.41827392578125	-11.56085205078125	1447033210229
-11.56085205078125	-12.820068359375	1447033210234
-12.820068359375	-14.4339599609375	1447033210239
-14.4339599609375	-15.83599853515625	1447033210244
-15.83599853515625	-17.1666259765625	1447033210249
-17.1666259765625	-18.6614990234375	1447033210254
-18.6614990234375	-19.63507080078125	1447033210259
-19.63507080078125	-19.63507080078125	1447033210264
-19.63507080078125	-19.63507080078125	1447033210269
-19.63507080078125	-19.63507080078125	1447033210274
-19.63507080078125	-19.63507080078125	1447033210279
-19.63507080078125	-19.63507080078125	1447033210284
-19.63507080078125	-19.63507080078125	1447033210289
-19.63507080078125	-19.63507080078125	1447033210294
-19.63507080078125	-19.63507080078125	1447033210299
-19.63507080078125	-19.63507080078125	1447033210303
-19.63507080078125	-19.60650634765625	1447033210309
-19.60650634765625	-19.63507080078125	1447033210314
-19.63507080078125	-19.63507080078125	1447033210319
-19.63507080078125	-19.63507080078125	1447033210323
-19.63507080078125	-19.63507080078125	1447033210328
-19.63507080078125	-19.63507080078125	1447033210333
-19.63507080078125	-19.63507080078125	1447033210339
-19.63507080078125	-19.63507080078125	1447033210344
-19.63507080078125	-19.63507080078125	1447033210349
-19.63507080078125	-19.63507080078125	1447033210353
-19.63507080078125	-19.63507080078125	1447033210358
-19.63507080078125	-19.63507080078125	1447033210364
-19.63507080078125	-19.63507080078125	1447033210368
-19.63507080078125	-19.63507080078125	1447033210373
-19.63507080078125	-19.63507080078125	1447033210378
-19.63507080078125	-19.63507080078125	1447033210383
-19.63507080078125	-19.63507080078125	1447033210388
-19.63507080078125	-19.63507080078125	1447033210393
-19.63507080078125	-19.63507080078125	1447033210398
-19.63507080078125	-19.63507080078125	1447033210403
-19.63507080078125	-19.63507080078125	1447033210408
-19.63507080078125	-19.63507080078125	1447033210413
-19.63507080078125	-19.63507080078125	1447033210418
-19.63507080078125	-19.63507080078125	1447033210423
-19.63507080078125	-19.63507080078125	1447033210428
-19.63507080078125	10.07672119140625	1447033210433
10.07672119140625	19.364334106445313	1447033210438
19.364334106445313	19.364334106445313	1447033210443
19.364334106445313	19.364334106445313	1447033210448
19.364334106445313	19.364334106445313	1447033210453
19.364334106445313	10.36236572265625	1447033210458
10.36236572265625	2.47857666015625	1447033210463
2.47857666015625	-1.679931640625	1447033210468
CadenceDetector: Step (y: pass zero downward): 1447033210468
CadenceNotifier: Delta: 326
CadenceNotifier: CadenceChange: 201.34228187919464
-1.679931640625	-2.71539306640625	1447033210473
-2.71539306640625	-3.2366943359375	1447033210478
-3.2366943359375	-4.5792236328125	1447033210484
-4.5792236328125	-6.18359375	1447033210491
-6.18359375	-6.6929931640625	1447033210493
-6.6929931640625	-6.5216064453125	1447033210499
-6.5216064453125	-5.71942138671875	1447033210503
-5.71942138671875	-4.8934326171875	1447033210508
-4.8934326171875	-4.43402099609375	1447033210513
-4.43402099609375	-4.59112548828125	1447033210518
-4.59112548828125	-5.34332275390625	1447033210523
-5.34332275390625	-6.2216796875	1447033210528
-6.2216796875	-7.126220703125	1447033210533
-7.126220703125	-8.040283203125	1447033210538
-8.040283203125	-8.878173828125	1447033210543
-8.878173828125	-9.658935546875	1447033210548
-9.658935546875	-10.51824951171875	1447033210553
-10.51824951171875	-11.563232421875	1447033210558
-11.563232421875	-12.363037109375	1447033210563
-12.363037109375	-12.858154296875	1447033210568
-12.858154296875	-13.53179931640625	1447033210573
-13.53179931640625	-14.514892578125	1447033210578
-14.514892578125	-15.92169189453125	1447033210583
-15.92169189453125	-17.28326416015625	1447033210588
-17.28326416015625	-18.209228515625	1447033210593
-18.209228515625	-18.65911865234375	1447033210598
-18.65911865234375	-18.73529052734375	1447033210603
-18.73529052734375	-18.5948486328125	1447033210608
-18.5948486328125	-18.24017333984375	1447033210613
-18.24017333984375	-17.599853515625	1447033210618
-17.599853515625	-16.86431884765625	1447033210623
-16.86431884765625	-16.1954345703125	1447033210629
-16.1954345703125	-15.695556640625	1447033210633
-15.695556640625	-15.31231689453125	1447033210638
-15.31231689453125	-14.97906494140625	1447033210643
-14.97906494140625	-14.86004638671875	1447033210648
-14.86004638671875	-14.8433837890625	1447033210653
-14.8433837890625	-14.7957763671875	1447033210658
-14.7957763671875	-14.9005126953125	1447033210663
-14.9005126953125	-15.13140869140625	1447033210668
-15.13140869140625	-15.47894287109375	1447033210673
-15.47894287109375	-15.92645263671875	1447033210678
-15.92645263671875	-16.4620361328125	1447033210683
-16.4620361328125	-17.0999755859375	1447033210688
-17.0999755859375	-17.79266357421875	1447033210693
-17.79266357421875	-18.64483642578125	1447033210698
-18.64483642578125	-19.63507080078125	1447033210703
-19.63507080078125	-19.63507080078125	1447033210708
-19.63507080078125	-19.63507080078125	1447033210713
-19.63507080078125	-19.63507080078125	1447033210718
-19.63507080078125	-19.63507080078125	1447033210723
-19.63507080078125	-19.63507080078125	1447033210728
-19.63507080078125	-19.63507080078125	1447033210733
-19.63507080078125	-19.63507080078125	1447033210738
-19.63507080078125	-19.63507080078125	1447033210743
-19.63507080078125	-19.63507080078125	1447033210748
-19.63507080078125	-19.63507080078125	1447033210753
-19.63507080078125	-19.63507080078125	1447033210758
-19.63507080078125	-19.63507080078125	1447033210771
-19.63507080078125	-19.63507080078125	1447033210771
-19.63507080078125	-19.63507080078125	1447033210773
-19.63507080078125	-19.63507080078125	1447033210777
-19.63507080078125	1.3050537109375	1447033210783
1.3050537109375	19.364334106445313	1447033210788
19.364334106445313	19.364334106445313	1447033210793
19.364334106445313	19.364334106445313	1447033210798
19.364334106445313	19.364334106445313	1447033210803
19.364334106445313	12.72845458984375	1447033210807
12.72845458984375	3.518798828125	1447033210813
3.518798828125	-1.99176025390625	1447033210818
CadenceDetector: Step (y: pass zero downward): 1447033210818
CadenceNotifier: Delta: 348
CadenceNotifier: CadenceChange: 193.23671497584542
-1.99176025390625	-3.08673095703125	1447033210823
-3.08673095703125	-1.5989990234375	1447033210827
-1.5989990234375	-0.5087890625	1447033210837
-0.5087890625	-1.0848388671875	1447033210838
-1.0848388671875	-2.16552734375	1447033210842
-2.16552734375	-2.38690185546875	1447033210848
-2.38690185546875	-1.756103515625	1447033210853
-1.756103515625	-1.13958740234375	1447033210858
-1.13958740234375	-0.68731689453125	1447033210863
-0.68731689453125	-0.43023681640625	1447033210868
-0.43023681640625	-0.1231689453125	1447033210873
-0.1231689453125	0.1243896484375	1447033210877
0.1243896484375	-0.08270263671875	1447033210883
CadenceDetector: Step (y: pass zero downward): 1447033210883
CadenceNotifier: Delta: 65
-0.08270263671875	-0.6658935546875	1447033210888
-0.6658935546875	-1.78466796875	1447033210892
-1.78466796875	-3.04388427734375	1447033210897
-3.04388427734375	-4.35546875	1447033210902
-4.35546875	-5.73846435546875	1447033210907
-5.73846435546875	-7.15716552734375	1447033210912
-7.15716552734375	-8.47113037109375	1447033210920
-8.47113037109375	-9.7779541015625	1447033210923
-9.7779541015625	-10.98480224609375	1447033210927
-10.98480224609375	-12.01788330078125	1447033210932
-12.01788330078125	-13.17236328125	1447033210937
-13.17236328125	-14.08642578125	1447033210942
-14.08642578125	-14.5577392578125	1447033210947
-14.5577392578125	-14.71484375	1447033210952
-14.71484375	-14.5767822265625	1447033210957
-14.5767822265625	-14.36016845703125	1447033210962
-14.36016845703125	-14.19830322265625	1447033210967
-14.19830322265625	-13.80792236328125	1447033210972
-13.80792236328125	-13.12237548828125	1447033210977
-13.12237548828125	-12.4296875	1447033210983
-12.4296875	-11.86077880859375	1447033210987
-11.86077880859375	-11.5013427734375	1447033210992
-11.5013427734375	-11.34423828125	1447033210997
-11.34423828125	-11.15618896484375	1447033211002
-11.15618896484375	-11.296630859375	1447033211007
-11.296630859375	-11.4013671875	1447033211012
-11.4013671875	-11.410888671875	1447033211017
-11.410888671875	-11.47039794921875	1447033211022
-11.47039794921875	-11.925048828125	1447033211028
-11.925048828125	-12.43206787109375	1447033211032
-12.43206787109375	-12.877197265625	1447033211038
-12.877197265625	-13.55322265625	1447033211042
-13.55322265625	-14.4244384765625	1447033211047
-14.4244384765625	-15.47418212890625	1447033211052
-15.47418212890625	-16.5096435546875	1447033211057
-16.5096435546875	-17.77362060546875	1447033211064
-17.77362060546875	-19.23040771484375	1447033211067
-19.23040771484375	-19.63507080078125	1447033211072
-19.63507080078125	-19.63507080078125	1447033211077
-19.63507080078125	-19.63507080078125	1447033211082
-19.63507080078125	-19.63507080078125	1447033211087
-19.63507080078125	-19.63507080078125	1447033211092
-19.63507080078125	-19.63507080078125	1447033211097
-19.63507080078125	-19.63507080078125	1447033211102
-19.63507080078125	-19.63507080078125	1447033211107
-19.63507080078125	-19.63507080078125	1447033211112
-19.63507080078125	-19.63507080078125	1447033211117
-19.63507080078125	-19.63507080078125	1447033211122
-19.63507080078125	-19.63507080078125	1447033211127
-19.63507080078125	-9.99456787109375	1447033211132
-9.99456787109375	19.364334106445313	1447033211137
19.364334106445313	19.364334106445313	1447033211142
19.364334106445313	19.364334106445313	1447033211147
19.364334106445313	19.364334106445313	1447033211152
19.364334106445313	16.22760009765625	1447033211157
16.22760009765625	2.83087158203125	1447033211162
2.83087158203125	-3.5604248046875	1447033211167
CadenceDetector: Step (y: pass zero downward): 1447033211167
CadenceNotifier: Delta: 284
CadenceNotifier: CadenceChange: 183.6266258607498
-3.5604248046875	-4.1697998046875	1447033211172
-4.1697998046875	-2.117919921875	1447033211177
-2.117919921875	-0.83251953125	1447033211182
-0.83251953125	-1.89654541015625	1447033211187
-1.89654541015625	-3.87701416015625	1447033211192
-3.87701416015625	-4.4935302734375	1447033211197
-4.4935302734375	-4.1697998046875	1447033211202
-4.1697998046875	-3.6270751953125	1447033211207
-3.6270751953125	-3.44854736328125	1447033211212
-3.44854736328125	-3.78179931640625	1447033211217
-3.78179931640625	-4.64349365234375	1447033211222
-4.64349365234375	-5.526611328125	1447033211227
-5.526611328125	-6.30975341796875	1447033211232
-6.30975341796875	-7.031005859375	1447033211237
-7.031005859375	-7.95458984375	1447033211242
-7.95458984375	-9.19000244140625	1447033211247
-9.19000244140625	-10.37066650390625	1447033211252
-10.37066650390625	-11.410888671875	1447033211257
-11.410888671875	-12.39398193359375	1447033211262
-12.39398193359375	-13.315185546875	1447033211267
-13.315185546875	-14.10784912109375	1447033211272
-14.10784912109375	-14.9052734375	1447033211277
-14.9052734375	-15.8336181640625	1447033211282
-15.8336181640625	-16.85955810546875	1447033211287
-16.85955810546875	-17.84503173828125	1447033211292
-17.84503173828125	-18.69720458984375	1447033211297
-18.69720458984375	-19.3470458984375	1447033211302
-19.3470458984375	-19.618408203125	1447033211307
-19.618408203125	-19.24468994140625	1447033211312
-19.24468994140625	-18.68768310546875	1447033211317
-18.68768310546875	-18.31158447265625	1447033211322
-18.31158447265625	-18.15924072265625	1447033211327
-18.15924072265625	-18.1092529296875	1447033211332
-18.1092529296875	-17.923583984375	1447033211337
-17.923583984375	-17.81170654296875	1447033211343
-17.81170654296875	-17.84979248046875	1447033211347
-17.84979248046875	-18.094970703125	1447033211352
-18.094970703125	-18.19732666015625	1447033211357
-18.19732666015625	-18.34490966796875	1447033211362
-18.34490966796875	-18.57818603515625	1447033211367
-18.57818603515625	-19.0994873046875	1447033211372
-19.0994873046875	-19.63507080078125	1447033211376
-19.63507080078125	-19.63507080078125	1447033211381
-19.63507080078125	-19.63507080078125	1447033211386
-19.63507080078125	-19.63507080078125	1447033211392
-19.63507080078125	-19.63507080078125	1447033211396
-19.63507080078125	-19.63507080078125	1447033211401
-19.63507080078125	-19.63507080078125	1447033211406
-19.63507080078125	-19.63507080078125	1447033211411
-19.63507080078125	-19.63507080078125	1447033211416
-19.63507080078125	-19.63507080078125	1447033211421
-19.63507080078125	-19.63507080078125	1447033211426
-19.63507080078125	-19.63507080078125	1447033211431
-19.63507080078125	-19.63507080078125	1447033211436
-19.63507080078125	-19.63507080078125	1447033211441
-19.63507080078125	-19.63507080078125	1447033211446
-19.63507080078125	-19.63507080078125	1447033211451
-19.63507080078125	-19.63507080078125	1447033211459
-19.63507080078125	2.61187744140625	1447033211461
2.61187744140625	19.364334106445313	1447033211466
19.364334106445313	19.364334106445313	1447033211471
19.364334106445313	19.364334106445313	1447033211476
19.364334106445313	19.364334106445313	1447033211481
19.364334106445313	10.4266357421875	1447033211486
10.4266357421875	-0.36834716796875	1447033211491
CadenceDetector: Step (y: pass zero downward): 1447033211491
CadenceNotifier: Delta: 325
CadenceNotifier: CadenceChange: 178.04154302670622
-0.36834716796875	-4.955322265625	1447033211496
-4.955322265625	-4.4268798828125	1447033211505
-4.4268798828125	-1.641845703125	1447033211506
-1.641845703125	0.26483154296875	1447033211511
0.26483154296875	-0.137451171875	1447033211517
CadenceDetector: Step (y: pass zero downward): 1447033211517
CadenceNotifier: Delta: 26
-0.137451171875	-1.546630859375	1447033211521
-1.546630859375	-1.7894287109375	1447033211526
-1.7894287109375	-1.23480224609375	1447033211531
-1.23480224609375	-0.5325927734375	1447033211536
-0.5325927734375	0.10772705078125	1447033211541
0.10772705078125	0.29815673828125	1447033211546
0.29815673828125	-0.1231689453125	1447033211551
CadenceDetector: Step (y: pass zero downward): 1447033211551
CadenceNotifier: Delta: 34
-0.1231689453125	-0.77301025390625	1447033211556
-0.77301025390625	-1.5751953125	1447033211561
-1.5751953125	-2.5987548828125	1447033211566
-2.5987548828125	-3.793701171875	1447033211571
-3.793701171875	-5.298095703125	1447033211576
-5.298095703125	-6.97149658203125	1447033211581
-6.97149658203125	-8.41876220703125	1447033211586
-8.41876220703125	-9.59228515625	1447033211591
-9.59228515625	-10.76580810546875	1447033211597
-10.76580810546875	-12.0345458984375	1447033211601
-12.0345458984375	-13.3056640625	1447033211606
-13.3056640625	-14.46966552734375	1447033211611
-14.46966552734375	-15.5003662109375	1447033211616
-15.5003662109375	-16.26922607421875	1447033211621
-16.26922607421875	-16.71197509765625	1447033211626
-16.71197509765625	-16.77386474609375	1447033211631
-16.77386474609375	-16.628662109375	1447033211636
-16.628662109375	-16.266845703125	1447033211641
-16.266845703125	-15.81219482421875	1447033211646
-15.81219482421875	-15.40753173828125	1447033211651
-15.40753173828125	-15.03857421875	1447033211656
-15.03857421875	-14.75054931640625	1447033211661
-14.75054931640625	-14.6339111328125	1447033211666
-14.6339111328125	-14.66009521484375	1447033211671
-14.66009521484375	-14.86956787109375	1447033211676
-14.86956787109375	-15.08856201171875	1447033211681
-15.08856201171875	-15.30279541015625	1447033211686
-15.30279541015625	-15.60748291015625	1447033211691
-15.60748291015625	-15.9573974609375	1447033211696
-15.9573974609375	-16.56439208984375	1447033211701
-16.56439208984375	-17.314208984375	1447033211706
-17.314208984375	-17.9188232421875	1447033211711
-17.9188232421875	-18.61627197265625	1447033211716
-18.61627197265625	-19.63507080078125	1447033211721
-19.63507080078125	-19.63507080078125	1447033211726
-19.63507080078125	-19.63507080078125	1447033211731
-19.63507080078125	-19.63507080078125	1447033211736
-19.63507080078125	-19.63507080078125	1447033211741
-19.63507080078125	-19.63507080078125	1447033211746
-19.63507080078125	-19.63507080078125	1447033211751
-19.63507080078125	-19.63507080078125	1447033211756
-19.63507080078125	-19.63507080078125	1447033211764
-19.63507080078125	-19.63507080078125	1447033211766
-19.63507080078125	-19.63507080078125	1447033211771
-19.63507080078125	-19.63507080078125	1447033211776
-19.63507080078125	-19.63507080078125	1447033211781
-19.63507080078125	-19.63507080078125	1447033211786
-19.63507080078125	-19.63507080078125	1447033211791
-19.63507080078125	-10.16595458984375	1447033211796
-10.16595458984375	19.364334106445313	1447033211801
19.364334106445313	19.364334106445313	1447033211805
19.364334106445313	19.364334106445313	1447033211810
19.364334106445313	19.364334106445313	1447033211815
19.364334106445313	19.364334106445313	1447033211821
19.364334106445313	6.356201171875	1447033211825
6.356201171875	-1.92034912109375	1447033211830
CadenceDetector: Step (y: pass zero downward): 1447033211831
CadenceNotifier: Delta: 279
CadenceNotifier: CadenceChange: 176.3409257898604
-1.92034912109375	-3.84844970703125	1447033211839
-3.84844970703125	-2.041748046875	1447033211841
-2.041748046875	0.43621826171875	1447033211846
0.43621826171875	0.74566650390625	1447033211852
0.74566650390625	-1.2943115234375	1447033211857
CadenceDetector: Step (y: pass zero downward): 1447033211857
CadenceNotifier: Delta: 26
-1.2943115234375	-2.84393310546875	1447033211860
-2.84393310546875	-2.9034423828125	1447033211866
-2.9034423828125	-2.27978515625	1447033211870
-2.27978515625	-1.7608642578125	1447033211875
-1.7608642578125	-1.470458984375	1447033211880
-1.470458984375	-1.4847412109375	1447033211886
-1.4847412109375	-1.90606689453125	1447033211891
-1.90606689453125	-2.7510986328125	1447033211896
-2.7510986328125	-3.7080078125	1447033211900
-3.7080078125	-4.64111328125	1447033211907
-4.64111328125	-5.57183837890625	1447033211910
-5.57183837890625	-6.5406494140625	1447033211915
-6.5406494140625	-7.478515625	1447033211920
-7.478515625	-8.38543701171875	1447033211925
-8.38543701171875	-9.1400146484375	1447033211930
-9.1400146484375	-9.9683837890625	1447033211935
-9.9683837890625	-11.08001708984375	1447033211940
-11.08001708984375	-12.3297119140625	1447033211945
-12.3297119140625	-13.5675048828125	1447033211950
-13.5675048828125	-14.78863525390625	1447033211955
-14.78863525390625	-15.65032958984375	1447033211960
-15.65032958984375	-16.14068603515625	1447033211965
-16.14068603515625	-16.32159423828125	1447033211970
-16.32159423828125	-16.13116455078125	1447033211975
-16.13116455078125	-15.8431396484375	1447033211980
-15.8431396484375	-15.72650146484375	1447033211985
-15.72650146484375	-15.847900390625	1447033211990
-15.847900390625	-16.06927490234375	1447033211995
-16.06927490234375	-16.4287109375	1447033212000
-16.4287109375	-16.7191162109375	1447033212005
-16.7191162109375	-16.8143310546875	1447033212010
-16.8143310546875	-16.93096923828125	1447033212015
-16.93096923828125	-16.9857177734375	1447033212020
-16.9857177734375	-17.1285400390625	1447033212025
-17.1285400390625	-17.74267578125	1447033212030
-17.74267578125	-18.88287353515625	1447033212035
-18.88287353515625	-19.6326904296875	1447033212040
-19.6326904296875	-19.63507080078125	1447033212045
-19.63507080078125	-19.63507080078125	1447033212050
-19.63507080078125	-19.63507080078125	1447033212055
-19.63507080078125	-19.63507080078125	1447033212060
-19.63507080078125	-19.63507080078125	1447033212065
-19.63507080078125	-19.63507080078125	1447033212070
-19.63507080078125	-19.63507080078125	1447033212075
-19.63507080078125	-19.63507080078125	1447033212080
-19.63507080078125	-19.63507080078125	1447033212085
-19.63507080078125	-19.63507080078125	1447033212090
-19.63507080078125	-19.63507080078125	1447033212095
-19.63507080078125	-12.47967529296875	1447033212100
-12.47967529296875	19.364334106445313	1447033212105
19.364334106445313	19.364334106445313	1447033212109
19.364334106445313	19.364334106445313	1447033212114
19.364334106445313	19.364334106445313	1447033212120
19.364334106445313	19.364334106445313	1447033212124
19.364334106445313	7.76300048828125	1447033212129
7.76300048828125	-0.48736572265625	1447033212135
CadenceDetector: Step (y: pass zero downward): 1447033212135
CadenceNotifier: Delta: 280
CadenceNotifier: CadenceChange: 181.9560272934041
-0.48736572265625	-3.1605224609375	1447033212140
-3.1605224609375	-1.96795654296875	1447033212144
-1.96795654296875	0.4766845703125	1447033212149
0.4766845703125	1.29315185546875	1447033212156
1.29315185546875	0.20294189453125	1447033212160
0.20294189453125	-1.222900390625	1447033212164
CadenceDetector: Step (y: pass zero downward): 1447033212166
CadenceNotifier: Delta: 29
-1.222900390625	-1.90130615234375	1447033212170
-1.90130615234375	-2.1131591796875	1447033212174
-2.1131591796875	-2.1845703125	1447033212181
-2.1845703125	-2.6416015625	1447033212185
-2.6416015625	-3.4461669921875	1447033212192
-3.4461669921875	-4.35546875	1447033212194
-4.35546875	-5.36712646484375	1447033212201
-5.36712646484375	-6.57159423828125	1447033212209
-6.57159423828125	-8.0069580078125	1447033212209
-8.0069580078125	-9.2161865234375	1447033212214
-9.2161865234375	-10.66107177734375	1447033212220
-10.66107177734375	-12.27020263671875	1447033212224
-12.27020263671875	-13.7293701171875	1447033212229
-13.7293701171875	-15.1575927734375	1447033212234
-15.1575927734375	-16.39776611328125	1447033212240
-16.39776611328125	-17.78790283203125	1447033212244
-17.78790283203125	-19.38037109375	1447033212249
-19.38037109375	-19.63507080078125	1447033212254
-19.63507080078125	-19.63507080078125	1447033212259
-19.63507080078125	-19.63507080078125	1447033212264
-19.63507080078125	-19.63507080078125	1447033212269
-19.63507080078125	-19.63507080078125	1447033212274
-19.63507080078125	-19.63507080078125	1447033212279
-19.63507080078125	-19.63507080078125	1447033212284
-19.63507080078125	-19.63507080078125	1447033212289
-19.63507080078125	-19.63507080078125	1447033212294
-19.63507080078125	-19.63507080078125	1447033212299
-19.63507080078125	-19.58984375	1447033212304
-19.58984375	-19.49224853515625	1447033212309
-19.49224853515625	-19.63507080078125	1447033212314
-19.63507080078125	-19.63507080078125	1447033212319
-19.63507080078125	-19.59222412109375	1447033212324
-19.59222412109375	-19.63507080078125	1447033212329
-19.63507080078125	-19.63507080078125	1447033212334
-19.63507080078125	-19.63507080078125	1447033212339
-19.63507080078125	-19.63507080078125	1447033212344
-19.63507080078125	-19.63507080078125	1447033212349
-19.63507080078125	-19.63507080078125	1447033212354
-19.63507080078125	-19.63507080078125	1447033212359
-19.63507080078125	-19.63507080078125	1447033212364
-19.63507080078125	-19.63507080078125	1447033212369
-19.63507080078125	-19.63507080078125	1447033212374
-19.63507080078125	-19.63507080078125	1447033212379
-19.63507080078125	-19.63507080078125	1447033212384
-19.63507080078125	-19.63507080078125	1447033212389
-19.63507080078125	-19.63507080078125	1447033212394
-19.63507080078125	-19.63507080078125	1447033212399
-19.63507080078125	-19.63507080078125	1447033212404
-19.63507080078125	-19.63507080078125	1447033212409
-19.63507080078125	-19.63507080078125	1447033212414
-19.63507080078125	1.20269775390625	1447033212419
1.20269775390625	19.364334106445313	1447033212424
19.364334106445313	19.364334106445313	1447033212429
19.364334106445313	19.364334106445313	1447033212434
19.364334106445313	19.364334106445313	1447033212439
19.364334106445313	5.24932861328125	1447033212444
5.24932861328125	-4.1793212890625	1447033212449
CadenceDetector: Step (y: pass zero downward): 1447033212449
CadenceNotifier: Delta: 284
CadenceNotifier: CadenceChange: 187.06157443491816
-4.1793212890625	-7.449951171875	1447033212457
-7.449951171875	-6.1978759765625	1447033212459
-6.1978759765625	-2.879638671875	1447033212464
-2.879638671875	-0.13983154296875	1447033212469
-0.13983154296875	-0.04461669921875	1447033212474
-0.04461669921875	-1.5704345703125	1447033212479
-1.5704345703125	-2.31072998046875	1447033212484
-2.31072998046875	-1.89654541015625	1447033212489
-1.89654541015625	-1.08245849609375	1447033212494
-1.08245849609375	-0.22314453125	1447033212499
-0.22314453125	0.15057373046875	1447033212504
0.15057373046875	0.29339599609375	1447033212509
0.29339599609375	-0.0089111328125	1447033212514
CadenceDetector: Step (y: pass zero downward): 1447033212515
CadenceNotifier: Delta: 65
-0.0089111328125	-0.4278564453125	1447033212519
-0.4278564453125	-0.89678955078125	1447033212524
-0.89678955078125	-1.62994384765625	1447033212529
-1.62994384765625	-2.73681640625	1447033212534
-2.73681640625	-4.04364013671875	1447033212539
-4.04364013671875	-5.44805908203125	1447033212544
-5.44805908203125	-6.8548583984375	1447033212549
-6.8548583984375	-8.097412109375	1447033212554
-8.097412109375	-9.30902099609375	1447033212559
-9.30902099609375	-10.62774658203125	1447033212564
-10.62774658203125	-12.0155029296875	1447033212569
-12.0155029296875	-13.46514892578125	1447033212574
-13.46514892578125	-14.69342041015625	1447033212579
-14.69342041015625	-15.72174072265625	1447033212584
-15.72174072265625	-16.314453125	1447033212589
-16.314453125	-16.6143798828125	1447033212594
-16.6143798828125	-16.47393798828125	1447033212599
-16.47393798828125	-15.87884521484375	1447033212604
-15.87884521484375	-15.0814208984375	1447033212609
-15.0814208984375	-14.3863525390625	1447033212614
-14.3863525390625	-14.057861328125	1447033212619
-14.057861328125	-14.06500244140625	1447033212623
-14.06500244140625	-14.17926025390625	1447033212628
-14.17926025390625	-14.22686767578125	1447033212633
-14.22686767578125	-14.4815673828125	1447033212638
-14.4815673828125	-14.743408203125	1447033212644
-14.743408203125	-15.14093017578125	1447033212649
-15.14093017578125	-15.5670166015625	1447033212653
-15.5670166015625	-16.0050048828125	1447033212658
-16.0050048828125	-16.9095458984375	1447033212663
-16.9095458984375	-18.018798828125	1447033212709
-18.018798828125	-19.10662841796875	1447033212710
-19.10662841796875	-19.63507080078125	1447033212710
-19.63507080078125	-19.63507080078125	1447033212710
-19.63507080078125	-19.63507080078125	1447033212710
-19.63507080078125	-19.63507080078125	1447033212710
-19.63507080078125	-19.63507080078125	1447033212711
-19.63507080078125	-19.63507080078125	1447033212711
-19.63507080078125	-19.63507080078125	1447033212711
-19.63507080078125	-19.63507080078125	1447033212713
-19.63507080078125	-19.63507080078125	1447033212718
-19.63507080078125	-19.63507080078125	1447033212723
-19.63507080078125	-19.63507080078125	1447033212728
-19.63507080078125	-19.63507080078125	1447033212733
-19.63507080078125	-19.63507080078125	1447033212738
-19.63507080078125	-19.63507080078125	1447033212743
-19.63507080078125	-19.63507080078125	1447033212748
-19.63507080078125	19.364334106445313	1447033212753
19.364334106445313	19.364334106445313	1447033212760
19.364334106445313	19.364334106445313	1447033212763
19.364334106445313	19.364334106445313	1447033212768
19.364334106445313	19.364334106445313	1447033212773
19.364334106445313	9.01983642578125	1447033212778
9.01983642578125	1.80731201171875	1447033212783
1.80731201171875	-1.16339111328125	1447033212788
CadenceDetector: Step (y: pass zero downward): 1447033212788
CadenceNotifier: Delta: 274
CadenceNotifier: CadenceChange: 185.04240555127217
-1.16339111328125	-1.18719482421875	1447033212793
-1.18719482421875	0.50762939453125	1447033212798
0.50762939453125	1.35028076171875	1447033212808
1.35028076171875	0.26959228515625	1447033212808
0.26959228515625	-1.9989013671875	1447033212813
CadenceDetector: Step (y: pass zero downward): 1447033212814
CadenceNotifier: Delta: 25
-1.9989013671875	-4.28167724609375	1447033212818
-4.28167724609375	-6.05743408203125	1447033212823
-6.05743408203125	-6.84771728515625	1447033212828
-6.84771728515625	-6.36212158203125	1447033212833
-6.36212158203125	-5.488525390625	1447033212838
-5.488525390625	-4.6553955078125	1447033212843
-4.6553955078125	-3.59136962890625	1447033212848
-3.59136962890625	-2.8843994140625	1447033212853
-2.8843994140625	-2.4368896484375	1447033212858
-2.4368896484375	-2.32977294921875	1447033212863
-2.32977294921875	-2.35833740234375	1447033212868
-2.35833740234375	-2.52496337890625	1447033212873
-2.52496337890625	-2.708251953125	1447033212878
-2.708251953125	-2.88201904296875	1447033212883
-2.88201904296875	-2.936767578125	1447033212888
-2.936767578125	-2.87725830078125	1447033212893
-2.87725830078125	-2.7701416015625	1447033212898
-2.7701416015625	-2.66064453125	1447033212903
-2.66064453125	-2.5797119140625	1447033212908
-2.5797119140625	-2.36785888671875	1447033212913
-2.36785888671875	-2.12744140625	1447033212918
-2.12744140625	-1.83465576171875	1447033212923
-1.83465576171875	-1.451416015625	1447033212928
-1.451416015625	-1.09674072265625	1447033212933
-1.09674072265625	-0.77777099609375	1447033212938
-0.77777099609375	-0.35406494140625	1447033212943
-0.35406494140625	0.1434326171875	1447033212948
0.1434326171875	0.671875	1447033212953
0.671875	1.14794921875	1447033212958
1.14794921875	1.60498046875	1447033212963
1.60498046875	2.071533203125	1447033212968
2.071533203125	2.509521484375	1447033212973
2.509521484375	2.80230712890625	1447033212978
2.80230712890625	3.12841796875	1447033212983
3.12841796875	3.54974365234375	1447033212988
3.54974365234375	3.709228515625	1447033212993
3.709228515625	3.99249267578125	1447033212998
3.99249267578125	4.24957275390625	1447033213003
4.24957275390625	4.44952392578125	1447033213008
4.44952392578125	4.84466552734375	1447033213013
4.84466552734375	5.40167236328125	1447033213018
5.40167236328125	5.9705810546875	1447033213023
5.9705810546875	6.61328125	1447033213028
6.61328125	7.308349609375	1447033213033
7.308349609375	8.06768798828125	1447033213038
8.06768798828125	8.97222900390625	1447033213043
8.97222900390625	8.946044921875	1447033213048
8.946044921875	8.95556640625	1447033213053
8.95556640625	8.65325927734375	1447033213058
8.65325927734375	8.2366943359375	1447033213063
8.2366943359375	7.90106201171875	1447033213068
7.90106201171875	7.7415771484375	1447033213073
7.7415771484375	7.841552734375	1447033213078
7.841552734375	7.93914794921875	1447033213083
7.93914794921875	8.1748046875	1447033213088
8.1748046875	8.3033447265625	1447033213093
8.3033447265625	8.49139404296875	1447033213098
8.49139404296875	8.6365966796875	1447033213103
8.6365966796875	8.63421630859375	1447033213108
8.63421630859375	8.59136962890625	1447033213113
8.59136962890625	8.54376220703125	1447033213118
8.54376220703125	8.469970703125	1447033213123
8.469970703125	8.33905029296875	1447033213128
8.33905029296875	8.17718505859375	1447033213133
8.17718505859375	8.0843505859375	1447033213138
8.0843505859375	7.86297607421875	1447033213142
7.86297607421875	7.6844482421875	1447033213148
7.6844482421875	7.479736328125	1447033213152
7.479736328125	7.3035888671875	1447033213158
7.3035888671875	7.11077880859375	1447033213162
7.11077880859375	6.97271728515625	1447033213168
6.97271728515625	7.0274658203125	1447033213172
7.0274658203125	7.2750244140625	1447033213177
7.2750244140625	7.4273681640625	1447033213182
7.4273681640625	7.289306640625	1447033213187
7.289306640625	7.23931884765625	1447033213192
7.23931884765625	7.26788330078125	1447033213197
7.26788330078125	7.21551513671875	1447033213202
7.21551513671875	7.15362548828125	1447033213207
7.15362548828125	6.93463134765625	1447033213212
6.93463134765625	6.7989501953125	1447033213217
6.7989501953125	6.660888671875	1447033213222
6.660888671875	6.64898681640625	1447033213227
6.64898681640625	6.64898681640625	1447033213232
6.64898681640625	6.451416015625	1447033213237
6.451416015625	6.356201171875	1447033213242
6.356201171875	6.15625	1447033213247
6.15625	5.98486328125	1447033213252
5.98486328125	5.78729248046875	1447033213257
5.78729248046875	5.72064208984375	1447033213262
5.72064208984375	5.7515869140625	1447033213267
5.7515869140625	5.8372802734375	1447033213272
5.8372802734375	5.89202880859375	1447033213277
5.89202880859375	5.842041015625	1447033213282
5.842041015625	5.72064208984375	1447033213287
5.72064208984375	5.594482421875	1447033213292
5.594482421875	5.46832275390625	1447033213297
5.46832275390625	5.480224609375	1447033213302
5.480224609375	5.5325927734375	1447033213307
5.5325927734375	5.56591796875	1447033213312
5.56591796875	5.71588134765625	1447033213317
5.71588134765625	5.73492431640625	1447033213322
5.73492431640625	5.70159912109375	1447033213327
5.70159912109375	5.88250732421875	1447033213332
5.88250732421875	6.02056884765625	1447033213337
6.02056884765625	5.7230224609375	1447033213342
5.7230224609375	5.59210205078125	1447033213347
5.59210205078125	5.423095703125	1447033213352
5.423095703125	5.32073974609375	1447033213357
5.32073974609375	5.38739013671875	1447033213362
5.38739013671875	5.48260498046875	1447033213367
5.48260498046875	5.58258056640625	1447033213372
5.58258056640625	5.6849365234375	1447033213377
5.6849365234375	5.7991943359375	1447033213382
5.7991943359375	5.87060546875	1447033213387
5.87060546875	5.82537841796875	1447033213392
5.82537841796875	5.9515380859375	1447033213397
5.9515380859375	5.92059326171875	1447033213402
5.92059326171875	5.822998046875	1447033213407
5.822998046875	5.74920654296875	1447033213412
5.74920654296875	5.727783203125	1447033213417
5.727783203125	5.6754150390625	1447033213422
5.6754150390625	5.58734130859375	1447033213427
5.58734130859375	5.6278076171875	1447033213432
5.6278076171875	5.803955078125	1447033213437
5.803955078125	5.765869140625	1447033213442
5.765869140625	5.89678955078125	1447033213447
5.89678955078125	5.85394287109375	1447033213452
5.85394287109375	5.5325927734375	1447033213457
5.5325927734375	4.9517822265625	1447033213462
4.9517822265625	4.7470703125	1447033213467
4.7470703125	4.87322998046875	1447033213472
4.87322998046875	5.061279296875	1447033213477
5.061279296875	5.2041015625	1447033213482
5.2041015625	5.29217529296875	1447033213487
5.29217529296875	5.4326171875	1447033213492
5.4326171875	5.53497314453125	1447033213497
5.53497314453125	5.60400390625	1447033213502
5.60400390625	5.5897216796875	1447033213507
5.5897216796875	5.52545166015625	1447033213512
5.52545166015625	5.470703125	1447033213517
5.470703125	5.43499755859375	1447033213522
5.43499755859375	5.4659423828125	1447033213527
5.4659423828125	5.42547607421875	1447033213532
5.42547607421875	5.44927978515625	1447033213537
5.44927978515625	5.43975830078125	1447033213542
5.43975830078125	5.5135498046875	1447033213547
5.5135498046875	5.56353759765625	1447033213552
5.56353759765625	5.56353759765625	1447033213557
5.56353759765625	5.4945068359375	1447033213562
5.4945068359375	5.470703125	1447033213567
5.470703125	5.48260498046875	1447033213572
5.48260498046875	5.44927978515625	1447033213577
5.44927978515625	5.55877685546875	1447033213582
5.55877685546875	5.5516357421875	1447033213587
5.5516357421875	5.56829833984375	1447033213592
5.56829833984375	5.58734130859375	1447033213597
5.58734130859375	5.66351318359375	1447033213602
5.66351318359375	5.6944580078125	1447033213607
5.6944580078125	5.64208984375	1447033213612
5.64208984375	5.59686279296875	1447033213617
5.59686279296875	5.54449462890625	1447033213622
5.54449462890625	5.53021240234375	1447033213627
5.53021240234375	5.48974609375	1447033213632
5.48974609375	5.4278564453125	1447033213637
5.4278564453125	5.3992919921875	1447033213642
5.3992919921875	5.38262939453125	1447033213646
5.38262939453125	5.327880859375	1447033213652
5.327880859375	5.404052734375	1447033213657
5.404052734375	5.41119384765625	1447033213662
5.41119384765625	5.54925537109375	1447033213667
5.54925537109375	5.56353759765625	1447033213672
5.56353759765625	5.5897216796875	1447033213676
5.5897216796875	5.62066650390625	1447033213682
5.62066650390625	5.70635986328125	1447033213686
5.70635986328125	5.86822509765625	1447033213691
5.86822509765625	5.91107177734375	1447033213696
5.91107177734375	5.7611083984375	1447033213701
5.7611083984375	5.4659423828125	1447033213706
5.4659423828125	5.4373779296875	1447033213712
5.4373779296875	5.28265380859375	1447033213716
5.28265380859375	5.23504638671875	1447033213721
5.23504638671875	5.1707763671875	1447033213726
5.1707763671875	5.118408203125	1447033213732
5.118408203125	5.09222412109375	1447033213736
5.09222412109375	5.2659912109375	1447033213741
5.2659912109375	5.4468994140625	1447033213746
5.4468994140625	5.575439453125	1447033213751
5.575439453125	5.75872802734375	1447033213756
5.75872802734375	5.90631103515625	1447033213764
5.90631103515625	6.06817626953125	1447033213766
6.06817626953125	6.17767333984375	1447033213771
6.17767333984375	6.26812744140625	1447033213776
6.26812744140625	6.28717041015625	1447033213781
6.28717041015625	6.21099853515625	1447033213786
6.21099853515625	6.1514892578125	1447033213791
6.1514892578125	6.07293701171875	1447033213796
6.07293701171875	5.89202880859375	1447033213801
5.89202880859375	5.74444580078125	1447033213806
5.74444580078125	5.53497314453125	1447033213811
5.53497314453125	5.26123046875	1447033213816
5.26123046875	5.19219970703125	1447033213821
5.19219970703125	5.0660400390625	1447033213826
5.0660400390625	5.03271484375	1447033213831
5.03271484375	5.061279296875	1447033213836
5.061279296875	5.1707763671875	1447033213841
5.1707763671875	5.10174560546875	1447033213846
5.10174560546875	5.08746337890625	1447033213851
5.08746337890625	4.985107421875	1447033213856
4.985107421875	4.908935546875	1447033213861
4.908935546875	4.813720703125	1447033213870
4.813720703125	4.80181884765625	1447033213871
4.80181884765625	4.76373291015625	1447033213876
4.76373291015625	4.861328125	1447033213881
4.861328125	4.96368408203125	1447033213886
4.96368408203125	5.00653076171875	1447033213891
5.00653076171875	5.0565185546875	1447033213896
5.0565185546875	5.07318115234375	1447033213901
5.07318115234375	5.0279541015625	1447033213906
5.0279541015625	4.99224853515625	1447033213911
4.99224853515625	4.92083740234375	1447033213916
4.92083740234375	4.8660888671875	1447033213921
4.8660888671875	4.7613525390625	1447033213926
4.7613525390625	4.76373291015625	1447033213931
4.76373291015625	4.68756103515625	1447033213936
4.68756103515625	4.6708984375	1447033213941
4.6708984375	4.64947509765625	1447033213946
4.64947509765625	4.56854248046875	1447033213951
4.56854248046875	4.55426025390625	1447033213956
4.55426025390625	4.53045654296875	1447033213961
4.53045654296875	4.52093505859375	1447033213966
4.52093505859375	4.4757080078125	1447033213971
4.4757080078125	4.36859130859375	1447033213976
4.36859130859375	4.27813720703125	1447033213981
4.27813720703125	4.18292236328125	1447033213986
4.18292236328125	4.12579345703125	1447033213991
4.12579345703125	4.09246826171875	1447033213996
4.09246826171875	4.14007568359375	1447033214001
4.14007568359375	4.1614990234375	1447033214006
4.1614990234375	4.27813720703125	1447033214011
4.27813720703125	4.37335205078125	1447033214016
4.37335205078125	4.50665283203125	1447033214021
4.50665283203125	4.52093505859375	1447033214026
4.52093505859375	4.53997802734375	1447033214031
4.53997802734375	4.53045654296875	1447033214036
4.53045654296875	4.53997802734375	1447033214041
4.53997802734375	4.56854248046875	1447033214046
4.56854248046875	4.61138916015625	1447033214051
4.61138916015625	4.63519287109375	1447033214056
4.63519287109375	4.66375732421875	1447033214061
4.66375732421875	4.69232177734375	1447033214066
4.69232177734375	4.7232666015625	1447033214071
4.7232666015625	4.74945068359375	1447033214076
4.74945068359375	4.69708251953125	1447033214081
4.69708251953125	4.7518310546875	1447033214086
4.7518310546875	4.81134033203125	1447033214091
4.81134033203125	4.8280029296875	1447033214096
4.8280029296875	4.8232421875	1447033214101
4.8232421875	4.84942626953125	1447033214106
4.84942626953125	4.88037109375	1447033214111
4.88037109375	4.91607666015625	1447033214116
4.91607666015625	4.9517822265625	1447033214121
4.9517822265625	4.93511962890625	1447033214126
4.93511962890625	4.9422607421875	1447033214131
4.9422607421875	4.99700927734375	1447033214136
4.99700927734375	5.0279541015625	1447033214141
5.0279541015625	5.08984375	1447033214145
5.08984375	5.042236328125	1447033214150
5.042236328125	5.03033447265625	1447033214155
5.03033447265625	5.01605224609375	1447033214161
5.01605224609375	4.99224853515625	1447033214165
4.99224853515625	4.985107421875	1447033214170
4.985107421875	4.9613037109375	1447033214175
4.9613037109375	4.9375	1447033214180
4.9375	4.87322998046875	1447033214185
4.87322998046875	4.83514404296875	1447033214190
4.83514404296875	4.8089599609375	1447033214195
4.8089599609375	4.8470458984375	1447033214200
4.8470458984375	4.8756103515625	1447033214205
4.8756103515625	4.91845703125	1447033214210
4.91845703125	4.95892333984375	1447033214215
4.95892333984375	4.99700927734375	1447033214220
4.99700927734375	4.966064453125	1447033214225
4.966064453125	4.9613037109375	1447033214230
4.9613037109375	4.94464111328125	1447033214235
4.94464111328125	4.8946533203125	1447033214240
4.8946533203125	4.91845703125	1447033214245
4.91845703125	4.9041748046875	1447033214250
4.9041748046875	4.84466552734375	1447033214255
4.84466552734375	4.78753662109375	1447033214261
4.78753662109375	4.69708251953125	1447033214265
4.69708251953125	4.64947509765625	1447033214270
4.64947509765625	4.66375732421875	1447033214275
4.66375732421875	4.6947021484375	1447033214280
4.6947021484375	4.73992919921875	1447033214285
4.73992919921875	4.7423095703125	1447033214290
4.7423095703125	4.7613525390625	1447033214295
4.7613525390625	4.7423095703125	1447033214300
4.7423095703125	4.74468994140625	1447033214305
4.74468994140625	4.74468994140625	1447033214311
4.74468994140625	4.81610107421875	1447033214317
4.81610107421875	4.9517822265625	1447033214322
4.9517822265625	5.11602783203125	1447033214327
5.11602783203125	5.45880126953125	1447033214331
5.45880126953125	5.58734130859375	1447033214337
5.58734130859375	5.55877685546875	1447033214341
5.55877685546875	5.41595458984375	1447033214345
5.41595458984375	5.21124267578125	1447033214350
5.21124267578125	5.004150390625	1447033214355
5.004150390625	4.9708251953125	1447033214362
4.9708251953125	4.99700927734375	1447033214369
4.99700927734375	4.9375	1447033214370
4.9375	4.96844482421875	1447033214375
4.96844482421875	5.01129150390625	1447033214380
5.01129150390625	5.06365966796875	1447033214385
5.06365966796875	5.0755615234375	1447033214391
5.0755615234375	5.01129150390625	1447033214395
5.01129150390625	4.9613037109375	1447033214400
4.9613037109375	4.947021484375	1447033214405
4.947021484375	4.9708251953125	1447033214410
4.9708251953125	5.0755615234375	1447033214415
5.0755615234375	5.15887451171875	1447033214420
5.15887451171875	5.232666015625	1447033214425
5.232666015625	5.346923828125	1447033214430
5.346923828125	5.51116943359375	1447033214435
5.51116943359375	5.41595458984375	1447033214440
5.41595458984375	5.29931640625	1447033214445
5.29931640625	5.23028564453125	1447033214450
5.23028564453125	5.175537109375	1447033214459
5.175537109375	5.1707763671875	1447033214461
