8.50291758924769	9.50291758924769	1446957352365
8.680705793255004	0.17778820400731377	1446957352365
8.51538573874151	-0.16532005451349363	1446957352365
8.176647440738794	-0.33873829800271693	1446957352366
8.471287133922532	0.29463969318373806	1446957352368
8.712837082748687	0.24154994882615455	1446957352369
8.864299110549323	0.1514620278006369	1446957352369
9.186158101664747	0.32185899111542327	1446957352370
9.410503232265075	0.22434513060032835	1446957352370
9.537305198734044	0.12680196646896924	1446957352371
9.64117140576144	0.10386620702739613	1446957352378
9.78788193295572	0.1467105271942799	1446957352381
9.93754229724262	0.1496603642869001	1446957352385
10.063506126603313	0.12596382936069261	1446957352390
10.26842686683099	0.2049207402276778	1446957352395
10.315002038416333	0.04657517158534219	1446957352400
10.267086527013332	-0.04791551140300143	1446957352405
10.146563317505343	-0.12052320950798823	1446957352410
10.035060947416433	-0.1115023700889104	1446957352415
9.91882631503588	-0.11623463238055365	1446957352420
9.841231894815259	-0.07759442022062046	1446957352425
9.735044142143723	-0.10618775267153602	1446957352430
9.631516968685743	-0.10352717345798013	1446957352435
9.595287411401127	-0.03622955728461541	1446957352440
9.508584300202639	-0.08670311119848861	1446957352445
9.459630694868666	-0.048953605333972305	1446957352450
9.448072324859707	-0.011558370008959429	1446957352455
9.37927594806961	-0.06879637679009676	1446957352460
9.341111305321014	-0.03816464274859577	1446957352465
9.388984199594459	0.047872894273444544	1446957352470
9.576195127627493	0.18721092803303385	1446957352475
9.837571593864707	0.26137646623721444	1446957352480
9.95773187017496	0.12016027631025317	1446957352485
9.999117087117884	0.041385216942924075	1446957352490
10.099901351203608	0.10078426408572305	1446957352495
10.097585810541526	-0.0023155406620816166	1446957352500
10.008844906365677	-0.08874090417584846	1446957352505
9.852172782047749	-0.15667212431792876	1446957352510
9.655994067247931	-0.1961787147998173	1446957352515
9.452283484920109	-0.20371058232782246	1446957352520
9.133429355794663	-0.3188541291254463	1446957352525
8.94570976676853	-0.18771958902613228	1446957352530
8.724265163475398	-0.22144460329313276	1446957352534
8.528329773518928	-0.1959353899564693	1446957352540
8.413341311291774	-0.11498846222715464	1446957352545
8.416130188372794	0.002788877081020047	1446957352550
8.37973088023765	-0.03639930813514347	1446957352555
8.496885842486256	0.11715496224860544	1446957352560
8.567567997312906	0.07068215482665074	1446957352565
8.738713935822382	0.17114593850947557	1446957352570
8.888072114912397	0.14935817909001514	1446957352574
9.138418358865783	0.2503462439533859	1446957352580
9.476417992829873	0.33799963396409005	1446957352584
9.631565887495322	0.15514789466544876	1446957352589
9.726585169810281	0.0950192823149596	1446957352595
9.852098886420446	0.12551371661016475	1446957352600
10.04195027013162	0.18985138371117394	1446957352604
10.28962968213285	0.24767941200122934	1446957352609
10.374096867166264	0.08446718503341444	1446957352614
10.370665987232789	-0.0034308799334752393	1446957352619
10.537826601939765	0.16716061470697596	1446957352624
10.797011457513289	0.25918485557352433	1446957352629
11.098192793101202	0.3011813355879127	1446957352634
11.43406694265397	0.33587414955276884	1446957352639
11.660963718422481	0.22689677576851075	1446957352645
12.06433083935787	0.40336712093538907	1446957352649
12.388426000092677	0.3240951607348066	1446957352655
12.902494912962993	0.5140689128703162	1446957352659
13.350681128355067	0.4481862153920737	1446957352664
13.360294097495258	0.009612969140190941	1446957352669
12.357829804349347	-1.002464293145911	1446957352674
11.91577117882288	-0.44205862552646735	1446957352679
13.082188782837306	1.166417604014427	1446957352684
13.728060651900229	0.6458718690629226	1446957352689
13.696858957413722	-0.03120169448650678	1446957352694
13.580879697841874	-0.11597925957184785	1446957352699
13.480862289156105	-0.10001740868576903	1446957352704
13.365701531761887	-0.11516075739421794	1446957352709
13.159835430617397	-0.20586610114449044	1446957352714
12.859540183950896	-0.30029524666650076	1446957352719
12.708142253969928	-0.15139792998096802	1446957352724
12.166561616680795	-0.5415806372891332	1446957352729
11.662474819126986	-0.5040867975538088	1446957352734
11.219801945235544	-0.4426728738914427	1446957352739
10.795170356463105	-0.42463158877243856	1446957352744
10.578739858858711	-0.21643049760439403	1446957352749
10.393078679103743	-0.18566117975496788	1446957352754
10.562524459445248	0.16944578034150481	1446957352759
11.19055497463843	0.6280305151931813	1446957352764
11.762673243499567	0.5721182688611375	1446957352769
12.182040373318674	0.41936712981910773	1446957352774
11.893470574257409	-0.2885697990612659	1446957352779
11.265430005612854	-0.628040568644554	1446957352784
11.076818880203467	-0.18861112540938763	1446957352789
11.11418432215485	0.03736544195138336	1446957352794
11.213334052166221	0.09914973001137106	1446957352799
11.553449966797352	0.3401159146311308	1446957352804
11.980988734116256	0.4275387673189037	1446957352809
12.413681093406037	0.43269235928978134	1446957352814
12.883626060190945	0.46994496678490805	1446957352819
13.332128172606877	0.4485021124159321	1446957352824
13.498148007954791	0.16601983534791387	1446957352829
13.500412623171625	0.002264615216834187	1446957352834
13.195977283368379	-0.30443533980324666	1446957352839
12.799932357611292	-0.39604492575708683	1446957352844
12.200785362449196	-0.599146995162096	1446957352849
11.612053939074857	-0.5887314233743393	1446957352854
10.92878622149153	-0.6832677175833268	1446957352859
10.373576589276261	-0.5552096322152682	1446957352864
10.027773637404696	-0.3458029518715655	1446957352869
9.982253341415063	-0.045520295989632586	1446957352874
9.87410063337784	-0.10815270803722399	1446957352879
9.499447041580328	-0.3746535917975109	1446957352884
8.980210566721665	-0.5192364748586638	1446957352889
8.623745195276388	-0.35646537144527635	1446957352894
8.137962351533249	-0.48578284374313974	1446957352899
7.658316721900034	-0.47964562963321455	1446957352904
7.456666455483784	-0.20165026641624983	1446957352909
7.586582960718335	0.12991650523455078	1446957352914
8.11579315240594	0.5292101916876053	1446957352919
8.763382706444773	0.6475895540388326	1446957352924
9.56839959447266	0.8050168880278878	1446957352929
10.37261323058547	0.8042136361128094	1446957352934
11.050887100484163	0.6782738698986925	1446957352939
11.300871041609469	0.24998394112530598	1446957352944
11.138222328105055	-0.16264871350441368	1446957352949
10.952610465539056	-0.18561186256599882	1446957352954
10.804412692167311	-0.148197773371745	1446957352959
10.849250255878855	0.04483756371154435	1446957352964
11.084752878159728	0.2355026222808725	1446957352968
11.211305449975871	0.1265525718161431	1446957352973
11.372889853939503	0.16158440396363183	1446957352978
11.502907371112746	0.1300175171732434	1446957352983
11.403578289030285	-0.09932908208246083	1446957352988
11.198872978315377	-0.2047053107149086	1446957352993
11.187138105513688	-0.011734872801689278	1446957352999
11.471078627801273	0.28394052228758504	1446957353003
11.548764702550452	0.07768607474917921	1446957353008
11.690297113480959	0.14153241093050717	1446957353013
11.64906912346012	-0.041227990020839655	1446957353018
11.573259409200894	-0.07580971425922556	1446957353023
11.622440373802634	0.049180964601740484	1446957353028
11.521258149770995	-0.10118222403163912	1446957353033
11.462564817715222	-0.058693332055772984	1446957353038
11.403588631057596	-0.05897618665762572	1446957353043
11.42188103104465	0.018292399987053898	1446957353048
11.105334542559527	-0.31654648848512323	1446957353053
10.696835008665513	-0.4084995338940143	1446957353058
10.069930647522202	-0.6269043611433105	1446957353063
9.635475364601044	-0.4344552829211583	1446957353068
9.441720889576006	-0.19375447502503818	1446957353073
9.498054430520007	0.056333540944001115	1446957353078
9.372804974208945	-0.125249456311062	1446957353083
9.006705436686053	-0.36609953752289215	1446957353088
8.717816140961881	-0.28888929572417155	1446957353093
8.814624710917562	0.09680856995568021	1446957353098
8.993189641794663	0.17856493087710135	1446957353103
9.1775002635015	0.1843106217068371	1446957353108
9.353361712231617	0.17586144873011733	1446957353113
9.34485688963545	-0.008504822596167472	1446957353118
9.307955018581943	-0.03690187105350695	1446957353123
9.474806488311318	0.1668514697293748	1446957353128
9.714480381174765	0.23967389286344698	1446957353133
9.622664199680196	-0.09181618149456838	1446957353138
9.04097521269012	-0.581688986990077	1446957353143
9.380438585474428	0.3394633727843086	1446957353148
10.763200191955633	1.3827616064812052	1446957353153
16.716604713848227	5.953404521892594	1446957353158
23.255827280857627	6.5392225670094	1446957353163
23.416551258596805	0.16072397773917757	1446957353168
19.719591844721528	-3.696959413875277	1446957353173
15.025202883785358	-4.69438896093617	1446957353178
11.377800503933319	-3.647402379852039	1446957353183
9.865032988934344	-1.5127675149989752	1446957353188
9.205734958826994	-0.6592980301073492	1446957353193
8.750452604107211	-0.45528235471978284	1446957353198
8.693398213479222	-0.05705439062798945	1446957353203
8.819087971365798	0.1256897578865761	1446957353208
8.76219121524205	-0.05689675612374856	1446957353213
8.959906348457144	0.1977151332150946	1446957353218
9.30131715312718	0.34141080467003526	1446957353223
9.695665322494479	0.39434816936729966	1446957353228
10.1270407801309	0.4313754576364204	1446957353233
10.332907382528676	0.20586660239777643	1446957353238
10.304355344092091	-0.028552038436584937	1446957353243
9.94623279215018	-0.35812255194191067	1446957353248
9.454315496350887	-0.49191729579929344	1446957353253
9.08444980039492	-0.3698656959559674	1446957353258
8.774875196613175	-0.3095746037817442	1446957353263
8.511985467018922	-0.26288972959425294	1446957353268
8.117182436486322	-0.3948030305326	1446957353273
7.622596687433446	-0.49458574905287644	1446957353278
7.193388314623289	-0.429208372810157	1446957353283
7.091167979224296	-0.102220335398993	1446957353288
6.909861822473991	-0.18130615675030448	1446957353293
6.721049616160189	-0.18881220631380202	1446957353298
6.498919381932259	-0.22213023422793032	1446957353303
6.37593083995905	-0.12298854197320885	1446957353308
6.172855066188457	-0.2030757737705935	1446957353313
6.312189112904049	0.13933404671559213	1446957353318
6.581912303894741	0.26972319099069253	1446957353323
6.638504974372813	0.05659267047807148	1446957353331
6.823100492659227	0.18459551828641452	1446957353333
7.155438540949294	0.3323380482900671	1446957353338
7.422166792331787	0.26672825138249223	1446957353343
7.840600426568222	0.4184336342364352	1446957353348
8.23879094089407	0.3981905143258482	1446957353353
8.702298713337859	0.4635077724437888	1446957353358
9.089788886678955	0.3874901733410958	1446957353363
9.250717036385549	0.16092814970659397	1446957353368
9.648097826371002	0.3973807899854531	1446957353373
9.939723817770036	0.2916259913990338	1446957353378
10.309701941988104	0.3699781242180684	1446957353383
10.746089558791661	0.4363876168035574	1446957353388
11.127371517226647	0.381281958434986	1446957353392
11.436977475396441	0.30960595816979364	1446957353397
11.850028043253102	0.4130505678566614	1446957353403
12.453757528067186	0.6037294848140835	1446957353407
12.860780400770961	0.40702287270377546	1446957353412
13.273178781649829	0.4123983808788676	1446957353417
13.724695073547657	0.4515162918978284	1446957353423
14.124311357936094	0.3996162843884363	1446957353428
14.57151342648518	0.4472020685490872	1446957353433
14.91483126212046	0.34331783563527907	1446957353438
15.10895490627123	0.19412364415076944	1446957353443
15.506915125576203	0.3979602193049736	1446957353447
15.792971410795051	0.28605628521884796	1446957353452
16.091856128035396	0.2988847172403446	1446957353457
16.60192277784567	0.5100666498102733	1446957353463
16.89218944447007	0.2902666666244009	1446957353467
17.498545707185375	0.6063562627153054	1446957353472
17.859281980823432	0.36073627363805727	1446957353477
17.639947249733936	-0.21933473108949642	1446957353482
CadenceDetector: Step (Peak): 1446957353483
CadenceNotifier: Delta: 1446957353483
CadenceNotifier: CadenceChange: Infinity
17.287475724801055	-0.3524715249328807	1446957353487
17.337263703634623	0.04978797883356734	1446957353492
17.87479629713274	0.537532593498117	1446957353498
18.744987897614607	0.8701916004818671	1446957353504
19.52605546656331	0.7810675689487034	1446957353508
18.935014482228308	-0.5910409843350024	1446957353513
17.454758506382014	-1.480255975846294	1446957353517
15.863854654614704	-1.59090385176731	1446957353523
14.691851061628595	-1.1720035929861083	1446957353527
14.035004394634019	-0.6568466669945767	1446957353532
13.530864253863077	-0.5041401407709412	1446957353537
13.043657222965932	-0.4872070308971459	1446957353542
12.55073846856808	-0.49291875439785215	1446957353547
12.111602811894599	-0.4391356566734803	1446957353552
11.807655708009824	-0.3039471038847754	1446957353558
11.522328971515188	-0.28532673649463547	1446957353563
11.174141070788693	-0.3481879007264954	1446957353567
10.95069538334944	-0.22344568743925208	1446957353573
10.692985968896174	-0.25770941445326656	1446957353577
10.381136790453011	-0.31184917844316296	1446957353583
9.989131226104881	-0.39200556434813016	1446957353587
9.645032703333404	-0.34409852277147657	1446957353592
9.348506126237295	-0.29652657709610963	1446957353597
9.194160618847722	-0.1543455073895732	1446957353602
8.930522154699442	-0.2636384641482792	1446957353607
8.513728070344376	-0.4167940843550664	1446957353612
8.214504118221585	-0.29922395212279085	1446957353617
8.198344156248538	-0.016159961973047032	1446957353622
8.25836708783662	0.06002293158808136	1446957353627
8.45329149205045	0.19492440421383073	1446957353632
8.653588277232679	0.20029678518222838	1446957353637
8.749877779250195	0.09628950201751607	1446957353642
8.81092895731579	0.061051178065595124	1446957353647
8.73584949974376	-0.0750794575720306	1446957353652
8.483464242817293	-0.2523852569264662	1446957353657
8.049643429846082	-0.4338208129712111	1446957353662
7.387037689381115	-0.6626057404649668	1446957353667
6.726530100280458	-0.6605075891006571	1446957353672
6.3627425833734295	-0.3637875169070286	1446957353677
6.282962071948111	-0.0797805114253185	1446957353682
6.202209424548802	-0.08075264739930876	1446957353687
6.408449109483487	0.20623968493468503	1446957353692
6.6931004049229745	0.2846512954394873	1446957353697
7.13966571940192	0.44656531447894565	1446957353702
7.421779443931937	0.28211372453001715	1446957353707
7.926067281991555	0.5042878380596179	1446957353712
8.440231689967979	0.5141644079764234	1446957353717
8.957977286617613	0.5177455966496343	1446957353722
9.45964592287033	0.5016686362527167	1446957353727
9.845153319964465	0.38550739709413584	1446957353732
9.995804000949176	0.15065068098471102	1446957353737
10.064204269616564	0.06840026866738746	1446957353742
9.925248189412642	-0.13895608020392203	1446957353747
9.681317477600711	-0.24393071181193093	1446957353752
9.312712678507388	-0.36860479909332255	1446957353757
8.860922698686558	-0.45178997982083047	1446957353762
7.992693315534289	-0.8682293831522685	1446957353767
6.803100829425533	-1.1895924861087561	1446957353772
5.83526979492879	-0.9678310344967436	1446957353777
5.156554706670768	-0.6787150882580217	1446957353782
5.860738434411207	0.704183727740439	1446957353787
7.669109867174092	1.8083714327628853	1446957353792
9.237725042292215	1.568615175118123	1446957353797
10.727270650967503	1.4895456086752876	1446957353802
12.101057446924983	1.3737867959574803	1446957353807
13.094802891401551	0.9937454444765681	1446957353812
13.78221756632195	0.6874146749203991	1446957353817
14.3392267198742	0.557009153552249	1446957353822
15.131296268946008	0.7920695490718082	1446957353827
15.97187169627111	0.8405754273251027	1446957353832
16.93653962931414	0.9646679330430299	1446957353837
17.874718180798233	0.9381785514840928	1446957353842
18.87490365430424	1.0001854735060078	1446957353847
19.840655560887186	0.9657519065829447	1446957353851
20.0975318834291	0.2568763225419133	1446957353856
20.27105788687001	0.1735260034409123	1446957353862
20.386034851063528	0.11497696419351655	1446957353866
20.492445166134903	0.10641031507137555	1446957353871
20.57315077126248	0.08070560512757652	1446957353876
20.64067219539785	0.06752142413537143	1446957353881
20.586602191027147	-0.05407000437070408	1446957353886
CadenceDetector: Step (Peak): 1446957353887
CadenceNotifier: Delta: 404
CadenceNotifier: CadenceChange: 148.5148514851485
20.44285982863845	-0.14374236238869642	1446957353891
20.259113898089968	-0.18374593054848276	1446957353900
20.133410689885405	-0.1257032082045626	1446957353903
19.90764026411977	-0.225770425765635	1446957353906
19.804277183758565	-0.10336308036120556	1446957353913
19.63967040432594	-0.16460677943262425	1446957353916
19.50356481698257	-0.1361055873433692	1446957353921
19.411742739355645	-0.09182207762692585	1446957353926
19.375065937321793	-0.036676802033852596	1446957353931
19.370355921926397	-0.004710015395396283	1446957353936
18.46867610187363	-0.9016798200527667	1446957353941
17.365797216427495	-1.1028788854461347	1446957353946
16.37006681976604	-0.9957303966614539	1446957353951
15.37264378120761	-0.9974230385584306	1446957353956
14.808144493378963	-0.5644992878286477	1446957353961
14.10397687962719	-0.704167613751773	1446957353966
13.402379012459289	-0.7015978671679015	1446957353971
12.816249507582798	-0.5861295048764905	1446957353976
12.393434548798895	-0.42281495878390274	1446957353981
11.900954685778698	-0.492479863020197	1446957353987
11.245855469730408	-0.6550992160482902	1446957353991
10.794810962609764	-0.4510445071206437	1446957353997
10.3563356976124	-0.4384752649973649	1446957354001
10.027594099258119	-0.32874159835428074	1446957354006
9.719485740666325	-0.3081083585917934	1446957354012
9.64004672105848	-0.07943901960784494	1446957354016
9.619360276500364	-0.02068644455811608	1446957354021
9.619223392210365	-1.3688428999891755E-4	1446957354026
9.431646114562735	-0.18757727764763032	1446957354031
9.215242911424657	-0.21640320313807848	1446957354036
8.924673400739845	-0.2905695106848114	1446957354041
8.834198557009731	-0.09047484373011372	1446957354046
8.6731985579881	-0.16099999902163198	1446957354051
8.493903998596691	-0.17929455939140837	1446957354057
8.30478843866097	-0.18911555993572193	1446957354061
8.111631914483503	-0.19315652417746598	1446957354066
7.939085712896432	-0.17254620158707112	1446957354071
7.870436309948709	-0.06864940294772293	1446957354076
7.578654451484526	-0.2917818584641827	1446957354081
7.258676945257217	-0.3199775062273096	1446957354086
6.9620628414110275	-0.29661410384618936	1446957354091
6.879324966841534	-0.08273787456949311	1446957354096
6.463640102061391	-0.4156848647801432	1446957354101
6.1092474129629215	-0.35439268909846966	1446957354106
5.5428593056557	-0.5663881073072217	1446957354111
4.848936980047703	-0.6939223256079972	1446957354116
4.35607939844824	-0.4928575815994627	1446957354121
3.933763416230216	-0.422315982218024	1446957354126
3.800947673949363	-0.13281574228085313	1446957354131
3.991265206409044	0.19031753245968108	1446957354136
4.468030743850255	0.476765537441211	1446957354141
5.215881036546178	0.7478502926959232	1446957354146
6.032718567922315	0.8168375313761373	1446957354151
6.882483320318754	0.8497647523964389	1446957354156
7.625923881200415	0.7434405608816608	1446957354161
8.445311935671917	0.819388054471502	1446957354166
9.509772007762896	1.064460072090979	1446957354171
10.890069171103121	1.3802971633402255	1446957354176
12.637885123998018	1.7478159528948964	1446957354181
14.63703655753736	1.9991514335393425	1446957354186
16.50083817561087	1.8638016180735093	1446957354191
18.348111531232547	1.8472733556216774	1446957354196
20.267298644647987	1.9191871134154397	1446957354201
22.005321500582312	1.7380228559343252	1446957354206
23.58855000910721	1.583228508524897	1446957354211
24.27111628361231	0.6825662745051027	1446957354216
24.912312539727214	0.6411962561149025	1446957354221
25.350932702401124	0.43862016267391013	1446957354226
25.600382239995422	0.24944953759429822	1446957354231
25.41691562202491	-0.1834666179705131	1446957354236
CadenceDetector: Step (Peak): 1446957354236
CadenceNotifier: Delta: 349
CadenceNotifier: CadenceChange: 159.3625498007968
25.028269393322773	-0.38864622870213594	1446957354241
24.451101777580487	-0.5771676157422867	1446957354248
23.871808141709113	-0.5792936358713732	1446957354251
23.26273860332248	-0.6090695383866347	1446957354255
22.861581641219	-0.40115696210347807	1446957354263
22.511292069069945	-0.3502895721490553	1446957354266
22.347288393640973	-0.16400367542897243	1446957354270
22.182723282590327	-0.16456511105064564	1446957354275
22.08548184521021	-0.09724143738011648	1446957354280
21.957740760086512	-0.12774108512369864	1446957354285
21.647903384669636	-0.30983737541687617	1446957354290
20.72231380338005	-0.9255895812895858	1446957354295
19.64851590996112	-1.0737978934189307	1446957354300
18.59186298390993	-1.0566529260511892	1446957354305
17.610978325887586	-0.9808846580223438	1446957354310
16.884445109815374	-0.7265332160722124	1446957354315
16.20687528227548	-0.6775698275398945	1446957354320
15.625639862228473	-0.5812354200470065	1446957354325
14.99526165350267	-0.6303782087258032	1446957354334
14.356504552193961	-0.638757101308709	1446957354336
13.762729609248163	-0.5937749429457977	1446957354340
13.033837754412199	-0.7288918548359646	1446957354346
12.466293068218675	-0.5675446861935232	1446957354350
11.904372452990035	-0.5619206152286402	1446957354355
11.292887256126468	-0.6114851968635673	1446957354360
10.669100288786604	-0.6237869673398642	1446957354365
9.990091611137162	-0.679008677649442	1446957354370
9.10795376192337	-0.882137849213791	1446957354375
8.426363667185365	-0.6815900947380058	1446957354381
7.722151058469764	-0.7042126087156007	1446957354385
7.08341420148264	-0.6387368569871246	1446957354390
6.43643948881587	-0.6469747126667702	1446957354396
5.796439901032758	-0.6399995877831115	1446957354400
5.19630384301946	-0.6001360580132982	1446957354405
4.649928876835579	-0.5463749661838806	1446957354411
4.2064788144013345	-0.4434500624342448	1446957354415
3.8902925145855325	-0.31618629981580204	1446957354420
3.5966063358163907	-0.2936861787691418	1446957354425
3.3424259149533198	-0.2541804208630709	1446957354430
2.3607322895695155	-0.9816936253838042	1446957354435
2.151721386500752	-0.20901090306876347	1446957354440
3.1344232558297342	0.9827018693289822	1446957354445
3.343246651198089	0.2088233953683547	1446957354450
2.847636061737138	-0.4956105894609508	1446957354455
2.9463647114594766	0.09872864972233852	1446957354460
3.26530522413984	0.3189405126803635	1446957354465
3.5367510237613202	0.2714457996214801	1446957354470
3.6940395158218644	0.15728849206054418	1446957354475
3.7527225981274217	0.0586830823055573	1446957354480
3.7606540157035857	0.007931417576164002	1446957354485
3.601240297173194	-0.15941371853039188	1446957354490
3.242514027280632	-0.35872626989256196	1446957354495
2.960970519727531	-0.281543507553101	1446957354500
2.753472665250913	-0.20749785447661795	1446957354505
2.768781893731943	0.01530922848102989	1446957354510
2.8793350989939195	0.11055320526197665	1446957354515
3.25692508112972	0.37758998213580064	1446957354520
3.7877722703058527	0.5308471891761326	1446957354527
4.503265311810518	0.715493041504665	1446957354530
5.121515448661431	0.6182501368509135	1446957354535
5.897223404268872	0.7757079556074409	1446957354540
7.025014928866926	1.127791524598054	1446957354545
8.319021967373008	1.2940070385060816	1446957354550
9.902263896347888	1.5832419289748803	1446957354555
11.446790626564793	1.544526730216905	1446957354560
13.082308293059437	1.6355176664946445	1446957354565
14.841267758336956	1.7589594652775187	1446957354570
16.734717039323765	1.8934492809868093	1446957354575
18.65559805260411	1.9208810132803436	1446957354580
20.29627011752813	1.640672064924022	1446957354585
21.67401196149363	1.3777418439654987	1446957354590
21.6297761631147	-0.044235798378931435	1446957354595
21.406005114950165	-0.22377104816453297	1446957354600
CadenceDetector: Step (Peak): 1446957354600
CadenceNotifier: Delta: 364
CadenceNotifier: CadenceChange: 161.1459265890779
21.128554014523143	-0.27745110042702237	1446957354605
21.043300522029	-0.08525349249414305	1446957354610
20.90032123996504	-0.14297928206395838	1446957354618
20.68935950970949	-0.21096173025555132	1446957354620
20.40269566624238	-0.28666384346711027	1446957354625
20.19371840508748	-0.20897726115489945	1446957354630
20.01016974568177	-0.18354865940570875	1446957354635
19.879449930472944	-0.13071981520882758	1446957354640
19.835021453245517	-0.044428477227427265	1446957354645
19.80832081713482	-0.026700636110696507	1446957354650
19.783434144063357	-0.02488667307146386	1446957354655
19.784321448815113	8.873047517568011E-4	1446957354660
19.779272168479682	-0.00504928033543095	1446957354665
19.745160801472526	-0.034111367007156446	1446957354670
19.70684792826303	-0.03831287320949528	1446957354675
19.64377991154651	-0.06306801671652096	1446957354680
19.62131347319392	-0.02246643835259121	1446957354685
18.75247910678547	-0.8688343664084499	1446957354690
17.683490388035235	-1.0689887187502336	1446957354695
16.494161341041817	-1.189329046993418	1446957354700
15.301691181117945	-1.1924701599238716	1446957354705
14.236700819526357	-1.0649903615915886	1446957354710
13.274450317413073	-0.9622505021132834	1446957354715
12.450067842763259	-0.8243824746498145	1446957354720
11.55435430761953	-0.8957135351437291	1446957354724
10.629532412554656	-0.9248218950648734	1446957354729
9.88192235784886	-0.7476100547057971	1446957354734
9.14203551696805	-0.7398868408808088	1446957354739
8.496439706689358	-0.6455958102786923	1446957354744
7.898948733850048	-0.5974909728393101	1446957354749
7.323140819526212	-0.5758079143238364	1446957354754
6.921263449595496	-0.4018773699307161	1446957354759
6.609965939632333	-0.31129750996316297	1446957354765
6.544452385671569	-0.06551355396076364	1446957354770
6.773136118134889	0.22868373246331952	1446957354774
7.281708972204678	0.5085728540697891	1446957354780
7.770566467458938	0.48885749525426014	1446957354784
8.416089435021009	0.6455229675620711	1446957354790
9.107930025930198	0.6918405909091891	1446957354795
9.96769542889909	0.8597654029688915	1446957354800
10.51233863939768	0.5446432104985899	1446957354804
10.984714994607295	0.4723763552096152	1446957354810
11.184459167016236	0.19974417240894127	1446957354815
11.265753929368724	0.08129476235248845	1446957354820
11.07928937167107	-0.18646455769765424	1446957354824
10.50984614598081	-0.5694432256902608	1446957354831
9.728970093770064	-0.7808760522107452	1446957354834
8.558789611355644	-1.1701804824144197	1446957354840
7.296237981136469	-1.2625516302191757	1446957354844
5.82427205423787	-1.4719659268985987	1446957354849
4.652171458382912	-1.1721005958549577	1446957354854
3.979713701185367	-0.6724577571975452	1446957354859
3.5696445124596035	-0.4100691887257635	1446957354864
3.368111701978909	-0.20153281048069438	1446957354870
3.514141450727226	0.1460297487483171	1446957354874
4.320304349703844	0.8061628989766176	1446957354879
5.499946460311735	1.1796421106078911	1446957354884
7.067859970192729	1.5679135098809942	1446957354889
8.611636293060378	1.5437763228676493	1446957354894
10.365082355793438	1.75344606273306	1446957354899
12.45682012012017	2.091737764326732	1446957354904
14.799621480314695	2.3428013601945246	1446957354909
17.293996525829513	2.4943750455148184	1446957354914
20.03121981141607	2.7372232855865555	1446957354919
22.588839946627697	2.5576201352116286	1446957354924
23.898679577719292	1.3098396310915952	1446957354929
24.46086116016125	0.5621815824419585	1446957354934
24.939688591923236	0.47882743176198517	1446957354939
25.167531023845648	0.2278424319224115	1446957354944
25.176569916420306	0.009038892574658064	1446957354949
25.111324999012723	-0.06524491740758265	1446957354955
CadenceDetector: Step (Peak): 1446957354955
CadenceNotifier: Delta: 355
CadenceNotifier: CadenceChange: 163.04347826086956
25.091626796506397	-0.019698202506326368	1446957354959
25.025737249636148	-0.06588954687024895	1446957354966
24.836555259707946	-0.18918198992820123	1446957354970
24.53837300817673	-0.298182251531216	1446957354974
24.166216288818106	-0.3721567193586246	1446957354979
23.836798976590444	-0.3294173122276618	1446957354984
23.51800526673678	-0.31879370985366506	1446957354989
23.20448276157811	-0.3135225051586694	1446957354994
22.86365391234102	-0.3408288492370879	1446957354999
22.655476371437604	-0.20817754090341722	1446957355004
22.52428593539164	-0.1311904360459657	1446957355009
22.31208180261477	-0.21220413277686845	1446957355014
21.741775308347954	-0.5703064942668163	1446957355019
20.960060813024278	-0.7817144953236763	1446957355024
19.937059075866454	-1.0230017371578235	1446957355029
18.77083198794876	-1.1662270879176937	1446957355034
17.781890115212235	-0.9889418727365253	1446957355039
16.80825331062056	-0.9736368045916741	1446957355044
15.968898245023095	-0.8393550655974664	1446957355049
15.292602301528875	-0.6762959434942193	1446957355054
14.860499846905983	-0.43210245462289265	1446957355059
14.400655539824973	-0.4598443070810099	1446957355064
13.988105998704771	-0.41254954112020137	1446957355069
13.631372742512466	-0.3567332561923049	1446957355074
13.243633352078708	-0.38773939043375805	1446957355079
12.86384930716238	-0.3797840449163292	1446957355084
12.42369453128851	-0.44015477587386975	1446957355089
12.008400564076195	-0.41529396721231393	1446957355094
11.41931216403561	-0.5890884000405858	1446957355099
10.934038125315272	-0.4852740387203376	1446957355104
10.369369781893678	-0.5646683434215944	1446957355109
9.894466166655432	-0.47490361523824554	1446957355114
9.516148791165442	-0.3783173754899902	1446957355119
9.080538996533415	-0.4356097946320272	1446957355124
8.604348472053209	-0.4761905244802058	1446957355129
8.100229937325658	-0.5041185347275512	1446957355134
7.669707557153346	-0.43052238017231126	1446957355139
7.123206933279	-0.5465006238743468	1446957355144
6.706336382509014	-0.41687055076998547	1446957355148
6.330167041723892	-0.3761693407851219	1446957355154
6.074798838036895	-0.25536820368699686	1446957355158
5.934561825565404	-0.14023701247149134	1446957355163
5.823624883264539	-0.1109369423008646	1446957355169
5.715518579713888	-0.10810630355065154	1446957355173
5.713479810251094	-0.002038769462793688	1446957355178
5.635230458195678	-0.07824935205541639	1446957355183
5.369420416287839	-0.2658100419078391	1446957355188
4.643827997025483	-0.7255924192623553	1446957355193
4.351167309814774	-0.29266068721070937	1446957355198
4.930356046603353	0.5791887367885789	1446957355203
5.15695820728095	0.2266021606775972	1446957355208
4.96260197073345	-0.19435623654749978	1446957355213
4.814246586751867	-0.148355383981583	1446957355218
4.809598595129401	-0.004647991622466208	1446957355223
4.769542156832055	-0.04005643829734584	1446957355228
4.746472056273154	-0.023070100558901352	1446957355233
4.840718970051774	0.09424691377861993	1446957355238
5.101724172184756	0.2610052021329823	1446957355243
5.379215241407755	0.27749106922299926	1446957355248
5.649397596736675	0.2701823553289193	1446957355253
5.797489072945356	0.14809147620868135	1446957355258
6.031631294398079	0.23414222145272312	1446957355263
6.465920573648986	0.43428927925090655	1446957355268
7.239883435908298	0.773962862259312	1446957355273
8.2408376375507	1.0009542016424016	1446957355278
9.348272835467949	1.1074351979172494	1446957355283
10.59080719607347	1.2425343606055215	1446957355288
11.812419048307023	1.2216118522335524	1446957355293
13.128246276712954	1.3158272284059311	1446957355298
14.454988423258763	1.3267421465458096	1446957355303
15.818269566957083	1.3632811436983197	1446957355308
17.093207784598352	1.2749382176412691	1446957355313
18.224739346447276	1.1315315618489237	1446957355318
19.27507788737654	1.050338540929264	1446957355323
19.98273199514665	0.7076541077701108	1446957355331
20.03472030080147	0.051988305654820266	1446957355333
20.22982320759846	0.19510290679698983	1446957355338
20.482525328065897	0.25270212046743623	1446957355343
20.64711336075742	0.16458803269152256	1446957355348
20.714364731582016	0.06725137082459653	1446957355353
20.67847694767884	-0.035887783903177706	1446957355358
CadenceDetector: Step (Peak): 1446957355358
CadenceNotifier: Delta: 403
CadenceNotifier: CadenceChange: 163.15431679129844
20.562088824875808	-0.11638812280303057	1446957355366
20.319292890325087	-0.24279593455072046	1446957355368
20.070373636395672	-0.24891925392941516	1446957355373
19.844317247079182	-0.22605638931648997	1446957355380
19.636505894826275	-0.20781135225290726	1446957355383
19.477736208659834	-0.1587696861664405	1446957355388
19.39588816443259	-0.08184804422724312	1446957355393
19.3965510238978	6.628594652084985E-4	1446957355398
19.42682389079255	0.030272866894751616	1446957355403
19.486493136901736	0.059669246109184115	1446957355408
19.565837359613994	0.07934422271225827	1446957355413
19.536244513096506	-0.02959284651748817	1446957355418
18.83959599600479	-0.6966485170917167	1446957355423
18.040992120254057	-0.7986038757507323	1446957355428
17.008852049438595	-1.032140070815462	1446957355433
16.033143575463704	-0.9757084739748905	1446957355438
15.15919427795589	-0.8739492975078136	1446957355443
14.295274149835729	-0.8639201281201618	1446957355448
13.354411472978008	-0.9408626768577211	1446957355454
12.450054075638864	-0.9043573973391439	1446957355458
11.66034038649306	-0.7897136891458043	1446957355463
10.974002129087088	-0.6863382574059713	1446957355468
10.384890991397757	-0.589111137689331	1446957355473
9.846714767351289	-0.5381762240464685	1446957355478
9.367453685354173	-0.4792610819971159	1446957355484
9.00947464323012	-0.35797904212405207	1446957355489
8.802373316975896	-0.20710132625422517	1446957355493
8.624039844292257	-0.1783334726836383	1446957355500
8.560443908519627	-0.06359593577263034	1446957355503
8.788776426070362	0.2283325175507347	1446957355508
8.922161862483359	0.13338543641299694	1446957355513
9.194149332247104	0.27198746976374544	1446957355518
9.34419234386819	0.15004301162108646	1446957355522
9.376013880942871	0.031821537074680606	1446957355527
9.24717149233225	-0.12884238861062158	1446957355532
8.992575931157845	-0.25459556117440485	1446957355537
8.880349829060435	-0.11222610209740935	1446957355542
8.606513366207782	-0.2738364628526533	1446957355547
8.292749348619067	-0.3137640175887153	1446957355552
7.738112377833335	-0.5546369707857313	1446957355557
7.072813689509541	-0.6652986883237944	1446957355562
6.111305481307798	-0.9615082082017432	1446957355567
5.2125080132996375	-0.8987974680081603	1446957355572
4.512935435283256	-0.6995725780163813	1446957355577
4.124015291542655	-0.38892014374060135	1446957355582
4.174023135378545	0.050007843835889965	1446957355587
4.508698505210407	0.33467536983186186	1446957355592
5.094963855643755	0.5862653504333482	1446957355597
5.687165524698098	0.5922016690543428	1446957355602
6.378742393102738	0.6915768684046402	1446957355607
7.101852302443162	0.7231099093404243	1446957355612
8.123233304795978	1.0213810023528156	1446957355617
9.285539258751927	1.1623059539559488	1446957355622
10.656390862553375	1.370851603801448	1446957355627
11.983779049677493	1.327388187124118	1446957355632
13.425644110032827	1.441865060355335	1446957355637
14.977868091860529	1.5522239818277015	1446957355642
16.406945210419718	1.4290771185591886	1446957355647
17.810511175429266	1.4035659650095482	1446957355652
19.10451223525262	1.294001059823355	1446957355657
20.296544637380478	1.1920324021278574	1446957355662
21.735301333264754	1.4387566958842761	1446957355667
22.424053200011315	0.6887518667465606	1446957355672
22.83934664922327	0.4152934492119549	1446957355677
23.40419537956502	0.5648487303417511	1446957355682
23.869872085494876	0.4656767059298552	1446957355687
24.324388747050442	0.4545166615555658	1446957355692
24.524415536616598	0.20002678956615583	1446957355697
24.653404393253886	0.12898885663728876	1446957355702
24.626868842810275	-0.026535550443611555	1446957355707
CadenceDetector: Step (Peak): 1446957355707
CadenceNotifier: Delta: 349
CadenceNotifier: CadenceChange: 163.15431679129844
24.34936829729157	-0.2775005455187056	1446957355712
24.095884906015932	-0.2534833912756369	1446957355718
23.921078952737744	-0.17480595327818804	1446957355723
23.7273346255035	-0.19374432723424562	1446957355727
23.58529089717633	-0.14204372832717027	1446957355732
23.211244212105328	-0.3740466850710007	1446957355737
22.115094488173035	-1.0961497239322924	1446957355742
21.005875682408828	-1.1092188057642076	1446957355747
19.852457900452315	-1.153417781956513	1446957355752
18.738078914119356	-1.1143789863329587	1446957355757
17.605742989198394	-1.1323359249209624	1446957355762
16.616233717079982	-0.9895092721184113	1446957355767
15.698532732897068	-0.9177009841829147	1446957355772
14.812670675384464	-0.8858620575126039	1446957355777
14.079934232128727	-0.7327364432557371	1446957355782
13.463700388062769	-0.6162338440659578	1446957355787
12.99219533172718	-0.47150505633558915	1446957355792
12.588674300980754	-0.4035210307464254	1446957355797
12.1788450492197	-0.4098292517610549	1446957355802
11.784581720209632	-0.39426332901006766	1446957355807
11.403959361220823	-0.38062235898880914	1446957355812
11.127207011870096	-0.27675234935072623	1446957355817
10.921534565675588	-0.20567244619450875	1446957355822
10.77534614211412	-0.14618842356146722	1446957355827
10.604051597730109	-0.17129454438401126	1446957355832
10.316333853788707	-0.2877177439414016	1446957355837
10.001331938261542	-0.3150019155271657	1446957355842
9.697256822056247	-0.30407511620529526	1446957355847
9.225915034332322	-0.4713417877239241	1446957355852
8.79444268313097	-0.43147235120135186	1446957355857
8.089145262501983	-0.7052974206289875	1446957355862
7.256483546428433	-0.8326617160735497	1446957355867
6.552372005213566	-0.7041115412148677	1446957355872
5.7844906975034265	-0.7678813077101392	1446957355877
4.981780576094543	-0.8027101214088832	1446957355882
4.232476955742168	-0.7493036203523751	1446957355886
3.7076241881815326	-0.5248527675606356	1446957355891
3.4431847728814735	-0.2644394153000591	1446957355896
3.204883426452846	-0.23830134642862744	1446957355901
3.1891879868621045	-0.0156954395907416	1446957355906
3.095020583154729	-0.09416740370737564	1446957355911
3.0084042315797856	-0.08661635157494318	1446957355916
2.871170928341071	-0.13723330323871474	1446957355921
2.654998298069432	-0.2161726302716387	1446957355926
2.422724969449985	-0.23227332861944738	1446957355931
2.2331814548458766	-0.18954351460410823	1446957355936
2.0617724713323335	-0.17140898351354306	1446957355941
1.753164962889039	-0.30860750844329465	1446957355946
1.6021240678172233	-0.15104089507181562	1446957355951
1.4677674506116736	-0.1343566172055497	1446957355956
1.7445236239547413	0.2767561733430677	1446957355961
2.5298336621622393	0.785310038207498	1446957355966
3.3815471041210654	0.8517134419588261	1446957355971
4.385335286614663	1.0037881824935977	1446957355976
5.459636302915496	1.0743010163008329	1446957355981
6.628696982849881	1.1690606799343852	1446957355986
7.776288659050645	1.147591676200764	1446957355991
9.014392130668185	1.2381034716175394	1446957355997
10.382799170852302	1.3684070401841169	1446957356001
11.88069255761482	1.4978933867625184	1446957356006
13.417341438537479	1.5366488809226588	1446957356011
14.913420019630294	1.4960785810928154	1446957356016
16.29874040316185	1.3853203835315568	1446957356021
17.640919983223814	1.3421795800619627	1446957356026
18.796329842197853	1.1554098589740391	1446957356031
19.864789286039002	1.0684594438411494	1446957356036
20.659097667902966	0.7943083818639636	1446957356041
20.701287293463302	0.04218962556033645	1446957356046
20.708997893495418	0.007710600032115877	1446957356051
20.660027141845163	-0.04897075165025555	1446957356056
CadenceDetector: Step (Peak): 1446957356056
CadenceNotifier: Delta: 350
CadenceNotifier: CadenceChange: 164.7220315717227
20.526894395101653	-0.1331327467435095	1446957356061
20.438468200008494	-0.08842619509315952	1446957356067
20.310220526968983	-0.12824767303951035	1446957356072
20.21272213309999	-0.0974983938689924	1446957356076
20.142028424993615	-0.07069370810637565	1446957356082
20.08107069792209	-0.060957727071524914	1446957356086
19.999457951682086	-0.0816127462400047	1446957356091
19.89841975019925	-0.1010382014828366	1446957356096
19.80867104353284	-0.0897487066664091	1446957356101
19.537034061451514	-0.2716369820813256	1446957356106
18.949193488801168	-0.5878405726503466	1446957356111
18.249420581634713	-0.6997729071664551	1446957356116
17.601983241043698	-0.647437340591015	1446957356121
16.891575968459104	-0.7104072725845931	1446957356126
16.252868722345358	-0.6387072461137464	1446957356131
15.608119424355042	-0.644749297990316	1446957356136
14.893159339983841	-0.7149600843712012	1446957356141
14.19184678042759	-0.7013125595562517	1446957356146
13.556814590279963	-0.6350321901476264	1446957356151
12.967858330942999	-0.5889562593369639	1446957356157
12.342211018262418	-0.6256473126805808	1446957356161
11.738216348445244	-0.6039946698171743	1446957356166
11.238009376408373	-0.5002069720368709	1446957356171
10.84401965507058	-0.39398972133779253	1446957356176
10.495108180933153	-0.3489114741374273	1446957356181
10.090407305073732	-0.4047008758594206	1446957356186
9.730520573085704	-0.3598867319880288	1446957356191
9.517453529132705	-0.21306704395299825	1446957356196
9.320440220899496	-0.19701330823320973	1446957356201
9.264965732753279	-0.05547448814621703	1446957356206
9.196343942168875	-0.06862179058440354	1446957356211
9.187886652022287	-0.008457290146587582	1446957356216
9.26636521465098	0.07847856262869257	1446957356221
9.338638830382274	0.07227361573129443	1446957356226
9.219245855648944	-0.11939297473332999	1446957356231
9.11232652985812	-0.10691932579082497	1446957356236
8.89320019576734	-0.2191263340907792	1446957356241
8.608999599775071	-0.2842005959922691	1446957356246
8.311837506360748	-0.29716209341432354	1446957356251
7.838128588988445	-0.4737089173723028	1446957356256
7.375873953680576	-0.46225463530786914	1446957356261
6.857540567803549	-0.5183333858770265	1446957356266
6.242184314563598	-0.615356253239951	1446957356271
5.6817901846085155	-0.5603941299550828	1446957356276
5.049402376684739	-0.6323878079237764	1446957356281
4.283523403354227	-0.765878973330512	1446957356286
3.5757794708210957	-0.7077439325331314	1446957356291
2.9369298460957323	-0.6388496247253634	1446957356296
2.544298679983938	-0.39263116611179427	1446957356301
2.4465086077493146	-0.09779007223462344	1446957356305
2.71533849744056	0.2688298896912453	1446957356310
3.3756193876430056	0.6602808902024457	1446957356316
4.376686892318316	1.0010675046753108	1446957356321
5.72007278767861	1.343385895360294	1446957356328
7.217763243800162	1.4976904561215516	1446957356331
8.887836182799484	1.670072938999322	1446957356335
10.763501104910393	1.875664922110909	1446957356340
12.84763372349301	2.0841326185826166	1446957356345
15.082532044982276	2.2348983214892666	1446957356350
17.37568635540224	2.2931543104199648	1446957356355
19.51788513025668	2.142198774854439	1446957356360
21.57996895631658	2.062083826059901	1446957356365
22.820380908633926	1.240411952317345	1446957356370
23.39456004802263	0.5741791393887041	1446957356375
23.915214549291974	0.5206545012693446	1446957356380
24.446765845054514	0.5315512957625401	1446957356385
24.772571822793974	0.32580597773945996	1446957356390
24.93193218005254	0.15936035725856712	1446957356395
24.836205158727427	-0.09572702132511424	1446957356400
CadenceDetector: Step (Peak): 1446957356400
CadenceNotifier: Delta: 344
CadenceNotifier: CadenceChange: 165.97510373443984
24.66664994289628	-0.16955521583114574	1446957356405
24.508453563520405	-0.15819637937587672	1446957356410
24.466059686694315	-0.04239387682608964	1446957356415
24.378214125738275	-0.08784556095604046	1446957356421
24.316342165328226	-0.06187196041004839	1446957356426
24.249132012478707	-0.06721015284951903	1446957356433
24.08360896038553	-0.16552305209317808	1446957356435
23.40013677848539	-0.6834721819001395	1446957356440
22.394243521700297	-1.0058932567850931	1446957356445
21.290507814037156	-1.1037357076631409	1446957356450
20.097771093729246	-1.1927367203079093	1446957356455
18.832650503351072	-1.2651205903781744	1446957356460
17.448811069782472	-1.3838394335685997	1446957356466
16.01899876698036	-1.4298123028021124	1446957356470
14.678969476490533	-1.3400292904898272	1446957356475
13.613415549573926	-1.065553926916607	1446957356480
12.642116355111256	-0.9712991944626701	1446957356485
11.790285631663812	-0.8518307234474438	1446957356490
11.242200673126183	-0.5480849585376291	1446957356495
10.794443100949533	-0.44775757217665024	1446957356500
10.432423637990842	-0.36201946295869014	1446957356505
10.259318360208146	-0.17310527778269602	1446957356510
10.079959478109195	-0.1793588820989509	1446957356515
9.976375236003225	-0.1035842421059705	1446957356520
9.972621919311475	-0.0037533166917498306	1446957356525
9.888738189765832	-0.0838837295456436	1446957356530
9.79430560131254	-0.09443258845329083	1446957356535
9.576403583314313	-0.2179020179982274	1446957356540
9.298992571634102	-0.2774110116802113	1446957356545
9.072177903643851	-0.22681466799025074	1446957356550
8.660576177487963	-0.4116017261558884	1446957356555
8.339017079165238	-0.3215590983227248	1446957356560
7.898668716607448	-0.4403483625577902	1446957356565
7.328158985323605	-0.5705097312838427	1446957356570
6.69191659697924	-0.6362423883443649	1446957356575
6.092459825823986	-0.5994567711552543	1446957356580
5.5235299398129145	-0.5689298860110714	1446957356585
4.99528687760808	-0.5282430622048349	1446957356590
4.564859567350927	-0.4304273102571523	1446957356595
4.229246573147062	-0.33561299420386526	1446957356600
3.9454743684065794	-0.2837722047404827	1446957356605
3.579001768166398	-0.36647260024018147	1446957356610
3.2605286867408036	-0.3184730814255943	1446957356615
2.9536301174005595	-0.3068985693402442	1446957356620
2.562541659173903	-0.3910884582266565	1446957356625
2.275475174894488	-0.28706648427941506	1446957356630
1.849426611268974	-0.426048563625514	1446957356635
1.5245361325834166	-0.3248904786855573	1446957356640
1.4234111255214619	-0.10112500706195471	1446957356645
1.3077170400299813	-0.11569408549148053	1446957356650
1.0973386488525627	-0.21037839117741863	1446957356655
1.5383588001631452	0.4410201513105825	1446957356660
2.31243177085541	0.7740729706922647	1446957356665
3.099273126059106	0.7868413552036961	1446957356670
3.9864048246346	0.887131698575494	1446957356675
5.175667349916143	1.189262525281543	1446957356680
6.563870685294079	1.388203335377936	1446957356685
8.07778415865031	1.5139134733562312	1446957356690
9.536686132019408	1.4589019733690982	1446957356695
10.980214116991085	1.4435279849716771	1446957356700
12.482311155295307	1.5020970383042211	1446957356705
14.091888712521284	1.6095775572259772	1446957356710
15.742688886146809	1.650800173625525	1446957356715
17.26115562556897	1.5184667394221627	1446957356720
18.805375605508228	1.5442199799392569	1446957356725
20.142911380175146	1.337535774666918	1446957356730
20.40537505460002	0.2624636744248754	1446957356735
20.66606728399546	0.26069222939543835	1446957356740
20.859936193387114	0.1938689093916537	1446957356745
21.01717463875875	0.157238445371636	1446957356750
21.043351072504514	0.02617643374576417	1446957356755
20.974026196768765	-0.06932487573574875	1446957356760
CadenceDetector: Step (Peak): 1446957356760
CadenceNotifier: Delta: 359
CadenceNotifier: CadenceChange: 171.18402282453638
20.73684294459164	-0.23718325217712533	1446957356767
20.451226720660344	-0.2856162239312958	1446957356770
20.183230964459216	-0.2679957562011275	1446957356775
19.969484339542042	-0.21374662491717444	1446957356781
19.809722211796988	-0.15976212774505427	1446957356785
19.68641139682926	-0.12331081496772711	1446957356789
19.57333496236918	-0.11307643446007987	1446957356795
19.483815360069453	-0.08951960229972755	1446957356799
19.42186881539374	-0.061946544675713255	1446957356804
18.62999094704708	-0.7918778683466599	1446957356809
17.720439466073856	-0.9095514809732244	1446957356814
16.82482437972918	-0.8956150863446766	1446957356819
15.918005197320939	-0.9068191824082401	1446957356824
15.032735962020718	-0.8852692353002212	1446957356829
14.188643213474311	-0.8440927485464069	1446957356834
13.259206152333075	-0.9294370611412361	1446957356839
12.407741263223237	-0.8514648891098382	1446957356844
11.635673461085585	-0.7720678021376521	1446957356849
10.980205661965138	-0.6554677991204461	1446957356855
10.376224127082478	-0.60398153488266	1446957356859
9.859511097210602	-0.5167130298718767	1446957356864
9.301687510930622	-0.5578235862799801	1446957356869
8.794170685529917	-0.507516825400705	1446957356874
8.405696481259879	-0.38847420427003776	1446957356880
8.507166787369462	0.10147030610958296	1446957356884
8.026888712938822	-0.48027807443063963	1446957356889
7.175225646182424	-0.851663066756398	1446957356894
6.926932106506899	-0.24829353967552503	1446957356899
7.081382820359228	0.154450713852329	1446957356904
7.461226577629083	0.379843757269855	1446957356909
7.790300735676385	0.3290741580473018	1446957356914
7.838775426150642	0.04847469047425701	1446957356919
7.561769318850613	-0.2770061073000285	1446957356924
7.142346037220634	-0.419423281629979	1446957356929
6.68127085377385	-0.4610751834467841	1446957356934
6.347219241963244	-0.3340516118106063	1446957356939
5.91770568908606	-0.42951355287718407	1446957356944
5.643281638215599	-0.2744240508704614	1446957356949
5.24532941624764	-0.39795222196795876	1446957356954
4.709626324268973	-0.5357030919786672	1446957356959
3.9519044009502244	-0.7577219233187482	1446957356964
3.1176609444097156	-0.8342434565405088	1446957356969
2.425698374372585	-0.6919625700371306	1446957356974
2.080947144907942	-0.34475122946464287	1446957356979
2.437224113315304	0.35627696840736167	1446957356984
2.9752605839465978	0.5380364706312939	1446957356989
3.661679702633866	0.6864191186872683	1446957356994
4.787698559984038	1.1260188573501715	1446957356999
6.208398488429184	1.4206999284451465	1446957357004
7.8618844560020404	1.6534859675728564	1446957357009
9.537882286326324	1.6759978303242837	1446957357014
11.251246331854022	1.7133640455276975	1446957357019
13.037053727422315	1.785807395568293	1446957357024
14.93671709265128	1.8996633652289656	1446957357029
16.946113932006117	2.009396839354837	1446957357034
18.799715767581464	1.853601835575347	1446957357039
20.1775713002158	1.3778555326343351	1446957357044
21.176493122645788	0.9989218224299883	1446957357049
21.580870705110787	0.4043775824649991	1446957357054
21.379253433019382	-0.20161727209140423	1446957357059
CadenceDetector: Step (Peak): 1446957357059
CadenceNotifier: Delta: 299
CadenceNotifier: CadenceChange: 177.5147928994083
21.139667091644675	-0.23958634137470725	1446957357064
20.952498788811447	-0.1871683028332285	1446957357069
20.93451011089364	-0.01798867791780623	1446957357074
20.970686445052372	0.036176334158732004	1446957357080
21.046073448853527	0.07538700380115415	1446957357084
21.162229481984692	0.11615603313116551	1446957357089
21.351126135399795	0.1888966534151031	1446957357094
21.521457149940566	0.17033101454077126	1446957357099
21.505413947518402	-0.01604320242216417	1446957357104
21.400275337268038	-0.1051386102503642	1446957357109
21.255727871274715	-0.14454746599332324	1446957357114
21.011375167518683	-0.24435270375603224	1446957357119
20.621065979280804	-0.39030918823787886	1446957357124
20.09358196567535	-0.5274840136054522	1446957357129
19.365111830041563	-0.7284701356337884	1446957357134
18.510620400832636	-0.8544914292089274	1446957357139
17.484981251162605	-1.025639149670031	1446957357144
16.440798313336437	-1.044182937826168	1446957357149
15.32614513956279	-1.1146531737736467	1446957357154
14.31219345755297	-1.0139516820098198	1446957357159
13.40732705223758	-0.9048664053153903	1446957357164
12.475494668901066	-0.9318323833365145	1446957357169
11.700738243830974	-0.7747564250700911	1446957357174
10.979803613996399	-0.7209346298345753	1446957357179
10.256070704183934	-0.7237329098124654	1446957357184
9.630862193727536	-0.6252085104563978	1446957357189
9.040491070019161	-0.5903711237083744	1446957357194
8.522481455037312	-0.5180096149818496	1446957357199
8.077970378148663	-0.44451107688864866	1446957357204
7.771055369416223	-0.3069150087324397	1446957357209
7.428398888086013	-0.3426564813302102	1446957357214
7.161933143808065	-0.2664657442779479	1446957357219
6.8256180034587155	-0.33631514034934984	1446957357224
6.484084302008375	-0.34153370145034057	1446957357229
6.0797076770509975	-0.4043766249573775	1446957357234
5.709266190652309	-0.3704414863986889	1446957357238
5.270794488466739	-0.43847170218556997	1446957357243
5.049795256355795	-0.22099923211094374	1446957357248
4.666674248039263	-0.3831210083165315	1446957357253
4.3978176422581825	-0.26885660578108084	1446957357258
4.140559306753824	-0.2572583355043587	1446957357263
3.7848695624845865	-0.3556897442692373	1446957357268
3.4241903379553706	-0.36067922452921586	1446957357273
3.0913793599502535	-0.33281097800511716	1446957357279
2.7730323427147723	-0.3183470172354812	1446957357283
2.5087400606926344	-0.26429228202213784	1446957357288
2.1014956015292086	-0.4072444591634259	1446957357293
1.6263063575311396	-0.47518924399806894	1446957357298
1.3470648481196794	-0.2792415094114602	1446957357303
1.25013744271043	-0.09692740540924949	1446957357308
1.6910257873094316	0.4408883445990017	1446957357313
1.9306360712685036	0.2396102839590719	1446957357318
1.9971560381115676	0.06651996684306405	1446957357323
2.1967573263019853	0.19960128819041767	1446957357331
2.5394183854425543	0.342661059140569	1446957357333
3.1416978372559137	0.6022794518133594	1446957357338
3.8647758621604393	0.7230780249045257	1446957357343
4.784432250277922	0.9196563881174824	1446957357348
5.719289353546556	0.9348571032686346	1446957357353
6.82065843284716	1.1013690793006035	1446957357358
7.873286598318712	1.0526281654715524	1446957357363
9.04443396914695	1.1711473708282387	1446957357368
10.277078208862545	1.2326442397155937	1446957357373
11.602045535588543	1.3249673267259983	1446957357378
13.114561849965055	1.5125163143765121	1446957357383
14.736837759149724	1.622275909184669	1446957357388
16.57484543454317	1.8380076753934471	1446957357393
18.616913402890454	2.0420679683472827	1446957357398
20.267201473253454	1.6502880703630005	1446957357403
20.587335665051334	0.32013419179788016	1446957357408
20.81793632115725	0.23060065610591707	1446957357413
20.786636003858234	-0.031300317299017166	1446957357418
CadenceDetector: Step (Peak): 1446957357418
CadenceNotifier: Delta: 360
CadenceNotifier: CadenceChange: 176.21145374449338
20.695758399940235	-0.09087760391799904	1446957357423
20.495308759074103	-0.20044964086613248	1446957357428
20.206987410373262	-0.2883213487008405	1446957357435
19.88264993935356	-0.3243374710197031	1446957357438
19.656449250388214	-0.22620068896534562	1446957357443
19.53669395002012	-0.11975530036809445	1446957357449
19.51669661116056	-0.019997338859557345	1446957357453
19.556602642702387	0.03990603154182537	1446957357458
19.624331088465254	0.0677284457628673	1446957357463
19.700108046722033	0.07577695825677822	1446957357468
19.753574544726657	0.05346649800462444	1446957357473
19.793387805141432	0.03981326041477473	1446957357478
19.405137336098992	-0.38825046904243976	1446957357483
18.70048364740537	-0.7046536886936217	1446957357488
17.929313608689675	-0.7711700387156952	1446957357493
17.06149024105467	-0.8678233676350047	1446957357498
16.13509570703082	-0.9263945340238493	1446957357503
15.196790669238382	-0.9383050377924391	1446957357508
14.283830569428208	-0.9129600998101743	1446957357513
13.404412045000377	-0.8794185244278303	1446957357518
12.49352003644811	-0.9108920085522669	1446957357523
11.585656134174123	-0.9078639022739878	1446957357528
10.806384677846902	-0.779271456327221	1446957357533
9.997788605017819	-0.8085960728290829	1446957357538
9.399277999351384	-0.5985106056664353	1446957357543
8.742936889024472	-0.6563411103269114	1446957357548
8.110202842100422	-0.6327340469240497	1446957357553
7.470442169297315	-0.6397606728031073	1446957357558
6.841661980157679	-0.6287801891396363	1446957357563
6.292090226265439	-0.5495717538922396	1446957357568
5.911410636779894	-0.3806795894855455	1446957357573
5.671530307626239	-0.23988032915365487	1446957357578
5.464185392443588	-0.20734491518265052	1446957357583
5.311743338186335	-0.15244205425725355	1446957357588
5.101567178300703	-0.21017615988563154	1446957357593
4.926936318502045	-0.17463085979865856	1446957357598
4.771498290822203	-0.15543802767984172	1446957357603
4.693236279674155	-0.07826201114804832	1446957357608
4.641685545198877	-0.05155073447527769	1446957357613
4.67046121481142	0.028775669612542742	1446957357618
4.773250601075373	0.10278938626395284	1446957357623
4.850631386026724	0.0773807849513517	1446957357628
4.9800411343023585	0.12940974827563423	1446957357633
5.024084050250895	0.04404291594853671	1446957357638
5.022195561408468	-0.001888488842427094	1446957357643
4.901695573865311	-0.12049998754315716	1446957357648
4.6609427570238005	-0.2407528168415105	1446957357653
4.202266160800655	-0.45867659622314516	1446957357658
3.7599728013525144	-0.44229335944814085	1446957357663
3.505882821130851	-0.2540899802216634	1446957357668
3.424118610313237	-0.0817642108176142	1446957357673
3.7643429865100577	0.3402243761968209	1446957357678
4.354612123092502	0.5902691365824442	1446957357683
5.028549790980294	0.6739376678877917	1446957357688
5.882691707394448	0.8541419164141546	1446957357693
6.942524139803241	1.0598324324087924	1446957357697
8.346643982337577	1.4041198425343362	1446957357702
10.027684902851446	1.681040920513869	1446957357707
12.115154668337693	2.0874697654862473	1446957357713
14.48832411093921	2.373169442601517	1446957357717
17.023579672192216	2.535255561253006	1446957357723
19.49273769292218	2.4691580207299637	1446957357727
21.819449905130007	2.326712212207827	1446957357732
22.458733229106247	0.6392833239762403	1446957357737
22.77887944142425	0.32014621231800433	1446957357742
22.659475125630227	-0.119404315794025	1446957357747
CadenceDetector: Step (Peak): 1446957357748
CadenceNotifier: Delta: 329
CadenceNotifier: CadenceChange: 178.17371937639197
22.33830908909902	-0.32116603653120634	1446957357752
21.80101176036271	-0.5372973287363116	1446957357757
21.142911838635516	-0.6580999217271923	1446957357763
20.60050921536599	-0.5424026232695276	1446957357768
20.338433859354364	-0.2620753560116249	1446957357773
19.99151712543539	-0.3469167339189738	1446957357777
19.73076039067505	-0.26075673476033856	1446957357783
19.65038674170458	-0.08037364897047183	1446957357787
19.611195315197538	-0.03919142650704188	1446957357792
19.60235086818417	-0.008844447013366619	1446957357797
19.71949538217022	0.11714451398604808	1446957357802
19.686557288657358	-0.032938093512861144	1446957357807
19.498581519178167	-0.18797576947919126	1446957357812
19.175334946674905	-0.32324657250326183	1446957357817
18.70949559283499	-0.4658393538399146	1446957357822
17.99051761174513	-0.7189779810898607	1446957357827
17.184749859849155	-0.8057677518959743	1446957357833
16.22852980928522	-0.9562200505639353	1446957357837
15.217514914204592	-1.0110148950806277	1446957357842
14.146327717465809	-1.0711871967387836	1446957357847
13.041083267901532	-1.1052444495642764	1446957357852
12.024686746102773	-1.0163965217987592	1446957357858
10.938493129960587	-1.086193616142186	1446957357862
9.912849852299349	-1.0256432776612385	1446957357867
8.848585775594202	-1.0642640767051468	1446957357872
7.777250894165708	-1.071334881428494	1446957357877
6.746882556084731	-1.0303683380809767	1446957357882
5.700964696945745	-1.0459178591389868	1446957357888
4.655101310732939	-1.0458633862128055	1446957357892
3.853799996424326	-0.801301314308613	1446957357897
3.211730792796498	-0.6420692036278282	1446957357902
2.8452728052243583	-0.36645798757213965	1446957357907
2.676189649916056	-0.1690831553083023	1446957357912
2.6555722131410673	-0.02061743677498873	1446957357921
2.7394522775124215	0.0838800643713542	1446957357936
2.8801508687313313	0.14069859121890982	1446957357940
2.992428695063835	0.1122778263325035	1446957357945
3.1380257605024955	0.1455970654386607	1446957357945
3.315641787609915	0.17761602710741942	1446957357946
3.570131236923969	0.25448944931405393	1446957357949
3.890084931418042	0.3199536944940733	1446957357954
4.242780631363772	0.3526956999457296	1446957357960
4.7167882349841435	0.47400760362037175	1446957357966
5.117949958888366	0.4011617239042229	1446957357968
5.541994935698815	0.42404497681044884	1446957357973
5.922482471589986	0.380487535891171	1446957357977
6.12179188615092	0.19930941456093354	1446957357982
6.17152785137115	0.04973596522023005	1446957357988
6.013714459028588	-0.15781339234256198	1446957357992
5.8481953172126016	-0.16551914181598626	1446957357999
5.488557681596205	-0.35963763561639617	1446957358002
5.094441927940273	-0.39411575365593254	1446957358007
4.810029064050455	-0.284412863889818	1446957358012
4.682085390815648	-0.1279436732348067	1446957358017
4.84622683276721	0.16414144195156144	1446957358022
4.990837579469904	0.14461074670269447	1446957358027
5.202861518178614	0.21202393870871017	1446957358033
5.569421092227193	0.366559574048579	1446957358037
6.063493714885839	0.4940726226586456	1446957358042
6.733832365473871	0.6703386505880324	1446957358047
7.634855939134417	0.9010235736605461	1446957358052
8.4928925672073	0.858036628072882	1446957358057
9.388895033390279	0.8960024661829795	1446957358062
10.413721112501609	1.02482607911133	1446957358067
11.73451708197967	1.3207959694780609	1446957358072
13.04113516379448	1.3066180818148112	1446957358077
14.331180219319805	1.290045055525324	1446957358082
15.824315128467555	1.4931349091477504	1446957358087
17.463657245880345	1.6393421174127898	1446957358092
19.244074307141556	1.7804170612612111	1446957358097
20.9705948664147	1.726520559273144	1446957358102
21.824469291314646	0.8538744248999457	1446957358108
22.036857000452343	0.21238770913769756	1446957358112
22.060499429366775	0.02364242891443169	1446957358118
22.163210508604102	0.10271107923732714	1446957358123
22.06709253705226	-0.09611797155184121	1446957358127
CadenceDetector: Step (Peak): 1446957358127
CadenceNotifier: Delta: 379
CadenceNotifier: CadenceChange: 175.5669348939283
21.606216251031945	-0.4608762860203157	1446957358132
21.10646331836247	-0.49975293266947673	1446957358137
20.767307318328854	-0.3391560000336149	1446957358142
20.546537998727867	-0.22076931960098634	1446957358147
20.421943594193767	-0.12459440453410053	1446957358152
20.363569221007612	-0.05837437318615457	1446957358157
20.395135246042567	0.0315660250349552	1446957358162
20.406965460562528	0.011830214519960691	1446957358167
20.430777735309814	0.023812274747285755	1446957358172
20.464811502792323	0.03403376748250864	1446957358177
20.51960550210509	0.05479399931276774	1446957358183
20.535447089343165	0.01584158723807505	1446957358187
20.51300040799991	-0.022446681343254227	1446957358192
20.51797988475331	0.00497947675339816	1446957358197
20.461893272123078	-0.056086612630231514	1446957358202
20.36370101305945	-0.09819225906362661	1446957358207
19.936947970509006	-0.42675304255044466	1446957358213
18.31404417145348	-1.6229037990555248	1446957358217
16.759901399044956	-1.5541427724085253	1446957358225
15.235731883670983	-1.5241695153739734	1446957358228
13.839465835418764	-1.396266048252219	1446957358234
12.57901677527571	-1.2604490601430545	1446957358238
11.490366384669725	-1.0886503906059843	1446957358243
10.361477623078072	-1.1288887615916536	1446957358247
9.518971197736313	-0.8425064253417585	1446957358254
8.831680754829865	-0.6872904429064484	1446957358258
8.25038649993255	-0.5812942548973155	1446957358263
7.729659891944931	-0.5207266079876183	1446957358267
7.454295094231143	-0.2753647977137881	1446957358273
7.279554930246758	-0.17474016398438508	1446957358278
7.101681029977881	-0.17787390026887717	1446957358284
6.8858623507172	-0.2158186792606811	1446957358289
6.713771945433879	-0.17209040528332054	1446957358293
6.496495961680317	-0.21727598375356205	1446957358297
6.5168497354193935	0.02035377373907643	1446957358303
6.502932372886062	-0.013917362533331534	1446957358308
6.563619252056351	0.06068687917028903	1446957358313
6.55468823452597	-0.008931017530381169	1446957358317
6.941049653939886	0.386361419413916	1446957358323
7.455357872332364	0.5143082183924781	1446957358334
8.203457907622763	0.748100035290399	1446957358334
9.206927416618647	1.0034695089958845	1446957358337
9.620173408777049	0.4132459921584015	1446957358342
9.50683871795984	-0.1133346908172097	1446957358347
8.898730765784332	-0.6081079521755068	1446957358353
7.9600829183813095	-0.9386478474030229	1446957358358
7.111899700472567	-0.8481832179087423	1446957358363
6.417567853054038	-0.6943318474185292	1446957358367
5.904157859735656	-0.5134099933183824	1446957358373
5.438163615539634	-0.46599424419602187	1446957358378
5.153278348422774	-0.28488526711685935	1446957358383
5.131864543952118	-0.021413804470656217	1446957358388
5.290526168292364	0.15866162434024567	1446957358392
5.836367131640405	0.5458409633480414	1446957358400
6.513931361270745	0.6775642296303399	1446957358402
7.393580274247288	0.8796489129765428	1446957358407
8.645752931076712	1.2521726568294245	1446957358413
9.99411629626938	1.348363365192668	1446957358417
11.34406435839161	1.3499480621222286	1446957358423
12.984323423993063	1.6402590656014535	1446957358427
14.796121802605365	1.811798378612302	1446957358433
16.657481882009986	1.861360079404621	1446957358438
18.65639701650476	1.9989151344947729	1446957358442
20.508693655957686	1.852296639452927	1446957358450
22.178592606682088	1.6698989507244022	1446957358452
23.638913238297704	1.460320631615616	1446957358457
24.972479024357906	1.333565786060202	1446957358464
25.83878562547829	0.8663066011203853	1446957358467
26.291713275570814	0.4529276500925228	1446957358474
26.39700412569315	0.10529085012233708	1446957358478
26.32121526700329	-0.07578885868986163	1446957358484
CadenceDetector: Step (Peak): 1446957358485
CadenceNotifier: Delta: 360
CadenceNotifier: CadenceChange: 168.0672268907563
26.04260403945861	-0.2786112275446797	1446957358488
25.30700577671796	-0.7355982627406483	1446957358493
24.50162537845611	-0.8053803982618497	1446957358497
23.93551648613986	-0.566108892316251	1446957358524
23.355287080063356	-0.580229406076505	1446957358527
22.92269514888106	-0.43259193118229433	1446957358528
22.360126326525897	-0.5625688223551641	1446957358528
21.732390133084902	-0.6277361934409953	1446957358529
20.990570104214765	-0.7418200288701371	1446957358529
20.20213362913303	-0.7884364750817348	1446957358535
19.318990927303208	-0.8831427018298221	1446957358558
18.453533409869017	-0.8654575174341907	1446957358559
17.51928822847607	-0.9342451813929458	1446957358560
16.639446261269562	-0.8798419672065094	1446957358560
15.76363473362642	-0.8758115276431422	1446957358563
14.967240512391985	-0.7963942212344346	1446957358564
14.261292655913529	-0.7059478564784563	1446957358566
13.447959099940642	-0.8133335559728874	1446957358571
12.676930185233308	-0.7710289147073333	1446957358576
12.020370423313713	-0.6565597619195955	1446957358581
11.40718759663044	-0.6131828266832731	1446957358586
10.84316838723918	-0.5640192093912599	1446957358591
10.290219769174513	-0.5529486180646668	1446957358596
9.832016787124779	-0.458202982049734	1446957358601
9.524959271940352	-0.30705751518442703	1446957358606
8.987041099330714	-0.537918172609638	1446957358611
8.619633243635656	-0.36740785569505796	1446957358616
8.472324256300233	-0.14730898733542297	1446957358620
8.298422072416466	-0.17390218388376688	1446957358626
7.927441189397378	-0.3709808830190884	1446957358633
7.6130955176582	-0.3143456717391775	1446957358636
7.261091828489677	-0.352003689168523	1446957358641
6.914362230865736	-0.3467295976239413	1446957358646
6.670067811632364	-0.24429441923337158	1446957358651
6.531220705338681	-0.13884710629368335	1446957358656
6.333065842342025	-0.19815486299665608	1446957358661
6.138661486923799	-0.19440435541822598	1446957358666
5.902642528668251	-0.2360189582555483	1446957358671
5.652701725993836	-0.24994080267441454	1446957358676
5.324583305524444	-0.32811842046939255	1446957358683
4.9663050726502185	-0.3582782328742251	1446957358686
4.609639966878379	-0.35666510577183974	1446957358691
4.259472715491416	-0.3501672513869627	1446957358696
3.950080053825262	-0.3093926616661542	1446957358701
3.5956185631454134	-0.35446149067984845	1446957358706
3.30750804352333	-0.2881105196220832	1446957358713
3.002290910724691	-0.30521713279863905	1446957358715
2.7094005942321684	-0.29289031649252273	1446957358721
2.4037249396271934	-0.30567565460497503	1446957358726
2.2301153621318495	-0.1736095774953439	1446957358733
2.1191265956682352	-0.11098876646361422	1446957358736
2.1037226509648765	-0.015403944703358707	1446957358741
2.297528543568439	0.1938058926035624	1446957358746
2.6879492222861128	0.39042067871767383	1446957358751
3.228758893544705	0.5408096712585921	1446957358756
3.965857298646135	0.7370984051014302	1446957358761
4.814383391098714	0.8485260924525786	1446957358765
5.682543186484223	0.8681597953855089	1446957358771
6.60891232658205	0.9263691400978278	1446957358776
7.649727765562858	1.0408154389808075	1446957358783
8.925263232742415	1.275535467179557	1446957358786
10.291407740356275	1.3661445076138605	1446957358791
11.752078413127064	1.4606706727707888	1446957358796
13.295607303679652	1.5435288905525884	1446957358801
14.929981563566615	1.6343742598869628	1446957358806
16.726099515036076	1.7961179514694603	1446957358811
18.543767895866345	1.8176683808302698	1446957358815
20.20450431777903	1.6607364219126843	1446957358821
21.135087758797386	0.9305834410183564	1446957358826
21.30122564997703	0.16613789117964473	1446957358833
21.33977583283772	0.03855018286068912	1446957358836
21.424235120047868	0.08445928721014795	1446957358841
21.58545465999123	0.16121953994336025	1446957358845
21.620577361787873	0.03512270179664512	1446957358851
21.539377195470262	-0.08120016631761118	1446957358856
CadenceDetector: Step (Peak): 1446957358856
CadenceNotifier: Delta: 369
CadenceNotifier: CadenceChange: 167.01461377870564
21.25499619891435	-0.28438099655591387	1446957358860
20.798458501620832	-0.45653769729351623	1446957358865
19.584694618730445	-1.2137638828903867	1446957358870
18.49820955745001	-1.0864850612804346	1446957358876
17.690657958892235	-0.8075515985577759	1446957358888
16.941452403509505	-0.7492055553827299	1446957358890
16.435110490087673	-0.5063419134218314	1446957358891
16.050378702749743	-0.38473178733793034	1446957358896
15.765853613855215	-0.28452508889452766	1446957358901
15.470102238951885	-0.2957513749033307	1446957358906
15.098074384417936	-0.3720278545339486	1446957358911
14.731770714887057	-0.366303669530879	1446957358916
14.21964040660471	-0.5121303082823463	1446957358921
13.715013829509061	-0.5046265770956495	1446957358926
13.158351928609676	-0.5566619008993854	1446957358931
12.57022745122827	-0.588124477381406	1446957358936
11.94461712890438	-0.6256103223238902	1446957358941
11.33148486992708	-0.6131322589773003	1446957358946
10.818586054641871	-0.5128988152852081	1446957358951
10.244731500895162	-0.5738545537467097	1446957358956
9.760560659046346	-0.4841708418488153	1446957358961
9.499361405216478	-0.26119925382986864	1446957358966
9.272965973355387	-0.226395431861091	1446957358972
9.027177929606182	-0.24578804374920438	1446957358976
8.949089779878284	-0.07808814972789868	1446957358984
8.976927935914171	0.02783815603588735	1446957358986
9.107164690441287	0.13023675452711636	1446957358991
9.324969684411668	0.21780499397038078	1446957358998
9.566369065452047	0.24139938104037917	1446957359000
9.627084003249283	0.060714937797236246	1446957359005
9.67205969200301	0.04497568875372693	1446957359011
9.677113187778437	0.005053495775426242	1446957359017
9.691150304960344	0.014037117181906922	1446957359021
9.855795568790649	0.1646452638303053	1446957359026
9.782703929789838	-0.07309163900081117	1446957359034
9.805529634779761	0.022825704989923423	1446957359036
9.458537658875088	-0.34699197590467357	1446957359041
9.057507264390512	-0.4010303944845752	1446957359046
8.478110202184366	-0.5793970622061462	1446957359050
7.75573431832864	-0.7223758838557259	1446957359057
6.750362287125052	-1.0053720312035885	1446957359061
5.716412505202236	-1.033949781922816	1446957359066
4.531153612843302	-1.1852588923589336	1446957359072
3.3886943675196175	-1.1424592453236846	1446957359076
2.3519902424943577	-1.0367041250252598	1446957359085
1.4636123838982782	-0.8883778585960795	1446957359086
1.1735919554741043	-0.29002042842417386	1446957359091
1.7689921948666687	0.5954002393925644	1446957359097
2.840742252619223	1.0717500577525543	1446957359100
4.1336109215420365	1.2928686689228135	1446957359107
5.688224916192441	1.5546139946504045	1446957359111
7.6416638971565085	1.9534389809640675	1446957359116
10.002569612554776	2.3609057153982675	1446957359122
12.844009078519864	2.841439465965088	1446957359125
15.888595817891783	3.044586739371919	1446957359131
19.21745478055215	3.328858962660366	1446957359135
22.45071570535833	3.2332609248061814	1446957359149
24.64173883591607	2.1910231305577383	1446957359151
25.462983798406082	0.8212449624900131	1446957359151
25.62939136586832	0.16640756746223673	1446957359156
25.401362201369665	-0.22802916449865407	1446957359161
CadenceDetector: Step (Peak): 1446957359161
CadenceNotifier: Delta: 306
CadenceNotifier: CadenceChange: 169.73125884016974
25.012206219635445	-0.38915598173421984	1446957359165
24.76688497696182	-0.24532124267362576	1446957359184
24.582479961254307	-0.18440501570751167	1446957359186
24.35003094384909	-0.23244901740521584	1446957359186
24.126622229733645	-0.22340871411544683	1446957359187
23.96211806144703	-0.16450416828661574	1446957359191
23.85968059588713	-0.1024374655598983	1446957359203
23.666836685369667	-0.19284391051746397	1446957359207
23.15334260815608	-0.5134940772135863	1446957359207
22.65281783968965	-0.5005247684664305	1446957359210
22.197312273371097	-0.45550556631855343	1446957359215
21.755514064958383	-0.4417982084127132	1446957359220
21.25920974005687	-0.4963043249015122	1446957359225
20.692711820485428	-0.566497919571443	1446957359230
19.871541955968016	-0.8211698645174117	1446957359235
18.849308158232695	-1.0222337977353213	1446957359240
17.83306171779388	-1.0162464404388167	1446957359245
16.673778424364034	-1.1592832934298443	1446957359250
15.585591058336032	-1.0881873660280021	1446957359255
14.508000233941361	-1.0775908243946706	1446957359260
13.518290119178443	-0.9897101147629179	1446957359265
12.50490872125537	-1.013381397923073	1446957359270
11.579768775043679	-0.9251399462116918	1446957359277
10.851928597621693	-0.7278401774219851	1446957359280
10.209834196509485	-0.6420944011122085	1446957359285
9.674534845466042	-0.5352993510434434	1446957359292
9.20044937524239	-0.4740854702236508	1446957359295
8.926195068660718	-0.27425430658167294	1446957359300
8.665918068815463	-0.26027699984525476	1446957359306
8.348017098663574	-0.31790097015188934	1446957359310
7.99273171972753	-0.3552853789360437	1446957359315
7.598563221487281	-0.3941684982402487	1446957359321
7.16085040301811	-0.437712818469171	1446957359325
6.734411234910984	-0.4264391681071267	1446957359338
6.259263167341798	-0.4751480675691857	1446957359340
5.876508402554006	-0.3827547647877916	1446957359340
5.504955681503299	-0.37155272105070747	1446957359345
5.074136876991339	-0.43081880451195964	1446957359350
4.635255343366549	-0.43888153362479	1446957359356
4.185312631842686	-0.449942711523863	1446957359360
3.8140371866963116	-0.37127544514637467	1446957359365
3.462330482313065	-0.35170670438324647	1446957359371
3.2239490975089797	-0.23838138480408544	1446957359375
3.0028021267803093	-0.2211469707286704	1446957359380
2.795075917022573	-0.20772620975773615	1446957359385
2.6103153021538485	-0.18476061486872464	1446957359391
2.3848976066806324	-0.2254176954732161	1446957359395
2.245290125518118	-0.13960748116251454	1446957359400
1.9863546939004109	-0.25893543161770705	1446957359406
1.5635412624685634	-0.42281343143184746	1446957359410
1.271643643742843	-0.2918976187257203	1446957359415
0.9520304265616231	-0.31961321718122004	1446957359421
0.6477396648804866	-0.30429076168113645	1446957359425
0.5072098927646851	-0.14052977211580153	1446957359430
0.5046018627179409	-0.0026080300467441475	1446957359435
0.8627541955127378	0.35815233279479686	1446957359441
1.545748359726489	0.6829941642137511	1446957359446
2.387126090500829	0.84137773077434	1446957359450
3.3466675472971574	0.9595414567963285	1446957359456
4.360090637863589	1.0134230905664317	1446957359460
5.48978430567075	1.1296936678071612	1446957359465
6.819330941958034	1.3295466362872839	1446957359471
8.355440254040783	1.5361093120827487	1446957359475
10.055240921503149	1.699800667462366	1446957359480
11.888504134272564	1.833263212769415	1446957359484
13.852564118706878	1.9640599844343143	1446957359491
15.99169520485686	2.139131086149982	1446957359495
18.370709524258437	2.379014319401577	1446957359500
21.06530301084947	2.6945934865910317	1446957359506
22.564233336329195	1.4989303254797264	1446957359510
23.18347367513288	0.6192403388036851	1446957359518
23.39169840058461	0.20822472545172843	1446957359520
23.46747656434971	0.07577816376510071	1446957359525
23.41510940852347	-0.0523671558262393	1446957359530
CadenceDetector: Step (Peak): 1446957359530
CadenceNotifier: Delta: 369
CadenceNotifier: CadenceChange: 170.94017094017093
23.40208971538616	-0.013019693137309218	1446957359535
23.29771734846321	-0.10437236692295215	1446957359552
22.640945265245538	-0.6567720832176711	1446957359553
21.60690443685845	-1.0340408283870879	1446957359555
20.753437834090857	-0.8534666027675932	1446957359555
20.243586471256023	-0.5098513628348336	1446957359559
19.176773804501174	-1.0668126667548492	1446957359566
18.175612668817248	-1.001161135683926	1446957359569
17.47043525862671	-0.7051774101905366	1446957359574
16.874818400703088	-0.5956168579236234	1446957359579
16.494831323454438	-0.37998707724865	1446957359590
16.199929120008026	-0.29490220344641216	1446957359590
15.951638354031386	-0.24829076597663935	1446957359594
15.672204927883815	-0.2794334261475715	1446957359600
15.37804296808912	-0.2941619597946943	1446957359604
15.002427351559355	-0.3756156165297657	1446957359609
14.519722921854159	-0.4827044297051959	1446957359614
14.033009211384085	-0.48671371047007383	1446957359619
13.531429233395354	-0.5015799779887313	1446957359624
12.874470850962881	-0.6569583824324727	1446957359629
12.279308342342398	-0.5951625086204828	1446957359634
11.687408658523111	-0.5918996838192871	1446957359639
11.178021020080482	-0.5093876384426288	1446957359644
10.645597771806552	-0.5324232482739308	1446957359650
10.157946416103204	-0.4876513557033473	1446957359656
9.771415071493758	-0.3865313446094465	1446957359660
9.501533054387986	-0.26988201710577187	1446957359664
9.26606511583538	-0.23546793855260617	1446957359670
9.157646763570634	-0.10841835226474572	1446957359675
9.203991749624453	0.046344986053819426	1446957359684
9.313410962398153	0.10941921277369993	1446957359685
9.42092634102064	0.10751537862248739	1446957359689
9.701585051370982	0.28065871035034107	1446957359694
9.79502383277224	0.09343878140125739	1446957359701
9.837373664238264	0.04234983146602467	1446957359704
9.703791230612499	-0.13358243362576516	1446957359709
9.4670684948066	-0.2367227358058983	1446957359714
9.22438432799637	-0.2426841668102302	1446957359719
8.781781740335589	-0.4426025876607813	1446957359725
8.319948775063011	-0.46183296527257767	1446957359730
7.976534370717549	-0.3434144043454621	1446957359734
7.535820788152718	-0.44071358256483073	1446957359740
6.983711348706619	-0.5521094394460997	1446957359745
6.409229524472574	-0.574481824234045	1446957359749
5.868400459877191	-0.5408290645953828	1446957359755
5.340228915298074	-0.5281715445791164	1446957359760
4.626948001488578	-0.7132809138094967	1446957359764
3.88349308980664	-0.7434549116819378	1446957359770
3.2882095660431028	-0.5952835237635372	1446957359774
2.854717706294792	-0.43349185974831084	1446957359779
3.1963080790021325	0.3415903727073406	1446957359784
4.073095392090449	0.8767873130883168	1446957359790
5.461716633108786	1.3886212410183365	1446957359794
7.265306096567333	1.8035894634585468	1446957359799
9.108489926853553	1.84318383028622	1446957359805
11.165091132314346	2.056601205460794	1446957359809
13.19740101441692	2.032309882102574	1446957359814
15.231388816478331	2.033987802061411	1446957359818
17.209743965166606	1.9783551486882747	1446957359825
19.08791314975457	1.8781691845879642	1446957359829
20.982749371937565	1.8948362221829953	1446957359834
22.57979993343709	1.5970505614995254	1446957359840
23.195214697254457	0.6154147638173662	1446957359844
23.402912865330617	0.20769816807615982	1446957359849
23.512965898641813	0.1100530333111962	1446957359855
23.562311650852322	0.04934575221050963	1446957359859
23.62130454328585	0.05899289243352612	1446957359864
23.78333396542585	0.1620294221400016	1446957359868
23.40404934131648	-0.3792846241093706	1446957359874
CadenceDetector: Step (Peak): 1446957359875
CadenceNotifier: Delta: 354
CadenceNotifier: CadenceChange: 171.67381974248926
23.316524230899713	-0.0875251104167667	1446957359886
23.110982792284613	-0.2055414386151	1446957359886
22.481402162501812	-0.6295806297828008	1446957359889
21.93116533956256	-0.5502368229392509	1446957359894
21.242413470972668	-0.6887518685898932	1446957359899
20.253221744377115	-0.9891917265955534	1446957359918
19.262489011098555	-0.9907327332785592	1446957359925
18.385474301316442	-0.877014709782113	1446957359926
17.868611923373503	-0.5168623779429389	1446957359926
17.5743292766491	-0.29428264672440463	1446957359926
17.162597362929144	-0.41173191371995443	1446957359928
17.072953222916382	-0.08964414001276211	1446957359933
17.12137416775024	0.048420944833857504	1446957359938
17.02616304678471	-0.09521112096552997	1446957359943
16.998766069420643	-0.027396977364066544	1446957359948
16.28420569391333	-0.7145603755073147	1446957359952
15.05325498825399	-1.230950705659339	1446957359958
13.787754287720654	-1.2655007005333356	1446957359963
13.345006889948744	-0.4427473977719103	1446957359967
12.248666591796388	-1.0963402981523558	1446957359973
11.84846623560925	-0.40020035618713834	1446957359978
11.125009038942343	-0.7234571966669066	1446957359983
10.880117213348528	-0.24489182559381462	1446957359987
10.863089194003068	-0.017028019345460166	1446957359993
10.743861798600957	-0.11922739540211147	1446957359997
11.269241365941001	0.5253795673400443	1446957360003
11.644357040905913	0.3751156749649116	1446957360008
11.96862363372179	0.3242665928158779	1446957360012
12.26370976307676	0.2950861293549689	1446957360017
12.348287718052934	0.08457795497617404	1446957360023
11.891445693614294	-0.4568420244386395	1446957360029
11.51580049500619	-0.37564519860810464	1446957360033
11.42806204794219	-0.08773844706399991	1446957360037
11.302172342527335	-0.12588970541485445	1446957360042
11.17322234982507	-0.1289499927022657	1446957360047
10.94068938608472	-0.23253296374034882	1446957360052
10.202474344136252	-0.7382150419484681	1446957360057
9.493238455635717	-0.709235888500535	1446957360062
8.86538559786391	-0.6278528577718081	1446957360067
8.336534625386676	-0.5288509724772332	1446957360072
7.8356544558588475	-0.5008801695278287	1446957360077
7.319464042721398	-0.5161904131374495	1446957360082
6.359014693865926	-0.9604493488554722	1446957360087
5.691335867913445	-0.6676788259524811	1446957360092
5.149024921116664	-0.542310946796781	1446957360097
4.493821323542567	-0.6552035975740971	1446957360104
4.1376979852687565	-0.35612333827381004	1446957360108
3.839591299507539	-0.29810668576121735	1446957360113
4.385449658294514	0.5458583587869752	1446957360118
6.160111850105762	1.774662191811248	1446957360123
7.077906516740062	0.9177946666342995	1446957360128
8.820949711942635	1.7430431952025733	1446957360133
11.34879735821499	2.5278476462723543	1446957360138
13.984546525307191	2.635749167092202	1446957360143
16.40976544214403	2.4252189168368403	1446957360151
18.49925376845686	2.0894883263128285	1446957360152
20.783176550604185	2.283922782147325	1446957360158
21.54691702242763	0.7637404718234428	1446957360163
21.235979372596862	-0.3109376498307661	1446957360167
20.81502493195356	-0.42095444064330323	1446957360173
CadenceDetector: Step (Peak): 1446957360174
CadenceNotifier: Delta: 289
CadenceNotifier: CadenceChange: 182.09408194233689
20.324722962914485	-0.4903019690390735	1446957360178
19.809936498361996	-0.5147864645524898	1446957360185
19.51853588209579	-0.2914006162662055	1446957360205
18.314224161673064	-1.2043117204227265	1446957360206
15.771174984877884	-2.5430491767951793	1446957360224
13.504554469290802	-2.266620515587082	1446957360224
12.002137305770527	-1.5024171635202759	1446957360225
11.388033184428796	-0.6141041213417306	1446957360225
11.57601393604495	0.1879807516161538	1446957360226
12.177369090127577	0.6013551540826274	1446957360226
13.270128699165346	1.0927596090377687	1446957360228
14.75670087597554	1.4865721768101938	1446957360233
15.948092426971606	1.191391550996066	1446957360237
16.41638366964172	0.4682912426701158	1446957360242
16.757325470101875	0.3409418004601541	1446957360247
17.35791626383287	0.6005907937309942	1446957360252
18.04153538579243	0.6836191219595591	1446957360257
18.062493689415138	0.02095830362270945	1446957360262
17.56522775528678	-0.4972659341283574	1446957360267
16.715597126350193	-0.8496306289365876	1446957360272
15.776429950280232	-0.9391671760699616	1446957360277
15.107364565329728	-0.6690653849505033	1446957360282
14.732476314595877	-0.3748882507338518	1446957360287
14.558139461714028	-0.17433685288184897	1446957360292
14.598020124444409	0.039880662730380934	1446957360298
14.667030813489315	0.06901068904490693	1446957360303
14.846764660411566	0.17973384692225025	1446957360308
14.989500073556865	0.14273541314529936	1446957360313
15.003043495346034	0.01354342178916923	1446957360317
14.990323720511977	-0.012719774834057063	1446957360323
14.986653147964919	-0.0036705725470582706	1446957360330
14.87496206082042	-0.11169108714449827	1446957360332
15.148535822115031	0.2735737612946103	1446957360338
15.088997148821374	-0.05953867329365714	1446957360342
15.076995882294007	-0.012001266527366994	1446957360347
14.70522257387902	-0.371773308414987	1446957360353
14.062779957423416	-0.6424426164556039	1446957360358
13.346287620112005	-0.7164923373114114	1446957360362
12.865003252742229	-0.481284367369776	1446957360367
12.49579763468744	-0.3692056180547887	1446957360373
11.881974131419806	-0.6138235032676338	1446957360377
11.308613819113154	-0.5733603123066526	1446957360384
10.340515316365435	-0.9680985027477185	1446957360387
9.793713523786112	-0.5468017925793234	1446957360392
9.33189205618603	-0.4618214676000818	1446957360397
8.712215417583472	-0.6196766386025576	1446957360403
8.08810505835209	-0.6241103592313824	1446957360407
7.432925111873163	-0.6551799464789267	1446957360412
6.927513421864291	-0.5054116900088719	1446957360417
6.667153718391113	-0.2603597034731786	1446957360422
6.6242362657911364	-0.04291745259997626	1446957360427
6.574582456140886	-0.049653809650250125	1446957360434
6.504327683444986	-0.07025477269590041	1446957360437
6.432146071441741	-0.07218161200324502	1446957360442
6.415699242440219	-0.016446829001521834	1446957360447
6.495658092694956	0.07995885025473726	1446957360454
6.505541417141192	0.00988332444623552	1446957360458
6.685344232382973	0.1798028152417812	1446957360464
6.947886573637582	0.2625423412546093	1446957360468
7.2183670129194475	0.27048043928186516	1446957360474
7.513148405288683	0.2947813923692353	1446957360478
7.853780540231431	0.3406321349427479	1446957360482
8.058589183251463	0.20480864302003265	1446957360488
8.387907138070712	0.3293179548192491	1446957360493
8.60033666371679	0.21242952564607798	1446957360498
8.792944756079114	0.1926080923623239	1446957360503
8.859985666344263	0.06704091026514902	1446957360508
8.942835913447572	0.08285024710330902	1446957360514
9.039856330454791	0.09702041700721864	1446957360518
9.112441656283462	0.07258532582867083	1446957360522
9.004572480705212	-0.10786917557824971	1446957360528
8.993779737729657	-0.010792742975555214	1446957360542
8.906450046273724	-0.08732969145593295	1446957360543
8.756814980529679	-0.14963506574404484	1446957360543
8.716065276373943	-0.04074970415573631	1446957360547
8.71445351722789	-0.00161175914605316	1446957360552
8.73611981659576	0.02166629936787068	1446957360557
8.636953973049817	-0.09916584354594349	1446957360564
8.778129975930245	0.1411760028804281	1446957360568
8.910344913466325	0.13221493753608016	1446957360573
9.29015176166222	0.3798068481958943	1446957360578
9.703728530916615	0.4135767692543961	1446957360582
10.174240771602143	0.47051224068552777	1446957360587
10.622957828344985	0.4487170567428418	1446957360592
10.862491068365914	0.23953324002092913	1446957360597
10.917565045342005	0.05507397697609129	1446957360602
10.894766849770924	-0.02279819557108098	1446957360607
10.717276685462322	-0.17749016430860287	1446957360612
10.439797613298557	-0.27747907216376433	1446957360616
10.26988713191092	-0.1699104813876371	1446957360622
10.329183113154997	0.059295981244076756	1446957360626
10.538138010554157	0.20895489739915973	1446957360634
10.615218327783442	0.0770803172292851	1446957360637
10.564584585746864	-0.050633742036577445	1446957360642
10.584673188924459	0.020088603177594422	1446957360646
10.459286212005141	-0.12538697691931766	1446957360651
10.521858485792187	0.06257227378704577	1446957360657
10.870725083570125	0.3488665977779384	1446957360661
11.093971137796572	0.22324605422644694	1446957360666
11.137375737599175	0.04340459980260292	1446957360672
10.89843333738386	-0.23894240021531488	1446957360676
10.527038963363205	-0.3713943740206549	1446957360684
10.211570067248893	-0.3154688961143126	1446957360687
9.934980113981315	-0.2765899532675782	1446957360692
9.418932417828112	-0.516047696153203	1446957360696
8.52510902060136	-0.8938233972267522	1446957360701
7.940777878501074	-0.584331142100285	1446957360706
7.796644174027799	-0.14413370447327534	1446957360713
8.038773083090845	0.2421289090630463	1446957360716
8.68194873439277	0.6431756513019256	1446957360722
9.425923091054482	0.7439743566617114	1446957360726
10.275869193551713	0.8499461024972312	1446957360731
11.19914273534811	0.9232735417963962	1446957360736
11.994930926124654	0.7957881907765447	1446957360741
12.6658969515963	0.6709660254716461	1446957360746
12.99284739982021	0.3269504482239096	1446957360751
13.026155261428075	0.03330786160786481	1446957360756
12.876676280887812	-0.14947898054026254	1446957360761
12.58121971905296	-0.29545656183485214	1446957360766
12.16247331359179	-0.4187464054611709	1446957360771
11.841593473980698	-0.32087983961109146	1446957360776
11.31540430844446	-0.5261891655362376	1446957360781
10.783155548329395	-0.5322487601150652	1446957360787
10.361882883048484	-0.42127266528091134	1446957360791
9.799942841539634	-0.5619400415088496	1446957360795
9.229789602922803	-0.5701532386168306	1446957360802
8.552993325085698	-0.6767962778371057	1446957360806
8.575605627615158	0.022612302529459782	1446957360810
8.604230101621633	0.02862447400647561	1446957360816
8.738741858465136	0.13451175684350325	1446957360821
8.571986553995794	-0.1667553044693424	1446957360826
8.412241477963647	-0.15974507603214683	1446957360831
8.249349416362236	-0.16289206160141134	1446957360836
8.246091253959829	-0.003258162402406839	1446957360841
