-1000000.0	2.96417236328125	1447032451775
-1000000.0	2.86181640625	1447032451775
-1000000.0	2.86181640625	1447032451776
-1000000.0	2.95703125	1447032451776
-1000000.0	3.09033203125	1447032451776
-1000000.0	3.05224609375	1447032451776
-1000000.0	2.890380859375	1447032451776
-1000000.0	2.61187744140625	1447032451776
-1000000.0	2.2762451171875	1447032451778
-1000000.0	2.0048828125	1447032451803
-1000000.0	1.76446533203125	1447032451803
-1000000.0	1.56451416015625	1447032451803
-1000000.0	1.3717041015625	1447032451803
-1000000.0	1.2003173828125	1447032451804
-1000000.0	1.2098388671875	1447032451807
-1000000.0	1.19793701171875	1447032451812
-1000000.0	1.1907958984375	1447032451817
-1000000.0	1.271728515625	1447032451822
-1000000.0	1.33837890625	1447032451827
-1000000.0	1.4478759765625	1447032451832
-1000000.0	1.5050048828125	1447032451837
-1000000.0	1.652587890625	1447032451842
-1000000.0	1.7811279296875	1447032451847
-1000000.0	1.87872314453125	1447032451852
-1000000.0	1.90966796875	1447032451857
-1000000.0	1.9287109375	1447032451862
-1000000.0	2.014404296875	1447032451867
-1000000.0	1.9810791015625	1447032451872
-1000000.0	1.9429931640625	1447032451877
-1000000.0	1.9144287109375	1447032451883
-1000000.0	1.90252685546875	1447032451887
-1000000.0	1.79541015625	1447032451892
-1000000.0	1.6668701171875	1447032451897
-1000000.0	1.55023193359375	1447032451902
-1000000.0	1.38360595703125	1447032451907
-1000000.0	1.2479248046875	1447032451912
-1000000.0	1.13604736328125	1447032451917
-1000000.0	1.07177734375	1447032451922
-1000000.0	1.08367919921875	1447032451927
-1000000.0	1.16937255859375	1447032451932
-1000000.0	1.25506591796875	1447032451937
-1000000.0	1.2479248046875	1447032451942
-1000000.0	1.309814453125	1447032451947
-1000000.0	1.37884521484375	1447032451952
-1000000.0	1.481201171875	1447032451977
-1000000.0	1.52166748046875	1447032451977
-1000000.0	1.50738525390625	1447032451978
-1000000.0	1.56451416015625	1447032451978
-1000000.0	1.7430419921875	1447032451978
-1000000.0	1.90966796875	1447032451981
-1000000.0	2.02392578125	1447032451986
-1000000.0	2.0858154296875	1447032451991
-1000000.0	2.11676025390625	1447032451996
-1000000.0	2.06915283203125	1447032452001
-1000000.0	2.014404296875	1447032452006
-1000000.0	2.09771728515625	1447032452011
-1000000.0	1.976318359375	1447032452017
-1000000.0	1.8287353515625	1447032452021
-1000000.0	1.67877197265625	1447032452026
-1000000.0	1.519287109375	1447032452031
-1000000.0	1.4716796875	1447032452036
-1000000.0	1.48358154296875	1447032452041
-1000000.0	1.62640380859375	1447032452046
-1000000.0	1.7001953125	1447032452051
-1000000.0	1.7811279296875	1447032452056
-1000000.0	1.8525390625	1447032452061
-1000000.0	1.843017578125	1447032452066
-1000000.0	1.97393798828125	1447032452071
-1000000.0	2.01678466796875	1447032452076
-1000000.0	2.0810546875	1447032452081
-1000000.0	2.07867431640625	1447032452086
-1000000.0	2.04534912109375	1447032452091
-1000000.0	1.78350830078125	1447032452096
-1000000.0	1.41455078125	1447032452102
-1000000.0	0.9622802734375	1447032452106
-1000000.0	0.41717529296875	1447032452111
-1000000.0	0.04345703125	1447032452117
-1000000.0	0.03631591796875	1447032452121
-1000000.0	0.0625	1447032452126
-1000000.0	0.5814208984375	1447032452131
-1000000.0	1.119384765625	1447032452136
-1000000.0	1.5050048828125	1447032452143
-1000000.0	1.95489501953125	1447032452146
-1000000.0	2.4952392578125	1447032452151
-1000000.0	2.99273681640625	1447032452156
-1000000.0	3.59735107421875	1447032452161
-1000000.0	4.2900390625	1447032452167
-1000000.0	5.08270263671875	1447032452171
-1000000.0	5.94915771484375	1447032452176
-1000000.0	6.13482666015625	1447032452181
-1000000.0	7.4130859375	1447032452186
-1000000.0	8.68182373046875	1447032452191
-1000000.0	10.10528564453125	1447032452196
-1000000.0	11.7310791015625	1447032452202
-1000000.0	13.77581787109375	1447032452206
-1000000.0	17.10595703125	1447032452211
-1000000.0	19.364334106445313	1447032452216
-1000000.0	19.364334106445313	1447032452221
-1000000.0	19.364334106445313	1447032452226
-1000000.0	15.687255859375	1447032452231
-1000000.0	10.802734375	1447032452236
-1000000.0	8.7698974609375	1447032452241
-1000000.0	8.25811767578125	1447032452246
-1000000.0	7.68682861328125	1447032452251
-1000000.0	6.7418212890625	1447032452256
-1000000.0	5.4373779296875	1447032452261
-1000000.0	3.97344970703125	1447032452267
-1000000.0	3.26171875	1447032452271
-1000000.0	2.8094482421875	1447032452276
-1000000.0	2.2857666015625	1447032452281
-1000000.0	1.8096923828125	1447032452286
-1000000.0	1.347900390625	1447032452291
-1000000.0	1.29791259765625	1447032452296
-1000000.0	1.50262451171875	1447032452301
-1000000.0	1.93109130859375	1447032452306
-1000000.0	2.05487060546875	1447032452311
-1000000.0	1.766845703125	1447032452317
-1000000.0	1.462158203125	1447032452321
-1000000.0	1.4764404296875	1447032452326
-1000000.0	1.8858642578125	1447032452331
-1000000.0	2.60235595703125	1447032452336
-1000000.0	3.21649169921875	1447032452341
-1000000.0	3.2569580078125	1447032452346
-1000000.0	2.833251953125	1447032452351
-1000000.0	2.13818359375	1447032452356
-1000000.0	1.33837890625	1447032452361
-1000000.0	0.72186279296875	1447032452366
-1000000.0	0.19342041015625	1447032452371
-1000000.0	-0.27313232421875	1447032452376
-1000000.0	-0.78253173828125	1447032452381
-1000000.0	-1.184814453125	1447032452386
-1000000.0	-1.59423828125	1447032452391
-1000000.0	-1.870361328125	1447032452396
-1000000.0	-2.0322265625	1447032452401
-1000000.0	-2.02032470703125	1447032452406
-1000000.0	-1.9132080078125	1447032452411
-1000000.0	-1.72515869140625	1447032452416
-1000000.0	-1.42999267578125	1447032452421
-1000000.0	-1.16815185546875	1447032452426
-1000000.0	-1.470458984375	1447032452431
-1000000.0	-1.31097412109375	1447032452436
-1000000.0	-0.95391845703125	1447032452441
-1000000.0	-0.50640869140625	1447032452446
-1000000.0	-0.06365966796875	1447032452451
-1000000.0	0.23388671875	1447032452456
-1000000.0	0.38623046875	1447032452461
-1000000.0	0.27435302734375	1447032452465
-1000000.0	0.08392333984375	1447032452470
-1000000.0	-0.22314453125	1447032452476
-1000000.0	-0.65875244140625	1447032452481
-1000000.0	-1.10626220703125	1447032452485
-1000000.0	-1.50140380859375	1447032452491
-1000000.0	-1.87750244140625	1447032452496
-1000000.0	-2.26788330078125	1447032452500
-1000000.0	-2.48687744140625	1447032452505
-1000000.0	-2.5987548828125	1447032452510
-1000000.0	-2.5654296875	1447032452515
-1000000.0	-2.40118408203125	1447032452520
-1000000.0	-2.232177734375	1447032452525
-1000000.0	-2.01318359375	1447032452530
-1000000.0	-1.889404296875	1447032452535
-1000000.0	-1.813232421875	1447032452540
-1000000.0	-1.84417724609375	1447032452545
-1000000.0	-1.86798095703125	1447032452550
-1000000.0	-1.927490234375	1447032452555
-1000000.0	-1.8465576171875	1447032452560
-1000000.0	-1.55377197265625	1447032452565
-1000000.0	-1.19671630859375	1447032452570
-1000000.0	-0.83013916015625	1447032452575
-1000000.0	-0.52783203125	1447032452580
-1000000.0	-0.25885009765625	1447032452585
-1000000.0	-0.06365966796875	1447032452590
-1000000.0	0.03631591796875	1447032452596
-1000000.0	-0.22076416015625	1447032452600
-1000000.0	-0.6087646484375	1447032452605
-1000000.0	-1.10150146484375	1447032452610
-1000000.0	-1.81561279296875	1447032452615
-1000000.0	-2.38214111328125	1447032452620
-1000000.0	-2.77728271484375	1447032452625
-1000000.0	-3.0081787109375	1447032452630
-1000000.0	-3.22955322265625	1447032452635
-1000000.0	-3.4033203125	1447032452640
-1000000.0	-3.6270751953125	1447032452645
-1000000.0	-3.7889404296875	1447032452650
-1000000.0	-4.07220458984375	1447032452655
-1000000.0	-4.22930908203125	1447032452660
-1000000.0	-4.11029052734375	1447032452665
-1000000.0	-3.74371337890625	1447032452670
-1000000.0	-2.984375	1447032452675
-1000000.0	-1.97271728515625	1447032452680
-1000000.0	-0.71588134765625	1447032452685
-1000000.0	0.6671142578125	1447032452690
-1000000.0	1.95013427734375	1447032452695
-1000000.0	3.0570068359375	1447032452700
-1000000.0	3.9805908203125	1447032452705
-1000000.0	4.93988037109375	1447032452710
-1000000.0	5.92059326171875	1447032452715
-1000000.0	6.77752685546875	1447032452720
-1000000.0	7.73681640625	1447032452725
-1000000.0	8.68896484375	1447032452730
-1000000.0	9.76251220703125	1447032452735
-1000000.0	10.8931884765625	1447032452740
-1000000.0	12.0548095703125	1447032452748
-1000000.0	12.73321533203125	1447032452750
-1000000.0	12.79034423828125	1447032452755
-1000000.0	12.3690185546875	1447032452760
-1000000.0	11.78582763671875	1447032452765
-1000000.0	11.25738525390625	1447032452770
-1000000.0	10.755126953125	1447032452775
-1000000.0	10.3790283203125	1447032452780
-1000000.0	10.0552978515625	1447032452785
-1000000.0	9.8363037109375	1447032452790
-1000000.0	9.7601318359375	1447032452795
-1000000.0	9.9505615234375	1447032452800
-1000000.0	10.12432861328125	1447032452805
-1000000.0	10.374267578125	1447032452810
-1000000.0	10.717041015625	1447032452815
-1000000.0	10.9407958984375	1447032452820
-1000000.0	11.18597412109375	1447032452825
-1000000.0	11.33831787109375	1447032452830
-1000000.0	11.55731201171875	1447032452835
-1000000.0	11.7882080078125	1447032452840
-1000000.0	12.04290771484375	1447032452845
-1000000.0	12.297607421875	1447032452850
-1000000.0	12.52374267578125	1447032452855
-1000000.0	12.78082275390625	1447032452860
-1000000.0	12.9498291015625	1447032452865
-1000000.0	13.0164794921875	1447032452870
-1000000.0	12.9307861328125	1447032452875
-1000000.0	12.65704345703125	1447032452880
-1000000.0	12.278564453125	1447032452885
-1000000.0	12.259521484375	1447032452890
-1000000.0	12.53326416015625	1447032452895
-1000000.0	13.06170654296875	1447032452900
-1000000.0	13.4259033203125	1447032452905
-1000000.0	13.88531494140625	1447032452910
-1000000.0	14.32330322265625	1447032452915
-1000000.0	14.658935546875	1447032452920
-1000000.0	14.6875	1447032452925
-1000000.0	14.74224853515625	1447032452930
-1000000.0	14.5684814453125	1447032452935
-1000000.0	14.49468994140625	1447032452940
-1000000.0	14.43994140625	1447032452945
-1000000.0	14.12335205078125	1447032452950
-1000000.0	13.44970703125	1447032452955
-1000000.0	12.52850341796875	1447032452960
-1000000.0	11.5216064453125	1447032452965
-1000000.0	10.678955078125	1447032452970
-1000000.0	9.9267578125	1447032452978
-1000000.0	9.079345703125	1447032452979
-1000000.0	8.41046142578125	1447032452985
-1000000.0	8.0224609375	1447032452989
-1000000.0	8.031982421875	1447032452995
-1000000.0	8.16766357421875	1447032452999
-1000000.0	8.1129150390625	1447032453004
-1000000.0	8.04150390625	1447032453009
-1000000.0	7.93438720703125	1447032453014
-1000000.0	7.6368408203125	1447032453019
-1000000.0	7.41546630859375	1447032453024
-1000000.0	7.00604248046875	1447032453029
-1000000.0	6.394287109375	1447032453034
-1000000.0	5.7039794921875	1447032453039
-1000000.0	4.85418701171875	1447032453044
-1000000.0	3.75921630859375	1447032453050
-1000000.0	2.576171875	1447032453054
-1000000.0	1.35028076171875	1447032453059
-1000000.0	-0.05413818359375	1447032453064
-1000000.0	-1.52044677734375	1447032453069
-1000000.0	-2.7415771484375	1447032453074
-1000000.0	-3.62469482421875	1447032453079
-1000000.0	-3.9984130859375	1447032453084
-1000000.0	-3.965087890625	1447032453089
-1000000.0	-3.8841552734375	1447032453094
-1000000.0	-3.89605712890625	1447032453099
-1000000.0	-3.9365234375	1447032453104
-1000000.0	-4.05316162109375	1447032453109
-1000000.0	-4.31500244140625	1447032453114
-1000000.0	-4.60302734375	1447032453119
-1000000.0	-4.70538330078125	1447032453124
-1000000.0	-4.82440185546875	1447032453129
-1000000.0	-4.96484375	1447032453134
-1000000.0	-5.06243896484375	1447032453139
-1000000.0	-5.21478271484375	1447032453144
-1000000.0	-5.43377685546875	1447032453149
-1000000.0	-5.545654296875	1447032453154
-1000000.0	-5.70513916015625	1447032453159
-1000000.0	-5.7789306640625	1447032453164
-1000000.0	-5.7646484375	1447032453169
-1000000.0	-5.71466064453125	1447032453174
-1000000.0	-5.64801025390625	1447032453179
-1000000.0	-5.5599365234375	1447032453184
-1000000.0	-5.6551513671875	1447032453189
-1000000.0	-5.73846435546875	1447032453194
-1000000.0	-5.7218017578125	1447032453199
-1000000.0	-5.72894287109375	1447032453204
-1000000.0	-5.7789306640625	1447032453209
-1000000.0	-5.7503662109375	1447032453214
-1000000.0	-5.77655029296875	1447032453219
-1000000.0	-5.90509033203125	1447032453224
-1000000.0	-6.06695556640625	1447032453229
-1000000.0	-6.24072265625	1447032453234
-1000000.0	-6.412109375	1447032453239
-1000000.0	-6.62872314453125	1447032453244
-1000000.0	-6.9310302734375	1447032453249
-1000000.0	-7.21429443359375	1447032453254
-1000000.0	-7.430908203125	1447032453259
-1000000.0	-7.64990234375	1447032453264
-1000000.0	-7.716552734375	1447032453269
-1000000.0	-7.74273681640625	1447032453274
-1000000.0	-7.6260986328125	1447032453279
-1000000.0	-7.58563232421875	1447032453284
-1000000.0	-7.61419677734375	1447032453289
-1000000.0	-7.69036865234375	1447032453294
-1000000.0	-7.70703125	1447032453299
-1000000.0	-7.6689453125	1447032453304
-1000000.0	-7.72607421875	1447032453309
-1000000.0	-7.906982421875	1447032453314
-1000000.0	-8.1878662109375	1447032453319
-1000000.0	-8.56158447265625	1447032453324
-1000000.0	-8.8876953125	1447032453329
-1000000.0	-9.2542724609375	1447032453334
-1000000.0	-9.74224853515625	1447032453339
-1000000.0	-10.306396484375	1447032453344
-1000000.0	-10.87530517578125	1447032453349
-1000000.0	-11.53466796875	1447032453354
-1000000.0	-12.27734375	1447032453359
-1000000.0	-12.82244873046875	1447032453364
-1000000.0	-12.9581298828125	1447032453369
-1000000.0	-12.534423828125	1447032453374
-1000000.0	-11.72747802734375	1447032453379
-1000000.0	-10.64678955078125	1447032453384
-1000000.0	-9.297119140625	1447032453389
-1000000.0	-7.5118408203125	1447032453394
-1000000.0	-5.42901611328125	1447032453399
-1000000.0	-3.2366943359375	1447032453404
-1000000.0	-1.2086181640625	1447032453409
-1000000.0	0.33148193359375	1447032453414
-1000000.0	1.538330078125	1447032453419
-1000000.0	3.04510498046875	1447032453424
-1000000.0	4.6566162109375	1447032453429
-1000000.0	6.356201171875	1447032453434
-1000000.0	7.993896484375	1447032453439
-1000000.0	9.279296875	1447032453444
-1000000.0	10.61468505859375	1447032453449
-1000000.0	11.48114013671875	1447032453454
-1000000.0	12.0357666015625	1447032453459
-1000000.0	12.20001220703125	1447032453464
-1000000.0	12.31427001953125	1447032453469
-1000000.0	12.43328857421875	1447032453474
-1000000.0	12.79986572265625	1447032453479
-1000000.0	13.27117919921875	1447032453483
-1000000.0	13.88055419921875	1447032453489
-1000000.0	14.5303955078125	1447032453493
-1000000.0	15.135009765625	1447032453498
-1000000.0	15.69915771484375	1447032453503
-1000000.0	16.23236083984375	1447032453508
-1000000.0	16.66558837890625	1447032453513
-1000000.0	16.92266845703125	1447032453518
-1000000.0	17.03216552734375	1447032453523
-1000000.0	17.05596923828125	1447032453528
-1000000.0	16.91552734375	1447032453533
-1000000.0	16.82269287109375	1447032453538
-1000000.0	16.658447265625	1447032453544
-1000000.0	16.639404296875	1447032453548
-1000000.0	16.5775146484375	1447032453553
-1000000.0	16.39422607421875	1447032453558
-1000000.0	16.08953857421875	1447032453563
-1000000.0	15.65631103515625	1447032453568
-1000000.0	15.2254638671875	1447032453573
-1000000.0	14.773193359375	1447032453578
-1000000.0	14.201904296875	1447032453583
-1000000.0	13.62823486328125	1447032453588
-1000000.0	12.95220947265625	1447032453593
-1000000.0	12.34759521484375	1447032453598
-1000000.0	11.6358642578125	1447032453604
-1000000.0	10.88604736328125	1447032453608
-1000000.0	10.1219482421875	1447032453613
-1000000.0	9.41259765625	1447032453618
-1000000.0	8.812744140625	1447032453623
-1000000.0	8.13671875	1447032453628
-1000000.0	7.44403076171875	1447032453633
-1000000.0	6.603759765625	1447032453638
-1000000.0	5.822998046875	1447032453643
-1000000.0	5.327880859375	1447032453648
-1000000.0	4.96368408203125	1447032453653
-1000000.0	4.54473876953125	1447032453658
-1000000.0	4.147216796875	1447032453663
-1000000.0	3.7235107421875	1447032453668
-1000000.0	3.39739990234375	1447032453673
-1000000.0	3.1427001953125	1447032453678
-1000000.0	3.02130126953125	1447032453684
-1000000.0	2.9189453125	1447032453688
-1000000.0	2.947509765625	1447032453693
-1000000.0	3.21173095703125	1447032453698
-1000000.0	3.8187255859375	1447032453703
-1000000.0	4.52569580078125	1447032453708
-1000000.0	4.98748779296875	1447032453713
-1000000.0	5.03033447265625	1447032453718
-1000000.0	4.6661376953125	1447032453723
-1000000.0	4.2900390625	1447032453728
-1000000.0	4.18768310546875	1447032453733
-1000000.0	4.5137939453125	1447032453738
-1000000.0	5.137451171875	1447032453743
-1000000.0	5.60638427734375	1447032453753
-1000000.0	5.423095703125	1447032453757
-1000000.0	4.6328125	1447032453758
-1000000.0	3.614013671875	1447032453763
-1000000.0	2.70709228515625	1447032453769
-1000000.0	2.29290771484375	1447032453773
-1000000.0	2.19769287109375	1447032453778
-1000000.0	2.3857421875	1447032453783
-1000000.0	2.52618408203125	1447032453788
-1000000.0	2.45477294921875	1447032453793
-1000000.0	2.29290771484375	1447032453798
-1000000.0	1.8525390625	1447032453804
-1000000.0	1.119384765625	1447032453808
-1000000.0	0.21722412109375	1447032453813
-1000000.0	-0.5087890625	1447032453819
-1000000.0	-1.20147705078125	1447032453823
-1000000.0	-1.8751220703125	1447032453828
-1000000.0	-2.47021484375	1447032453833
-1000000.0	-3.02484130859375	1447032453838
-1000000.0	-3.35333251953125	1447032453843
-1000000.0	-3.47711181640625	1447032453848
-1000000.0	-3.5699462890625	1447032453853
-1000000.0	-3.63897705078125	1447032453858
-1000000.0	-3.822265625	1447032453863
-1000000.0	-3.91510009765625	1447032453868
-1000000.0	-4.12457275390625	1447032453873
-1000000.0	-4.2554931640625	1447032453878
-1000000.0	-4.49114990234375	1447032453883
-1000000.0	-4.63873291015625	1447032453888
-1000000.0	-4.84820556640625	1447032453893
-1000000.0	-5.11004638671875	1447032453898
-1000000.0	-5.4647216796875	1447032453903
-1000000.0	-5.67181396484375	1447032453908
-1000000.0	-5.88128662109375	1447032453913
-1000000.0	-6.116943359375	1447032453919
-1000000.0	-6.32879638671875	1447032453923
-1000000.0	-6.60968017578125	1447032453928
-1000000.0	-6.916748046875	1447032453933
-1000000.0	-7.25714111328125	1447032453938
-1000000.0	-7.602294921875	1447032453943
-1000000.0	-7.84271240234375	1447032453948
-1000000.0	-8.15692138671875	1447032453953
-1000000.0	-8.41162109375	1447032453957
-1000000.0	-8.69012451171875	1447032453963
-1000000.0	-8.878173828125	1447032453968
-1000000.0	-9.14239501953125	1447032453972
-1000000.0	-9.37567138671875	1447032453977
-1000000.0	-9.53753662109375	1447032453983
-1000000.0	-9.66131591796875	1447032453987
-1000000.0	-9.83984375	1447032453992
-1000000.0	-9.9493408203125	1447032453997
-1000000.0	-9.9779052734375	1447032454002
-1000000.0	-10.0635986328125	1447032454007
-1000000.0	-10.3587646484375	1447032454012
-1000000.0	-10.73724365234375	1447032454018
-1000000.0	-11.03240966796875	1447032454022
-1000000.0	-11.3870849609375	1447032454027
-1000000.0	-11.67510986328125	1447032454034
-1000000.0	-12.02740478515625	1447032454037
-1000000.0	-12.44158935546875	1447032454042
-1000000.0	-13.067626953125	1447032454047
-1000000.0	-13.84600830078125	1447032454052
-1000000.0	-14.610107421875	1447032454057
-1000000.0	-15.29803466796875	1447032454062
-1000000.0	-16.08831787109375	1447032454067
-1000000.0	-16.45965576171875	1447032454072
-1000000.0	-16.71197509765625	1447032454077
-1000000.0	-16.44775390625	1447032454084
-1000000.0	-15.12664794921875	1447032454087
-1000000.0	-12.65106201171875	1447032454092
-1000000.0	-9.43280029296875	1447032454097
-1000000.0	-6.15740966796875	1447032454102
-1000000.0	-2.67254638671875	1447032454107
-1000000.0	1.14556884765625	1447032454112
-1000000.0	4.7423095703125	1447032454117
-1000000.0	7.58685302734375	1447032454124
-1000000.0	9.7506103515625	1447032454127
-1000000.0	11.30499267578125	1447032454132
-1000000.0	12.45233154296875	1447032454137
-1000000.0	12.84033203125	1447032454142
-1000000.0	12.7879638671875	1447032454147
-1000000.0	12.83319091796875	1447032454152
-1000000.0	12.89508056640625	1447032454157
-1000000.0	12.926025390625	1447032454162
-1000000.0	13.1259765625	1447032454167
-1000000.0	13.192626953125	1447032454172
-1000000.0	13.0926513671875	1447032454177
-1000000.0	13.06646728515625	1447032454182
-1000000.0	12.9783935546875	1447032454187
-1000000.0	12.8450927734375	1447032454192
-1000000.0	12.6165771484375	1447032454197
-1000000.0	12.45233154296875	1447032454202
-1000000.0	12.2928466796875	1447032454207
-1000000.0	12.29522705078125	1447032454212
-1000000.0	12.26666259765625	1447032454217
-1000000.0	12.2071533203125	1447032454222
-1000000.0	12.20477294921875	1447032454227
-1000000.0	12.15240478515625	1447032454232
-1000000.0	11.9310302734375	1447032454237
-1000000.0	11.7501220703125	1447032454242
-1000000.0	11.56683349609375	1447032454247
-1000000.0	11.364501953125	1447032454252
-1000000.0	11.20977783203125	1447032454257
-1000000.0	11.107421875	1447032454262
-1000000.0	11.10504150390625	1447032454267
-1000000.0	11.10504150390625	1447032454272
-1000000.0	11.078857421875	1447032454277
-1000000.0	11.05267333984375	1447032454282
-1000000.0	11.05743408203125	1447032454287
-1000000.0	10.9979248046875	1447032454292
-1000000.0	10.983642578125	1447032454297
-1000000.0	11.0740966796875	1447032454302
-1000000.0	11.23358154296875	1447032454307
-1000000.0	11.35498046875	1447032454312
-1000000.0	11.3597412109375	1447032454317
-1000000.0	11.4359130859375	1447032454322
-1000000.0	11.4739990234375	1447032454327
-1000000.0	11.412109375	1447032454332
-1000000.0	11.26690673828125	1447032454337
-1000000.0	11.0360107421875	1447032454342
-1000000.0	10.61944580078125	1447032454347
-1000000.0	10.26953125	1447032454352
-1000000.0	10.0743408203125	1447032454357
-1000000.0	9.97674560546875	1447032454362
-1000000.0	9.736328125	1447032454367
-1000000.0	9.60064697265625	1447032454372
-1000000.0	9.37451171875	1447032454377
-1000000.0	8.965087890625	1447032454382
-1000000.0	8.61517333984375	1447032454387
-1000000.0	8.517578125	1447032454392
-1000000.0	8.68896484375	1447032454397
-1000000.0	9.11981201171875	1447032454402
-1000000.0	9.57208251953125	1447032454407
-1000000.0	10.0029296875	1447032454412
-1000000.0	10.35760498046875	1447032454416
-1000000.0	10.54327392578125	1447032454421
-1000000.0	10.6741943359375	1447032454426
-1000000.0	10.602783203125	1447032454431
-1000000.0	10.4837646484375	1447032454436
-1000000.0	10.25286865234375	1447032454441
-1000000.0	9.841064453125	1447032454446
-1000000.0	9.126953125	1447032454451
-1000000.0	8.1986083984375	1447032454456
-1000000.0	7.479736328125	1447032454461
-1000000.0	7.32501220703125	1447032454466
-1000000.0	7.41070556640625	1447032454471
-1000000.0	7.1322021484375	1447032454476
-1000000.0	6.62042236328125	1447032454481
-1000000.0	5.91107177734375	1447032454486
-1000000.0	4.756591796875	1447032454491
-1000000.0	3.461669921875	1447032454496
-1000000.0	2.0001220703125	1447032454501
-1000000.0	0.53857421875	1447032454506
-1000000.0	-0.7801513671875	1447032454511
-1000000.0	-1.965576171875	1447032454517
-1000000.0	-3.212890625	1447032454522
-1000000.0	-4.3221435546875	1447032454526
-1000000.0	-5.2314453125	1447032454531
-1000000.0	-5.9122314453125	1447032454536
-1000000.0	-6.6168212890625	1447032454541
-1000000.0	-7.22381591796875	1447032454546
-1000000.0	-7.78558349609375	1447032454551
-1000000.0	-8.51873779296875	1447032454556
-1000000.0	-9.03289794921875	1447032454561
-1000000.0	-9.37091064453125	1447032454566
-1000000.0	-9.64703369140625	1447032454571
-1000000.0	-9.88983154296875	1447032454576
-1000000.0	-10.1207275390625	1447032454581
-1000000.0	-10.306396484375	1447032454586
-1000000.0	-10.48016357421875	1447032454591
-1000000.0	-10.57537841796875	1447032454596
-1000000.0	-10.6348876953125	1447032454601
-1000000.0	-10.68963623046875	1447032454606
-1000000.0	-10.72772216796875	1447032454611
-1000000.0	-10.88006591796875	1447032454616
-1000000.0	-10.9967041015625	1447032454621
-1000000.0	-11.0919189453125	1447032454626
-1000000.0	-11.220458984375	1447032454631
-1000000.0	-11.1966552734375	1447032454636
-1000000.0	-11.0728759765625	1447032454641
-1000000.0	-10.96337890625	1447032454646
-1000000.0	-10.953857421875	1447032454651
-1000000.0	-10.9967041015625	1447032454656
-1000000.0	-11.18951416015625	1447032454661
-1000000.0	-11.44183349609375	1447032454666
-1000000.0	-11.525146484375	1447032454671
-1000000.0	-11.47515869140625	1447032454676
-1000000.0	-11.31805419921875	1447032454681
-1000000.0	-11.16094970703125	1447032454686
-1000000.0	-11.05859375	1447032454691
-1000000.0	-10.94671630859375	1447032454696
-1000000.0	-10.782470703125	1447032454701
-1000000.0	-10.5491943359375	1447032454706
-1000000.0	-10.496826171875	1447032454711
-1000000.0	-10.515869140625	1447032454716
-1000000.0	-10.58966064453125	1447032454721
-1000000.0	-10.7396240234375	1447032454726
-1000000.0	-10.9776611328125	1447032454731
-1000000.0	-11.29425048828125	1447032454736
-1000000.0	-11.66796875	1447032454741
-1000000.0	-11.9774169921875	1447032454749
-1000000.0	-12.20355224609375	1447032454751
-1000000.0	-12.33209228515625	1447032454756
-1000000.0	-12.43682861328125	1447032454761
-1000000.0	-12.52490234375	1447032454766
-1000000.0	-12.27972412109375	1447032454771
-1000000.0	-11.4442138671875	1447032454776
-1000000.0	-9.5494384765625	1447032454781
-1000000.0	-6.7596435546875	1447032454786
-1000000.0	-3.47235107421875	1447032454791
-1000000.0	0.03155517578125	1447032454796
-1000000.0	3.35693359375	1447032454801
-1000000.0	5.85394287109375	1447032454806
-1000000.0	7.01318359375	1447032454811
-1000000.0	7.1893310546875	1447032454816
-1000000.0	7.603515625	1447032454821
-1000000.0	8.8555908203125	1447032454826
-1000000.0	10.75750732421875	1447032454831
-1000000.0	12.71893310546875	1447032454836
-1000000.0	14.29473876953125	1447032454841
-1000000.0	15.382568359375	1447032454846
-1000000.0	15.972900390625	1447032454851
-1000000.0	15.99432373046875	1447032454856
-1000000.0	15.36114501953125	1447032454861
-1000000.0	14.43280029296875	1447032454866
-1000000.0	13.45684814453125	1447032454871
-1000000.0	12.545166015625	1447032454876
-1000000.0	11.61444091796875	1447032454881
-1000000.0	10.83843994140625	1447032454886
-1000000.0	10.26715087890625	1447032454891
-1000000.0	10.0362548828125	1447032454895
-1000000.0	10.03387451171875	1447032454901
-1000000.0	10.0457763671875	1447032454906
-1000000.0	10.1409912109375	1447032454911
-1000000.0	10.0933837890625	1447032454916
-1000000.0	10.0029296875	1447032454921
-1000000.0	9.88153076171875	1447032454925
-1000000.0	9.8172607421875	1447032454930
-1000000.0	9.97674560546875	1447032454935
-1000000.0	10.069580078125	1447032454943
-1000000.0	10.221923828125	1447032454945
-1000000.0	10.3409423828125	1447032454950
-1000000.0	10.50042724609375	1447032454955
-1000000.0	10.61944580078125	1447032454960
-1000000.0	10.812255859375	1447032454965
-1000000.0	10.93365478515625	1447032454970
-1000000.0	10.97412109375	1447032454975
-1000000.0	10.9027099609375	1447032454980
-1000000.0	10.82891845703125	1447032454985
-1000000.0	10.68609619140625	1447032454990
-1000000.0	10.6932373046875	1447032454995
-1000000.0	10.87890625	1447032455000
-1000000.0	11.14788818359375	1447032455005
-1000000.0	11.497802734375	1447032455010
-1000000.0	11.88818359375	1447032455015
-1000000.0	12.29522705078125	1447032455020
-1000000.0	12.61895751953125	1447032455025
-1000000.0	13.021240234375	1447032455030
-1000000.0	13.42828369140625	1447032455035
-1000000.0	13.75439453125	1447032455040
-1000000.0	13.849609375	1447032455045
-1000000.0	13.9210205078125	1447032455050
-1000000.0	13.84246826171875	1447032455055
-1000000.0	13.6734619140625	1447032455060
-1000000.0	13.4830322265625	1447032455065
-1000000.0	13.1402587890625	1447032455070
-1000000.0	12.6927490234375	1447032455075
-1000000.0	12.33807373046875	1447032455080
-1000000.0	12.04766845703125	1447032455085
-1000000.0	11.75250244140625	1447032455090
-1000000.0	11.69775390625	1447032455095
-1000000.0	11.78582763671875	1447032455100
-1000000.0	11.7786865234375	1447032455105
-1000000.0	11.56683349609375	1447032455110
-1000000.0	11.3692626953125	1447032455115
-1000000.0	11.4168701171875	1447032455120
-1000000.0	11.53826904296875	1447032455125
-1000000.0	11.3359375	1447032455130
-1000000.0	10.831298828125	1447032455134
-1000000.0	9.87677001953125	1447032455140
-1000000.0	8.76751708984375	1447032455144
-1000000.0	7.917724609375	1447032455149
-1000000.0	7.29168701171875	1447032455155
-1000000.0	6.91796875	1447032455159
-1000000.0	6.81085205078125	1447032455164
-1000000.0	6.70611572265625	1447032455169
-1000000.0	6.527587890625	1447032455174
-1000000.0	6.30621337890625	1447032455179
-1000000.0	5.72064208984375	1447032455184
-1000000.0	4.65423583984375	1447032455189
-1000000.0	3.33551025390625	1447032455194
-1000000.0	1.9906005859375	1447032455199
-1000000.0	0.55999755859375	1447032455204
-1000000.0	-0.90155029296875	1447032455209
-1000000.0	-2.33453369140625	1447032455214
-1000000.0	-3.7222900390625	1447032455219
-1000000.0	-4.8743896484375	1447032455225
-1000000.0	-5.802734375	1447032455229
-1000000.0	-6.48828125	1447032455234
-1000000.0	-6.89056396484375	1447032455239
-1000000.0	-7.259521484375	1447032455244
-1000000.0	-7.70703125	1447032455249
-1000000.0	-8.0498046875	1447032455254
-1000000.0	-8.44256591796875	1447032455259
-1000000.0	-8.7734375	1447032455264
-1000000.0	-8.9971923828125	1447032455270
-1000000.0	-9.1876220703125	1447032455275
-1000000.0	-9.201904296875	1447032455279
-1000000.0	-9.22332763671875	1447032455284
-1000000.0	-9.08050537109375	1447032455289
-1000000.0	-9.00909423828125	1447032455294
-1000000.0	-9.030517578125	1447032455299
-1000000.0	-9.1209716796875	1447032455304
-1000000.0	-9.2161865234375	1447032455309
-1000000.0	-9.354248046875	1447032455314
-1000000.0	-9.4732666015625	1447032455321
-1000000.0	-9.6541748046875	1447032455325
-1000000.0	-9.78509521484375	1447032455329
-1000000.0	-9.87554931640625	1447032455334
-1000000.0	-9.93743896484375	1447032455339
-1000000.0	-9.9779052734375	1447032455344
-1000000.0	-9.9493408203125	1447032455349
-1000000.0	-9.97552490234375	1447032455354
-1000000.0	-9.99932861328125	1447032455359
-1000000.0	-10.0159912109375	1447032455364
-1000000.0	-10.13262939453125	1447032455369
-1000000.0	-10.173095703125	1447032455374
-1000000.0	-10.16119384765625	1447032455379
-1000000.0	-10.05169677734375	1447032455384
-1000000.0	-9.98504638671875	1447032455389
-1000000.0	-9.89697265625	1447032455394
-1000000.0	-9.86126708984375	1447032455399
-1000000.0	-9.80413818359375	1447032455404
-1000000.0	-9.906494140625	1447032455409
-1000000.0	-10.230224609375	1447032455414
-1000000.0	-10.56585693359375	1447032455419
-1000000.0	-10.830078125	1447032455424
-1000000.0	-11.07525634765625	1447032455429
-1000000.0	-11.38232421875	1447032455434
-1000000.0	-11.74176025390625	1447032455439
-1000000.0	-12.2154541015625	1447032455444
-1000000.0	-12.5201416015625	1447032455449
-1000000.0	-12.63916015625	1447032455454
-1000000.0	-12.6915283203125	1447032455459
-1000000.0	-12.8533935546875	1447032455464
-1000000.0	-12.92242431640625	1447032455469
-1000000.0	-13.01287841796875	1447032455474
-1000000.0	-12.61297607421875	1447032455479
-1000000.0	-11.17047119140625	1447032455484
-1000000.0	-8.8162841796875	1447032455489
-1000000.0	-5.498046875	1447032455494
-1000000.0	-1.8798828125	1447032455499
-1000000.0	1.5526123046875	1447032455504
-1000000.0	4.54473876953125	1447032455509
-1000000.0	6.95367431640625	1447032455514
-1000000.0	8.9031982421875	1447032455519
-1000000.0	10.8408203125	1447032455524
-1000000.0	12.80224609375	1447032455529
-1000000.0	14.81842041015625	1447032455534
-1000000.0	16.63702392578125	1447032455539
-1000000.0	17.7391357421875	1447032455544
-1000000.0	18.2723388671875	1447032455549
-1000000.0	18.37945556640625	1447032455554
-1000000.0	17.94622802734375	1447032455559
-1000000.0	17.1964111328125	1447032455564
-1000000.0	16.23712158203125	1447032455569
-1000000.0	15.15167236328125	1447032455574
-1000000.0	14.02813720703125	1447032455581
-1000000.0	13.10931396484375	1447032455584
-1000000.0	12.42138671875	1447032455589
-1000000.0	12.11431884765625	1447032455594
-1000000.0	11.92864990234375	1447032455599
-1000000.0	11.7596435546875	1447032455604
-1000000.0	11.6453857421875	1447032455609
-1000000.0	11.4739990234375	1447032455614
-1000000.0	11.2264404296875	1447032455619
-1000000.0	10.77655029296875	1447032455624
-1000000.0	10.42425537109375	1447032455629
-1000000.0	10.041015625	1447032455634
-1000000.0	9.72918701171875	1447032455639
-1000000.0	9.36737060546875	1447032455643
-1000000.0	9.06982421875	1447032455649
-1000000.0	8.73419189453125	1447032455654
-1000000.0	8.43426513671875	1447032455658
-1000000.0	8.3033447265625	1447032455663
-1000000.0	8.16766357421875	1447032455668
-1000000.0	8.03436279296875	1447032455673
-1000000.0	7.8748779296875	1447032455679
-1000000.0	7.765380859375	1447032455684
-1000000.0	7.62255859375	1447032455688
-1000000.0	7.44403076171875	1447032455693
-1000000.0	7.19647216796875	1447032455698
-1000000.0	7.02508544921875	1447032455703
-1000000.0	7.0322265625	1447032455708
-1000000.0	7.12982177734375	1447032455713
-1000000.0	7.2845458984375	1447032455718
-1000000.0	7.3607177734375	1447032455723
-1000000.0	7.23931884765625	1447032455729
-1000000.0	7.13458251953125	1447032455733
-1000000.0	7.05126953125	1447032455738
-1000000.0	7.04888916015625	1447032455743
-1000000.0	7.12030029296875	1447032455750
-1000000.0	7.17266845703125	1447032455753
-1000000.0	7.22979736328125	1447032455758
-1000000.0	7.4178466796875	1447032455763
-1000000.0	7.7939453125	1447032455768
-1000000.0	8.17718505859375	1447032455773
-1000000.0	8.6556396484375	1447032455778
-1000000.0	9.117431640625	1447032455783
-1000000.0	9.80535888671875	1447032455788
-1000000.0	10.697998046875	1447032455793
-1000000.0	11.5216064453125	1447032455798
-1000000.0	12.59039306640625	1447032455803
-1000000.0	13.62109375	1447032455808
-1000000.0	14.4066162109375	1447032455813
-1000000.0	15.2349853515625	1447032455818
-1000000.0	16.1680908203125	1447032455823
-1000000.0	17.14166259765625	1447032455828
-1000000.0	17.86529541015625	1447032455833
-1000000.0	17.77960205078125	1447032455838
-1000000.0	16.8441162109375	1447032455843
-1000000.0	15.3016357421875	1447032455848
-1000000.0	13.69012451171875	1447032455853
-1000000.0	12.39520263671875	1447032455858
-1000000.0	11.155029296875	1447032455863
-1000000.0	9.85772705078125	1447032455868
-1000000.0	8.45806884765625	1447032455873
-1000000.0	7.02508544921875	1447032455878
-1000000.0	5.35882568359375	1447032455883
-1000000.0	3.490234375	1447032455888
-1000000.0	1.91680908203125	1447032455893
-1000000.0	0.5242919921875	1447032455898
-1000000.0	-0.784912109375	1447032455903
-1000000.0	-2.117919921875	1447032455908
-1000000.0	-3.393798828125	1447032455913
-1000000.0	-4.49591064453125	1447032455918
-1000000.0	-5.5885009765625	1447032455923
-1000000.0	-6.58587646484375	1447032455928
-1000000.0	-7.48089599609375	1447032455933
-1000000.0	-8.17596435546875	1447032455938
-1000000.0	-8.7686767578125	1447032455943
-1000000.0	-9.2066650390625	1447032455948
-1000000.0	-9.55419921875	1447032455953
-1000000.0	-9.9398193359375	1447032455958
-1000000.0	-10.2825927734375	1447032455963
-1000000.0	-10.4825439453125	1447032455968
-1000000.0	-10.57061767578125	1447032455973
-1000000.0	-10.51348876953125	1447032455981
-1000000.0	-10.52777099609375	1447032455986
-1000000.0	-10.51348876953125	1447032455990
-1000000.0	-10.5491943359375	1447032455993
-1000000.0	-10.62774658203125	1447032455998
-1000000.0	-10.63250732421875	1447032456003
-1000000.0	-10.69915771484375	1447032456008
-1000000.0	-10.79913330078125	1447032456014
-1000000.0	-10.953857421875	1447032456018
-1000000.0	-11.15380859375	1447032456023
-1000000.0	-11.35137939453125	1447032456028
-1000000.0	-11.4061279296875	1447032456033
-1000000.0	-11.391845703125	1447032456038
-1000000.0	-11.45849609375	1447032456047
-1000000.0	-11.591796875	1447032456048
-1000000.0	-11.64654541015625	1447032456053
-1000000.0	-11.58465576171875	1447032456059
-1000000.0	-11.4822998046875	1447032456063
-1000000.0	-11.33709716796875	1447032456068
-1000000.0	-11.19903564453125	1447032456073
-1000000.0	-11.0633544921875	1447032456078
-1000000.0	-10.98956298828125	1447032456083
-1000000.0	-11.02764892578125	1447032456088
-1000000.0	-11.02764892578125	1447032456093
-1000000.0	-10.98004150390625	1447032456098
-1000000.0	-11.2156982421875	1447032456103
-1000000.0	-11.5013427734375	1447032456108
-1000000.0	-11.8726806640625	1447032456113
-1000000.0	-12.06072998046875	1447032456118
-1000000.0	-12.2344970703125	1447032456123
-1000000.0	-12.4677734375	1447032456128
-1000000.0	-12.91766357421875	1447032456133
-1000000.0	-13.41278076171875	1447032456138
-1000000.0	-13.78173828125	1447032456143
-1000000.0	-13.96502685546875	1447032456148
-1000000.0	-13.87933349609375	1447032456153
-1000000.0	-13.5770263671875	1447032456158
-1000000.0	-12.93670654296875	1447032456163
-1000000.0	-11.9869384765625	1447032456168
-1000000.0	-10.44921875	1447032456173
-1000000.0	-8.402099609375	1447032456178
-1000000.0	-5.66943359375	1447032456183
-1000000.0	-2.4130859375	1447032456188
-1000000.0	1.08367919921875	1447032456192
-1000000.0	4.1138916015625	1447032456197
-1000000.0	6.71087646484375	1447032456202
-1000000.0	8.831787109375	1447032456208
-1000000.0	10.76702880859375	1447032456213
-1000000.0	12.82843017578125	1447032456217
-1000000.0	14.72796630859375	1447032456222
-1000000.0	15.8729248046875	1447032456227
-1000000.0	16.1395263671875	1447032456233
-1000000.0	15.706298828125	1447032456237
-1000000.0	14.9969482421875	1447032456242
-1000000.0	14.21142578125	1447032456247
-1000000.0	13.48779296875	1447032456252
-1000000.0	12.84271240234375	1447032456257
-1000000.0	12.1976318359375	1447032456262
-1000000.0	11.69061279296875	1447032456267
-1000000.0	11.30499267578125	1447032456272
-1000000.0	11.1217041015625	1447032456277
-1000000.0	10.99078369140625	1447032456282
-1000000.0	10.9979248046875	1447032456287
-1000000.0	11.059814453125	1447032456292
-1000000.0	11.135986328125	1447032456297
-1000000.0	11.20977783203125	1447032456302
-1000000.0	11.27880859375	1447032456307
-1000000.0	11.24786376953125	1447032456312
-1000000.0	11.18359375	1447032456317
-1000000.0	11.22882080078125	1447032456322
-1000000.0	11.1597900390625	1447032456327
-1000000.0	11.04315185546875	1447032456333
-1000000.0	10.926513671875	1447032456337
-1000000.0	10.81463623046875	1447032456342
-1000000.0	10.65753173828125	1447032456347
-1000000.0	10.48614501953125	1447032456352
-1000000.0	10.25286865234375	1447032456357
-1000000.0	10.06005859375	1447032456362
-1000000.0	9.81964111328125	1447032456367
-1000000.0	9.69586181640625	1447032456372
-1000000.0	9.5125732421875	1447032456377
-1000000.0	9.31500244140625	1447032456382
-1000000.0	9.0269775390625	1447032456387
-1000000.0	8.65087890625	1447032456392
-1000000.0	8.1795654296875	1447032456397
-1000000.0	7.7225341796875	1447032456402
-1000000.0	7.43927001953125	1447032456407
-1000000.0	7.2845458984375	1447032456412
-1000000.0	7.05126953125	1447032456417
-1000000.0	6.82037353515625	1447032456422
-1000000.0	6.4561767578125	1447032456427
-1000000.0	6.23004150390625	1447032456432
-1000000.0	6.15863037109375	1447032456437
-1000000.0	6.00152587890625	1447032456442
-1000000.0	5.9134521484375	1447032456447
-1000000.0	5.99676513671875	1447032456452
-1000000.0	6.127685546875	1447032456457
-1000000.0	6.27764892578125	1447032456462
-1000000.0	6.38238525390625	1447032456467
-1000000.0	6.527587890625	1447032456472
-1000000.0	6.70135498046875	1447032456477
-1000000.0	7.1322021484375	1447032456482
-1000000.0	7.555908203125	1447032456487
-1000000.0	7.73443603515625	1447032456492
-1000000.0	7.49639892578125	1447032456497
-1000000.0	6.81561279296875	1447032456502
-1000000.0	6.080078125	1447032456507
-1000000.0	5.94915771484375	1447032456512
-1000000.0	6.470458984375	1447032456517
-1000000.0	7.536865234375	1447032456522
-1000000.0	8.69610595703125	1447032456527
-1000000.0	9.49591064453125	1447032456532
-1000000.0	9.96246337890625	1447032456537
-1000000.0	10.0838623046875	1447032456542
-1000000.0	9.7791748046875	1447032456547
-1000000.0	9.07696533203125	1447032456552
-1000000.0	8.0272216796875	1447032456557
-1000000.0	6.61328125	1447032456562
-1000000.0	4.851806640625	1447032456567
-1000000.0	3.01177978515625	1447032456572
-1000000.0	1.0908203125	1447032456577
-1000000.0	-0.90869140625	1447032456582
-1000000.0	-2.6177978515625	1447032456587
-1000000.0	-4.05316162109375	1447032456592
-1000000.0	-5.23858642578125	1447032456597
-1000000.0	-6.193115234375	1447032456602
-1000000.0	-7.011962890625	1447032456607
-1000000.0	-7.76177978515625	1447032456612
-1000000.0	-8.440185546875	1447032456617
-1000000.0	-8.95196533203125	1447032456622
-1000000.0	-9.35186767578125	1447032456627
-1000000.0	-9.6732177734375	1447032456632
-1000000.0	-9.85888671875	1447032456637
-1000000.0	-9.91363525390625	1447032456642
-1000000.0	-9.78985595703125	1447032456647
-1000000.0	-9.69464111328125	1447032456651
-1000000.0	-9.58514404296875	1447032456657
-1000000.0	-9.58514404296875	1447032456662
-1000000.0	-9.601806640625	1447032456667
-1000000.0	-9.72320556640625	1447032456671
-1000000.0	-9.8779296875	1447032456677
-1000000.0	-10.0350341796875	1447032456682
-1000000.0	-10.2445068359375	1447032456686
-1000000.0	-10.4158935546875	1447032456692
-1000000.0	-10.534912109375	1447032456697
-1000000.0	-10.65155029296875	1447032456702
-1000000.0	-10.677734375	1447032456707
-1000000.0	-10.74676513671875	1447032456712
-1000000.0	-10.90625	1447032456717
-1000000.0	-11.14666748046875	1447032456722
-1000000.0	-11.41326904296875	1447032456727
-1000000.0	-11.6346435546875	1447032456732
-1000000.0	-11.9298095703125	1447032456736
-1000000.0	-12.201171875	1447032456742
-1000000.0	-12.42254638671875	1447032456750
-1000000.0	-12.62249755859375	1447032456752
-1000000.0	-12.80340576171875	1447032456756
-1000000.0	-12.953369140625	1447032456761
-1000000.0	-13.0247802734375	1447032456766
-1000000.0	-13.0343017578125	1447032456771
-1000000.0	-13.0343017578125	1447032456776
-1000000.0	-13.05096435546875	1447032456781
-1000000.0	-13.19140625	1447032456786
-1000000.0	-13.372314453125	1447032456791
-1000000.0	-13.59844970703125	1447032456796
-1000000.0	-13.8055419921875	1447032456801
-1000000.0	-13.87457275390625	1447032456806
-1000000.0	-13.94598388671875	1447032456811
-1000000.0	-14.15069580078125	1447032456816
-1000000.0	-14.35064697265625	1447032456821
-1000000.0	-14.3292236328125	1447032456826
-1000000.0	-14.03643798828125	1447032456831
-1000000.0	-12.96051025390625	1447032456837
-1000000.0	-10.99908447265625	1447032456841
-1000000.0	-8.3687744140625	1447032456846
-1000000.0	-5.13385009765625	1447032456851
-1000000.0	-1.4180908203125	1447032456856
-1000000.0	2.5142822265625	1447032456861
-1000000.0	6.1610107421875	1447032456866
-1000000.0	9.0936279296875	1447032456871
-1000000.0	11.17169189453125	1447032456876
-1000000.0	12.66180419921875	1447032456881
-1000000.0	14.09478759765625	1447032456886
-1000000.0	15.401611328125	1447032456891
-1000000.0	16.22998046875	1447032456896
-1000000.0	16.77984619140625	1447032456901
-1000000.0	16.9583740234375	1447032456906
-1000000.0	16.867919921875	1447032456911
-1000000.0	16.5108642578125	1447032456916
-1000000.0	16.0823974609375	1447032456921
-1000000.0	15.5682373046875	1447032456926
-1000000.0	15.09930419921875	1447032456931
-1000000.0	14.30902099609375	1447032456936
-1000000.0	13.4163818359375	1447032456941
-1000000.0	12.697509765625	1447032456946
-1000000.0	12.088134765625	1447032456951
-1000000.0	11.497802734375	1447032456956
-1000000.0	10.9407958984375	1447032456961
-1000000.0	10.3076171875	1447032456993
-1000000.0	9.67681884765625	1447032456993
-1000000.0	8.984130859375	1447032456994
-1000000.0	8.3795166015625	1447032456994
-1000000.0	7.8558349609375	1447032456994
-1000000.0	7.37261962890625	1447032456994
-1000000.0	6.97509765625	1447032456996
-1000000.0	6.6180419921875	1447032457001
-1000000.0	6.46331787109375	1447032457006
-1000000.0	6.25384521484375	1447032457011
-1000000.0	6.2086181640625	1447032457016
-1000000.0	6.25146484375	1447032457021
-1000000.0	6.3038330078125	1447032457026
-1000000.0	6.318115234375	1447032457031
-1000000.0	6.40618896484375	1447032457036
-1000000.0	6.5228271484375	1447032457041
-1000000.0	6.57757568359375	1447032457046
-1000000.0	6.58233642578125	1447032457051
-1000000.0	6.508544921875	1447032457056
-1000000.0	6.40380859375	1447032457061
-1000000.0	6.2562255859375	1447032457066
-1000000.0	6.11578369140625	1447032457073
-1000000.0	5.9705810546875	1447032457077
-1000000.0	5.899169921875	1447032457081
-1000000.0	5.91107177734375	1447032457086
-1000000.0	5.97296142578125	1447032457091
-1000000.0	6.10150146484375	1447032457096
-1000000.0	6.260986328125	1447032457101
-1000000.0	6.35858154296875	1447032457106
-1000000.0	6.432373046875	1447032457111
-1000000.0	6.622802734375	1447032457116
-1000000.0	6.99176025390625	1447032457121
-1000000.0	7.613037109375	1447032457126
-1000000.0	8.50567626953125	1447032457131
-1000000.0	9.31976318359375	1447032457136
-1000000.0	9.80535888671875	1447032457141
-1000000.0	9.9791259765625	1447032457146
-1000000.0	10.1885986328125	1447032457151
-1000000.0	10.3409423828125	1447032457156
-1000000.0	10.45758056640625	1447032457161
-1000000.0	10.53375244140625	1447032457166
-1000000.0	10.659912109375	1447032457171
-1000000.0	10.44805908203125	1447032457176
-1000000.0	9.53875732421875	1447032457181
-1000000.0	8.298583984375	1447032457186
-1000000.0	7.12506103515625	1447032457191
-1000000.0	6.318115234375	1447032457196
-1000000.0	5.90869140625	1447032457201
-1000000.0	5.69207763671875	1447032457206
-1000000.0	5.4326171875	1447032457211
-1000000.0	5.0660400390625	1447032457216
-1000000.0	4.39715576171875	1447032457221
-1000000.0	3.3997802734375	1447032457226
-1000000.0	2.31671142578125	1447032457230
-1000000.0	1.10986328125	1447032457235
-1000000.0	0.0863037109375	1447032457240
-1000000.0	-1.08721923828125	1447032457245
-1000000.0	-2.50830078125	1447032457250
-1000000.0	-4.0555419921875	1447032457255
-1000000.0	-5.4837646484375	1447032457260
-1000000.0	-6.58111572265625	1447032457265
-1000000.0	-7.4451904296875	1447032457271
-1000000.0	-8.0831298828125	1447032457275
-1000000.0	-8.4925537109375	1447032457280
-1000000.0	-8.72821044921875	1447032457286
-1000000.0	-8.98529052734375	1447032457290
-1000000.0	-9.26141357421875	1447032457295
-1000000.0	-9.55181884765625	1447032457300
-1000000.0	-9.81842041015625	1447032457305
-1000000.0	-9.95172119140625	1447032457311
-1000000.0	-10.0302734375	1447032457319
-1000000.0	-10.02789306640625	1447032457323
-1000000.0	-9.92315673828125	1447032457336
-1000000.0	-9.83270263671875	1447032457343
-1000000.0	-9.65655517578125	1447032457343
-1000000.0	-9.3970947265625	1447032457344
-1000000.0	-9.19000244140625	1447032457345
-1000000.0	-8.93292236328125	1447032457350
-1000000.0	-8.77581787109375	1447032457356
-1000000.0	-8.57586669921875	1447032457361
-1000000.0	-8.49969482421875	1447032457367
-1000000.0	-8.50921630859375	1447032457371
-1000000.0	-8.53778076171875	1447032457376
-1000000.0	-8.52587890625	1447032457381
-1000000.0	-8.49493408203125	1447032457386
-1000000.0	-8.37353515625	1447032457391
-1000000.0	-8.402099609375	1447032457396
-1000000.0	-8.3878173828125	1447032457400
-1000000.0	-8.46160888671875	1447032457406
-1000000.0	-8.48065185546875	1447032457411
-1000000.0	-8.4639892578125	1447032457417
-1000000.0	-8.38067626953125	1447032457421
-1000000.0	-8.2021484375	1447032457426
-1000000.0	-8.04742431640625	1447032457431
-1000000.0	-7.82843017578125	1447032457436
-1000000.0	-7.57611083984375	1447032457442
-1000000.0	-7.32379150390625	1447032457446
-1000000.0	-6.992919921875	1447032457450
-1000000.0	-6.612060546875	1447032457456
-1000000.0	-6.23358154296875	1447032457461
-1000000.0	-5.888427734375	1447032457467
-1000000.0	-5.6551513671875	1447032457471
-1000000.0	-5.58135986328125	1447032457476
-1000000.0	-5.51470947265625	1447032457480
-1000000.0	-5.4361572265625	1447032457486
-1000000.0	-5.4075927734375	1447032457491
-1000000.0	-5.37188720703125	1447032457496
-1000000.0	-5.355224609375	1447032457500
-1000000.0	-5.336181640625	1447032457506
-1000000.0	-5.46234130859375	1447032457510
-1000000.0	-5.850341796875	1447032457515
-1000000.0	-6.2835693359375	1447032457521
-1000000.0	-6.8834228515625	1447032457525
-1000000.0	-7.48089599609375	1447032457530
-1000000.0	-8.0260009765625	1447032457536
-1000000.0	-7.88555908203125	1447032457541
-1000000.0	-7.29998779296875	1447032457545
-1000000.0	-6.5406494140625	1447032457550
-1000000.0	-5.40997314453125	1447032457556
-1000000.0	-3.84130859375	1447032457560
-1000000.0	-2.01318359375	1447032457567
-1000000.0	-0.099365234375	1447032457571
-1000000.0	1.33123779296875	1447032457575
-1000000.0	2.147705078125	1447032457580
-1000000.0	2.5333251953125	1447032457585
-1000000.0	2.85467529296875	1447032457591
-1000000.0	3.41168212890625	1447032457595
-1000000.0	4.40667724609375	1447032457600
-1000000.0	5.65399169921875	1447032457606
-1000000.0	6.660888671875	1447032457610
-1000000.0	7.31549072265625	1447032457617
-1000000.0	7.58685302734375	1447032457621
-1000000.0	7.56781005859375	1447032457625
-1000000.0	7.60589599609375	1447032457630
-1000000.0	7.69158935546875	1447032457635
-1000000.0	7.7606201171875	1447032457641
-1000000.0	7.68682861328125	1447032457645
-1000000.0	7.52972412109375	1447032457650
-1000000.0	7.49163818359375	1447032457656
-1000000.0	7.49163818359375	1447032457660
-1000000.0	7.5035400390625	1447032457667
-1000000.0	7.4749755859375	1447032457671
-1000000.0	7.517822265625	1447032457675
-1000000.0	7.365478515625	1447032457680
-1000000.0	7.2274169921875	1447032457685
-1000000.0	7.12506103515625	1447032457691
-1000000.0	7.17266845703125	1447032457695
-1000000.0	7.251220703125	1447032457700
-1000000.0	7.40118408203125	1447032457706
-1000000.0	7.79156494140625	1447032457710
-1000000.0	8.2462158203125	1447032457717
-1000000.0	8.67706298828125	1447032457721
-1000000.0	9.136474609375	1447032457726
-1000000.0	9.45782470703125	1447032457730
-1000000.0	9.802978515625	1447032457735
-1000000.0	10.069580078125	1447032457741
-1000000.0	10.25762939453125	1447032457748
-1000000.0	10.40997314453125	1447032457750
-1000000.0	10.55279541015625	1447032457755
-1000000.0	10.650390625	1447032457760
-1000000.0	10.70989990234375	1447032457767
-1000000.0	10.74798583984375	1447032457770
-1000000.0	10.87652587890625	1447032457775
-1000000.0	10.93365478515625	1447032457780
-1000000.0	10.98602294921875	1447032457785
-1000000.0	10.95745849609375	1447032457791
-1000000.0	10.87890625	1447032457795
-1000000.0	11.02410888671875	1447032457799
-1000000.0	11.24072265625	1447032457805
-1000000.0	11.47161865234375	1447032457810
-1000000.0	11.58349609375	1447032457817
-1000000.0	11.6549072265625	1447032457820
-1000000.0	11.6072998046875	1447032457825
-1000000.0	11.51446533203125	1447032457830
-1000000.0	11.2740478515625	1447032457834
-1000000.0	10.76702880859375	1447032457841
-1000000.0	10.13623046875	1447032457845
-1000000.0	9.764892578125	1447032457849
-1000000.0	9.7315673828125	1447032457855
-1000000.0	9.91009521484375	1447032457860
-1000000.0	10.18621826171875	1447032457867
-1000000.0	10.42901611328125	1447032457870
-1000000.0	10.51708984375	1447032457875
-1000000.0	10.650390625	1447032457880
-1000000.0	10.78131103515625	1447032457884
-1000000.0	10.82891845703125	1447032457890
-1000000.0	10.58135986328125	1447032457895
-1000000.0	9.9505615234375	1447032457899
-1000000.0	8.90557861328125	1447032457905
-1000000.0	7.43450927734375	1447032457910
-1000000.0	6.22052001953125	1447032457917
-1000000.0	5.53497314453125	1447032457920
-1000000.0	5.3707275390625	1447032457925
-1000000.0	5.4468994140625	1447032457930
-1000000.0	5.461181640625	1447032457934
-1000000.0	5.1422119140625	1447032457940
-1000000.0	4.63519287109375	1447032457945
-1000000.0	3.73779296875	1447032457949
-1000000.0	2.604736328125	1447032457954
-1000000.0	1.3812255859375	1447032457962
-1000000.0	0.23388671875	1447032457964
-1000000.0	-0.8134765625	1447032457970
-1000000.0	-1.889404296875	1447032457975
-1000000.0	-2.83203125	1447032457980
-1000000.0	-3.698486328125	1447032457984
-1000000.0	-4.6982421875	1447032457990
-1000000.0	-5.6361083984375	1447032457995
-1000000.0	-6.50732421875	1447032457999
-1000000.0	-7.26666259765625	1447032458005
-1000000.0	-7.89984130859375	1447032458009
-1000000.0	-8.3544921875	1447032458017
-1000000.0	-8.668701171875	1447032458020
-1000000.0	-8.92816162109375	1447032458025
-1000000.0	-9.13287353515625	1447032458029
-1000000.0	-9.39471435546875	1447032458034
-1000000.0	-9.5494384765625	1447032458040
-1000000.0	-9.6732177734375	1447032458045
-1000000.0	-9.7493896484375	1447032458053
-1000000.0	-9.8731689453125	1447032458055
-1000000.0	-9.87554931640625	1447032458060
-1000000.0	-9.85888671875	1447032458069
-1000000.0	-9.78509521484375	1447032458070
-1000000.0	-9.76129150390625	1447032458075
-1000000.0	-9.78033447265625	1447032458080
-1000000.0	-9.792236328125	1447032458085
-1000000.0	-9.84698486328125	1447032458090
-1000000.0	-9.925537109375	1447032458095
-1000000.0	-9.944580078125	1447032458100
-1000000.0	-10.02789306640625	1447032458106
-1000000.0	-10.1397705078125	1447032458110
-1000000.0	-10.3206787109375	1447032458121
-1000000.0	-10.4539794921875	1447032458121
-1000000.0	-10.60394287109375	1447032458124
-1000000.0	-10.7015380859375	1447032458130
-1000000.0	-10.78961181640625	1447032458135
-1000000.0	-10.88720703125	1447032458141
-1000000.0	-10.9967041015625	1447032458146
-1000000.0	-11.0919189453125	1447032458150
-1000000.0	-11.1728515625	1447032458156
-1000000.0	-11.18475341796875	1447032458160
-1000000.0	-11.17999267578125	1447032458165
-1000000.0	-11.2109375	1447032458170
-1000000.0	-11.334716796875	1447032458175
-1000000.0	-11.5775146484375	1447032458180
-1000000.0	-11.8583984375	1447032458185
-1000000.0	-12.16070556640625	1447032458191
-1000000.0	-12.458251953125	1447032458195
-1000000.0	-12.972412109375	1447032458200
-1000000.0	-13.46514892578125	1447032458206
-1000000.0	-13.791259765625	1447032458210
-1000000.0	-13.96026611328125	1447032458215
-1000000.0	-14.33160400390625	1447032458220
-1000000.0	-15.03143310546875	1447032458225
-1000000.0	-15.68365478515625	1447032458230
-1000000.0	-16.15020751953125	1447032458235
-1000000.0	-16.4049072265625	1447032458241
-1000000.0	-16.2716064453125	1447032458247
-1000000.0	-15.5479736328125	1447032458250
-1000000.0	-14.0054931640625	1447032458256
-1000000.0	-11.34185791015625	1447032458260
-1000000.0	-7.430908203125	1447032458265
-1000000.0	-1.6942138671875	1447032458269
-1000000.0	5.327880859375	1447032458275
-1000000.0	11.497802734375	1447032458280
-1000000.0	15.42779541015625	1447032458285
-1000000.0	16.7822265625	1447032458291
-1000000.0	16.97979736328125	1447032458295
-1000000.0	16.8060302734375	1447032458299
-1000000.0	17.37255859375	1447032458306
-1000000.0	17.93670654296875	1447032458310
-1000000.0	18.3865966796875	1447032458315
-1000000.0	17.96051025390625	1447032458320
-1000000.0	16.57275390625	1447032458324
-1000000.0	14.868408203125	1447032458330
-1000000.0	12.92364501953125	1447032458335
-1000000.0	11.18597412109375	1447032458340
-1000000.0	10.09814453125	1447032458345
-1000000.0	9.45782470703125	1447032458349
-1000000.0	9.15313720703125	1447032458356
-1000000.0	9.11029052734375	1447032458360
-1000000.0	9.041259765625	1447032458365
-1000000.0	9.05078125	1447032458370
-1000000.0	8.9603271484375	1447032458375
-1000000.0	8.89129638671875	1447032458380
-1000000.0	8.793701171875	1447032458385
-1000000.0	8.812744140625	1447032458390
-1000000.0	8.8651123046875	1447032458395
-1000000.0	8.9412841796875	1447032458399
-1000000.0	8.8555908203125	1447032458405
-1000000.0	8.69610595703125	1447032458409
-1000000.0	8.3699951171875	1447032458415
-1000000.0	8.00579833984375	1447032458419
-1000000.0	7.68206787109375	1447032458424
-1000000.0	7.460693359375	1447032458429
-1000000.0	7.24884033203125	1447032458434
-1000000.0	7.11553955078125	1447032458441
-1000000.0	7.0084228515625	1447032458444
-1000000.0	6.91082763671875	1447032458450
-1000000.0	6.7608642578125	1447032458455
-1000000.0	6.66802978515625	1447032458460
-1000000.0	6.62042236328125	1447032458464
-1000000.0	6.7037353515625	1447032458469
-1000000.0	6.85369873046875	1447032458474
-1000000.0	7.0941162109375	1447032458479
-1000000.0	7.308349609375	1447032458485
-1000000.0	7.57733154296875	1447032458489
-1000000.0	7.7796630859375	1447032458494
-1000000.0	7.98199462890625	1447032458499
-1000000.0	8.20098876953125	1447032458504
-1000000.0	8.46044921875	1447032458509
-1000000.0	8.66278076171875	1447032458514
-1000000.0	8.8079833984375	1447032458520
-1000000.0	9.03173828125	1447032458524
-1000000.0	9.43402099609375	1447032458529
-1000000.0	9.98626708984375	1447032458534
-1000000.0	10.6741943359375	1447032458539
-1000000.0	11.47637939453125	1447032458544
-1000000.0	12.60943603515625	1447032458550
-1000000.0	13.8876953125	1447032458555
-1000000.0	15.4730224609375	1447032458559
-1000000.0	17.22735595703125	1447032458564
-1000000.0	18.59130859375	1447032458570
-1000000.0	19.364334106445313	1447032458574
-1000000.0	19.364334106445313	1447032458579
-1000000.0	19.364334106445313	1447032458595
-1000000.0	19.364334106445313	1447032458596
-1000000.0	19.364334106445313	1447032458597
-1000000.0	19.364334106445313	1447032458598
-1000000.0	18.51513671875	1447032458604
-1000000.0	16.52752685546875	1447032458611
-1000000.0	14.4732666015625	1447032458621
-1000000.0	12.3642578125	1447032458627
-1000000.0	10.431396484375	1447032458627
-1000000.0	8.6270751953125	1447032458629
-1000000.0	6.72515869140625	1447032458634
-1000000.0	4.48046875	1447032458639
-1000000.0	1.95489501953125	1447032458644
-1000000.0	-0.7611083984375	1447032458649
-1000000.0	-3.3223876953125	1447032458654
-1000000.0	-5.51708984375	1447032458658
-1000000.0	-7.3690185546875	1447032458664
-1000000.0	-8.89007568359375	1447032458668
-1000000.0	-10.135009765625	1447032458673
-1000000.0	-11.1300048828125	1447032458679
-1000000.0	-12.03216552734375	1447032458684
-1000000.0	-12.72723388671875	1447032458688
-1000000.0	-13.31756591796875	1447032458694
-1000000.0	-13.80792236328125	1447032458699
-1000000.0	-14.07452392578125	1447032458704
-1000000.0	-14.191162109375	1447032458709
-1000000.0	-14.2149658203125	1447032458714
-1000000.0	-14.22686767578125	1447032458718
-1000000.0	-14.10784912109375	1447032458724
-1000000.0	-13.85791015625	1447032458729
-1000000.0	-13.59130859375	1447032458734
-1000000.0	-13.3294677734375	1447032458740
-1000000.0	-13.00335693359375	1447032458744
-1000000.0	-12.63201904296875	1447032458756
-1000000.0	-12.3392333984375	1447032458756
-1000000.0	-12.07025146484375	1447032458758
-1000000.0	-11.829833984375	1447032458763
-1000000.0	-11.76318359375	1447032458768
-1000000.0	-11.86077880859375	1447032458774
-1000000.0	-12.01312255859375	1447032458779
-1000000.0	-12.248779296875	1447032458784
-1000000.0	-12.40826416015625	1447032458789
-1000000.0	-12.52490234375	1447032458794
-1000000.0	-12.68914794921875	1447032458798
-1000000.0	-12.74151611328125	1447032458804
-1000000.0	-12.78436279296875	1447032458809
-1000000.0	-12.75341796875	1447032458814
-1000000.0	-12.6962890625	1447032458818
-1000000.0	-12.610595703125	1447032458824
-1000000.0	-12.47967529296875	1447032458829
-1000000.0	-12.1964111328125	1447032458834
-1000000.0	-11.87506103515625	1447032458839
-1000000.0	-11.68463134765625	1447032458844
-1000000.0	-11.601318359375	1447032458852
-1000000.0	-11.6346435546875	1447032458853
-1000000.0	-11.76080322265625	1447032458858
-1000000.0	-12.00836181640625	1447032458864
-1000000.0	-12.39398193359375	1447032458868
-1000000.0	-12.81292724609375	1447032458873
-1000000.0	-12.9771728515625	1447032458879
-1000000.0	-13.2152099609375	1447032458884
-1000000.0	-13.5579833984375	1447032458889
-1000000.0	-13.8341064453125	1447032458894
-1000000.0	-14.18878173828125	1447032458898
-1000000.0	-14.81243896484375	1447032458903
-1000000.0	-15.31707763671875	1447032458909
-1000000.0	-15.63604736328125	1447032458914
-1000000.0	-16.03118896484375	1447032458918
-1000000.0	-16.29541015625	1447032458923
-1000000.0	-16.15496826171875	1447032458929
-1000000.0	-15.31231689453125	1447032458933
-1000000.0	-13.21759033203125	1447032458939
-1000000.0	-9.98504638671875	1447032458944
-1000000.0	-5.9598388671875	1447032458954
-1000000.0	-1.82989501953125	1447032458954
-1000000.0	1.5906982421875	1447032458958
-1000000.0	4.2138671875	1447032458963
-1000000.0	6.69183349609375	1447032458968
-1000000.0	9.1126708984375	1447032458973
-1000000.0	11.50732421875	1447032458978
-1000000.0	13.497314453125	1447032458983
-1000000.0	14.5399169921875	1447032458988
-1000000.0	14.9112548828125	1447032458993
-1000000.0	14.697021484375	1447032459001
-1000000.0	14.0733642578125	1447032459003
-1000000.0	13.03076171875	1447032459008
-1000000.0	11.73822021484375	1447032459013
-1000000.0	10.40283203125	1447032459017
-1000000.0	9.1650390625	1447032459023
-1000000.0	8.14862060546875	1447032459029
-1000000.0	7.40594482421875	1447032459034
-1000000.0	6.9989013671875	1447032459038
-1000000.0	6.95367431640625	1447032459044
-1000000.0	6.9989013671875	1447032459048
-1000000.0	7.10601806640625	1447032459054
-1000000.0	7.1512451171875	1447032459059
-1000000.0	7.2178955078125	1447032459064
-1000000.0	7.3226318359375	1447032459068
-1000000.0	7.4368896484375	1447032459073
-1000000.0	7.441650390625	1447032459078
-1000000.0	7.3988037109375	1447032459084
-1000000.0	7.31549072265625	1447032459088
-1000000.0	7.17266845703125	1447032459094
-1000000.0	6.9989013671875	1447032459098
-1000000.0	6.9132080078125	1447032459103
-1000000.0	6.82989501953125	1447032459108
-1000000.0	6.813232421875	1447032459114
-1000000.0	6.72991943359375	1447032459118
-1000000.0	6.56805419921875	1447032459123
-1000000.0	6.48712158203125	1447032459128
-1000000.0	6.489501953125	1447032459134
-1000000.0	6.4847412109375	1447032459138
-1000000.0	6.67755126953125	1447032459143
-1000000.0	6.88702392578125	1447032459148
-1000000.0	7.03936767578125	1447032459153
-1000000.0	7.23931884765625	1447032459158
-1000000.0	7.40594482421875	1447032459163
-1000000.0	7.670166015625	1447032459168
-1000000.0	7.90582275390625	1447032459173
-1000000.0	8.27716064453125	1447032459178
-1000000.0	8.641357421875	1447032459184
-1000000.0	8.95794677734375	1447032459187
-1000000.0	9.250732421875	1447032459193
-1000000.0	9.4268798828125	1447032459199
-1000000.0	9.5458984375	1447032459203
-1000000.0	9.63397216796875	1447032459208
-1000000.0	9.72442626953125	1447032459213
-1000000.0	9.9410400390625	1447032459218
-1000000.0	10.031494140625	1447032459223
-1000000.0	9.96722412109375	1447032459228
-1000000.0	9.91961669921875	1447032459233
-1000000.0	9.83868408203125	1447032459237
-1000000.0	9.841064453125	1447032459243
-1000000.0	9.84344482421875	1447032459248
-1000000.0	9.82440185546875	1447032459253
-1000000.0	9.9696044921875	1447032459258
-1000000.0	10.09576416015625	1447032459263
-1000000.0	10.3409423828125	1447032459268
-1000000.0	10.76702880859375	1447032459273
-1000000.0	11.3216552734375	1447032459278
-1000000.0	11.6787109375	1447032459283
-1000000.0	11.82867431640625	1447032459287
-1000000.0	11.97625732421875	1447032459293
-1000000.0	12.26666259765625	1447032459298
-1000000.0	12.79986572265625	1447032459302
-1000000.0	13.33782958984375	1447032459308
-1000000.0	13.3497314453125	1447032459313
-1000000.0	12.63323974609375	1447032459318
-1000000.0	11.12408447265625	1447032459323
-1000000.0	9.20074462890625	1447032459328
-1000000.0	7.28692626953125	1447032459333
-1000000.0	5.69921875	1447032459337
-1000000.0	4.356689453125	1447032459343
-1000000.0	3.15936279296875	1447032459348
-1000000.0	1.99774169921875	1447032459352
-1000000.0	0.8861083984375	1447032459357
-1000000.0	-0.26123046875	1447032459363
-1000000.0	-1.30621337890625	1447032459368
-1000000.0	-2.21551513671875	1447032459372
-1000000.0	-2.8843994140625	1447032459378
-1000000.0	-3.3128662109375	1447032459383
-1000000.0	-3.774658203125	1447032459387
-1000000.0	-4.05316162109375	1447032459393
-1000000.0	-4.36260986328125	1447032459398
-1000000.0	-4.6553955078125	1447032459402
-1000000.0	-4.8553466796875	1447032459407
-1000000.0	-4.92437744140625	1447032459413
-1000000.0	-4.81964111328125	1447032459418
-1000000.0	-4.6553955078125	1447032459422
-1000000.0	-4.45306396484375	1447032459428
-1000000.0	-4.212646484375	1447032459433
-1000000.0	-3.984130859375	1447032459437
-1000000.0	-3.75799560546875	1447032459443
-1000000.0	-3.57232666015625	1447032459448
-1000000.0	-3.40570068359375	1447032459452
-1000000.0	-3.355712890625	1447032459457
-1000000.0	-3.30096435546875	1447032459463
-1000000.0	-3.23193359375	1447032459468
-1000000.0	-3.26287841796875	1447032459472
-1000000.0	-3.3890380859375	1447032459480
-1000000.0	-3.2366943359375	1447032459483
-1000000.0	-3.2890625	1447032459487
-1000000.0	-3.3319091796875	1447032459492
-1000000.0	-3.16766357421875	1447032459498
-1000000.0	-3.16766357421875	1447032459503
-1000000.0	-3.1033935546875	1447032459507
-1000000.0	-2.88916015625	1447032459512
-1000000.0	-2.5797119140625	1447032459518
-1000000.0	-2.19647216796875	1447032459522
-1000000.0	-1.984619140625	1447032459527
-1000000.0	-1.72039794921875	1447032459533
-1000000.0	-1.52996826171875	1447032459537
-1000000.0	-1.33001708984375	1447032459542
-1000000.0	-1.24432373046875	1447032459548
-1000000.0	-1.1943359375	1447032459552
-1000000.0	-1.165771484375	1447032459558
-1000000.0	-1.15625	1447032459563
-1000000.0	-1.3133544921875	1447032459568
-1000000.0	-1.33001708984375	1447032459572
-1000000.0	-1.32049560546875	1447032459577
-1000000.0	-1.299072265625	1447032459582
-1000000.0	-1.30621337890625	1447032459587
-1000000.0	-1.3609619140625	1447032459602
-1000000.0	-1.3609619140625	1447032459604
-1000000.0	-1.40142822265625	1447032459607
-1000000.0	-1.33001708984375	1447032459609
-1000000.0	-1.01104736328125	1447032459613
-1000000.0	-0.32073974609375	1447032459623
-1000000.0	0.6575927734375	1447032459623
-1000000.0	2.3905029296875	1447032459626
-1000000.0	2.89276123046875	1447032459631
-1000000.0	2.96417236328125	1447032459635
-1000000.0	2.4285888671875	1447032459641
-1000000.0	1.233642578125	1447032459646
-1000000.0	0.4957275390625	1447032459651
-1000000.0	0.4957275390625	1447032459656
-1000000.0	0.795654296875	1447032459661
-1000000.0	0.56951904296875	1447032459666
-1000000.0	-0.14459228515625	1447032459671
-1000000.0	-0.861083984375	1447032459676
-1000000.0	-1.39666748046875	1447032459681
-1000000.0	-1.59661865234375	1447032459685
-1000000.0	-1.40618896484375	1447032459691
-1000000.0	-0.8848876953125	1447032459696
-1000000.0	-0.2088623046875	1447032459700
-1000000.0	0.42669677734375	1447032459706
-1000000.0	0.98846435546875	1447032459711
-1000000.0	1.44549560546875	1447032459715
-1000000.0	1.57403564453125	1447032459721
-1000000.0	1.3812255859375	1447032459725
-1000000.0	0.9622802734375	1447032459733
-1000000.0	0.338623046875	1447032459736
-1000000.0	-0.442138671875	1447032459742
-1000000.0	-1.13006591796875	1447032459751
-1000000.0	-1.5799560546875	1447032459751
-1000000.0	-1.66802978515625	1447032459756
-1000000.0	-1.39666748046875	1447032459761
-1000000.0	-1.0372314453125	1447032459765
-1000000.0	-0.49688720703125	1447032459771
-1000000.0	0.06488037109375	1447032459775
-1000000.0	0.57666015625	1447032459783
-1000000.0	0.98846435546875	1447032459786
-1000000.0	1.19793701171875	1447032459791
-1000000.0	1.28363037109375	1447032459796
-1000000.0	1.27410888671875	1447032459801
-1000000.0	1.22174072265625	1447032459806
-1000000.0	1.15985107421875	1447032459811
-1000000.0	0.99798583984375	1447032459815
-1000000.0	0.890869140625	1447032459821
-1000000.0	0.84088134765625	1447032459825
-1000000.0	0.82183837890625	1447032459833
-1000000.0	0.852783203125	1447032459836
-1000000.0	0.9384765625	1447032459841
-1000000.0	1.1717529296875	1447032459846
-1000000.0	1.3050537109375	1447032459851
-1000000.0	1.23602294921875	1447032459856
-1000000.0	1.00750732421875	1447032459861
-1000000.0	0.47430419921875	1447032459865
-1000000.0	0.0958251953125	1447032459871
-1000000.0	-0.004150390625	1447032459875
-1000000.0	0.014892578125	1447032459883
-1000000.0	0.148193359375	1447032459886
-1000000.0	0.33148193359375	1447032459891
-1000000.0	0.46002197265625	1447032459896
-1000000.0	0.64093017578125	1447032459900
-1000000.0	0.77423095703125	1447032459906
-1000000.0	0.9432373046875	1447032459911
-1000000.0	1.06463623046875	1447032459915
-1000000.0	1.26934814453125	1447032459921
-1000000.0	1.576416015625	1447032459926
-1000000.0	1.9429931640625	1447032459933
-1000000.0	2.071533203125	1447032459935
-1000000.0	2.10009765625	1447032459942
-1000000.0	2.05963134765625	1447032459946
-1000000.0	2.04296875	1447032459950
-1000000.0	1.92633056640625	1447032459956
-1000000.0	1.6287841796875	1447032459960
-1000000.0	1.290771484375	1447032459965
-1000000.0	0.9527587890625	1447032459972
-1000000.0	0.82421875	1447032459976
-1000000.0	0.852783203125	1447032459984
-1000000.0	1.27886962890625	1447032459986
-1000000.0	1.65020751953125	1447032459991
-1000000.0	2.02154541015625	1447032459996
-1000000.0	2.17388916015625	1447032460001
-1000000.0	2.13580322265625	1447032460007
-1000000.0	2.06915283203125	1447032460011
-1000000.0	2.0048828125	1447032460024
-1000000.0	1.92156982421875	1447032460024
-1000000.0	1.79541015625	1447032460026
-1000000.0	1.64544677734375	1447032460030
-1000000.0	1.366943359375	1447032460036
-1000000.0	1.08843994140625	1447032460040
-1000000.0	0.88134765625	1447032460045
-1000000.0	0.73138427734375	1447032460050
-1000000.0	0.5718994140625	1447032460055
-1000000.0	0.50762939453125	1447032460060
-1000000.0	0.36004638671875	1447032460065
-1000000.0	0.24102783203125	1447032460071
-1000000.0	0.1624755859375	1447032460075
-1000000.0	0.19580078125	1447032460080
-1000000.0	0.57427978515625	1447032460085
-1000000.0	0.92657470703125	1447032460090
-1000000.0	0.82659912109375	1447032460095
-1000000.0	0.73138427734375	1447032460100
-1000000.0	0.7861328125	1447032460105
-1000000.0	0.90753173828125	1447032460110
-1000000.0	1.00750732421875	1447032460115
-1000000.0	1.0098876953125	1447032460122
